#
# There is insufficient memory for the Java Runtime Environment to continue.
# Native memory allocation (malloc) failed to allocate 42467328 bytes for committing reserved memory.
# Possible reasons:
#   The system is out of physical RAM or swap space
#   In 32 bit mode, the process size limit was hit
# Possible solutions:
#   Reduce memory load on the system
#   Increase physical memory or swap space
#   Check if swap backing store is full
#   Use 64 bit Java on a 64 bit OS
#   Decrease Java heap size (-Xmx/-Xms)
#   Decrease number of Java threads
#   Decrease Java thread stack sizes (-Xss)
#   Set larger code cache with -XX:ReservedCodeCacheSize=
# This output file may be truncated or incomplete.
#
#  Out of Memory Error (os_linux.cpp:2756), pid=10337, tid=1815083840
#
# JRE version: Java(TM) SE Runtime Environment (7.0_79-b15) (build 1.7.0_79-b15)
# Java VM: Java HotSpot(TM) Server VM (24.79-b02 mixed mode linux-x86 )
# Failed to write core dump. Core dumps have been disabled. To enable core dumping, try "ulimit -c unlimited" before starting Java again
#

---------------  T H R E A D  ---------------

Current thread (0x6c180800):  VMThread [stack: 0x6c27f000,0x6c300000] [id=10378]

Stack: [0x6c27f000,0x6c300000],  sp=0x6c2fe820,  free space=510k
Native frames: (J=compiled Java code, j=interpreted, Vv=VM code, C=native code)
V  [libjvm.so+0x7eab16]  VMError::report_and_die()+0x1a6
V  [libjvm.so+0x33e222]  report_vm_out_of_memory(char const*, int, unsigned int, char const*)+0x72
V  [libjvm.so+0x686a41]  os::Linux::commit_memory_impl(char*, unsigned int, bool)+0xe1
V  [libjvm.so+0x686f08]  os::pd_commit_memory(char*, unsigned int, unsigned int, bool)+0x28
V  [libjvm.so+0x68064c]  os::commit_memory(char*, unsigned int, unsigned int, bool)+0x2c
V  [libjvm.so+0x6eae98]  PSVirtualSpace::expand_by(unsigned int)+0x48
V  [libjvm.so+0x6ebf9a]  PSYoungGen::resize_generation(unsigned int, unsigned int)+0xda
V  [libjvm.so+0x6eb2d9]  PSYoungGen::resize(unsigned int, unsigned int)+0x19
V  [libjvm.so+0x6e8c09]  PSScavenge::invoke_no_policy()+0xcf9
V  [libjvm.so+0x6e9468]  PSScavenge::invoke()+0x28
V  [libjvm.so+0x6a6fea]  ParallelScavengeHeap::failed_mem_allocate(unsigned int)+0x5a
V  [libjvm.so+0x7ec3aa]  VM_ParallelGCFailedAllocation::doit()+0x7a
V  [libjvm.so+0x7f51c7]  VM_Operation::evaluate()+0x47
V  [libjvm.so+0x7f3263]  VMThread::evaluate_operation(VM_Operation*)+0xb3
V  [libjvm.so+0x7f3600]  VMThread::loop()+0x1b0
V  [libjvm.so+0x7f3a65]  VMThread::run()+0x85
V  [libjvm.so+0x688d19]  java_start(Thread*)+0x119
C  [libpthread.so.0+0x6f70]  start_thread+0xd0

VM_Operation (0x6b60b984): ParallelGCFailedAllocation, mode: safepoint, requested by thread 0x6b828c00


---------------  P R O C E S S  ---------------

Java Threads: ( => current thread )
  0x6b828c00 JavaThread "pool-1-thread-4" [_thread_blocked, id=10423, stack(0x6b5bc000,0x6b60d000)]
  0x6b828400 JavaThread "pool-1-thread-3" [_thread_blocked, id=10422, stack(0x6b60d000,0x6b65e000)]
  0x6b826800 JavaThread "pool-1-thread-2" [_thread_blocked, id=10420, stack(0x6b65e000,0x6b6af000)]
  0x6b823c00 JavaThread "pool-2-thread-1" [_thread_blocked, id=10417, stack(0x6b6af000,0x6b700000)]
  0x6b821800 JavaThread "pool-1-thread-1" [_thread_blocked, id=10411, stack(0x6ba2c000,0x6ba7d000)]
  0x6c19a800 JavaThread "Service Thread" daemon [_thread_blocked, id=10399, stack(0x6bf0d000,0x6bf5e000)]
  0x6c198c00 JavaThread "C2 CompilerThread1" daemon [_thread_blocked, id=10397, stack(0x6bafe000,0x6bb7f000)]
  0x6c196c00 JavaThread "C2 CompilerThread0" daemon [_thread_blocked, id=10396, stack(0x6bb7f000,0x6bc00000)]
  0x6c195400 JavaThread "Signal Dispatcher" daemon [_thread_blocked, id=10389, stack(0x6bf5e000,0x6bfaf000)]
  0x6c184800 JavaThread "Finalizer" daemon [_thread_blocked, id=10385, stack(0x6bfaf000,0x6c000000)]
  0x6c183000 JavaThread "Reference Handler" daemon [_thread_blocked, id=10381, stack(0x6c22e000,0x6c27f000)]
  0xb6707800 JavaThread "main" [_thread_blocked, id=10355, stack(0xb6817000,0xb6868000)]

Other Threads:
=>0x6c180800 VMThread [stack: 0x6c27f000,0x6c300000] [id=10378]
  0x6c19c800 WatcherThread [stack: 0x6ba7d000,0x6bafe000] [id=10404]

VM state:at safepoint (normal execution)

VM Mutex/Monitor currently owned by a thread:  ([mutex/lock_event])
[0xb6705008] Threads_lock - owner thread: 0x6c180800
[0xb6705418] Heap_lock - owner thread: 0x6b828c00

Heap
 PSYoungGen      total 34304K, used 2558K [0x9e040000, 0xa0440000, 0xb35c0000)
  eden space 31744K, 0% used [0x9e040000,0x9e040000,0x9ff40000)
  from space 2560K, 99% used [0x9ff40000,0xa01bf920,0xa01c0000)
  to   space 2560K, 0% used [0xa01c0000,0xa01c0000,0xa0440000)
 ParOldGen       total 41728K, used 12984K [0x735c0000, 0x75e80000, 0x9e040000)
  object space 41728K, 31% used [0x735c0000,0x7426e198,0x75e80000)
 PSPermGen       total 16384K, used 3921K [0x6f5c0000, 0x705c0000, 0x735c0000)
  object space 16384K, 23% used [0x6f5c0000,0x6f9947e8,0x705c0000)

Card table byte_map: [0x6f39f000,0x6f5c0000] byte_map_base: 0x6f024200

Polling page: 0xb77ae000

Code Cache  [0xb3684000, 0xb38c4000, 0xb6684000)
 total_blobs=363 nmethods=240 adapters=76 free_code_cache=48342Kb largest_free_block=49476032

Compilation events (10 events):
Event: 13.705 Thread 0x6c196c00 nmethod 235 0xb3737d08 code [0xb3737e00, 0xb3737ef0]
Event: 13.705 Thread 0x6c196c00  236             com.android.dx.rop.code.RegisterSpecSet::size (49 bytes)
Event: 13.737 Thread 0x6c196c00 nmethod 236 0xb37379c8 code [0xb3737ac0, 0xb3737c10]
Event: 13.738 Thread 0x6c196c00  237             com.android.dx.util.BitIntSet$1::hasNext (13 bytes)
Event: 13.738 Thread 0x6c196c00 nmethod 237 0xb3749848 code [0xb3749920, 0xb3749970]
Event: 13.738 Thread 0x6c196c00  238             com.android.dx.ssa.SsaMethod::buildUseList (112 bytes)
Event: 14.076 Thread 0x6c196c00 nmethod 238 0xb374f6c8 code [0xb374f8a0, 0xb37502d0]
Event: 14.076 Thread 0x6c196c00  239             com.android.dx.ssa.SsaBasicBlock::newFromRop (183 bytes)
Event: 14.650 Thread 0x6c196c00 nmethod 239 0xb3751008 code [0xb37512e0, 0xb3752b98]
Event: 14.650 Thread 0x6c196c00  240             com.android.dx.ssa.SCCP::simulateBlock (54 bytes)

GC Heap History (9 events):
Event: 4.381 GC heap before
{Heap before GC invocations=1 (full 0):
 PSYoungGen      total 18432K, used 15872K [0x9e040000, 0x9f4c0000, 0xb35c0000)
  eden space 15872K, 100% used [0x9e040000,0x9efc0000,0x9efc0000)
  from space 2560K, 0% used [0x9f240000,0x9f240000,0x9f4c0000)
  to   space 2560K, 0% used [0x9efc0000,0x9efc0000,0x9f240000)
 ParOldGen       total 41728K, used 0K [0x735c0000, 0x75e80000, 0x9e040000)
  object space 41728K, 0% used [0x735c0000,0x735c0000,0x75e80000)
 PSPermGen       total 16384K, used 3749K [0x6f5c0000, 0x705c0000, 0x735c0000)
  object space 16384K, 22% used [0x6f5c0000,0x6f969560,0x705c0000)
Event: 4.402 GC heap after
Heap after GC invocations=1 (full 0):
 PSYoungGen      total 18432K, used 2548K [0x9e040000, 0x9f4c0000, 0xb35c0000)
  eden space 15872K, 0% used [0x9e040000,0x9e040000,0x9efc0000)
  from space 2560K, 99% used [0x9efc0000,0x9f23d1e0,0x9f240000)
  to   space 2560K, 0% used [0x9f240000,0x9f240000,0x9f4c0000)
 ParOldGen       total 41728K, used 1273K [0x735c0000, 0x75e80000, 0x9e040000)
  object space 41728K, 3% used [0x735c0000,0x736fe6c8,0x75e80000)
 PSPermGen       total 16384K, used 3749K [0x6f5c0000, 0x705c0000, 0x735c0000)
  object space 16384K, 22% used [0x6f5c0000,0x6f969560,0x705c0000)
}
Event: 7.306 GC heap before
{Heap before GC invocations=2 (full 0):
 PSYoungGen      total 18432K, used 18420K [0x9e040000, 0x9f4c0000, 0xb35c0000)
  eden space 15872K, 100% used [0x9e040000,0x9efc0000,0x9efc0000)
  from space 2560K, 99% used [0x9efc0000,0x9f23d1e0,0x9f240000)
  to   space 2560K, 0% used [0x9f240000,0x9f240000,0x9f4c0000)
 ParOldGen       total 41728K, used 1273K [0x735c0000, 0x75e80000, 0x9e040000)
  object space 41728K, 3% used [0x735c0000,0x736fe6c8,0x75e80000)
 PSPermGen       total 16384K, used 3852K [0x6f5c0000, 0x705c0000, 0x735c0000)
  object space 16384K, 23% used [0x6f5c0000,0x6f983250,0x705c0000)
Event: 7.381 GC heap after
Heap after GC invocations=2 (full 0):
 PSYoungGen      total 18432K, used 2549K [0x9e040000, 0xa0440000, 0xb35c0000)
  eden space 15872K, 0% used [0x9e040000,0x9e040000,0x9efc0000)
  from space 2560K, 99% used [0x9f240000,0x9f4bd4b0,0x9f4c0000)
  to   space 2560K, 0% used [0x9efc0000,0x9efc0000,0x9f240000)
 ParOldGen       total 41728K, used 3375K [0x735c0000, 0x75e80000, 0x9e040000)
  object space 41728K, 8% used [0x735c0000,0x7390bf80,0x75e80000)
 PSPermGen       total 16384K, used 3852K [0x6f5c0000, 0x705c0000, 0x735c0000)
  object space 16384K, 23% used [0x6f5c0000,0x6f983250,0x705c0000)
}
Event: 10.186 GC heap before
{Heap before GC invocations=3 (full 0):
 PSYoungGen      total 18432K, used 18421K [0x9e040000, 0xa0440000, 0xb35c0000)
  eden space 15872K, 100% used [0x9e040000,0x9efc0000,0x9efc0000)
  from space 2560K, 99% used [0x9f240000,0x9f4bd4b0,0x9f4c0000)
  to   space 2560K, 0% used [0x9efc0000,0x9efc0000,0x9f240000)
 ParOldGen       total 41728K, used 3375K [0x735c0000, 0x75e80000, 0x9e040000)
  object space 41728K, 8% used [0x735c0000,0x7390bf80,0x75e80000)
 PSPermGen       total 16384K, used 3877K [0x6f5c0000, 0x705c0000, 0x735c0000)
  object space 16384K, 23% used [0x6f5c0000,0x6f989638,0x705c0000)
Event: 10.306 GC heap after
Heap after GC invocations=3 (full 0):
 PSYoungGen      total 18432K, used 2550K [0x9e040000, 0xa0440000, 0xb35c0000)
  eden space 15872K, 0% used [0x9e040000,0x9e040000,0x9efc0000)
  from space 2560K, 99% used [0x9efc0000,0x9f23db08,0x9f240000)
  to   space 2560K, 0% used [0xa01c0000,0xa01c0000,0xa0440000)
 ParOldGen       total 41728K, used 5468K [0x735c0000, 0x75e80000, 0x9e040000)
  object space 41728K, 13% used [0x735c0000,0x73b17360,0x75e80000)
 PSPermGen       total 16384K, used 3877K [0x6f5c0000, 0x705c0000, 0x735c0000)
  object space 16384K, 23% used [0x6f5c0000,0x6f989638,0x705c0000)
}
Event: 12.689 GC heap before
{Heap before GC invocations=4 (full 0):
 PSYoungGen      total 18432K, used 18422K [0x9e040000, 0xa0440000, 0xb35c0000)
  eden space 15872K, 100% used [0x9e040000,0x9efc0000,0x9efc0000)
  from space 2560K, 99% used [0x9efc0000,0x9f23db08,0x9f240000)
  to   space 2560K, 0% used [0xa01c0000,0xa01c0000,0xa0440000)
 ParOldGen       total 41728K, used 5468K [0x735c0000, 0x75e80000, 0x9e040000)
  object space 41728K, 13% used [0x735c0000,0x73b17360,0x75e80000)
 PSPermGen       total 16384K, used 3907K [0x6f5c0000, 0x705c0000, 0x735c0000)
  object space 16384K, 23% used [0x6f5c0000,0x6f990f48,0x705c0000)
Event: 12.814 GC heap after
Heap after GC invocations=4 (full 0):
 PSYoungGen      total 34304K, used 2544K [0x9e040000, 0xa0440000, 0xb35c0000)
  eden space 31744K, 0% used [0x9e040000,0x9e040000,0x9ff40000)
  from space 2560K, 99% used [0xa01c0000,0xa043c258,0xa0440000)
  to   space 2560K, 0% used [0x9ff40000,0x9ff40000,0xa01c0000)
 ParOldGen       total 41728K, used 8330K [0x735c0000, 0x75e80000, 0x9e040000)
  object space 41728K, 19% used [0x735c0000,0x73de2a78,0x75e80000)
 PSPermGen       total 16384K, used 3907K [0x6f5c0000, 0x705c0000, 0x735c0000)
  object space 16384K, 23% used [0x6f5c0000,0x6f990f48,0x705c0000)
}
Event: 18.177 GC heap before
{Heap before GC invocations=5 (full 0):
 PSYoungGen      total 34304K, used 34288K [0x9e040000, 0xa0440000, 0xb35c0000)
  eden space 31744K, 100% used [0x9e040000,0x9ff40000,0x9ff40000)
  from space 2560K, 99% used [0xa01c0000,0xa043c258,0xa0440000)
  to   space 2560K, 0% used [0x9ff40000,0x9ff40000,0xa01c0000)
 ParOldGen       total 41728K, used 8330K [0x735c0000, 0x75e80000, 0x9e040000)
  object space 41728K, 19% used [0x735c0000,0x73de2a78,0x75e80000)
 PSPermGen       total 16384K, used 3921K [0x6f5c0000, 0x705c0000, 0x735c0000)
  object space 16384K, 23% used [0x6f5c0000,0x6f9947e8,0x705c0000)

Deoptimization events (3 events):
Event: 4.075 Thread 0x6b828400 Uncommon trap: reason=null_check action=make_not_entrant pc=0xb36e89f8 method=com.android.dx.rop.code.LocalItem.equals(Ljava/lang/Object;)Z @ 1
Event: 10.064 Thread 0x6b828400 Uncommon trap: reason=null_check action=make_not_entrant pc=0xb36f04ac method=com.android.dx.ssa.SsaRenamer.getLocalForNewReg(I)Lcom/android/dx/rop/code/LocalItem; @ 19
Event: 11.157 Thread 0x6b828400 Uncommon trap: reason=unreached action=reinterpret pc=0xb373edac method=com.android.dx.ssa.SCCP.simulateBranch(Lcom/android/dx/ssa/SsaInsn;)V @ 132

Internal exceptions (10 events):
Event: 4.147 Thread 0xb6707800 Threw 0x9edcf318 at /HUDSON/workspace/7u-2-build-linux-i586/jdk7u79/2331/hotspot/src/share/vm/prims/jvm.cpp:1304
Event: 10.064 Thread 0x6b828400 Implicit null exception at 0xb36efb84 to 0xb36f049d
Event: 12.059 Thread 0xb6707800 Threw 0x9ecccb80 at /HUDSON/workspace/7u-2-build-linux-i586/jdk7u79/2331/hotspot/src/share/vm/prims/jvm.cpp:1304
Event: 12.060 Thread 0xb6707800 Threw 0x9eccf0e8 at /HUDSON/workspace/7u-2-build-linux-i586/jdk7u79/2331/hotspot/src/share/vm/prims/jvm.cpp:1304
Event: 12.064 Thread 0xb6707800 Threw 0x9ed421d8 at /HUDSON/workspace/7u-2-build-linux-i586/jdk7u79/2331/hotspot/src/share/vm/prims/jvm.cpp:1304
Event: 12.065 Thread 0xb6707800 Threw 0x9ed44570 at /HUDSON/workspace/7u-2-build-linux-i586/jdk7u79/2331/hotspot/src/share/vm/prims/jvm.cpp:1304
Event: 12.313 Thread 0x6b821800 Threw 0x9ede4308 at /HUDSON/workspace/7u-2-build-linux-i586/jdk7u79/2331/hotspot/src/share/vm/prims/jvm.cpp:1304
Event: 12.314 Thread 0x6b821800 Threw 0x9ede9ac8 at /HUDSON/workspace/7u-2-build-linux-i586/jdk7u79/2331/hotspot/src/share/vm/prims/jvm.cpp:1304
Event: 12.354 Thread 0x6b821800 Threw 0x9edeef10 at /HUDSON/workspace/7u-2-build-linux-i586/jdk7u79/2331/hotspot/src/share/vm/prims/jvm.cpp:1304
Event: 14.737 Thread 0x6b828c00 Threw 0x9f33d7e8 at /HUDSON/workspace/7u-2-build-linux-i586/jdk7u79/2331/hotspot/src/share/vm/prims/jvm.cpp:1304

Events (10 events):
Event: 12.313 loading class 0x09ac5328 done
Event: 12.314 loading class 0x6f01e980
Event: 12.314 loading class 0x6f01e980 done
Event: 12.354 loading class 0x6f01e940
Event: 12.354 loading class 0x6f01e940 done
Event: 12.655 Executing VM operation: ParallelGCFailedAllocation
Event: 12.814 Executing VM operation: ParallelGCFailedAllocation done
Event: 14.737 loading class 0x6c0b5600
Event: 14.737 loading class 0x6c0b5600 done
Event: 17.841 Executing VM operation: ParallelGCFailedAllocation


Dynamic libraries:
08048000-08049000 r-xp 00000000 00:18 592627     /home/jithin/jdk1.7.0_79/bin/java
08049000-0804a000 rw-p 00000000 00:18 592627     /home/jithin/jdk1.7.0_79/bin/java
09ab8000-09b6f000 rw-p 00000000 00:00 0          [heap]
6a300000-6a39d000 rw-p 00000000 00:00 0 
6a39d000-6a400000 ---p 00000000 00:00 0 
6a400000-6a4e7000 rw-p 00000000 00:00 0 
6a4e7000-6a500000 ---p 00000000 00:00 0 
6a500000-6a5ff000 rw-p 00000000 00:00 0 
6a5ff000-6a600000 ---p 00000000 00:00 0 
6a600000-6a6ea000 rw-p 00000000 00:00 0 
6a6ea000-6a700000 ---p 00000000 00:00 0 
6a700000-6a7f1000 rw-p 00000000 00:00 0 
6a7f1000-6a800000 ---p 00000000 00:00 0 
6a800000-6a8f9000 rw-p 00000000 00:00 0 
6a8f9000-6a900000 ---p 00000000 00:00 0 
6aa00000-6aaf8000 rw-p 00000000 00:00 0 
6aaf8000-6ab00000 ---p 00000000 00:00 0 
6ab00000-6abf5000 rw-p 00000000 00:00 0 
6abf5000-6ac00000 ---p 00000000 00:00 0 
6ac00000-6acfc000 rw-p 00000000 00:00 0 
6acfc000-6ad00000 ---p 00000000 00:00 0 
6ae00000-6aeff000 rw-p 00000000 00:00 0 
6aeff000-6af00000 ---p 00000000 00:00 0 
6af00000-6afff000 rw-p 00000000 00:00 0 
6afff000-6b000000 ---p 00000000 00:00 0 
6b000000-6b0ff000 rw-p 00000000 00:00 0 
6b0ff000-6b100000 ---p 00000000 00:00 0 
6b100000-6b1bb000 rw-p 00000000 00:00 0 
6b1bb000-6b200000 ---p 00000000 00:00 0 
6b200000-6b300000 rw-p 00000000 00:00 0 
6b300000-6b3f4000 rw-p 00000000 00:00 0 
6b3f4000-6b400000 ---p 00000000 00:00 0 
6b400000-6b4e0000 rw-p 00000000 00:00 0 
6b4e0000-6b500000 ---p 00000000 00:00 0 
6b5bc000-6b5bf000 ---p 00000000 00:00 0 
6b5bf000-6b60d000 rw-p 00000000 00:00 0          [stack:10423]
6b60d000-6b610000 ---p 00000000 00:00 0 
6b610000-6b65e000 rw-p 00000000 00:00 0          [stack:10422]
6b65e000-6b661000 ---p 00000000 00:00 0 
6b661000-6b6af000 rw-p 00000000 00:00 0          [stack:10420]
6b6af000-6b6b2000 ---p 00000000 00:00 0 
6b6b2000-6b700000 rw-p 00000000 00:00 0          [stack:10417]
6b700000-6b7f4000 rw-p 00000000 00:00 0 
6b7f4000-6b800000 ---p 00000000 00:00 0 
6b800000-6b856000 rw-p 00000000 00:00 0 
6b856000-6b900000 ---p 00000000 00:00 0 
6b900000-6b9fb000 rw-p 00000000 00:00 0 
6b9fb000-6ba00000 ---p 00000000 00:00 0 
6ba2c000-6ba2f000 ---p 00000000 00:00 0 
6ba2f000-6ba7d000 rw-p 00000000 00:00 0          [stack:10411]
6ba7d000-6ba7e000 ---p 00000000 00:00 0 
6ba7e000-6bafe000 rw-p 00000000 00:00 0          [stack:10404]
6bafe000-6bb01000 ---p 00000000 00:00 0 
6bb01000-6bb7f000 rw-p 00000000 00:00 0          [stack:10397]
6bb7f000-6bb82000 ---p 00000000 00:00 0 
6bb82000-6bc00000 rw-p 00000000 00:00 0          [stack:10396]
6bc00000-6be00000 r--p 00000000 08:05 3678467    /usr/lib/locale/locale-archive
6be00000-6be21000 rw-p 00000000 00:00 0 
6be21000-6bf00000 ---p 00000000 00:00 0 
6bf0d000-6bf10000 ---p 00000000 00:00 0 
6bf10000-6bf5e000 rw-p 00000000 00:00 0          [stack:10399]
6bf5e000-6bf61000 ---p 00000000 00:00 0 
6bf61000-6bfaf000 rw-p 00000000 00:00 0          [stack:10389]
6bfaf000-6bfb2000 ---p 00000000 00:00 0 
6bfb2000-6c000000 rw-p 00000000 00:00 0          [stack:10385]
6c000000-6c0ff000 rw-p 00000000 00:00 0 
6c0ff000-6c100000 ---p 00000000 00:00 0 
6c100000-6c1ff000 rw-p 00000000 00:00 0 
6c1ff000-6c200000 ---p 00000000 00:00 0 
6c22e000-6c231000 ---p 00000000 00:00 0 
6c231000-6c27f000 rw-p 00000000 00:00 0          [stack:10381]
6c27f000-6c280000 ---p 00000000 00:00 0 
6c280000-6c300000 rw-p 00000000 00:00 0          [stack:10378]
6c300000-6c4c0000 r--s 039f7000 00:18 592634     /home/jithin/jdk1.7.0_79/jre/lib/rt.jar
6c4c0000-6eb00000 rw-p 00000000 00:00 0 
6eb00000-6ebff000 rw-p 00000000 00:00 0 
6ebff000-6ec00000 ---p 00000000 00:00 0 
6ec1e000-6ec33000 r-xp 00000000 00:18 593093     /home/jithin/jdk1.7.0_79/jre/lib/i386/libnet.so
6ec33000-6ec34000 rw-p 00014000 00:18 593093     /home/jithin/jdk1.7.0_79/jre/lib/i386/libnet.so
6ec34000-6ec7f000 rw-p 00000000 00:00 0 
6ec7f000-6ec80000 ---p 00000000 00:00 0 
6ec80000-6ed00000 rw-p 00000000 00:00 0          [stack:10373]
6ed00000-6ed21000 rw-p 00000000 00:00 0 
6ed21000-6ee00000 ---p 00000000 00:00 0 
6ee00000-6ee21000 rw-p 00000000 00:00 0 
6ee21000-6ef00000 ---p 00000000 00:00 0 
6ef15000-6ef23000 r-xp 00000000 00:18 593102     /home/jithin/jdk1.7.0_79/jre/lib/i386/libnio.so
6ef23000-6ef24000 rw-p 0000e000 00:18 593102     /home/jithin/jdk1.7.0_79/jre/lib/i386/libnio.so
6ef24000-6ef7f000 rw-p 00000000 00:00 0 
6ef7f000-6ef80000 ---p 00000000 00:00 0 
6ef80000-6f000000 rw-p 00000000 00:00 0          [stack:10371]
6f000000-6f037000 rw-p 00000000 00:00 0 
6f037000-6f100000 ---p 00000000 00:00 0 
6f108000-6f10d000 r--s 00042000 00:18 1050930    /home/jithin/AndroidStudioProjects/LockEngine/app/build/intermediates/exploded-aar/com.android.support/recyclerview-v7/23.1.1/jars/classes.jar
6f10d000-6f127000 rw-p 00000000 00:00 0 
6f127000-6f128000 ---p 00000000 00:00 0 
6f128000-6f1a8000 rw-p 00000000 00:00 0          [stack:10368]
6f1a8000-6f1a9000 ---p 00000000 00:00 0 
6f1a9000-6f231000 rw-p 00000000 00:00 0          [stack:10365]
6f231000-6f249000 rw-p 00000000 00:00 0 
6f249000-6f25e000 rw-p 00000000 00:00 0 
6f25e000-6f39f000 rw-p 00000000 00:00 0 
6f39f000-6f3a7000 rw-p 00000000 00:00 0 
6f3a7000-6f3bf000 rw-p 00000000 00:00 0 
6f3bf000-6f3d4000 rw-p 00000000 00:00 0 
6f3d4000-6f514000 rw-p 00000000 00:00 0 
6f514000-6f527000 rw-p 00000000 00:00 0 
6f527000-6f5bf000 rw-p 00000000 00:00 0 
6f5bf000-705c0000 rw-p 00000000 00:00 0 
705c0000-735c0000 rw-p 00000000 00:00 0 
735c0000-75e80000 rw-p 00000000 00:00 0 
75e80000-9e040000 rw-p 00000000 00:00 0 
9e040000-a0440000 rw-p 00000000 00:00 0 
a298d000-a2b00000 rw-p 00000000 00:00 0 
a2b00000-a2b69000 rw-p 00000000 00:00 0 
a2b69000-a2c00000 ---p 00000000 00:00 0 
a2c17000-a2cc0000 rw-p 00000000 00:00 0 
a2cc0000-b35c0000 rw-p 00000000 00:00 0 
b35c4000-b35cd000 rw-p 00000000 00:00 0 
b35cd000-b3684000 rw-p 00000000 00:00 0 
b3684000-b38c4000 rwxp 00000000 00:00 0 
b38c4000-b6684000 rw-p 00000000 00:00 0 
b6684000-b669b000 r-xp 00000000 00:18 593114     /home/jithin/jdk1.7.0_79/jre/lib/i386/libzip.so
b669b000-b669c000 rw-p 00017000 00:18 593114     /home/jithin/jdk1.7.0_79/jre/lib/i386/libzip.so
b669c000-b66a7000 r-xp 00000000 08:05 4078733    /lib/i386-linux-gnu/libnss_files-2.19.so
b66a7000-b66a8000 r--p 0000a000 08:05 4078733    /lib/i386-linux-gnu/libnss_files-2.19.so
b66a8000-b66a9000 rw-p 0000b000 08:05 4078733    /lib/i386-linux-gnu/libnss_files-2.19.so
b66a9000-b66be000 r-xp 00000000 08:05 4064375    /lib/i386-linux-gnu/libnsl-2.19.so
b66be000-b66bf000 r--p 00015000 08:05 4064375    /lib/i386-linux-gnu/libnsl-2.19.so
b66bf000-b66c0000 rw-p 00016000 08:05 4064375    /lib/i386-linux-gnu/libnsl-2.19.so
b66c0000-b66c2000 rw-p 00000000 00:00 0 
b66c5000-b66d4000 r--s 000df000 00:18 676658     /home/jithin/adt-bundle-linux-x86-20140702/sdk/build-tools/23.0.2/lib/dx.jar
b66d4000-b66dc000 rw-s 00000000 08:05 4981914    /tmp/hsperfdata_jithin/10337
b66dc000-b66ff000 r-xp 00000000 00:18 593079     /home/jithin/jdk1.7.0_79/jre/lib/i386/libjava.so
b66ff000-b6700000 rw-p 00023000 00:18 593079     /home/jithin/jdk1.7.0_79/jre/lib/i386/libjava.so
b6700000-b67f6000 rw-p 00000000 00:00 0 
b67f6000-b6800000 ---p 00000000 00:00 0 
b6802000-b680c000 r-xp 00000000 08:05 4064346    /lib/i386-linux-gnu/libnss_nis-2.19.so
b680c000-b680d000 r--p 00009000 08:05 4064346    /lib/i386-linux-gnu/libnss_nis-2.19.so
b680d000-b680e000 rw-p 0000a000 08:05 4064346    /lib/i386-linux-gnu/libnss_nis-2.19.so
b680e000-b6815000 r-xp 00000000 08:05 4078734    /lib/i386-linux-gnu/librt-2.19.so
b6815000-b6816000 r--p 00006000 08:05 4078734    /lib/i386-linux-gnu/librt-2.19.so
b6816000-b6817000 rw-p 00007000 08:05 4078734    /lib/i386-linux-gnu/librt-2.19.so
b6817000-b681a000 ---p 00000000 00:00 0 
b681a000-b6868000 rw-p 00000000 00:00 0          [stack:10355]
b6868000-b68ac000 r-xp 00000000 08:05 4078724    /lib/i386-linux-gnu/libm-2.19.so
b68ac000-b68ad000 r--p 00043000 08:05 4078724    /lib/i386-linux-gnu/libm-2.19.so
b68ad000-b68ae000 rw-p 00044000 08:05 4078724    /lib/i386-linux-gnu/libm-2.19.so
b68ae000-b7135000 r-xp 00000000 00:18 593113     /home/jithin/jdk1.7.0_79/jre/lib/i386/server/libjvm.so
b7135000-b719a000 rw-p 00886000 00:18 593113     /home/jithin/jdk1.7.0_79/jre/lib/i386/server/libjvm.so
b719a000-b75bd000 rw-p 00000000 00:00 0 
b75bd000-b7765000 r-xp 00000000 08:05 4064251    /lib/i386-linux-gnu/libc-2.19.so
b7765000-b7767000 r--p 001a8000 08:05 4064251    /lib/i386-linux-gnu/libc-2.19.so
b7767000-b7768000 rw-p 001aa000 08:05 4064251    /lib/i386-linux-gnu/libc-2.19.so
b7768000-b776b000 rw-p 00000000 00:00 0 
b776b000-b776e000 r-xp 00000000 08:05 4064305    /lib/i386-linux-gnu/libdl-2.19.so
b776e000-b776f000 r--p 00002000 08:05 4064305    /lib/i386-linux-gnu/libdl-2.19.so
b776f000-b7770000 rw-p 00003000 08:05 4064305    /lib/i386-linux-gnu/libdl-2.19.so
b7770000-b7771000 rw-p 00000000 00:00 0 
b7771000-b7784000 r-xp 00000000 00:18 591428     /home/jithin/jdk1.7.0_79/lib/i386/jli/libjli.so
b7784000-b7785000 rw-p 00012000 00:18 591428     /home/jithin/jdk1.7.0_79/lib/i386/jli/libjli.so
b7785000-b779d000 r-xp 00000000 08:05 4078729    /lib/i386-linux-gnu/libpthread-2.19.so
b779d000-b779e000 r--p 00018000 08:05 4078729    /lib/i386-linux-gnu/libpthread-2.19.so
b779e000-b779f000 rw-p 00019000 08:05 4078729    /lib/i386-linux-gnu/libpthread-2.19.so
b779f000-b77a2000 rw-p 00000000 00:00 0 
b77a2000-b77a3000 rw-p 00000000 00:00 0 
b77a3000-b77a4000 r--p 00850000 08:05 3678467    /usr/lib/locale/locale-archive
b77a4000-b77ab000 r-xp 00000000 08:05 4078725    /lib/i386-linux-gnu/libnss_compat-2.19.so
b77ab000-b77ac000 r--p 00006000 08:05 4078725    /lib/i386-linux-gnu/libnss_compat-2.19.so
b77ac000-b77ad000 rw-p 00007000 08:05 4078725    /lib/i386-linux-gnu/libnss_compat-2.19.so
b77ad000-b77ae000 rw-p 00000000 00:00 0 
b77ae000-b77af000 ---p 00000000 00:00 0 
b77af000-b77ba000 r-xp 00000000 00:18 593062     /home/jithin/jdk1.7.0_79/jre/lib/i386/libverify.so
b77ba000-b77bb000 rw-p 0000b000 00:18 593062     /home/jithin/jdk1.7.0_79/jre/lib/i386/libverify.so
b77bb000-b77bd000 rw-p 00000000 00:00 0 
b77bd000-b77be000 r-xp 00000000 00:00 0          [vdso]
b77be000-b77de000 r-xp 00000000 08:05 4064326    /lib/i386-linux-gnu/ld-2.19.so
b77de000-b77df000 r--p 0001f000 08:05 4064326    /lib/i386-linux-gnu/ld-2.19.so
b77df000-b77e0000 rw-p 00020000 08:05 4064326    /lib/i386-linux-gnu/ld-2.19.so
bfd73000-bfd74000 rwxp 00000000 00:00 0 
bfda5000-bfdc7000 rw-p 00000000 00:00 0          [stack]

VM Arguments:
jvm_args: -Djava.awt.headless=true -Xmx1024M -Dfile.encoding=UTF-8 -Duser.country=IN -Duser.language=en -Duser.variant 
java_command: com.android.dx.command.Main --dex --num-threads=4 --output /home/jithin/AndroidStudioProjects/LockEngine/app/build/intermediates/pre-dexed/debug/com.android.support-recyclerview-v7-23.1.1_28927bda2b9aeef175d865710da4190f1bcda649.jar /home/jithin/AndroidStudioProjects/LockEngine/app/build/intermediates/exploded-aar/com.android.support/recyclerview-v7/23.1.1/jars/classes.jar
Launcher Type: SUN_STANDARD

Environment Variables:
PATH=/usr/local/sbin:/usr/local/bin:/usr/sbin:/usr/bin:/sbin:/bin:/usr/games:/usr/local/games:/home/jithin/adt-bundle-linux-x86-20140702/sdk/platform-tools:/home/jithin/scripts:/home/jithin/adt-bundle-linux-x86-20140702/eclipse:/home/jithin/android-ndk-r9/:/home/jithin/code/binaries/
LD_LIBRARY_PATH=.:
SHELL=/bin/bash
DISPLAY=:0

Signal Handlers:
SIGSEGV: [libjvm.so+0x7eb620], sa_mask[0]=0x7ffbfeff, sa_flags=0x10000004
SIGBUS: [libjvm.so+0x7eb620], sa_mask[0]=0x7ffbfeff, sa_flags=0x10000004
SIGFPE: [libjvm.so+0x6835c0], sa_mask[0]=0x7ffbfeff, sa_flags=0x10000004
SIGPIPE: [libjvm.so+0x6835c0], sa_mask[0]=0x7ffbfeff, sa_flags=0x10000004
SIGXFSZ: [libjvm.so+0x6835c0], sa_mask[0]=0x7ffbfeff, sa_flags=0x10000004
SIGILL: [libjvm.so+0x6835c0], sa_mask[0]=0x7ffbfeff, sa_flags=0x10000004
SIGUSR1: SIG_DFL, sa_mask[0]=0x00000000, sa_flags=0x00000000
SIGUSR2: [libjvm.so+0x684dc0], sa_mask[0]=0x00000004, sa_flags=0x10000004
SIGHUP: [libjvm.so+0x6860f0], sa_mask[0]=0x7ffbfeff, sa_flags=0x10000004
SIGINT: [libjvm.so+0x6860f0], sa_mask[0]=0x7ffbfeff, sa_flags=0x10000004
SIGTERM: [libjvm.so+0x6860f0], sa_mask[0]=0x7ffbfeff, sa_flags=0x10000004
SIGQUIT: [libjvm.so+0x6860f0], sa_mask[0]=0x7ffbfeff, sa_flags=0x10000004


---------------  S Y S T E M  ---------------

OS:jessie/sid

uname:Linux 3.13.0-63-generic #103-Ubuntu SMP Fri Aug 14 21:43:30 UTC 2015 i686
libc:glibc 2.19 NPTL 2.19 
rlimit: STACK 8192k, CORE 0k, NPROC 31169, NOFILE 4096, AS infinity
load average:15.91 6.33 4.88

/proc/meminfo:
MemTotal:        4016436 kB
MemFree:          215836 kB
Buffers:             904 kB
Cached:          1047384 kB
SwapCached:            0 kB
Active:          2647348 kB
Inactive:        1035704 kB
Active(anon):    2637808 kB
Inactive(anon):   995420 kB
Active(file):       9540 kB
Inactive(file):    40284 kB
Unevictable:         188 kB
Mlocked:             188 kB
HighTotal:       3166156 kB
HighFree:          50932 kB
LowTotal:         850280 kB
LowFree:          164904 kB
SwapTotal:             0 kB
SwapFree:              0 kB
Dirty:                32 kB
Writeback:             0 kB
AnonPages:       2634800 kB
Mapped:           678600 kB
Shmem:            998556 kB
Slab:              57544 kB
SReclaimable:      23356 kB
SUnreclaim:        34188 kB
KernelStack:        6080 kB
PageTables:        21888 kB
NFS_Unstable:          0 kB
Bounce:              152 kB
WritebackTmp:          0 kB
CommitLimit:     2008216 kB
Committed_AS:   10429460 kB
VmallocTotal:     122880 kB
VmallocUsed:       67576 kB
VmallocChunk:      35348 kB
HardwareCorrupted:     0 kB
AnonHugePages:    780288 kB
HugePages_Total:       0
HugePages_Free:        0
HugePages_Rsvd:        0
HugePages_Surp:        0
Hugepagesize:       2048 kB
DirectMap4k:       38904 kB
DirectMap2M:      872448 kB


CPU:total 4 (2 cores per cpu, 2 threads per core) family 6 model 58 stepping 9, cmov, cx8, fxsr, mmx, sse, sse2, sse3, ssse3, sse4.1, sse4.2, popcnt, avx, erms, ht, tsc, tscinvbit, tscinv

/proc/cpuinfo:
processor	: 0
vendor_id	: GenuineIntel
cpu family	: 6
model		: 58
model name	: Intel(R) Core(TM) i3-3217U CPU @ 1.80GHz
stepping	: 9
microcode	: 0x15
cpu MHz		: 1801.000
cache size	: 3072 KB
physical id	: 0
siblings	: 4
core id		: 0
cpu cores	: 2
apicid		: 0
initial apicid	: 0
fdiv_bug	: no
f00f_bug	: no
coma_bug	: no
fpu		: yes
fpu_exception	: yes
cpuid level	: 13
wp		: yes
flags		: fpu vme de pse tsc msr pae mce cx8 apic sep mtrr pge mca cmov pat pse36 clflush dts acpi mmx fxsr sse sse2 ss ht tm pbe nx rdtscp lm constant_tsc arch_perfmon pebs bts xtopology nonstop_tsc aperfmperf eagerfpu pni pclmulqdq dtes64 monitor ds_cpl vmx est tm2 ssse3 cx16 xtpr pdcm pcid sse4_1 sse4_2 x2apic popcnt tsc_deadline_timer xsave avx f16c lahf_lm ida arat epb xsaveopt pln pts dtherm tpr_shadow vnmi flexpriority ept vpid fsgsbase smep erms
bogomips	: 3591.91
clflush size	: 64
cache_alignment	: 64
address sizes	: 36 bits physical, 48 bits virtual
power management:

processor	: 1
vendor_id	: GenuineIntel
cpu family	: 6
model		: 58
model name	: Intel(R) Core(TM) i3-3217U CPU @ 1.80GHz
stepping	: 9
microcode	: 0x15
cpu MHz		: 1801.000
cache size	: 3072 KB
physical id	: 0
siblings	: 4
core id		: 1
cpu cores	: 2
apicid		: 2
initial apicid	: 2
fdiv_bug	: no
f00f_bug	: no
coma_bug	: no
fpu		: yes
fpu_exception	: yes
cpuid level	: 13
wp		: yes
flags		: fpu vme de pse tsc msr pae mce cx8 apic sep mtrr pge mca cmov pat pse36 clflush dts acpi mmx fxsr sse sse2 ss ht tm pbe nx rdtscp lm constant_tsc arch_perfmon pebs bts xtopology nonstop_tsc aperfmperf eagerfpu pni pclmulqdq dtes64 monitor ds_cpl vmx est tm2 ssse3 cx16 xtpr pdcm pcid sse4_1 sse4_2 x2apic popcnt tsc_deadline_timer xsave avx f16c lahf_lm ida arat epb xsaveopt pln pts dtherm tpr_shadow vnmi flexpriority ept vpid fsgsbase smep erms
bogomips	: 3591.91
clflush size	: 64
cache_alignment	: 64
address sizes	: 36 bits physical, 48 bits virtual
power management:

processor	: 2
vendor_id	: GenuineIntel
cpu family	: 6
model		: 58
model name	: Intel(R) Core(TM) i3-3217U CPU @ 1.80GHz
stepping	: 9
microcode	: 0x15
cpu MHz		: 1801.000
cache size	: 3072 KB
physical id	: 0
siblings	: 4
core id		: 0
cpu cores	: 2
apicid		: 1
initial apicid	: 1
fdiv_bug	: no
f00f_bug	: no
coma_bug	: no
fpu		: yes
fpu_exception	: yes
cpuid level	: 13
wp		: yes
flags		: fpu vme de pse tsc msr pae mce cx8 apic sep mtrr pge mca cmov pat pse36 clflush dts acpi mmx fxsr sse sse2 ss ht tm pbe nx rdtscp lm constant_tsc arch_perfmon pebs bts xtopology nonstop_tsc aperfmperf eagerfpu pni pclmulqdq dtes64 monitor ds_cpl vmx est tm2 ssse3 cx16 xtpr pdcm pcid sse4_1 sse4_2 x2apic popcnt tsc_deadline_timer xsave avx f16c lahf_lm ida arat epb xsaveopt pln pts dtherm tpr_shadow vnmi flexpriority ept vpid fsgsbase smep erms
bogomips	: 3591.91
clflush size	: 64
cache_alignment	: 64
address sizes	: 36 bits physical, 48 bits virtual
power management:

processor	: 3
vendor_id	: GenuineIntel
cpu family	: 6
model		: 58
model name	: Intel(R) Core(TM) i3-3217U CPU @ 1.80GHz
stepping	: 9
microcode	: 0x15
cpu MHz		: 1801.000
cache size	: 3072 KB
physical id	: 0
siblings	: 4
core id		: 1
cpu cores	: 2
apicid		: 3
initial apicid	: 3
fdiv_bug	: no
f00f_bug	: no
coma_bug	: no
fpu		: yes
fpu_exception	: yes
cpuid level	: 13
wp		: yes
flags		: fpu vme de pse tsc msr pae mce cx8 apic sep mtrr pge mca cmov pat pse36 clflush dts acpi mmx fxsr sse sse2 ss ht tm pbe nx rdtscp lm constant_tsc arch_perfmon pebs bts xtopology nonstop_tsc aperfmperf eagerfpu pni pclmulqdq dtes64 monitor ds_cpl vmx est tm2 ssse3 cx16 xtpr pdcm pcid sse4_1 sse4_2 x2apic popcnt tsc_deadline_timer xsave avx f16c lahf_lm ida arat epb xsaveopt pln pts dtherm tpr_shadow vnmi flexpriority ept vpid fsgsbase smep erms
bogomips	: 3591.91
clflush size	: 64
cache_alignment	: 64
address sizes	: 36 bits physical, 48 bits virtual
power management:



Memory: 4k page, physical 4016436k(215836k free), swap 0k(0k free)

vm_info: Java HotSpot(TM) Server VM (24.79-b02) for linux-x86 JRE (1.7.0_79-b15), built on Apr 10 2015 11:52:49 by "java_re" with gcc 4.3.0 20080428 (Red Hat 4.3.0-8)

time: Wed Jan 20 08:36:33 2016
elapsed time: 38 seconds

