#
# There is insufficient memory for the Java Runtime Environment to continue.
# Native memory allocation (malloc) failed to allocate 32768000 bytes for committing reserved memory.
# Possible reasons:
#   The system is out of physical RAM or swap space
#   In 32 bit mode, the process size limit was hit
# Possible solutions:
#   Reduce memory load on the system
#   Increase physical memory or swap space
#   Check if swap backing store is full
#   Use 64 bit Java on a 64 bit OS
#   Decrease Java heap size (-Xmx/-Xms)
#   Decrease number of Java threads
#   Decrease Java thread stack sizes (-Xss)
#   Set larger code cache with -XX:ReservedCodeCacheSize=
# This output file may be truncated or incomplete.
#
#  Out of Memory Error (os_linux.cpp:2756), pid=6649, tid=1814035264
#
# JRE version: Java(TM) SE Runtime Environment (7.0_79-b15) (build 1.7.0_79-b15)
# Java VM: Java HotSpot(TM) Server VM (24.79-b02 mixed mode linux-x86 )
# Failed to write core dump. Core dumps have been disabled. To enable core dumping, try "ulimit -c unlimited" before starting Java again
#

---------------  T H R E A D  ---------------

Current thread (0x6c080800):  VMThread [stack: 0x6c17f000,0x6c200000] [id=6683]

Stack: [0x6c17f000,0x6c200000],  sp=0x6c1fe820,  free space=510k
Native frames: (J=compiled Java code, j=interpreted, Vv=VM code, C=native code)
V  [libjvm.so+0x7eab16]  VMError::report_and_die()+0x1a6
V  [libjvm.so+0x33e222]  report_vm_out_of_memory(char const*, int, unsigned int, char const*)+0x72
V  [libjvm.so+0x686a41]  os::Linux::commit_memory_impl(char*, unsigned int, bool)+0xe1
V  [libjvm.so+0x686f08]  os::pd_commit_memory(char*, unsigned int, unsigned int, bool)+0x28
V  [libjvm.so+0x68064c]  os::commit_memory(char*, unsigned int, unsigned int, bool)+0x2c
V  [libjvm.so+0x6eae98]  PSVirtualSpace::expand_by(unsigned int)+0x48
V  [libjvm.so+0x6ebf9a]  PSYoungGen::resize_generation(unsigned int, unsigned int)+0xda
V  [libjvm.so+0x6eb2d9]  PSYoungGen::resize(unsigned int, unsigned int)+0x19
V  [libjvm.so+0x6e8c09]  PSScavenge::invoke_no_policy()+0xcf9
V  [libjvm.so+0x6e9468]  PSScavenge::invoke()+0x28
V  [libjvm.so+0x6a6fea]  ParallelScavengeHeap::failed_mem_allocate(unsigned int)+0x5a
V  [libjvm.so+0x7ec3aa]  VM_ParallelGCFailedAllocation::doit()+0x7a
V  [libjvm.so+0x7f51c7]  VM_Operation::evaluate()+0x47
V  [libjvm.so+0x7f3263]  VMThread::evaluate_operation(VM_Operation*)+0xb3
V  [libjvm.so+0x7f3600]  VMThread::loop()+0x1b0
V  [libjvm.so+0x7f3a65]  VMThread::run()+0x85
V  [libjvm.so+0x688d19]  java_start(Thread*)+0x119
C  [libpthread.so.0+0x6f70]  start_thread+0xd0

VM_Operation (0x6b867b9c): ParallelGCFailedAllocation, mode: safepoint, requested by thread 0x6b723c00


---------------  P R O C E S S  ---------------

Java Threads: ( => current thread )
  0x6b723c00 JavaThread "pool-2-thread-4" [_thread_blocked, id=6756, stack(0x6b818000,0x6b869000)]
  0x6b722c00 JavaThread "pool-2-thread-3" [_thread_blocked, id=6755, stack(0x6b869000,0x6b8ba000)]
  0x6b721800 JavaThread "pool-2-thread-2" [_thread_blocked, id=6754, stack(0x6b8ba000,0x6b90b000)]
  0x6b720400 JavaThread "pool-3-thread-1" [_thread_blocked, id=6753, stack(0x6b90b000,0x6b95c000)]
  0x6b71d400 JavaThread "pool-2-thread-1" [_thread_blocked, id=6752, stack(0x6b95c000,0x6b9ad000)]
  0x6c09ac00 JavaThread "Service Thread" daemon [_thread_blocked, id=6709, stack(0x6ba2e000,0x6ba7f000)]
  0x6c098c00 JavaThread "C2 CompilerThread1" daemon [_thread_blocked, id=6705, stack(0x6ba7f000,0x6bb00000)]
  0x6c096c00 JavaThread "C2 CompilerThread0" daemon [_thread_blocked, id=6699, stack(0x6be2e000,0x6beaf000)]
  0x6c095000 JavaThread "Signal Dispatcher" daemon [_thread_blocked, id=6695, stack(0x6beaf000,0x6bf00000)]
  0x6c084800 JavaThread "Finalizer" daemon [_thread_blocked, id=6687, stack(0x6c12e000,0x6c17f000)]
  0x6c083000 JavaThread "Reference Handler" daemon [_thread_blocked, id=6686, stack(0x6eb2e000,0x6eb7f000)]
  0xb6607800 JavaThread "main" [_thread_blocked, id=6657, stack(0xb6789000,0xb67da000)]

Other Threads:
=>0x6c080800 VMThread [stack: 0x6c17f000,0x6c200000] [id=6683]
  0x6c09c800 WatcherThread [stack: 0x6b9ad000,0x6ba2e000] [id=6710]

VM state:at safepoint (normal execution)

VM Mutex/Monitor currently owned by a thread:  ([mutex/lock_event])
[0xb6604fe8] Threads_lock - owner thread: 0x6c080800
[0xb66053f8] Heap_lock - owner thread: 0x6b723c00

Heap
 PSYoungGen      total 190976K, used 23266K [0x9df80000, 0xace80000, 0xb3500000)
  eden space 157440K, 0% used [0x9df80000,0x9df80000,0xa7940000)
  from space 33536K, 69% used [0xa8d00000,0xaa3b8bb8,0xaadc0000)
  to   space 23552K, 0% used [0xab780000,0xab780000,0xace80000)
 ParOldGen       total 76288K, used 69602K [0x73500000, 0x77f80000, 0x9df80000)
  object space 76288K, 91% used [0x73500000,0x778f8a98,0x77f80000)
 PSPermGen       total 16384K, used 4034K [0x6f500000, 0x70500000, 0x73500000)
  object space 16384K, 24% used [0x6f500000,0x6f8f0bc0,0x70500000)

Card table byte_map: [0x6f2df000,0x6f500000] byte_map_base: 0x6ef64800

Polling page: 0xb7720000

Code Cache  [0xb35e8000, 0xb3888000, 0xb65e8000)
 total_blobs=955 nmethods=832 adapters=76 free_code_cache=46518Kb largest_free_block=47584896

Compilation events (10 events):
Event: 76.231 Thread 0x6c096c00 nmethod 841 0xb373a788 code [0xb373a880, 0xb373a8d0]
Event: 76.231 Thread 0x6c096c00  842             com.android.dx.ssa.SsaMethod::getEntryBlock (15 bytes)
Event: 76.232 Thread 0x6c096c00 nmethod 842 0xb373a448 code [0xb373a540, 0xb373a630]
Event: 76.232 Thread 0x6c096c00  843             com.android.dx.util.Hex::u2 (44 bytes)
Event: 76.235 Thread 0x6c096c00 nmethod 843 0xb373a088 code [0xb373a1a0, 0xb373a33c]
Event: 76.236 Thread 0x6c096c00  844             com.android.dx.ssa.SsaMethod::onInsnsChanged (16 bytes)
Event: 76.236 Thread 0x6c096c00 nmethod 844 0xb3739f08 code [0xb3739fe0, 0xb373a030]
Event: 76.236 Thread 0x6c096c00  845             com.android.dx.ssa.back.FirstFitLocalCombiningAllocator$1::processInsn (169 bytes)
Event: 76.274 Thread 0x6c096c00 nmethod 845 0xb3733708 code [0xb3733980, 0xb373480c]
Event: 76.274 Thread 0x6c096c00  846   !         com.android.dx.cf.code.RopperMachine::run (1550 bytes)

GC Heap History (10 events):
Event: 22.264 GC heap after
Heap after GC invocations=7 (full 0):
 PSYoungGen      total 72704K, used 10739K [0x9df80000, 0xa7880000, 0xb3500000)
  eden space 61952K, 0% used [0x9df80000,0x9df80000,0xa1c00000)
  from space 10752K, 99% used [0xa1c00000,0xa267cda8,0xa2680000)
  to   space 16384K, 0% used [0xa6880000,0xa6880000,0xa7880000)
 ParOldGen       total 41728K, used 16642K [0x73500000, 0x75dc0000, 0x9df80000)
  object space 41728K, 39% used [0x73500000,0x74540ab8,0x75dc0000)
 PSPermGen       total 16384K, used 3959K [0x6f500000, 0x70500000, 0x73500000)
  object space 16384K, 24% used [0x6f500000,0x6f8ddfd0,0x70500000)
}
Event: 24.058 GC heap before
{Heap before GC invocations=8 (full 0):
 PSYoungGen      total 72704K, used 72691K [0x9df80000, 0xa7880000, 0xb3500000)
  eden space 61952K, 100% used [0x9df80000,0xa1c00000,0xa1c00000)
  from space 10752K, 99% used [0xa1c00000,0xa267cda8,0xa2680000)
  to   space 16384K, 0% used [0xa6880000,0xa6880000,0xa7880000)
 ParOldGen       total 41728K, used 16642K [0x73500000, 0x75dc0000, 0x9df80000)
  object space 41728K, 39% used [0x73500000,0x74540ab8,0x75dc0000)
 PSPermGen       total 16384K, used 3972K [0x6f500000, 0x70500000, 0x73500000)
  object space 16384K, 24% used [0x6f500000,0x6f8e11b8,0x70500000)
Event: 24.114 GC heap after
Heap after GC invocations=8 (full 0):
 PSYoungGen      total 135168K, used 16371K [0x9df80000, 0xa8280000, 0xb3500000)
  eden space 118784K, 0% used [0x9df80000,0x9df80000,0xa5380000)
  from space 16384K, 99% used [0xa6880000,0xa787cfd8,0xa7880000)
  to   space 21504K, 0% used [0xa5380000,0xa5380000,0xa6880000)
 ParOldGen       total 41728K, used 20646K [0x73500000, 0x75dc0000, 0x9df80000)
  object space 41728K, 49% used [0x73500000,0x749299c8,0x75dc0000)
 PSPermGen       total 16384K, used 3972K [0x6f500000, 0x70500000, 0x73500000)
  object space 16384K, 24% used [0x6f500000,0x6f8e11b8,0x70500000)
}
Event: 26.726 GC heap before
{Heap before GC invocations=9 (full 0):
 PSYoungGen      total 135168K, used 135155K [0x9df80000, 0xa8280000, 0xb3500000)
  eden space 118784K, 100% used [0x9df80000,0xa5380000,0xa5380000)
  from space 16384K, 99% used [0xa6880000,0xa787cfd8,0xa7880000)
  to   space 21504K, 0% used [0xa5380000,0xa5380000,0xa6880000)
 ParOldGen       total 41728K, used 20646K [0x73500000, 0x75dc0000, 0x9df80000)
  object space 41728K, 49% used [0x73500000,0x749299c8,0x75dc0000)
 PSPermGen       total 16384K, used 4019K [0x6f500000, 0x70500000, 0x73500000)
  object space 16384K, 24% used [0x6f500000,0x6f8ecc18,0x70500000)
Event: 26.865 GC heap after
Heap after GC invocations=9 (full 0):
 PSYoungGen      total 140288K, used 21493K [0x9df80000, 0xad5c0000, 0xb3500000)
  eden space 118784K, 0% used [0x9df80000,0x9df80000,0xa5380000)
  from space 21504K, 99% used [0xa5380000,0xa687d4a8,0xa6880000)
  to   space 30976K, 0% used [0xab780000,0xab780000,0xad5c0000)
 ParOldGen       total 41728K, used 34329K [0x73500000, 0x75dc0000, 0x9df80000)
  object space 41728K, 82% used [0x73500000,0x756865c0,0x75dc0000)
 PSPermGen       total 16384K, used 4019K [0x6f500000, 0x70500000, 0x73500000)
  object space 16384K, 24% used [0x6f500000,0x6f8ecc18,0x70500000)
}
Event: 26.865 GC heap before
{Heap before GC invocations=10 (full 1):
 PSYoungGen      total 140288K, used 21493K [0x9df80000, 0xad5c0000, 0xb3500000)
  eden space 118784K, 0% used [0x9df80000,0x9df80000,0xa5380000)
  from space 21504K, 99% used [0xa5380000,0xa687d4a8,0xa6880000)
  to   space 30976K, 0% used [0xab780000,0xab780000,0xad5c0000)
 ParOldGen       total 41728K, used 34329K [0x73500000, 0x75dc0000, 0x9df80000)
  object space 41728K, 82% used [0x73500000,0x756865c0,0x75dc0000)
 PSPermGen       total 16384K, used 4019K [0x6f500000, 0x70500000, 0x73500000)
  object space 16384K, 24% used [0x6f500000,0x6f8ecc18,0x70500000)
Event: 27.611 GC heap after
Heap after GC invocations=10 (full 1):
 PSYoungGen      total 140288K, used 10176K [0x9df80000, 0xad5c0000, 0xb3500000)
  eden space 118784K, 0% used [0x9df80000,0x9df80000,0xa5380000)
  from space 21504K, 47% used [0xa5380000,0xa5d703d0,0xa6880000)
  to   space 30976K, 0% used [0xab780000,0xab780000,0xad5c0000)
 ParOldGen       total 76288K, used 41705K [0x73500000, 0x77f80000, 0x9df80000)
  object space 76288K, 54% used [0x73500000,0x75dba4e0,0x77f80000)
 PSPermGen       total 16384K, used 4016K [0x6f500000, 0x70500000, 0x73500000)
  object space 16384K, 24% used [0x6f500000,0x6f8ec1c8,0x70500000)
}
Event: 65.607 GC heap before
{Heap before GC invocations=11 (full 1):
 PSYoungGen      total 140288K, used 128960K [0x9df80000, 0xad5c0000, 0xb3500000)
  eden space 118784K, 100% used [0x9df80000,0xa5380000,0xa5380000)
  from space 21504K, 47% used [0xa5380000,0xa5d703d0,0xa6880000)
  to   space 30976K, 0% used [0xab780000,0xab780000,0xad5c0000)
 ParOldGen       total 76288K, used 41705K [0x73500000, 0x77f80000, 0x9df80000)
  object space 76288K, 54% used [0x73500000,0x75dba4e0,0x77f80000)
 PSPermGen       total 16384K, used 4030K [0x6f500000, 0x70500000, 0x73500000)
  object space 16384K, 24% used [0x6f500000,0x6f8efac0,0x70500000)
Event: 66.715 GC heap after
Heap after GC invocations=11 (full 1):
 PSYoungGen      total 180992K, used 23456K [0x9df80000, 0xace80000, 0xb3500000)
  eden space 157440K, 0% used [0x9df80000,0x9df80000,0xa7940000)
  from space 23552K, 99% used [0xab780000,0xace68338,0xace80000)
  to   space 33536K, 0% used [0xa8d00000,0xa8d00000,0xaadc0000)
 ParOldGen       total 76288K, used 47024K [0x73500000, 0x77f80000, 0x9df80000)
  object space 76288K, 61% used [0x73500000,0x762ec2a0,0x77f80000)
 PSPermGen       total 16384K, used 4030K [0x6f500000, 0x70500000, 0x73500000)
  object space 16384K, 24% used [0x6f500000,0x6f8efac0,0x70500000)
}
Event: 76.374 GC heap before
{Heap before GC invocations=12 (full 1):
 PSYoungGen      total 180992K, used 180896K [0x9df80000, 0xace80000, 0xb3500000)
  eden space 157440K, 100% used [0x9df80000,0xa7940000,0xa7940000)
  from space 23552K, 99% used [0xab780000,0xace68338,0xace80000)
  to   space 33536K, 0% used [0xa8d00000,0xa8d00000,0xaadc0000)
 ParOldGen       total 76288K, used 47024K [0x73500000, 0x77f80000, 0x9df80000)
  object space 76288K, 61% used [0x73500000,0x762ec2a0,0x77f80000)
 PSPermGen       total 16384K, used 4034K [0x6f500000, 0x70500000, 0x73500000)
  object space 16384K, 24% used [0x6f500000,0x6f8f0bc0,0x70500000)

Deoptimization events (10 events):
Event: 38.945 Thread 0x6b723c00 Uncommon trap: reason=null_check action=make_not_entrant pc=0xb379c694 method=com.android.dx.rop.cst.CstType.intern(Lcom/android/dx/rop/type/Type;)Lcom/android/dx/rop/cst/CstType; @ 13
Event: 39.974 Thread 0x6b71d400 Uncommon trap: reason=null_check action=make_not_entrant pc=0xb379c694 method=com.android.dx.rop.cst.CstType.intern(Lcom/android/dx/rop/type/Type;)Lcom/android/dx/rop/cst/CstType; @ 13
Event: 39.980 Thread 0x6b722c00 Uncommon trap: reason=null_check action=make_not_entrant pc=0xb379c694 method=com.android.dx.rop.cst.CstType.intern(Lcom/android/dx/rop/type/Type;)Lcom/android/dx/rop/cst/CstType; @ 13
Event: 56.538 Thread 0x6b721800 Uncommon trap: reason=bimorphic action=maybe_recompile pc=0xb37320b4 method=com.android.dx.cf.code.BytecodeArray.parseInstruction(ILcom/android/dx/cf/code/BytecodeArray$Visitor;)I @ 1161
Event: 56.540 Thread 0x6b721800 Uncommon trap: reason=bimorphic action=maybe_recompile pc=0xb37320b4 method=com.android.dx.cf.code.BytecodeArray.parseInstruction(ILcom/android/dx/cf/code/BytecodeArray$Visitor;)I @ 1161
Event: 57.612 Thread 0x6b723c00 Uncommon trap: reason=bimorphic action=maybe_recompile pc=0xb3732424 method=com.android.dx.cf.code.BytecodeArray.parseInstruction(ILcom/android/dx/cf/code/BytecodeArray$Visitor;)I @ 1357
Event: 57.614 Thread 0x6b723c00 Uncommon trap: reason=bimorphic action=maybe_recompile pc=0xb3732424 method=com.android.dx.cf.code.BytecodeArray.parseInstruction(ILcom/android/dx/cf/code/BytecodeArray$Visitor;)I @ 1357
Event: 57.627 Thread 0x6b721800 Uncommon trap: reason=unreached action=reinterpret pc=0xb3691c6c method=com.android.dx.ssa.MoveParamCombiner$1.visitNonMoveInsn(Lcom/android/dx/ssa/NormalSsaInsn;)V @ 27
Event: 58.090 Thread 0x6b723c00 Uncommon trap: reason=bimorphic action=maybe_recompile pc=0xb37478e0 method=com.android.dx.ssa.LiteralOpUpgrader.tryReplacingWithConstant(Lcom/android/dx/ssa/NormalSsaInsn;)Z @ 62
Event: 58.102 Thread 0x6b723c00 Uncommon trap: reason=bimorphic action=maybe_recompile pc=0xb37478e0 method=com.android.dx.ssa.LiteralOpUpgrader.tryReplacingWithConstant(Lcom/android/dx/ssa/NormalSsaInsn;)Z @ 62

Internal exceptions (10 events):
Event: 14.966 Thread 0x6b71d400 Threw 0x9ecde008 at /HUDSON/workspace/7u-2-build-linux-i586/jdk7u79/2331/hotspot/src/share/vm/prims/jvm.cpp:1304
Event: 18.481 Thread 0xb6607800 Threw 0x9edbc350 at /HUDSON/workspace/7u-2-build-linux-i586/jdk7u79/2331/hotspot/src/share/vm/prims/jvm.cpp:1304
Event: 20.855 Thread 0xb6607800 Threw 0xa05170c8 at /HUDSON/workspace/7u-2-build-linux-i586/jdk7u79/2331/hotspot/src/share/vm/prims/jvm.cpp:1304
Event: 22.492 Thread 0xb6607800 Threw 0x9e5859d8 at /HUDSON/workspace/7u-2-build-linux-i586/jdk7u79/2331/hotspot/src/share/vm/prims/jvm.cpp:1304
Event: 26.266 Thread 0x6b722c00 Implicit null exception at 0xb3749d6b to 0xb374a739
Event: 26.266 Thread 0x6b722c00 Implicit null exception at 0xb36c269f to 0xb36c2805
Event: 26.368 Thread 0x6b723c00 Implicit null exception at 0xb36a0dd9 to 0xb36a0ed5
Event: 38.404 Thread 0x6b723c00 Implicit null exception at 0xb379aaf8 to 0xb379c689
Event: 39.974 Thread 0x6b71d400 Implicit null exception at 0xb379aaf8 to 0xb379c689
Event: 39.980 Thread 0x6b722c00 Implicit null exception at 0xb379aaf8 to 0xb379c689

Events (10 events):
Event: 58.102 Thread 0x6b723c00 DEOPT UNPACKING pc=0xb3614bc8 sp=0x6b867a30 mode 2
Event: 64.946 Executing VM operation: ParallelGCFailedAllocation
Event: 66.750 Executing VM operation: ParallelGCFailedAllocation done
Event: 69.098 Thread 0x6c096c00 flushing nmethod 0xb36a0cc8
Event: 69.179 Thread 0x6c096c00 flushing nmethod 0xb36c2488
Event: 70.821 Thread 0x6c096c00 flushing nmethod 0xb3749788
Event: 75.484 Thread 0x6c096c00 flushing nmethod 0xb37982c8
Event: 76.082 Thread 0x6c096c00 flushing nmethod 0xb3691a88
Event: 76.107 Thread 0x6c098c00 flushing nmethod 0xb372f208
Event: 76.324 Executing VM operation: ParallelGCFailedAllocation


Dynamic libraries:
08048000-08049000 r-xp 00000000 00:18 592627     /home/jithin/jdk1.7.0_79/bin/java
08049000-0804a000 rw-p 00000000 00:18 592627     /home/jithin/jdk1.7.0_79/bin/java
081fa000-08240000 rw-p 00000000 00:00 0          [heap]
69700000-697f7000 rw-p 00000000 00:00 0 
697f7000-69800000 ---p 00000000 00:00 0 
69900000-699fd000 rw-p 00000000 00:00 0 
699fd000-69a00000 ---p 00000000 00:00 0 
69b00000-69bed000 rw-p 00000000 00:00 0 
69bed000-69c00000 ---p 00000000 00:00 0 
69d00000-69dfa000 rw-p 00000000 00:00 0 
69dfa000-69e00000 ---p 00000000 00:00 0 
69e00000-69ec9000 rw-p 00000000 00:00 0 
69ec9000-69f00000 ---p 00000000 00:00 0 
69f00000-69fe2000 rw-p 00000000 00:00 0 
69fe2000-6a000000 ---p 00000000 00:00 0 
6a000000-6a0be000 rw-p 00000000 00:00 0 
6a0be000-6a100000 ---p 00000000 00:00 0 
6a100000-6a1f8000 rw-p 00000000 00:00 0 
6a1f8000-6a200000 ---p 00000000 00:00 0 
6a300000-6a3f9000 rw-p 00000000 00:00 0 
6a3f9000-6a400000 ---p 00000000 00:00 0 
6a400000-6a4f9000 rw-p 00000000 00:00 0 
6a4f9000-6a500000 ---p 00000000 00:00 0 
6a600000-6a6f0000 rw-p 00000000 00:00 0 
6a6f0000-6a700000 ---p 00000000 00:00 0 
6a800000-6a8fa000 rw-p 00000000 00:00 0 
6a8fa000-6a900000 ---p 00000000 00:00 0 
6a900000-6a9fd000 rw-p 00000000 00:00 0 
6a9fd000-6aa00000 ---p 00000000 00:00 0 
6aa00000-6aafa000 rw-p 00000000 00:00 0 
6aafa000-6ab00000 ---p 00000000 00:00 0 
6ab00000-6abe5000 rw-p 00000000 00:00 0 
6abe5000-6ac00000 ---p 00000000 00:00 0 
6ac00000-6acff000 rw-p 00000000 00:00 0 
6acff000-6ad00000 ---p 00000000 00:00 0 
6ae00000-6aefe000 rw-p 00000000 00:00 0 
6aefe000-6af00000 ---p 00000000 00:00 0 
6af00000-6affd000 rw-p 00000000 00:00 0 
6affd000-6b000000 ---p 00000000 00:00 0 
6b000000-6b0ff000 rw-p 00000000 00:00 0 
6b0ff000-6b100000 ---p 00000000 00:00 0 
6b200000-6b2e0000 rw-p 00000000 00:00 0 
6b2e0000-6b300000 ---p 00000000 00:00 0 
6b300000-6b3fc000 rw-p 00000000 00:00 0 
6b3fc000-6b400000 ---p 00000000 00:00 0 
6b400000-6b4fd000 rw-p 00000000 00:00 0 
6b4fd000-6b500000 ---p 00000000 00:00 0 
6b600000-6b6f8000 rw-p 00000000 00:00 0 
6b6f8000-6b700000 ---p 00000000 00:00 0 
6b700000-6b758000 rw-p 00000000 00:00 0 
6b758000-6b800000 ---p 00000000 00:00 0 
6b818000-6b81b000 ---p 00000000 00:00 0 
6b81b000-6b869000 rw-p 00000000 00:00 0          [stack:6756]
6b869000-6b86c000 ---p 00000000 00:00 0 
6b86c000-6b8ba000 rw-p 00000000 00:00 0          [stack:6755]
6b8ba000-6b8bd000 ---p 00000000 00:00 0 
6b8bd000-6b90b000 rw-p 00000000 00:00 0          [stack:6754]
6b90b000-6b90e000 ---p 00000000 00:00 0 
6b90e000-6b95c000 rw-p 00000000 00:00 0          [stack:6753]
6b95c000-6b95f000 ---p 00000000 00:00 0 
6b95f000-6b9ad000 rw-p 00000000 00:00 0          [stack:6752]
6b9ad000-6b9ae000 ---p 00000000 00:00 0 
6b9ae000-6ba2e000 rw-p 00000000 00:00 0          [stack:6710]
6ba2e000-6ba31000 ---p 00000000 00:00 0 
6ba31000-6ba7f000 rw-p 00000000 00:00 0          [stack:6709]
6ba7f000-6ba82000 ---p 00000000 00:00 0 
6ba82000-6bb00000 rw-p 00000000 00:00 0          [stack:6705]
6bb00000-6bd00000 r--p 00000000 08:05 3678467    /usr/lib/locale/locale-archive
6bd00000-6bd21000 rw-p 00000000 00:00 0 
6bd21000-6be00000 ---p 00000000 00:00 0 
6be2e000-6be31000 ---p 00000000 00:00 0 
6be31000-6beaf000 rw-p 00000000 00:00 0          [stack:6699]
6beaf000-6beb2000 ---p 00000000 00:00 0 
6beb2000-6bf00000 rw-p 00000000 00:00 0          [stack:6695]
6bf00000-6bfff000 rw-p 00000000 00:00 0 
6bfff000-6c000000 ---p 00000000 00:00 0 
6c000000-6c0ff000 rw-p 00000000 00:00 0 
6c0ff000-6c100000 ---p 00000000 00:00 0 
6c12e000-6c131000 ---p 00000000 00:00 0 
6c131000-6c17f000 rw-p 00000000 00:00 0          [stack:6687]
6c17f000-6c180000 ---p 00000000 00:00 0 
6c180000-6c200000 rw-p 00000000 00:00 0          [stack:6683]
6c200000-6c3c0000 r--s 039f7000 00:18 592634     /home/jithin/jdk1.7.0_79/jre/lib/rt.jar
6c3c0000-6ea00000 rw-p 00000000 00:00 0 
6ea00000-6eb00000 rw-p 00000000 00:00 0 
6eb18000-6eb2d000 r-xp 00000000 00:18 593093     /home/jithin/jdk1.7.0_79/jre/lib/i386/libnet.so
6eb2d000-6eb2e000 rw-p 00014000 00:18 593093     /home/jithin/jdk1.7.0_79/jre/lib/i386/libnet.so
6eb2e000-6eb31000 ---p 00000000 00:00 0 
6eb31000-6eb7f000 rw-p 00000000 00:00 0          [stack:6686]
6eb7f000-6eb80000 ---p 00000000 00:00 0 
6eb80000-6ec00000 rw-p 00000000 00:00 0          [stack:6673]
6ec00000-6ec21000 rw-p 00000000 00:00 0 
6ec21000-6ed00000 ---p 00000000 00:00 0 
6ed04000-6ed34000 r--s 0023a000 00:18 1051588    /home/jithin/AndroidStudioProjects/LockEngine/app/build/intermediates/transforms/instantRunSlicer/debug/jars/1/1a/dependencies.jar
6ed34000-6ed7f000 rw-p 00000000 00:00 0 
6ed7f000-6ed80000 ---p 00000000 00:00 0 
6ed80000-6ee00000 rw-p 00000000 00:00 0          [stack:6671]
6ee00000-6ee21000 rw-p 00000000 00:00 0 
6ee21000-6ef00000 ---p 00000000 00:00 0 
6ef0a000-6ef7f000 rw-p 00000000 00:00 0 
6ef7f000-6ef80000 ---p 00000000 00:00 0 
6ef80000-6f000000 rw-p 00000000 00:00 0          [stack:6664]
6f000000-6f046000 rw-p 00000000 00:00 0 
6f046000-6f100000 ---p 00000000 00:00 0 
6f108000-6f109000 ---p 00000000 00:00 0 
6f109000-6f1af000 rw-p 00000000 00:00 0          [stack:6660]
6f1af000-6f2df000 rw-p 00000000 00:00 0 
6f2df000-6f2e7000 rw-p 00000000 00:00 0 
6f2e7000-6f2ff000 rw-p 00000000 00:00 0 
6f2ff000-6f325000 rw-p 00000000 00:00 0 
6f325000-6f454000 rw-p 00000000 00:00 0 
6f454000-6f4cc000 rw-p 00000000 00:00 0 
6f4cc000-6f4d0000 ---p 00000000 00:00 0 
6f4d0000-6f4ff000 rw-p 00000000 00:00 0 
6f4ff000-70500000 rw-p 00000000 00:00 0 
70500000-73500000 rw-p 00000000 00:00 0 
73500000-77f80000 rw-p 00000000 00:00 0 
77f80000-9df80000 rw-p 00000000 00:00 0 
9df80000-ace80000 rw-p 00000000 00:00 0 
aec4d000-aedc0000 rw-p 00000000 00:00 0 
aedc0000-b3500000 rw-p 00000000 00:00 0 
b3508000-b3510000 rw-p 00000000 00:00 0 
b3510000-b3528000 rw-p 00000000 00:00 0 
b3528000-b3533000 rw-p 00000000 00:00 0 
b3533000-b35e8000 rw-p 00000000 00:00 0 
b35e8000-b3888000 rwxp 00000000 00:00 0 
b3888000-b65e8000 rw-p 00000000 00:00 0 
b65e8000-b65ff000 r-xp 00000000 00:18 593114     /home/jithin/jdk1.7.0_79/jre/lib/i386/libzip.so
b65ff000-b6600000 rw-p 00017000 00:18 593114     /home/jithin/jdk1.7.0_79/jre/lib/i386/libzip.so
b6600000-b66f6000 rw-p 00000000 00:00 0 
b66f6000-b6700000 ---p 00000000 00:00 0 
b6701000-b670f000 r-xp 00000000 00:18 593102     /home/jithin/jdk1.7.0_79/jre/lib/i386/libnio.so
b670f000-b6710000 rw-p 0000e000 00:18 593102     /home/jithin/jdk1.7.0_79/jre/lib/i386/libnio.so
b6710000-b671b000 r-xp 00000000 08:05 4078733    /lib/i386-linux-gnu/libnss_files-2.19.so
b671b000-b671c000 r--p 0000a000 08:05 4078733    /lib/i386-linux-gnu/libnss_files-2.19.so
b671c000-b671d000 rw-p 0000b000 08:05 4078733    /lib/i386-linux-gnu/libnss_files-2.19.so
b671d000-b6727000 r-xp 00000000 08:05 4064346    /lib/i386-linux-gnu/libnss_nis-2.19.so
b6727000-b6728000 r--p 00009000 08:05 4064346    /lib/i386-linux-gnu/libnss_nis-2.19.so
b6728000-b6729000 rw-p 0000a000 08:05 4064346    /lib/i386-linux-gnu/libnss_nis-2.19.so
b6729000-b673e000 r-xp 00000000 08:05 4064375    /lib/i386-linux-gnu/libnsl-2.19.so
b673e000-b673f000 r--p 00015000 08:05 4064375    /lib/i386-linux-gnu/libnsl-2.19.so
b673f000-b6740000 rw-p 00016000 08:05 4064375    /lib/i386-linux-gnu/libnsl-2.19.so
b6740000-b6742000 rw-p 00000000 00:00 0 
b6745000-b6754000 r--s 000df000 00:18 676658     /home/jithin/adt-bundle-linux-x86-20140702/sdk/build-tools/23.0.2/lib/dx.jar
b6754000-b675c000 rw-s 00000000 08:05 4983254    /tmp/hsperfdata_jithin/6649
b675c000-b677f000 r-xp 00000000 00:18 593079     /home/jithin/jdk1.7.0_79/jre/lib/i386/libjava.so
b677f000-b6780000 rw-p 00023000 00:18 593079     /home/jithin/jdk1.7.0_79/jre/lib/i386/libjava.so
b6780000-b6787000 r-xp 00000000 08:05 4078734    /lib/i386-linux-gnu/librt-2.19.so
b6787000-b6788000 r--p 00006000 08:05 4078734    /lib/i386-linux-gnu/librt-2.19.so
b6788000-b6789000 rw-p 00007000 08:05 4078734    /lib/i386-linux-gnu/librt-2.19.so
b6789000-b678c000 ---p 00000000 00:00 0 
b678c000-b67da000 rw-p 00000000 00:00 0          [stack:6657]
b67da000-b681e000 r-xp 00000000 08:05 4078724    /lib/i386-linux-gnu/libm-2.19.so
b681e000-b681f000 r--p 00043000 08:05 4078724    /lib/i386-linux-gnu/libm-2.19.so
b681f000-b6820000 rw-p 00044000 08:05 4078724    /lib/i386-linux-gnu/libm-2.19.so
b6820000-b70a7000 r-xp 00000000 00:18 593113     /home/jithin/jdk1.7.0_79/jre/lib/i386/server/libjvm.so
b70a7000-b710c000 rw-p 00886000 00:18 593113     /home/jithin/jdk1.7.0_79/jre/lib/i386/server/libjvm.so
b710c000-b752f000 rw-p 00000000 00:00 0 
b752f000-b76d7000 r-xp 00000000 08:05 4064251    /lib/i386-linux-gnu/libc-2.19.so
b76d7000-b76d9000 r--p 001a8000 08:05 4064251    /lib/i386-linux-gnu/libc-2.19.so
b76d9000-b76da000 rw-p 001aa000 08:05 4064251    /lib/i386-linux-gnu/libc-2.19.so
b76da000-b76dd000 rw-p 00000000 00:00 0 
b76dd000-b76e0000 r-xp 00000000 08:05 4064305    /lib/i386-linux-gnu/libdl-2.19.so
b76e0000-b76e1000 r--p 00002000 08:05 4064305    /lib/i386-linux-gnu/libdl-2.19.so
b76e1000-b76e2000 rw-p 00003000 08:05 4064305    /lib/i386-linux-gnu/libdl-2.19.so
b76e2000-b76e3000 rw-p 00000000 00:00 0 
b76e3000-b76f6000 r-xp 00000000 00:18 591428     /home/jithin/jdk1.7.0_79/lib/i386/jli/libjli.so
b76f6000-b76f7000 rw-p 00012000 00:18 591428     /home/jithin/jdk1.7.0_79/lib/i386/jli/libjli.so
b76f7000-b770f000 r-xp 00000000 08:05 4078729    /lib/i386-linux-gnu/libpthread-2.19.so
b770f000-b7710000 r--p 00018000 08:05 4078729    /lib/i386-linux-gnu/libpthread-2.19.so
b7710000-b7711000 rw-p 00019000 08:05 4078729    /lib/i386-linux-gnu/libpthread-2.19.so
b7711000-b7714000 rw-p 00000000 00:00 0 
b7714000-b7715000 rw-p 00000000 00:00 0 
b7715000-b7716000 r--p 00850000 08:05 3678467    /usr/lib/locale/locale-archive
b7716000-b771d000 r-xp 00000000 08:05 4078725    /lib/i386-linux-gnu/libnss_compat-2.19.so
b771d000-b771e000 r--p 00006000 08:05 4078725    /lib/i386-linux-gnu/libnss_compat-2.19.so
b771e000-b771f000 rw-p 00007000 08:05 4078725    /lib/i386-linux-gnu/libnss_compat-2.19.so
b771f000-b7720000 rw-p 00000000 00:00 0 
b7720000-b7721000 ---p 00000000 00:00 0 
b7721000-b772c000 r-xp 00000000 00:18 593062     /home/jithin/jdk1.7.0_79/jre/lib/i386/libverify.so
b772c000-b772d000 rw-p 0000b000 00:18 593062     /home/jithin/jdk1.7.0_79/jre/lib/i386/libverify.so
b772d000-b772f000 rw-p 00000000 00:00 0 
b772f000-b7730000 r-xp 00000000 00:00 0          [vdso]
b7730000-b7750000 r-xp 00000000 08:05 4064326    /lib/i386-linux-gnu/ld-2.19.so
b7750000-b7751000 r--p 0001f000 08:05 4064326    /lib/i386-linux-gnu/ld-2.19.so
b7751000-b7752000 rw-p 00020000 08:05 4064326    /lib/i386-linux-gnu/ld-2.19.so
bfa82000-bfa83000 rwxp 00000000 00:00 0 
bfab4000-bfad6000 rw-p 00000000 00:00 0          [stack]

VM Arguments:
jvm_args: -Djava.awt.headless=true -Xmx1024M -Dfile.encoding=UTF-8 -Duser.country=IN -Duser.language=en -Duser.variant 
java_command: com.android.dx.command.Main --dex --num-threads=4 --multi-dex --output /home/jithin/AndroidStudioProjects/LockEngine/app/build/intermediates/transforms/dex/debug/folders/1000/1a/dependencies_affabf0695ff26df300af691b3a50b8dab81cd7b /home/jithin/AndroidStudioProjects/LockEngine/app/build/intermediates/transforms/instantRunSlicer/debug/jars/1/1a/dependencies.jar
Launcher Type: SUN_STANDARD

Environment Variables:
PATH=/usr/local/sbin:/usr/local/bin:/usr/sbin:/usr/bin:/sbin:/bin:/usr/games:/usr/local/games:/home/jithin/adt-bundle-linux-x86-20140702/sdk/platform-tools:/home/jithin/scripts:/home/jithin/adt-bundle-linux-x86-20140702/eclipse:/home/jithin/android-ndk-r9/:/home/jithin/code/binaries/
LD_LIBRARY_PATH=.:
SHELL=/bin/bash
DISPLAY=:0

Signal Handlers:
SIGSEGV: [libjvm.so+0x7eb620], sa_mask[0]=0x7ffbfeff, sa_flags=0x10000004
SIGBUS: [libjvm.so+0x7eb620], sa_mask[0]=0x7ffbfeff, sa_flags=0x10000004
SIGFPE: [libjvm.so+0x6835c0], sa_mask[0]=0x7ffbfeff, sa_flags=0x10000004
SIGPIPE: [libjvm.so+0x6835c0], sa_mask[0]=0x7ffbfeff, sa_flags=0x10000004
SIGXFSZ: [libjvm.so+0x6835c0], sa_mask[0]=0x7ffbfeff, sa_flags=0x10000004
SIGILL: [libjvm.so+0x6835c0], sa_mask[0]=0x7ffbfeff, sa_flags=0x10000004
SIGUSR1: SIG_DFL, sa_mask[0]=0x00000000, sa_flags=0x00000000
SIGUSR2: [libjvm.so+0x684dc0], sa_mask[0]=0x00000004, sa_flags=0x10000004
SIGHUP: [libjvm.so+0x6860f0], sa_mask[0]=0x7ffbfeff, sa_flags=0x10000004
SIGINT: [libjvm.so+0x6860f0], sa_mask[0]=0x7ffbfeff, sa_flags=0x10000004
SIGTERM: [libjvm.so+0x6860f0], sa_mask[0]=0x7ffbfeff, sa_flags=0x10000004
SIGQUIT: [libjvm.so+0x6860f0], sa_mask[0]=0x7ffbfeff, sa_flags=0x10000004


---------------  S Y S T E M  ---------------

OS:jessie/sid

uname:Linux 3.13.0-76-generic #120-Ubuntu SMP Mon Jan 18 15:58:41 UTC 2016 i686
libc:glibc 2.19 NPTL 2.19 
rlimit: STACK 8192k, CORE 0k, NPROC 31169, NOFILE 4096, AS infinity
load average:13.82 5.89 3.62

/proc/meminfo:
MemTotal:        4016428 kB
MemFree:          197888 kB
Buffers:             804 kB
Cached:           732952 kB
SwapCached:            0 kB
Active:          2976956 kB
Inactive:         710784 kB
Active(anon):    2958244 kB
Inactive(anon):   680456 kB
Active(file):      18712 kB
Inactive(file):    30328 kB
Unevictable:         176 kB
Mlocked:             176 kB
HighTotal:       3166156 kB
HighFree:          29300 kB
LowTotal:         850272 kB
LowFree:          168588 kB
SwapTotal:             0 kB
SwapFree:              0 kB
Dirty:               284 kB
Writeback:             0 kB
AnonPages:       2954448 kB
Mapped:           319392 kB
Shmem:            684516 kB
Slab:              64908 kB
SReclaimable:      26856 kB
SUnreclaim:        38052 kB
KernelStack:        6096 kB
PageTables:        23240 kB
NFS_Unstable:          0 kB
Bounce:                0 kB
WritebackTmp:          0 kB
CommitLimit:     2008212 kB
Committed_AS:   11326524 kB
VmallocTotal:     122880 kB
VmallocUsed:       67768 kB
VmallocChunk:      47044 kB
HardwareCorrupted:     0 kB
AnonHugePages:    763904 kB
HugePages_Total:       0
HugePages_Free:        0
HugePages_Rsvd:        0
HugePages_Surp:        0
Hugepagesize:       2048 kB
DirectMap4k:       30712 kB
DirectMap2M:      880640 kB


CPU:total 4 (2 cores per cpu, 2 threads per core) family 6 model 58 stepping 9, cmov, cx8, fxsr, mmx, sse, sse2, sse3, ssse3, sse4.1, sse4.2, popcnt, avx, erms, ht, tsc, tscinvbit, tscinv

/proc/cpuinfo:
processor	: 0
vendor_id	: GenuineIntel
cpu family	: 6
model		: 58
model name	: Intel(R) Core(TM) i3-3217U CPU @ 1.80GHz
stepping	: 9
microcode	: 0x15
cpu MHz		: 1600.000
cache size	: 3072 KB
physical id	: 0
siblings	: 4
core id		: 0
cpu cores	: 2
apicid		: 0
initial apicid	: 0
fdiv_bug	: no
f00f_bug	: no
coma_bug	: no
fpu		: yes
fpu_exception	: yes
cpuid level	: 13
wp		: yes
flags		: fpu vme de pse tsc msr pae mce cx8 apic sep mtrr pge mca cmov pat pse36 clflush dts acpi mmx fxsr sse sse2 ss ht tm pbe nx rdtscp lm constant_tsc arch_perfmon pebs bts xtopology nonstop_tsc aperfmperf eagerfpu pni pclmulqdq dtes64 monitor ds_cpl vmx est tm2 ssse3 cx16 xtpr pdcm pcid sse4_1 sse4_2 x2apic popcnt tsc_deadline_timer xsave avx f16c lahf_lm ida arat epb xsaveopt pln pts dtherm tpr_shadow vnmi flexpriority ept vpid fsgsbase smep erms
bogomips	: 3592.19
clflush size	: 64
cache_alignment	: 64
address sizes	: 36 bits physical, 48 bits virtual
power management:

processor	: 1
vendor_id	: GenuineIntel
cpu family	: 6
model		: 58
model name	: Intel(R) Core(TM) i3-3217U CPU @ 1.80GHz
stepping	: 9
microcode	: 0x15
cpu MHz		: 774.000
cache size	: 3072 KB
physical id	: 0
siblings	: 4
core id		: 1
cpu cores	: 2
apicid		: 2
initial apicid	: 2
fdiv_bug	: no
f00f_bug	: no
coma_bug	: no
fpu		: yes
fpu_exception	: yes
cpuid level	: 13
wp		: yes
flags		: fpu vme de pse tsc msr pae mce cx8 apic sep mtrr pge mca cmov pat pse36 clflush dts acpi mmx fxsr sse sse2 ss ht tm pbe nx rdtscp lm constant_tsc arch_perfmon pebs bts xtopology nonstop_tsc aperfmperf eagerfpu pni pclmulqdq dtes64 monitor ds_cpl vmx est tm2 ssse3 cx16 xtpr pdcm pcid sse4_1 sse4_2 x2apic popcnt tsc_deadline_timer xsave avx f16c lahf_lm ida arat epb xsaveopt pln pts dtherm tpr_shadow vnmi flexpriority ept vpid fsgsbase smep erms
bogomips	: 3592.19
clflush size	: 64
cache_alignment	: 64
address sizes	: 36 bits physical, 48 bits virtual
power management:

processor	: 2
vendor_id	: GenuineIntel
cpu family	: 6
model		: 58
model name	: Intel(R) Core(TM) i3-3217U CPU @ 1.80GHz
stepping	: 9
microcode	: 0x15
cpu MHz		: 1801.000
cache size	: 3072 KB
physical id	: 0
siblings	: 4
core id		: 0
cpu cores	: 2
apicid		: 1
initial apicid	: 1
fdiv_bug	: no
f00f_bug	: no
coma_bug	: no
fpu		: yes
fpu_exception	: yes
cpuid level	: 13
wp		: yes
flags		: fpu vme de pse tsc msr pae mce cx8 apic sep mtrr pge mca cmov pat pse36 clflush dts acpi mmx fxsr sse sse2 ss ht tm pbe nx rdtscp lm constant_tsc arch_perfmon pebs bts xtopology nonstop_tsc aperfmperf eagerfpu pni pclmulqdq dtes64 monitor ds_cpl vmx est tm2 ssse3 cx16 xtpr pdcm pcid sse4_1 sse4_2 x2apic popcnt tsc_deadline_timer xsave avx f16c lahf_lm ida arat epb xsaveopt pln pts dtherm tpr_shadow vnmi flexpriority ept vpid fsgsbase smep erms
bogomips	: 3592.19
clflush size	: 64
cache_alignment	: 64
address sizes	: 36 bits physical, 48 bits virtual
power management:

processor	: 3
vendor_id	: GenuineIntel
cpu family	: 6
model		: 58
model name	: Intel(R) Core(TM) i3-3217U CPU @ 1.80GHz
stepping	: 9
microcode	: 0x15
cpu MHz		: 774.000
cache size	: 3072 KB
physical id	: 0
siblings	: 4
core id		: 1
cpu cores	: 2
apicid		: 3
initial apicid	: 3
fdiv_bug	: no
f00f_bug	: no
coma_bug	: no
fpu		: yes
fpu_exception	: yes
cpuid level	: 13
wp		: yes
flags		: fpu vme de pse tsc msr pae mce cx8 apic sep mtrr pge mca cmov pat pse36 clflush dts acpi mmx fxsr sse sse2 ss ht tm pbe nx rdtscp lm constant_tsc arch_perfmon pebs bts xtopology nonstop_tsc aperfmperf eagerfpu pni pclmulqdq dtes64 monitor ds_cpl vmx est tm2 ssse3 cx16 xtpr pdcm pcid sse4_1 sse4_2 x2apic popcnt tsc_deadline_timer xsave avx f16c lahf_lm ida arat epb xsaveopt pln pts dtherm tpr_shadow vnmi flexpriority ept vpid fsgsbase smep erms
bogomips	: 3592.19
clflush size	: 64
cache_alignment	: 64
address sizes	: 36 bits physical, 48 bits virtual
power management:



Memory: 4k page, physical 4016428k(197888k free), swap 0k(0k free)

vm_info: Java HotSpot(TM) Server VM (24.79-b02) for linux-x86 JRE (1.7.0_79-b15), built on Apr 10 2015 11:52:49 by "java_re" with gcc 4.3.0 20080428 (Red Hat 4.3.0-8)

time: Sat Jan 30 01:22:23 2016
elapsed time: 81 seconds

