#
# There is insufficient memory for the Java Runtime Environment to continue.
# Native memory allocation (malloc) failed to allocate 74448896 bytes for committing reserved memory.
# Possible reasons:
#   The system is out of physical RAM or swap space
#   In 32 bit mode, the process size limit was hit
# Possible solutions:
#   Reduce memory load on the system
#   Increase physical memory or swap space
#   Check if swap backing store is full
#   Use 64 bit Java on a 64 bit OS
#   Decrease Java heap size (-Xmx/-Xms)
#   Decrease number of Java threads
#   Decrease Java thread stack sizes (-Xss)
#   Set larger code cache with -XX:ReservedCodeCacheSize=
# This output file may be truncated or incomplete.
#
#  Out of Memory Error (os_linux.cpp:2756), pid=14061, tid=1815083840
#
# JRE version: Java(TM) SE Runtime Environment (7.0_79-b15) (build 1.7.0_79-b15)
# Java VM: Java HotSpot(TM) Server VM (24.79-b02 mixed mode linux-x86 )
# Failed to write core dump. Core dumps have been disabled. To enable core dumping, try "ulimit -c unlimited" before starting Java again
#

---------------  T H R E A D  ---------------

Current thread (0x6c180800):  VMThread [stack: 0x6c27f000,0x6c300000] [id=14096]

Stack: [0x6c27f000,0x6c300000],  sp=0x6c2fea20,  free space=510k
Native frames: (J=compiled Java code, j=interpreted, Vv=VM code, C=native code)
V  [libjvm.so+0x7eab16]  VMError::report_and_die()+0x1a6
V  [libjvm.so+0x33e222]  report_vm_out_of_memory(char const*, int, unsigned int, char const*)+0x72
V  [libjvm.so+0x686a41]  os::Linux::commit_memory_impl(char*, unsigned int, bool)+0xe1
V  [libjvm.so+0x686f08]  os::pd_commit_memory(char*, unsigned int, unsigned int, bool)+0x28
V  [libjvm.so+0x68064c]  os::commit_memory(char*, unsigned int, unsigned int, bool)+0x2c
V  [libjvm.so+0x6eae98]  PSVirtualSpace::expand_by(unsigned int)+0x48
V  [libjvm.so+0x6ebf9a]  PSYoungGen::resize_generation(unsigned int, unsigned int)+0xda
V  [libjvm.so+0x6eb2d9]  PSYoungGen::resize(unsigned int, unsigned int)+0x19
V  [libjvm.so+0x6e8c09]  PSScavenge::invoke_no_policy()+0xcf9
V  [libjvm.so+0x6e9468]  PSScavenge::invoke()+0x28
V  [libjvm.so+0x6a6fea]  ParallelScavengeHeap::failed_mem_allocate(unsigned int)+0x5a
V  [libjvm.so+0x7ec3aa]  VM_ParallelGCFailedAllocation::doit()+0x7a
V  [libjvm.so+0x7f51c7]  VM_Operation::evaluate()+0x47
V  [libjvm.so+0x7f3263]  VMThread::evaluate_operation(VM_Operation*)+0xb3
V  [libjvm.so+0x7f3600]  VMThread::loop()+0x1b0
V  [libjvm.so+0x7f3a65]  VMThread::run()+0x85
V  [libjvm.so+0x688d19]  java_start(Thread*)+0x119
C  [libpthread.so.0+0x6f70]  start_thread+0xd0

VM_Operation (0x6b6fe834): ParallelGCFailedAllocation, mode: safepoint, requested by thread 0x6b933000


---------------  P R O C E S S  ---------------

Java Threads: ( => current thread )
  0x6b933000 JavaThread "pool-2-thread-4" [_thread_blocked, id=14147, stack(0x6b6af000,0x6b700000)]
  0x6b931c00 JavaThread "pool-2-thread-3" [_thread_blocked, id=14146, stack(0x6b80d000,0x6b85e000)]
  0x6b930c00 JavaThread "pool-2-thread-2" [_thread_blocked, id=14145, stack(0x6b85e000,0x6b8af000)]
  0x6b92e800 JavaThread "pool-3-thread-1" [_thread_blocked, id=14144, stack(0x6b8af000,0x6b900000)]
  0x6b92cc00 JavaThread "pool-2-thread-1" [_thread_blocked, id=14143, stack(0x6ba2c000,0x6ba7d000)]
  0x6c1a2800 JavaThread "Service Thread" daemon [_thread_blocked, id=14121, stack(0x6bf0d000,0x6bf5e000)]
  0x6c1a0c00 JavaThread "C2 CompilerThread1" daemon [_thread_blocked, id=14115, stack(0x6bafe000,0x6bb7f000)]
  0x6c19ec00 JavaThread "C2 CompilerThread0" daemon [_thread_blocked, id=14112, stack(0x6bb7f000,0x6bc00000)]
  0x6c19d400 JavaThread "Signal Dispatcher" daemon [_thread_blocked, id=14109, stack(0x6bf5e000,0x6bfaf000)]
  0x6c184800 JavaThread "Finalizer" daemon [_thread_blocked, id=14105, stack(0x6bfaf000,0x6c000000)]
  0x6c183000 JavaThread "Reference Handler" daemon [_thread_blocked, id=14099, stack(0x6c22e000,0x6c27f000)]
  0xb6707800 JavaThread "main" [_thread_blocked, id=14072, stack(0xb680a000,0xb685b000)]

Other Threads:
=>0x6c180800 VMThread [stack: 0x6c27f000,0x6c300000] [id=14096]
  0x6c1a4400 WatcherThread [stack: 0x6ba7d000,0x6bafe000] [id=14123]

VM state:at safepoint (normal execution)

VM Mutex/Monitor currently owned by a thread:  ([mutex/lock_event])
[0xb6704fe8] Threads_lock - owner thread: 0x6c180800
[0xb67053f8] Heap_lock - owner thread: 0x6b933000

Heap
 PSYoungGen      total 72704K, used 10495K [0x9e000000, 0xa3280000, 0xb3580000)
  eden space 62208K, 0% used [0x9e000000,0x9e000000,0xa1cc0000)
  from space 10496K, 99% used [0xa1cc0000,0xa26fffc0,0xa2700000)
  to   space 9216K, 0% used [0xa2700000,0xa2700000,0xa3000000)
 ParOldGen       total 41728K, used 16940K [0x73580000, 0x75e40000, 0x9e000000)
  object space 41728K, 40% used [0x73580000,0x7460b248,0x75e40000)
 PSPermGen       total 16384K, used 3960K [0x6f580000, 0x70580000, 0x73580000)
  object space 16384K, 24% used [0x6f580000,0x6f95e178,0x70580000)

Card table byte_map: [0x6f35f000,0x6f580000] byte_map_base: 0x6efe4400

Polling page: 0xb77a1000

Code Cache  [0xb3678000, 0xb38b8000, 0xb6678000)
 total_blobs=435 nmethods=312 adapters=76 free_code_cache=47993Kb largest_free_block=49091392

Compilation events (10 events):
Event: 15.289 Thread 0x6c1a0c00 nmethod 311 0xb3753b08 code [0xb3753c00, 0xb3753d70]
Event: 15.289 Thread 0x6c1a0c00  312             com.android.dx.ssa.SCCP::simulateStmt (481 bytes)
Event: 15.413 Thread 0x6c1a0c00 nmethod 312 0xb3777188 code [0xb3777500, 0xb3778a0c]
Event: 15.413 Thread 0x6c1a0c00  313             com.android.dx.util.LabeledList::set (45 bytes)
Event: 15.418 Thread 0x6c1a0c00 nmethod 313 0xb3753588 code [0xb37536c0, 0xb37538a4]
Event: 15.418 Thread 0x6c1a0c00  314             com.android.dx.ssa.SsaMethod::forEachBlockDepthFirstDom (128 bytes)
Event: 15.753 Thread 0x6c1a0c00 nmethod 314 0xb3799f48 code [0xb379a440, 0xb379d270]
Event: 15.753 Thread 0x6c1a0c00  315             com.android.dx.ssa.back.SsaToRop::convertInsns (53 bytes)
Event: 15.767 Thread 0x6c1a0c00 nmethod 315 0xb375bf88 code [0xb375c0c0, 0xb375c430]
Event: 15.767 Thread 0x6c1a0c00  316             com.android.dx.ssa.back.SsaToRop::removePhiFunctions (83 bytes)

GC Heap History (10 events):
Event: 9.269 GC heap after
Heap after GC invocations=2 (full 0):
 PSYoungGen      total 18432K, used 720K [0x9e000000, 0xa0400000, 0xb3580000)
  eden space 15872K, 0% used [0x9e000000,0x9e000000,0x9ef80000)
  from space 2560K, 28% used [0x9f200000,0x9f2b4050,0x9f480000)
  to   space 2560K, 0% used [0x9ef80000,0x9ef80000,0x9f200000)
 ParOldGen       total 41728K, used 0K [0x73580000, 0x75e40000, 0x9e000000)
  object space 41728K, 0% used [0x73580000,0x73580000,0x75e40000)
 PSPermGen       total 16384K, used 2180K [0x6f580000, 0x70580000, 0x73580000)
  object space 16384K, 13% used [0x6f580000,0x6f7a1188,0x70580000)
}
Event: 11.291 GC heap before
{Heap before GC invocations=3 (full 0):
 PSYoungGen      total 18432K, used 16592K [0x9e000000, 0xa0400000, 0xb3580000)
  eden space 15872K, 100% used [0x9e000000,0x9ef80000,0x9ef80000)
  from space 2560K, 28% used [0x9f200000,0x9f2b4050,0x9f480000)
  to   space 2560K, 0% used [0x9ef80000,0x9ef80000,0x9f200000)
 ParOldGen       total 41728K, used 0K [0x73580000, 0x75e40000, 0x9e000000)
  object space 41728K, 0% used [0x73580000,0x73580000,0x75e40000)
 PSPermGen       total 16384K, used 3776K [0x6f580000, 0x70580000, 0x73580000)
  object space 16384K, 23% used [0x6f580000,0x6f930000,0x70580000)
Event: 11.305 GC heap after
Heap after GC invocations=3 (full 0):
 PSYoungGen      total 18432K, used 2554K [0x9e000000, 0xa0400000, 0xb3580000)
  eden space 15872K, 0% used [0x9e000000,0x9e000000,0x9ef80000)
  from space 2560K, 99% used [0x9ef80000,0x9f1fe840,0x9f200000)
  to   space 2560K, 0% used [0xa0180000,0xa0180000,0xa0400000)
 ParOldGen       total 41728K, used 1648K [0x73580000, 0x75e40000, 0x9e000000)
  object space 41728K, 3% used [0x73580000,0x7371c1a0,0x75e40000)
 PSPermGen       total 16384K, used 3776K [0x6f580000, 0x70580000, 0x73580000)
  object space 16384K, 23% used [0x6f580000,0x6f930000,0x70580000)
}
Event: 11.846 GC heap before
{Heap before GC invocations=4 (full 0):
 PSYoungGen      total 18432K, used 18426K [0x9e000000, 0xa0400000, 0xb3580000)
  eden space 15872K, 100% used [0x9e000000,0x9ef80000,0x9ef80000)
  from space 2560K, 99% used [0x9ef80000,0x9f1fe840,0x9f200000)
  to   space 2560K, 0% used [0xa0180000,0xa0180000,0xa0400000)
 ParOldGen       total 41728K, used 1648K [0x73580000, 0x75e40000, 0x9e000000)
  object space 41728K, 3% used [0x73580000,0x7371c1a0,0x75e40000)
 PSPermGen       total 16384K, used 3871K [0x6f580000, 0x70580000, 0x73580000)
  object space 16384K, 23% used [0x6f580000,0x6f947ef8,0x70580000)
Event: 11.885 GC heap after
Heap after GC invocations=4 (full 0):
 PSYoungGen      total 34304K, used 2548K [0x9e000000, 0xa0400000, 0xb3580000)
  eden space 31744K, 0% used [0x9e000000,0x9e000000,0x9ff00000)
  from space 2560K, 99% used [0xa0180000,0xa03fd338,0xa0400000)
  to   space 2560K, 0% used [0x9ff00000,0x9ff00000,0xa0180000)
 ParOldGen       total 41728K, used 4531K [0x73580000, 0x75e40000, 0x9e000000)
  object space 41728K, 10% used [0x73580000,0x739ecd00,0x75e40000)
 PSPermGen       total 16384K, used 3871K [0x6f580000, 0x70580000, 0x73580000)
  object space 16384K, 23% used [0x6f580000,0x6f947ef8,0x70580000)
}
Event: 12.933 GC heap before
{Heap before GC invocations=5 (full 0):
 PSYoungGen      total 34304K, used 34292K [0x9e000000, 0xa0400000, 0xb3580000)
  eden space 31744K, 100% used [0x9e000000,0x9ff00000,0x9ff00000)
  from space 2560K, 99% used [0xa0180000,0xa03fd338,0xa0400000)
  to   space 2560K, 0% used [0x9ff00000,0x9ff00000,0xa0180000)
 ParOldGen       total 41728K, used 4531K [0x73580000, 0x75e40000, 0x9e000000)
  object space 41728K, 10% used [0x73580000,0x739ecd00,0x75e40000)
 PSPermGen       total 16384K, used 3917K [0x6f580000, 0x70580000, 0x73580000)
  object space 16384K, 23% used [0x6f580000,0x6f9535a8,0x70580000)
Event: 12.981 GC heap after
Heap after GC invocations=5 (full 0):
 PSYoungGen      total 34304K, used 2557K [0x9e000000, 0xa3000000, 0xb3580000)
  eden space 31744K, 0% used [0x9e000000,0x9e000000,0x9ff00000)
  from space 2560K, 99% used [0x9ff00000,0xa017f510,0xa0180000)
  to   space 9216K, 0% used [0xa2700000,0xa2700000,0xa3000000)
 ParOldGen       total 41728K, used 9576K [0x73580000, 0x75e40000, 0x9e000000)
  object space 41728K, 22% used [0x73580000,0x73eda070,0x75e40000)
 PSPermGen       total 16384K, used 3917K [0x6f580000, 0x70580000, 0x73580000)
  object space 16384K, 23% used [0x6f580000,0x6f9535a8,0x70580000)
}
Event: 13.983 GC heap before
{Heap before GC invocations=6 (full 0):
 PSYoungGen      total 34304K, used 34301K [0x9e000000, 0xa3000000, 0xb3580000)
  eden space 31744K, 100% used [0x9e000000,0x9ff00000,0x9ff00000)
  from space 2560K, 99% used [0x9ff00000,0xa017f510,0xa0180000)
  to   space 9216K, 0% used [0xa2700000,0xa2700000,0xa3000000)
 ParOldGen       total 41728K, used 9576K [0x73580000, 0x75e40000, 0x9e000000)
  object space 41728K, 22% used [0x73580000,0x73eda070,0x75e40000)
 PSPermGen       total 16384K, used 3933K [0x6f580000, 0x70580000, 0x73580000)
  object space 16384K, 24% used [0x6f580000,0x6f9577a8,0x70580000)
Event: 14.003 GC heap after
Heap after GC invocations=6 (full 0):
 PSYoungGen      total 71424K, used 7694K [0x9e000000, 0xa3280000, 0xb3580000)
  eden space 62208K, 0% used [0x9e000000,0x9e000000,0xa1cc0000)
  from space 9216K, 83% used [0xa2700000,0xa2e83a28,0xa3000000)
  to   space 10496K, 0% used [0xa1cc0000,0xa1cc0000,0xa2700000)
 ParOldGen       total 41728K, used 9576K [0x73580000, 0x75e40000, 0x9e000000)
  object space 41728K, 22% used [0x73580000,0x73eda070,0x75e40000)
 PSPermGen       total 16384K, used 3933K [0x6f580000, 0x70580000, 0x73580000)
  object space 16384K, 24% used [0x6f580000,0x6f9577a8,0x70580000)
}
Event: 15.794 GC heap before
{Heap before GC invocations=7 (full 0):
 PSYoungGen      total 71424K, used 69902K [0x9e000000, 0xa3280000, 0xb3580000)
  eden space 62208K, 100% used [0x9e000000,0xa1cc0000,0xa1cc0000)
  from space 9216K, 83% used [0xa2700000,0xa2e83a28,0xa3000000)
  to   space 10496K, 0% used [0xa1cc0000,0xa1cc0000,0xa2700000)
 ParOldGen       total 41728K, used 9576K [0x73580000, 0x75e40000, 0x9e000000)
  object space 41728K, 22% used [0x73580000,0x73eda070,0x75e40000)
 PSPermGen       total 16384K, used 3960K [0x6f580000, 0x70580000, 0x73580000)
  object space 16384K, 24% used [0x6f580000,0x6f95e178,0x70580000)

Deoptimization events (7 events):
Event: 11.187 Thread 0x6b933000 Uncommon trap: reason=null_check action=make_not_entrant pc=0xb36df048 method=com.android.dx.rop.code.LocalItem.equals(Ljava/lang/Object;)Z @ 1
Event: 11.542 Thread 0xb6707800 Uncommon trap: reason=unreached action=reinterpret pc=0xb36e57d4 method=com.android.dx.rop.cst.Constant.compareTo(Lcom/android/dx/rop/cst/Constant;)I @ 12
Event: 11.687 Thread 0x6b92cc00 Uncommon trap: reason=null_check action=make_not_entrant pc=0xb36f1950 method=com.android.dx.rop.type.Type.equals(Ljava/lang/Object;)Z @ 8
Event: 11.823 Thread 0xb6707800 Uncommon trap: reason=null_check action=make_not_entrant pc=0xb36f79b0 method=com.android.dx.rop.type.Type.putIntern(Lcom/android/dx/rop/type/Type;)Lcom/android/dx/rop/type/Type; @ 18
Event: 12.825 Thread 0x6b92cc00 Uncommon trap: reason=null_check action=make_not_entrant pc=0xb372b1c8 method=com.android.dx.ssa.SsaRenamer.getLocalForNewReg(I)Lcom/android/dx/rop/code/LocalItem; @ 19
Event: 14.503 Thread 0x6b931c00 Uncommon trap: reason=unreached action=reinterpret pc=0xb371e868 method=com.android.dx.ssa.LocalVariableExtractor.processBlock(I)V @ 251
Event: 14.824 Thread 0x6b931c00 Uncommon trap: reason=unreached action=reinterpret pc=0xb37569c4 method=com.android.dx.rop.code.LocalVariableExtractor.processBlock(I)V @ 195

Internal exceptions (10 events):
Event: 11.223 Thread 0xb6707800 Threw 0x9ecdc560 at /HUDSON/workspace/7u-2-build-linux-i586/jdk7u79/2331/hotspot/src/share/vm/prims/jvm.cpp:1304
Event: 11.232 Thread 0x6b92cc00 Threw 0x9ee08f30 at /HUDSON/workspace/7u-2-build-linux-i586/jdk7u79/2331/hotspot/src/share/vm/prims/jvm.cpp:1304
Event: 11.280 Thread 0x6b92cc00 Threw 0x9eee96b0 at /HUDSON/workspace/7u-2-build-linux-i586/jdk7u79/2331/hotspot/src/share/vm/prims/jvm.cpp:1304
Event: 11.687 Thread 0x6b92cc00 Implicit null exception at 0xb36f186b to 0xb36f1942
Event: 11.823 Thread 0xb6707800 Implicit null exception at 0xb36f73ae to 0xb36f79a1
Event: 11.988 Thread 0x6b933000 Threw 0x9e386520 at /HUDSON/workspace/7u-2-build-linux-i586/jdk7u79/2331/hotspot/src/share/vm/prims/jvm.cpp:1304
Event: 12.825 Thread 0x6b92cc00 Implicit null exception at 0xb3729a87 to 0xb372b1b9
Event: 13.340 Thread 0x6b931c00 Threw 0x9ed9c9a8 at /HUDSON/workspace/7u-2-build-linux-i586/jdk7u79/2331/hotspot/src/share/vm/prims/jvm.cpp:1304
Event: 14.381 Thread 0xb6707800 Threw 0x9ebc99c0 at /HUDSON/workspace/7u-2-build-linux-i586/jdk7u79/2331/hotspot/src/share/vm/prims/jvm.cpp:1304
Event: 15.158 Thread 0xb6707800 Threw 0xa06d7f78 at /HUDSON/workspace/7u-2-build-linux-i586/jdk7u79/2331/hotspot/src/share/vm/prims/jvm.cpp:1304

Events (10 events):
Event: 14.757 Thread 0x6c19ec00 flushing nmethod 0xb36deac8
Event: 14.824 Thread 0x6b931c00 Uncommon trap: trap_request=0xffffffad fr.pc=0xb37569c4
Event: 14.824 Thread 0x6b931c00 DEOPT PACKING pc=0xb37569c4 sp=0x6b85cb50
Event: 14.824 Thread 0x6b931c00 DEOPT UNPACKING pc=0xb36a4bc8 sp=0x6b85cb60 mode 2
Event: 15.042 Thread 0x6c19ec00 flushing nmethod 0xb36e5688
Event: 15.067 Thread 0x6c19ec00 flushing nmethod 0xb36f1748
Event: 15.084 Thread 0x6c19ec00 flushing nmethod 0xb36f6d48
Event: 15.158 loading class 0x6c1c4940
Event: 15.158 loading class 0x6c1c4940 done
Event: 15.794 Executing VM operation: ParallelGCFailedAllocation


Dynamic libraries:
08048000-08049000 r-xp 00000000 00:18 592627     /home/jithin/jdk1.7.0_79/bin/java
08049000-0804a000 rw-p 00000000 00:18 592627     /home/jithin/jdk1.7.0_79/bin/java
098c3000-09962000 rw-p 00000000 00:00 0          [heap]
69f00000-69ff9000 rw-p 00000000 00:00 0 
69ff9000-6a000000 ---p 00000000 00:00 0 
6a100000-6a1ff000 rw-p 00000000 00:00 0 
6a1ff000-6a200000 ---p 00000000 00:00 0 
6a300000-6a3f9000 rw-p 00000000 00:00 0 
6a3f9000-6a400000 ---p 00000000 00:00 0 
6a400000-6a4fc000 rw-p 00000000 00:00 0 
6a4fc000-6a500000 ---p 00000000 00:00 0 
6a500000-6a600000 rw-p 00000000 00:00 0 
6a700000-6a8f1000 rw-p 00000000 00:00 0 
6a8f1000-6a900000 ---p 00000000 00:00 0 
6a900000-6a9ba000 rw-p 00000000 00:00 0 
6a9ba000-6aa00000 ---p 00000000 00:00 0 
6ab00000-6abfe000 rw-p 00000000 00:00 0 
6abfe000-6ac00000 ---p 00000000 00:00 0 
6ac00000-6acd8000 rw-p 00000000 00:00 0 
6acd8000-6ad00000 ---p 00000000 00:00 0 
6ad00000-6adf2000 rw-p 00000000 00:00 0 
6adf2000-6ae00000 ---p 00000000 00:00 0 
6ae00000-6aefc000 rw-p 00000000 00:00 0 
6aefc000-6af00000 ---p 00000000 00:00 0 
6af00000-6b000000 rw-p 00000000 00:00 0 
6b100000-6b1ec000 rw-p 00000000 00:00 0 
6b1ec000-6b200000 ---p 00000000 00:00 0 
6b200000-6b2fd000 rw-p 00000000 00:00 0 
6b2fd000-6b300000 ---p 00000000 00:00 0 
6b300000-6b400000 rw-p 00000000 00:00 0 
6b500000-6b5ff000 rw-p 00000000 00:00 0 
6b5ff000-6b600000 ---p 00000000 00:00 0 
6b624000-6b6af000 rw-p 00000000 00:00 0 
6b6af000-6b6b2000 ---p 00000000 00:00 0 
6b6b2000-6b700000 rw-p 00000000 00:00 0          [stack:14147]
6b700000-6b7ed000 rw-p 00000000 00:00 0 
6b7ed000-6b800000 ---p 00000000 00:00 0 
6b80d000-6b810000 ---p 00000000 00:00 0 
6b810000-6b85e000 rw-p 00000000 00:00 0          [stack:14146]
6b85e000-6b861000 ---p 00000000 00:00 0 
6b861000-6b8af000 rw-p 00000000 00:00 0          [stack:14145]
6b8af000-6b8b2000 ---p 00000000 00:00 0 
6b8b2000-6b900000 rw-p 00000000 00:00 0          [stack:14144]
6b900000-6b946000 rw-p 00000000 00:00 0 
6b946000-6ba00000 ---p 00000000 00:00 0 
6ba2c000-6ba2f000 ---p 00000000 00:00 0 
6ba2f000-6ba7d000 rw-p 00000000 00:00 0          [stack:14143]
6ba7d000-6ba7e000 ---p 00000000 00:00 0 
6ba7e000-6bafe000 rw-p 00000000 00:00 0          [stack:14123]
6bafe000-6bb01000 ---p 00000000 00:00 0 
6bb01000-6bb7f000 rw-p 00000000 00:00 0          [stack:14115]
6bb7f000-6bb82000 ---p 00000000 00:00 0 
6bb82000-6bc00000 rw-p 00000000 00:00 0          [stack:14112]
6bc00000-6be00000 r--p 00000000 08:05 3678467    /usr/lib/locale/locale-archive
6be00000-6be21000 rw-p 00000000 00:00 0 
6be21000-6bf00000 ---p 00000000 00:00 0 
6bf0d000-6bf10000 ---p 00000000 00:00 0 
6bf10000-6bf5e000 rw-p 00000000 00:00 0          [stack:14121]
6bf5e000-6bf61000 ---p 00000000 00:00 0 
6bf61000-6bfaf000 rw-p 00000000 00:00 0          [stack:14109]
6bfaf000-6bfb2000 ---p 00000000 00:00 0 
6bfb2000-6c000000 rw-p 00000000 00:00 0          [stack:14105]
6c000000-6c0f9000 rw-p 00000000 00:00 0 
6c0f9000-6c100000 ---p 00000000 00:00 0 
6c100000-6c200000 rw-p 00000000 00:00 0 
6c218000-6c22d000 r-xp 00000000 00:18 593093     /home/jithin/jdk1.7.0_79/jre/lib/i386/libnet.so
6c22d000-6c22e000 rw-p 00014000 00:18 593093     /home/jithin/jdk1.7.0_79/jre/lib/i386/libnet.so
6c22e000-6c231000 ---p 00000000 00:00 0 
6c231000-6c27f000 rw-p 00000000 00:00 0          [stack:14099]
6c27f000-6c280000 ---p 00000000 00:00 0 
6c280000-6c300000 rw-p 00000000 00:00 0          [stack:14096]
6c300000-6c4c0000 r--s 039f7000 00:18 592634     /home/jithin/jdk1.7.0_79/jre/lib/rt.jar
6c4c0000-6eb00000 rw-p 00000000 00:00 0 
6eb00000-6ebff000 rw-p 00000000 00:00 0 
6ebff000-6ec00000 ---p 00000000 00:00 0 
6ec04000-6ec34000 r--s 0023a000 00:18 1051578    /home/jithin/AndroidStudioProjects/LockEngine/app/build/intermediates/transforms/instantRunSlicer/debug/jars/1/1a/dependencies.jar
6ec34000-6ec7f000 rw-p 00000000 00:00 0 
6ec7f000-6ec80000 ---p 00000000 00:00 0 
6ec80000-6ed00000 rw-p 00000000 00:00 0          [stack:14091]
6ed00000-6ed21000 rw-p 00000000 00:00 0 
6ed21000-6ee00000 ---p 00000000 00:00 0 
6ee00000-6ee21000 rw-p 00000000 00:00 0 
6ee21000-6ef00000 ---p 00000000 00:00 0 
6ef0a000-6ef7f000 rw-p 00000000 00:00 0 
6ef7f000-6ef80000 ---p 00000000 00:00 0 
6ef80000-6f000000 rw-p 00000000 00:00 0          [stack:14089]
6f000000-6f02a000 rw-p 00000000 00:00 0 
6f02a000-6f100000 ---p 00000000 00:00 0 
6f107000-6f108000 ---p 00000000 00:00 0 
6f108000-6f188000 rw-p 00000000 00:00 0          [stack:14087]
6f188000-6f189000 ---p 00000000 00:00 0 
6f189000-6f21e000 rw-p 00000000 00:00 0          [stack:14081]
6f21e000-6f35f000 rw-p 00000000 00:00 0 
6f35f000-6f367000 rw-p 00000000 00:00 0 
6f367000-6f37f000 rw-p 00000000 00:00 0 
6f37f000-6f394000 rw-p 00000000 00:00 0 
6f394000-6f4d4000 rw-p 00000000 00:00 0 
6f4d4000-6f4fe000 rw-p 00000000 00:00 0 
6f4fe000-6f57f000 rw-p 00000000 00:00 0 
6f57f000-70580000 rw-p 00000000 00:00 0 
70580000-73580000 rw-p 00000000 00:00 0 
73580000-75e40000 rw-p 00000000 00:00 0 
75e40000-9e000000 rw-p 00000000 00:00 0 
9e000000-a3280000 rw-p 00000000 00:00 0 
a7764000-a7980000 rw-p 00000000 00:00 0 
a7980000-b3580000 rw-p 00000000 00:00 0 
b3589000-b3597000 r-xp 00000000 00:18 593102     /home/jithin/jdk1.7.0_79/jre/lib/i386/libnio.so
b3597000-b3598000 rw-p 0000e000 00:18 593102     /home/jithin/jdk1.7.0_79/jre/lib/i386/libnio.so
b3598000-b35a0000 rw-p 00000000 00:00 0 
b35a0000-b35b8000 rw-p 00000000 00:00 0 
b35b8000-b35c1000 rw-p 00000000 00:00 0 
b35c1000-b3678000 rw-p 00000000 00:00 0 
b3678000-b38b8000 rwxp 00000000 00:00 0 
b38b8000-b6678000 rw-p 00000000 00:00 0 
b6678000-b668f000 r-xp 00000000 00:18 593114     /home/jithin/jdk1.7.0_79/jre/lib/i386/libzip.so
b668f000-b6690000 rw-p 00017000 00:18 593114     /home/jithin/jdk1.7.0_79/jre/lib/i386/libzip.so
b6690000-b669b000 r-xp 00000000 08:05 4078733    /lib/i386-linux-gnu/libnss_files-2.19.so
b669b000-b669c000 r--p 0000a000 08:05 4078733    /lib/i386-linux-gnu/libnss_files-2.19.so
b669c000-b669d000 rw-p 0000b000 08:05 4078733    /lib/i386-linux-gnu/libnss_files-2.19.so
b669d000-b66a7000 r-xp 00000000 08:05 4064346    /lib/i386-linux-gnu/libnss_nis-2.19.so
b66a7000-b66a8000 r--p 00009000 08:05 4064346    /lib/i386-linux-gnu/libnss_nis-2.19.so
b66a8000-b66a9000 rw-p 0000a000 08:05 4064346    /lib/i386-linux-gnu/libnss_nis-2.19.so
b66a9000-b66be000 r-xp 00000000 08:05 4064375    /lib/i386-linux-gnu/libnsl-2.19.so
b66be000-b66bf000 r--p 00015000 08:05 4064375    /lib/i386-linux-gnu/libnsl-2.19.so
b66bf000-b66c0000 rw-p 00016000 08:05 4064375    /lib/i386-linux-gnu/libnsl-2.19.so
b66c0000-b66c2000 rw-p 00000000 00:00 0 
b66c5000-b66d4000 r--s 000df000 00:18 676658     /home/jithin/adt-bundle-linux-x86-20140702/sdk/build-tools/23.0.2/lib/dx.jar
b66d4000-b66dc000 rw-s 00000000 08:05 4984028    /tmp/hsperfdata_jithin/14061
b66dc000-b66ff000 r-xp 00000000 00:18 593079     /home/jithin/jdk1.7.0_79/jre/lib/i386/libjava.so
b66ff000-b6700000 rw-p 00023000 00:18 593079     /home/jithin/jdk1.7.0_79/jre/lib/i386/libjava.so
b6700000-b67f6000 rw-p 00000000 00:00 0 
b67f6000-b6800000 ---p 00000000 00:00 0 
b6801000-b6808000 r-xp 00000000 08:05 4078734    /lib/i386-linux-gnu/librt-2.19.so
b6808000-b6809000 r--p 00006000 08:05 4078734    /lib/i386-linux-gnu/librt-2.19.so
b6809000-b680a000 rw-p 00007000 08:05 4078734    /lib/i386-linux-gnu/librt-2.19.so
b680a000-b680d000 ---p 00000000 00:00 0 
b680d000-b685b000 rw-p 00000000 00:00 0          [stack:14072]
b685b000-b689f000 r-xp 00000000 08:05 4078724    /lib/i386-linux-gnu/libm-2.19.so
b689f000-b68a0000 r--p 00043000 08:05 4078724    /lib/i386-linux-gnu/libm-2.19.so
b68a0000-b68a1000 rw-p 00044000 08:05 4078724    /lib/i386-linux-gnu/libm-2.19.so
b68a1000-b7128000 r-xp 00000000 00:18 593113     /home/jithin/jdk1.7.0_79/jre/lib/i386/server/libjvm.so
b7128000-b718d000 rw-p 00886000 00:18 593113     /home/jithin/jdk1.7.0_79/jre/lib/i386/server/libjvm.so
b718d000-b75b0000 rw-p 00000000 00:00 0 
b75b0000-b7758000 r-xp 00000000 08:05 4064251    /lib/i386-linux-gnu/libc-2.19.so
b7758000-b775a000 r--p 001a8000 08:05 4064251    /lib/i386-linux-gnu/libc-2.19.so
b775a000-b775b000 rw-p 001aa000 08:05 4064251    /lib/i386-linux-gnu/libc-2.19.so
b775b000-b775e000 rw-p 00000000 00:00 0 
b775e000-b7761000 r-xp 00000000 08:05 4064305    /lib/i386-linux-gnu/libdl-2.19.so
b7761000-b7762000 r--p 00002000 08:05 4064305    /lib/i386-linux-gnu/libdl-2.19.so
b7762000-b7763000 rw-p 00003000 08:05 4064305    /lib/i386-linux-gnu/libdl-2.19.so
b7763000-b7764000 rw-p 00000000 00:00 0 
b7764000-b7777000 r-xp 00000000 00:18 591428     /home/jithin/jdk1.7.0_79/lib/i386/jli/libjli.so
b7777000-b7778000 rw-p 00012000 00:18 591428     /home/jithin/jdk1.7.0_79/lib/i386/jli/libjli.so
b7778000-b7790000 r-xp 00000000 08:05 4078729    /lib/i386-linux-gnu/libpthread-2.19.so
b7790000-b7791000 r--p 00018000 08:05 4078729    /lib/i386-linux-gnu/libpthread-2.19.so
b7791000-b7792000 rw-p 00019000 08:05 4078729    /lib/i386-linux-gnu/libpthread-2.19.so
b7792000-b7795000 rw-p 00000000 00:00 0 
b7795000-b7796000 rw-p 00000000 00:00 0 
b7796000-b7797000 r--p 00850000 08:05 3678467    /usr/lib/locale/locale-archive
b7797000-b779e000 r-xp 00000000 08:05 4078725    /lib/i386-linux-gnu/libnss_compat-2.19.so
b779e000-b779f000 r--p 00006000 08:05 4078725    /lib/i386-linux-gnu/libnss_compat-2.19.so
b779f000-b77a0000 rw-p 00007000 08:05 4078725    /lib/i386-linux-gnu/libnss_compat-2.19.so
b77a0000-b77a1000 rw-p 00000000 00:00 0 
b77a1000-b77a2000 ---p 00000000 00:00 0 
b77a2000-b77ad000 r-xp 00000000 00:18 593062     /home/jithin/jdk1.7.0_79/jre/lib/i386/libverify.so
b77ad000-b77ae000 rw-p 0000b000 00:18 593062     /home/jithin/jdk1.7.0_79/jre/lib/i386/libverify.so
b77ae000-b77b0000 rw-p 00000000 00:00 0 
b77b0000-b77b1000 r-xp 00000000 00:00 0          [vdso]
b77b1000-b77d1000 r-xp 00000000 08:05 4064326    /lib/i386-linux-gnu/ld-2.19.so
b77d1000-b77d2000 r--p 0001f000 08:05 4064326    /lib/i386-linux-gnu/ld-2.19.so
b77d2000-b77d3000 rw-p 00020000 08:05 4064326    /lib/i386-linux-gnu/ld-2.19.so
bf8a6000-bf8a7000 rwxp 00000000 00:00 0 
bf8d8000-bf8fa000 rw-p 00000000 00:00 0          [stack]

VM Arguments:
jvm_args: -Djava.awt.headless=true -Xmx1024M -Dfile.encoding=UTF-8 -Duser.country=IN -Duser.language=en -Duser.variant 
java_command: com.android.dx.command.Main --dex --num-threads=4 --multi-dex --output /home/jithin/AndroidStudioProjects/LockEngine/app/build/intermediates/transforms/dex/debug/folders/1000/1a/dependencies_affabf0695ff26df300af691b3a50b8dab81cd7b /home/jithin/AndroidStudioProjects/LockEngine/app/build/intermediates/transforms/instantRunSlicer/debug/jars/1/1a/dependencies.jar
Launcher Type: SUN_STANDARD

Environment Variables:
PATH=/usr/local/sbin:/usr/local/bin:/usr/sbin:/usr/bin:/sbin:/bin:/usr/games:/usr/local/games:/home/jithin/adt-bundle-linux-x86-20140702/sdk/platform-tools:/home/jithin/scripts:/home/jithin/adt-bundle-linux-x86-20140702/eclipse:/home/jithin/android-ndk-r9/:/home/jithin/code/binaries/
LD_LIBRARY_PATH=.:
SHELL=/bin/bash
DISPLAY=:0

Signal Handlers:
SIGSEGV: [libjvm.so+0x7eb620], sa_mask[0]=0x7ffbfeff, sa_flags=0x10000004
SIGBUS: [libjvm.so+0x7eb620], sa_mask[0]=0x7ffbfeff, sa_flags=0x10000004
SIGFPE: [libjvm.so+0x6835c0], sa_mask[0]=0x7ffbfeff, sa_flags=0x10000004
SIGPIPE: [libjvm.so+0x6835c0], sa_mask[0]=0x7ffbfeff, sa_flags=0x10000004
SIGXFSZ: [libjvm.so+0x6835c0], sa_mask[0]=0x7ffbfeff, sa_flags=0x10000004
SIGILL: [libjvm.so+0x6835c0], sa_mask[0]=0x7ffbfeff, sa_flags=0x10000004
SIGUSR1: SIG_DFL, sa_mask[0]=0x00000000, sa_flags=0x00000000
SIGUSR2: [libjvm.so+0x684dc0], sa_mask[0]=0x00000004, sa_flags=0x10000004
SIGHUP: [libjvm.so+0x6860f0], sa_mask[0]=0x7ffbfeff, sa_flags=0x10000004
SIGINT: [libjvm.so+0x6860f0], sa_mask[0]=0x7ffbfeff, sa_flags=0x10000004
SIGTERM: [libjvm.so+0x6860f0], sa_mask[0]=0x7ffbfeff, sa_flags=0x10000004
SIGQUIT: [libjvm.so+0x6860f0], sa_mask[0]=0x7ffbfeff, sa_flags=0x10000004


---------------  S Y S T E M  ---------------

OS:jessie/sid

uname:Linux 3.13.0-63-generic #103-Ubuntu SMP Fri Aug 14 21:43:30 UTC 2015 i686
libc:glibc 2.19 NPTL 2.19 
rlimit: STACK 8192k, CORE 0k, NPROC 31169, NOFILE 4096, AS infinity
load average:5.80 2.70 1.65

/proc/meminfo:
MemTotal:        4016436 kB
MemFree:          227248 kB
Buffers:            2316 kB
Cached:           560092 kB
SwapCached:            0 kB
Active:          3141060 kB
Inactive:         527012 kB
Active(anon):    3110132 kB
Inactive(anon):   489024 kB
Active(file):      30928 kB
Inactive(file):    37988 kB
Unevictable:         328 kB
Mlocked:             328 kB
HighTotal:       3166156 kB
HighFree:          71472 kB
LowTotal:         850280 kB
LowFree:          155776 kB
SwapTotal:             0 kB
SwapFree:              0 kB
Dirty:               272 kB
Writeback:             0 kB
AnonPages:       3106216 kB
Mapped:           272380 kB
Shmem:            493328 kB
Slab:              57776 kB
SReclaimable:      21388 kB
SUnreclaim:        36388 kB
KernelStack:        6896 kB
PageTables:        25972 kB
NFS_Unstable:          0 kB
Bounce:                0 kB
WritebackTmp:          0 kB
CommitLimit:     2008216 kB
Committed_AS:   12523592 kB
VmallocTotal:     122880 kB
VmallocUsed:       67776 kB
VmallocChunk:      35564 kB
HardwareCorrupted:     0 kB
AnonHugePages:   1128448 kB
HugePages_Total:       0
HugePages_Free:        0
HugePages_Rsvd:        0
HugePages_Surp:        0
Hugepagesize:       2048 kB
DirectMap4k:       45048 kB
DirectMap2M:      866304 kB


CPU:total 4 (2 cores per cpu, 2 threads per core) family 6 model 58 stepping 9, cmov, cx8, fxsr, mmx, sse, sse2, sse3, ssse3, sse4.1, sse4.2, popcnt, avx, erms, ht, tsc, tscinvbit, tscinv

/proc/cpuinfo:
processor	: 0
vendor_id	: GenuineIntel
cpu family	: 6
model		: 58
model name	: Intel(R) Core(TM) i3-3217U CPU @ 1.80GHz
stepping	: 9
microcode	: 0x15
cpu MHz		: 1801.000
cache size	: 3072 KB
physical id	: 0
siblings	: 4
core id		: 0
cpu cores	: 2
apicid		: 0
initial apicid	: 0
fdiv_bug	: no
f00f_bug	: no
coma_bug	: no
fpu		: yes
fpu_exception	: yes
cpuid level	: 13
wp		: yes
flags		: fpu vme de pse tsc msr pae mce cx8 apic sep mtrr pge mca cmov pat pse36 clflush dts acpi mmx fxsr sse sse2 ss ht tm pbe nx rdtscp lm constant_tsc arch_perfmon pebs bts xtopology nonstop_tsc aperfmperf eagerfpu pni pclmulqdq dtes64 monitor ds_cpl vmx est tm2 ssse3 cx16 xtpr pdcm pcid sse4_1 sse4_2 x2apic popcnt tsc_deadline_timer xsave avx f16c lahf_lm ida arat epb xsaveopt pln pts dtherm tpr_shadow vnmi flexpriority ept vpid fsgsbase smep erms
bogomips	: 3591.95
clflush size	: 64
cache_alignment	: 64
address sizes	: 36 bits physical, 48 bits virtual
power management:

processor	: 1
vendor_id	: GenuineIntel
cpu family	: 6
model		: 58
model name	: Intel(R) Core(TM) i3-3217U CPU @ 1.80GHz
stepping	: 9
microcode	: 0x15
cpu MHz		: 1801.000
cache size	: 3072 KB
physical id	: 0
siblings	: 4
core id		: 1
cpu cores	: 2
apicid		: 2
initial apicid	: 2
fdiv_bug	: no
f00f_bug	: no
coma_bug	: no
fpu		: yes
fpu_exception	: yes
cpuid level	: 13
wp		: yes
flags		: fpu vme de pse tsc msr pae mce cx8 apic sep mtrr pge mca cmov pat pse36 clflush dts acpi mmx fxsr sse sse2 ss ht tm pbe nx rdtscp lm constant_tsc arch_perfmon pebs bts xtopology nonstop_tsc aperfmperf eagerfpu pni pclmulqdq dtes64 monitor ds_cpl vmx est tm2 ssse3 cx16 xtpr pdcm pcid sse4_1 sse4_2 x2apic popcnt tsc_deadline_timer xsave avx f16c lahf_lm ida arat epb xsaveopt pln pts dtherm tpr_shadow vnmi flexpriority ept vpid fsgsbase smep erms
bogomips	: 3591.95
clflush size	: 64
cache_alignment	: 64
address sizes	: 36 bits physical, 48 bits virtual
power management:

processor	: 2
vendor_id	: GenuineIntel
cpu family	: 6
model		: 58
model name	: Intel(R) Core(TM) i3-3217U CPU @ 1.80GHz
stepping	: 9
microcode	: 0x15
cpu MHz		: 774.000
cache size	: 3072 KB
physical id	: 0
siblings	: 4
core id		: 0
cpu cores	: 2
apicid		: 1
initial apicid	: 1
fdiv_bug	: no
f00f_bug	: no
coma_bug	: no
fpu		: yes
fpu_exception	: yes
cpuid level	: 13
wp		: yes
flags		: fpu vme de pse tsc msr pae mce cx8 apic sep mtrr pge mca cmov pat pse36 clflush dts acpi mmx fxsr sse sse2 ss ht tm pbe nx rdtscp lm constant_tsc arch_perfmon pebs bts xtopology nonstop_tsc aperfmperf eagerfpu pni pclmulqdq dtes64 monitor ds_cpl vmx est tm2 ssse3 cx16 xtpr pdcm pcid sse4_1 sse4_2 x2apic popcnt tsc_deadline_timer xsave avx f16c lahf_lm ida arat epb xsaveopt pln pts dtherm tpr_shadow vnmi flexpriority ept vpid fsgsbase smep erms
bogomips	: 3591.95
clflush size	: 64
cache_alignment	: 64
address sizes	: 36 bits physical, 48 bits virtual
power management:

processor	: 3
vendor_id	: GenuineIntel
cpu family	: 6
model		: 58
model name	: Intel(R) Core(TM) i3-3217U CPU @ 1.80GHz
stepping	: 9
microcode	: 0x15
cpu MHz		: 1801.000
cache size	: 3072 KB
physical id	: 0
siblings	: 4
core id		: 1
cpu cores	: 2
apicid		: 3
initial apicid	: 3
fdiv_bug	: no
f00f_bug	: no
coma_bug	: no
fpu		: yes
fpu_exception	: yes
cpuid level	: 13
wp		: yes
flags		: fpu vme de pse tsc msr pae mce cx8 apic sep mtrr pge mca cmov pat pse36 clflush dts acpi mmx fxsr sse sse2 ss ht tm pbe nx rdtscp lm constant_tsc arch_perfmon pebs bts xtopology nonstop_tsc aperfmperf eagerfpu pni pclmulqdq dtes64 monitor ds_cpl vmx est tm2 ssse3 cx16 xtpr pdcm pcid sse4_1 sse4_2 x2apic popcnt tsc_deadline_timer xsave avx f16c lahf_lm ida arat epb xsaveopt pln pts dtherm tpr_shadow vnmi flexpriority ept vpid fsgsbase smep erms
bogomips	: 3591.95
clflush size	: 64
cache_alignment	: 64
address sizes	: 36 bits physical, 48 bits virtual
power management:



Memory: 4k page, physical 4016436k(227248k free), swap 0k(0k free)

vm_info: Java HotSpot(TM) Server VM (24.79-b02) for linux-x86 JRE (1.7.0_79-b15), built on Apr 10 2015 11:52:49 by "java_re" with gcc 4.3.0 20080428 (Red Hat 4.3.0-8)

time: Mon Jan 25 23:11:36 2016
elapsed time: 17 seconds

