#
# There is insufficient memory for the Java Runtime Environment to continue.
# Native memory allocation (malloc) failed to allocate 16252928 bytes for committing reserved memory.
# Possible reasons:
#   The system is out of physical RAM or swap space
#   In 32 bit mode, the process size limit was hit
# Possible solutions:
#   Reduce memory load on the system
#   Increase physical memory or swap space
#   Check if swap backing store is full
#   Use 64 bit Java on a 64 bit OS
#   Decrease Java heap size (-Xmx/-Xms)
#   Decrease number of Java threads
#   Decrease Java thread stack sizes (-Xss)
#   Set larger code cache with -XX:ReservedCodeCacheSize=
# This output file may be truncated or incomplete.
#
#  Out of Memory Error (os_linux.cpp:2756), pid=11008, tid=1814035264
#
# JRE version: Java(TM) SE Runtime Environment (7.0_79-b15) (build 1.7.0_79-b15)
# Java VM: Java HotSpot(TM) Server VM (24.79-b02 mixed mode linux-x86 )
# Failed to write core dump. Core dumps have been disabled. To enable core dumping, try "ulimit -c unlimited" before starting Java again
#

---------------  T H R E A D  ---------------

Current thread (0x6c080800):  VMThread [stack: 0x6c17f000,0x6c200000] [id=11017]

Stack: [0x6c17f000,0x6c200000],  sp=0x6c1fe8a0,  free space=510k
Native frames: (J=compiled Java code, j=interpreted, Vv=VM code, C=native code)
V  [libjvm.so+0x7eab16]  VMError::report_and_die()+0x1a6
V  [libjvm.so+0x33e222]  report_vm_out_of_memory(char const*, int, unsigned int, char const*)+0x72
V  [libjvm.so+0x686a41]  os::Linux::commit_memory_impl(char*, unsigned int, bool)+0xe1
V  [libjvm.so+0x686f08]  os::pd_commit_memory(char*, unsigned int, unsigned int, bool)+0x28
V  [libjvm.so+0x68064c]  os::commit_memory(char*, unsigned int, unsigned int, bool)+0x2c
V  [libjvm.so+0x6eae98]  PSVirtualSpace::expand_by(unsigned int)+0x48
V  [libjvm.so+0x6ebf9a]  PSYoungGen::resize_generation(unsigned int, unsigned int)+0xda
V  [libjvm.so+0x6eb2d9]  PSYoungGen::resize(unsigned int, unsigned int)+0x19
V  [libjvm.so+0x6e8c09]  PSScavenge::invoke_no_policy()+0xcf9
V  [libjvm.so+0x6e9468]  PSScavenge::invoke()+0x28
V  [libjvm.so+0x6a6fea]  ParallelScavengeHeap::failed_mem_allocate(unsigned int)+0x5a
V  [libjvm.so+0x7ec3aa]  VM_ParallelGCFailedAllocation::doit()+0x7a
V  [libjvm.so+0x7f51c7]  VM_Operation::evaluate()+0x47
V  [libjvm.so+0x7f3263]  VMThread::evaluate_operation(VM_Operation*)+0xb3
V  [libjvm.so+0x7f3600]  VMThread::loop()+0x1b0
V  [libjvm.so+0x7f3a65]  VMThread::run()+0x85
V  [libjvm.so+0x688d19]  java_start(Thread*)+0x119
C  [libpthread.so.0+0x6f70]  start_thread+0xd0

VM_Operation (0x6b75caa0): ParallelGCFailedAllocation, mode: safepoint, requested by thread 0x6b836000


---------------  P R O C E S S  ---------------

Java Threads: ( => current thread )
  0x6b836000 JavaThread "pool-1-thread-4" [_thread_blocked, id=11029, stack(0x6b70d000,0x6b75e000)]
  0x6b834c00 JavaThread "pool-1-thread-3" [_thread_blocked, id=11028, stack(0x6b75e000,0x6b7af000)]
  0x6b832c00 JavaThread "pool-1-thread-2" [_thread_blocked, id=11027, stack(0x6b7af000,0x6b800000)]
  0x6b830800 JavaThread "pool-2-thread-1" [_thread_blocked, id=11026, stack(0x6b90b000,0x6b95c000)]
  0x6b82f400 JavaThread "pool-1-thread-1" [_thread_blocked, id=11025, stack(0x6b95c000,0x6b9ad000)]
  0x6c09ac00 JavaThread "Service Thread" daemon [_thread_blocked, id=11023, stack(0x6ba2e000,0x6ba7f000)]
  0x6c098c00 JavaThread "C2 CompilerThread1" daemon [_thread_blocked, id=11022, stack(0x6ba7f000,0x6bb00000)]
  0x6c096c00 JavaThread "C2 CompilerThread0" daemon [_thread_blocked, id=11021, stack(0x6be2e000,0x6beaf000)]
  0x6c095400 JavaThread "Signal Dispatcher" daemon [_thread_blocked, id=11020, stack(0x6beaf000,0x6bf00000)]
  0x6c084800 JavaThread "Finalizer" daemon [_thread_blocked, id=11019, stack(0x6c12e000,0x6c17f000)]
  0x6c083000 JavaThread "Reference Handler" daemon [_thread_blocked, id=11018, stack(0x6eb2e000,0x6eb7f000)]
  0xb6607800 JavaThread "main" [_thread_blocked, id=11010, stack(0xb675e000,0xb67af000)]

Other Threads:
=>0x6c080800 VMThread [stack: 0x6c17f000,0x6c200000] [id=11017]
  0x6c09c800 WatcherThread [stack: 0x6b9ad000,0x6ba2e000] [id=11024]

VM state:at safepoint (normal execution)

VM Mutex/Monitor currently owned by a thread:  ([mutex/lock_event])
[0xb6604ff8] Threads_lock - owner thread: 0x6c080800
[0xb6605408] Heap_lock - owner thread: 0x6b836000
[0xb66058e8] MethodData_lock - owner thread: 0x6b832c00

Heap
 PSYoungGen      total 18432K, used 2555K [0x9df80000, 0x9f400000, 0xb3500000)
  eden space 15872K, 0% used [0x9df80000,0x9df80000,0x9ef00000)
  from space 2560K, 99% used [0x9ef00000,0x9f17eea0,0x9f180000)
  to   space 2560K, 0% used [0x9f180000,0x9f180000,0x9f400000)
 ParOldGen       total 41728K, used 4120K [0x73500000, 0x75dc0000, 0x9df80000)
  object space 41728K, 9% used [0x73500000,0x73906390,0x75dc0000)
 PSPermGen       total 16384K, used 3880K [0x6f500000, 0x70500000, 0x73500000)
  object space 16384K, 23% used [0x6f500000,0x6f8ca1e8,0x70500000)

Card table byte_map: [0x6f2df000,0x6f500000] byte_map_base: 0x6ef64800

Polling page: 0xb76f5000

Code Cache  [0xb35c2000, 0xb3802000, 0xb65c2000)
 total_blobs=315 nmethods=192 adapters=76 free_code_cache=48599Kb largest_free_block=49745920

Compilation events (10 events):
Event: 8.454 Thread 0x6c098c00 nmethod 187 0xb364bb48 code [0xb364bc60, 0xb364bf30]
Event: 8.454 Thread 0x6c098c00  188             com.android.dx.ssa.LocalVariableExtractor::processBlock (383 bytes)
Event: 8.538 Thread 0x6c096c00 nmethod 184 0xb3648d08 code [0xb3648ee0, 0xb3649538]
Event: 8.538 Thread 0x6c096c00  189             com.android.dx.ssa.DeadCodeRemover$NoSideEffectVisitor::visitNonMoveInsn (28 bytes)
Event: 8.653 Thread 0x6c096c00 nmethod 189 0xb364b248 code [0xb364b380, 0xb364b63c]
Event: 8.653 Thread 0x6c096c00  190             com.android.dx.ssa.SsaMethod::getUseListCopy (56 bytes)
Event: 8.732 Thread 0x6c096c00 nmethod 190 0xb364a908 code [0xb364aa40, 0xb364ae1c]
Event: 8.732 Thread 0x6c096c00  191   !         com.android.dx.util.IntList::set (53 bytes)
Event: 8.734 Thread 0x6c096c00 nmethod 191 0xb3647308 code [0xb3647400, 0xb36474b0]
Event: 8.734 Thread 0x6c096c00  192             com.android.dx.ssa.SsaRenamer$BlockRenamer::process (191 bytes)

GC Heap History (5 events):
Event: 4.354 GC heap before
{Heap before GC invocations=1 (full 0):
 PSYoungGen      total 18432K, used 15872K [0x9df80000, 0x9f400000, 0xb3500000)
  eden space 15872K, 100% used [0x9df80000,0x9ef00000,0x9ef00000)
  from space 2560K, 0% used [0x9f180000,0x9f180000,0x9f400000)
  to   space 2560K, 0% used [0x9ef00000,0x9ef00000,0x9f180000)
 ParOldGen       total 41728K, used 0K [0x73500000, 0x75dc0000, 0x9df80000)
  object space 41728K, 0% used [0x73500000,0x73500000,0x75dc0000)
 PSPermGen       total 16384K, used 3666K [0x6f500000, 0x70500000, 0x73500000)
  object space 16384K, 22% used [0x6f500000,0x6f894a38,0x70500000)
Event: 4.381 GC heap after
Heap after GC invocations=1 (full 0):
 PSYoungGen      total 18432K, used 2551K [0x9df80000, 0x9f400000, 0xb3500000)
  eden space 15872K, 0% used [0x9df80000,0x9df80000,0x9ef00000)
  from space 2560K, 99% used [0x9ef00000,0x9f17dfa8,0x9f180000)
  to   space 2560K, 0% used [0x9f180000,0x9f180000,0x9f400000)
 ParOldGen       total 41728K, used 403K [0x73500000, 0x75dc0000, 0x9df80000)
  object space 41728K, 0% used [0x73500000,0x73564cc8,0x75dc0000)
 PSPermGen       total 16384K, used 3666K [0x6f500000, 0x70500000, 0x73500000)
  object space 16384K, 22% used [0x6f500000,0x6f894a38,0x70500000)
}
Event: 6.935 GC heap before
{Heap before GC invocations=2 (full 0):
 PSYoungGen      total 18432K, used 18423K [0x9df80000, 0x9f400000, 0xb3500000)
  eden space 15872K, 100% used [0x9df80000,0x9ef00000,0x9ef00000)
  from space 2560K, 99% used [0x9ef00000,0x9f17dfa8,0x9f180000)
  to   space 2560K, 0% used [0x9f180000,0x9f180000,0x9f400000)
 ParOldGen       total 41728K, used 403K [0x73500000, 0x75dc0000, 0x9df80000)
  object space 41728K, 0% used [0x73500000,0x73564cc8,0x75dc0000)
 PSPermGen       total 16384K, used 3813K [0x6f500000, 0x70500000, 0x73500000)
  object space 16384K, 23% used [0x6f500000,0x6f8b94e8,0x70500000)
Event: 6.966 GC heap after
Heap after GC invocations=2 (full 0):
 PSYoungGen      total 18432K, used 2550K [0x9df80000, 0x9f400000, 0xb3500000)
  eden space 15872K, 0% used [0x9df80000,0x9df80000,0x9ef00000)
  from space 2560K, 99% used [0x9f180000,0x9f3fd950,0x9f400000)
  to   space 2560K, 0% used [0x9ef00000,0x9ef00000,0x9f180000)
 ParOldGen       total 41728K, used 1920K [0x73500000, 0x75dc0000, 0x9df80000)
  object space 41728K, 4% used [0x73500000,0x736e0380,0x75dc0000)
 PSPermGen       total 16384K, used 3813K [0x6f500000, 0x70500000, 0x73500000)
  object space 16384K, 23% used [0x6f500000,0x6f8b94e8,0x70500000)
}
Event: 11.356 GC heap before
{Heap before GC invocations=3 (full 0):
 PSYoungGen      total 18432K, used 18422K [0x9df80000, 0x9f400000, 0xb3500000)
  eden space 15872K, 100% used [0x9df80000,0x9ef00000,0x9ef00000)
  from space 2560K, 99% used [0x9f180000,0x9f3fd950,0x9f400000)
  to   space 2560K, 0% used [0x9ef00000,0x9ef00000,0x9f180000)
 ParOldGen       total 41728K, used 1920K [0x73500000, 0x75dc0000, 0x9df80000)
  object space 41728K, 4% used [0x73500000,0x736e0380,0x75dc0000)
 PSPermGen       total 16384K, used 3880K [0x6f500000, 0x70500000, 0x73500000)
  object space 16384K, 23% used [0x6f500000,0x6f8ca1e8,0x70500000)

Deoptimization events (1 events):
Event: 6.910 Thread 0x6b834c00 Uncommon trap: reason=null_check action=make_not_entrant pc=0xb3639c90 method=com.android.dx.rop.type.Type.equals(Ljava/lang/Object;)Z @ 8

Internal exceptions (10 events):
Event: 4.467 Thread 0x6b82f400 Threw 0x9e0a6230 at /HUDSON/workspace/7u-2-build-linux-i586/jdk7u79/2331/hotspot/src/share/vm/prims/jvm.cpp:1304
Event: 4.666 Thread 0x6b834c00 Threw 0x9e1d8548 at /HUDSON/workspace/7u-2-build-linux-i586/jdk7u79/2331/hotspot/src/share/vm/prims/jvm.cpp:1304
Event: 6.909 Thread 0x6b834c00 Implicit null exception at 0xb3639bab to 0xb3639c82
Event: 7.652 Thread 0xb6607800 Threw 0x9e576c50 at /HUDSON/workspace/7u-2-build-linux-i586/jdk7u79/2331/hotspot/src/share/vm/prims/jvm.cpp:1304
Event: 7.733 Thread 0xb6607800 Threw 0x9e580af8 at /HUDSON/workspace/7u-2-build-linux-i586/jdk7u79/2331/hotspot/src/share/vm/prims/jvm.cpp:1304
Event: 7.750 Thread 0xb6607800 Threw 0x9e68f6a8 at /HUDSON/workspace/7u-2-build-linux-i586/jdk7u79/2331/hotspot/src/share/vm/prims/jvm.cpp:1304
Event: 7.784 Thread 0x6b832c00 Threw 0x9e6e3df8 at /HUDSON/workspace/7u-2-build-linux-i586/jdk7u79/2331/hotspot/src/share/vm/prims/jvm.cpp:1304
Event: 7.800 Thread 0xb6607800 Threw 0x9e69e850 at /HUDSON/workspace/7u-2-build-linux-i586/jdk7u79/2331/hotspot/src/share/vm/prims/jvm.cpp:1304
Event: 7.834 Thread 0x6b832c00 Threw 0x9e6e95b8 at /HUDSON/workspace/7u-2-build-linux-i586/jdk7u79/2331/hotspot/src/share/vm/prims/jvm.cpp:1304
Event: 7.962 Thread 0x6b832c00 Threw 0x9e6eeaa0 at /HUDSON/workspace/7u-2-build-linux-i586/jdk7u79/2331/hotspot/src/share/vm/prims/jvm.cpp:1304

Events (10 events):
Event: 7.750 loading class 0x6c09f600 done
Event: 7.783 loading class 0x6ef03d90
Event: 7.783 loading class 0x6ef03d90 done
Event: 7.800 loading class 0x6c0c3178
Event: 7.800 loading class 0x6c0c3178 done
Event: 7.834 loading class 0x0819c868
Event: 7.834 loading class 0x0819c868 done
Event: 7.962 loading class 0x0819c828
Event: 7.962 loading class 0x0819c828 done
Event: 11.306 Executing VM operation: ParallelGCFailedAllocation


Dynamic libraries:
08048000-08049000 r-xp 00000000 00:18 592627     /home/jithin/jdk1.7.0_79/bin/java
08049000-0804a000 rw-p 00000000 00:18 592627     /home/jithin/jdk1.7.0_79/bin/java
08179000-081bc000 rw-p 00000000 00:00 0          [heap]
6b200000-6b2bd000 rw-p 00000000 00:00 0 
6b2bd000-6b300000 ---p 00000000 00:00 0 
6b400000-6b4f6000 rw-p 00000000 00:00 0 
6b4f6000-6b500000 ---p 00000000 00:00 0 
6b500000-6b5e4000 rw-p 00000000 00:00 0 
6b5e4000-6b600000 ---p 00000000 00:00 0 
6b600000-6b6fe000 rw-p 00000000 00:00 0 
6b6fe000-6b700000 ---p 00000000 00:00 0 
6b70d000-6b710000 ---p 00000000 00:00 0 
6b710000-6b75e000 rw-p 00000000 00:00 0          [stack:11029]
6b75e000-6b761000 ---p 00000000 00:00 0 
6b761000-6b7af000 rw-p 00000000 00:00 0          [stack:11028]
6b7af000-6b7b2000 ---p 00000000 00:00 0 
6b7b2000-6b800000 rw-p 00000000 00:00 0          [stack:11027]
6b800000-6b845000 rw-p 00000000 00:00 0 
6b845000-6b900000 ---p 00000000 00:00 0 
6b90b000-6b90e000 ---p 00000000 00:00 0 
6b90e000-6b95c000 rw-p 00000000 00:00 0          [stack:11026]
6b95c000-6b95f000 ---p 00000000 00:00 0 
6b95f000-6b9ad000 rw-p 00000000 00:00 0          [stack:11025]
6b9ad000-6b9ae000 ---p 00000000 00:00 0 
6b9ae000-6ba2e000 rw-p 00000000 00:00 0          [stack:11024]
6ba2e000-6ba31000 ---p 00000000 00:00 0 
6ba31000-6ba7f000 rw-p 00000000 00:00 0          [stack:11023]
6ba7f000-6ba82000 ---p 00000000 00:00 0 
6ba82000-6bb00000 rw-p 00000000 00:00 0          [stack:11022]
6bb00000-6bd00000 r--p 00000000 08:05 3678467    /usr/lib/locale/locale-archive
6bd00000-6bd21000 rw-p 00000000 00:00 0 
6bd21000-6be00000 ---p 00000000 00:00 0 
6be2e000-6be31000 ---p 00000000 00:00 0 
6be31000-6beaf000 rw-p 00000000 00:00 0          [stack:11021]
6beaf000-6beb2000 ---p 00000000 00:00 0 
6beb2000-6bf00000 rw-p 00000000 00:00 0          [stack:11020]
6bf00000-6bff0000 rw-p 00000000 00:00 0 
6bff0000-6c000000 ---p 00000000 00:00 0 
6c000000-6c0fa000 rw-p 00000000 00:00 0 
6c0fa000-6c100000 ---p 00000000 00:00 0 
6c12e000-6c131000 ---p 00000000 00:00 0 
6c131000-6c17f000 rw-p 00000000 00:00 0          [stack:11019]
6c17f000-6c180000 ---p 00000000 00:00 0 
6c180000-6c200000 rw-p 00000000 00:00 0          [stack:11017]
6c200000-6c3c0000 r--s 039f7000 00:18 592634     /home/jithin/jdk1.7.0_79/jre/lib/rt.jar
6c3c0000-6ea00000 rw-p 00000000 00:00 0 
6ea00000-6eb00000 rw-p 00000000 00:00 0 
6eb18000-6eb2d000 r-xp 00000000 00:18 593093     /home/jithin/jdk1.7.0_79/jre/lib/i386/libnet.so
6eb2d000-6eb2e000 rw-p 00014000 00:18 593093     /home/jithin/jdk1.7.0_79/jre/lib/i386/libnet.so
6eb2e000-6eb31000 ---p 00000000 00:00 0 
6eb31000-6eb7f000 rw-p 00000000 00:00 0          [stack:11018]
6eb7f000-6eb80000 ---p 00000000 00:00 0 
6eb80000-6ec00000 rw-p 00000000 00:00 0          [stack:11016]
6ec00000-6ec21000 rw-p 00000000 00:00 0 
6ec21000-6ed00000 ---p 00000000 00:00 0 
6ed00000-6ed21000 rw-p 00000000 00:00 0 
6ed21000-6ee00000 ---p 00000000 00:00 0 
6ee15000-6ee23000 r-xp 00000000 00:18 593102     /home/jithin/jdk1.7.0_79/jre/lib/i386/libnio.so
6ee23000-6ee24000 rw-p 0000e000 00:18 593102     /home/jithin/jdk1.7.0_79/jre/lib/i386/libnio.so
6ee24000-6ee7f000 rw-p 00000000 00:00 0 
6ee7f000-6ee80000 ---p 00000000 00:00 0 
6ee80000-6ef00000 rw-p 00000000 00:00 0          [stack:11015]
6ef00000-6ef21000 rw-p 00000000 00:00 0 
6ef21000-6f000000 ---p 00000000 00:00 0 
6f002000-6f067000 rw-p 00000000 00:00 0 
6f067000-6f068000 ---p 00000000 00:00 0 
6f068000-6f0e8000 rw-p 00000000 00:00 0          [stack:11014]
6f0e8000-6f0e9000 ---p 00000000 00:00 0 
6f0e9000-6f171000 rw-p 00000000 00:00 0          [stack:11013]
6f171000-6f189000 rw-p 00000000 00:00 0 
6f189000-6f19e000 rw-p 00000000 00:00 0 
6f19e000-6f2df000 rw-p 00000000 00:00 0 
6f2df000-6f2e7000 rw-p 00000000 00:00 0 
6f2e7000-6f2ff000 rw-p 00000000 00:00 0 
6f2ff000-6f314000 rw-p 00000000 00:00 0 
6f314000-6f454000 rw-p 00000000 00:00 0 
6f454000-6f45f000 rw-p 00000000 00:00 0 
6f45f000-6f4ff000 rw-p 00000000 00:00 0 
6f4ff000-70500000 rw-p 00000000 00:00 0 
70500000-73500000 rw-p 00000000 00:00 0 
73500000-75dc0000 rw-p 00000000 00:00 0 
75dc0000-9df80000 rw-p 00000000 00:00 0 
9df80000-9f400000 rw-p 00000000 00:00 0 
a0164000-a0380000 rw-p 00000000 00:00 0 
a0380000-b3500000 rw-p 00000000 00:00 0 
b3502000-b350b000 rw-p 00000000 00:00 0 
b350b000-b35c2000 rw-p 00000000 00:00 0 
b35c2000-b3802000 rwxp 00000000 00:00 0 
b3802000-b65c2000 rw-p 00000000 00:00 0 
b65c2000-b65d9000 r-xp 00000000 00:18 593114     /home/jithin/jdk1.7.0_79/jre/lib/i386/libzip.so
b65d9000-b65da000 rw-p 00017000 00:18 593114     /home/jithin/jdk1.7.0_79/jre/lib/i386/libzip.so
b65da000-b65e5000 r-xp 00000000 08:05 4078733    /lib/i386-linux-gnu/libnss_files-2.19.so
b65e5000-b65e6000 r--p 0000a000 08:05 4078733    /lib/i386-linux-gnu/libnss_files-2.19.so
b65e6000-b65e7000 rw-p 0000b000 08:05 4078733    /lib/i386-linux-gnu/libnss_files-2.19.so
b65e7000-b65fc000 r-xp 00000000 08:05 4064375    /lib/i386-linux-gnu/libnsl-2.19.so
b65fc000-b65fd000 r--p 00015000 08:05 4064375    /lib/i386-linux-gnu/libnsl-2.19.so
b65fd000-b65fe000 rw-p 00016000 08:05 4064375    /lib/i386-linux-gnu/libnsl-2.19.so
b65fe000-b6600000 rw-p 00000000 00:00 0 
b6600000-b66f6000 rw-p 00000000 00:00 0 
b66f6000-b6700000 ---p 00000000 00:00 0 
b6701000-b670b000 r--s 00041000 00:18 1050754    /home/jithin/AndroidStudioProjects/LockEngine/app/build/intermediates/exploded-aar/com.android.support/support-v4/23.1.1/jars/libs/internal_impl-23.1.1.jar
b670b000-b6715000 r-xp 00000000 08:05 4064346    /lib/i386-linux-gnu/libnss_nis-2.19.so
b6715000-b6716000 r--p 00009000 08:05 4064346    /lib/i386-linux-gnu/libnss_nis-2.19.so
b6716000-b6717000 rw-p 0000a000 08:05 4064346    /lib/i386-linux-gnu/libnss_nis-2.19.so
b671a000-b6729000 r--s 000df000 00:18 676658     /home/jithin/adt-bundle-linux-x86-20140702/sdk/build-tools/23.0.2/lib/dx.jar
b6729000-b6731000 rw-s 00000000 08:05 4981916    /tmp/hsperfdata_jithin/11008
b6731000-b6754000 r-xp 00000000 00:18 593079     /home/jithin/jdk1.7.0_79/jre/lib/i386/libjava.so
b6754000-b6755000 rw-p 00023000 00:18 593079     /home/jithin/jdk1.7.0_79/jre/lib/i386/libjava.so
b6755000-b675c000 r-xp 00000000 08:05 4078734    /lib/i386-linux-gnu/librt-2.19.so
b675c000-b675d000 r--p 00006000 08:05 4078734    /lib/i386-linux-gnu/librt-2.19.so
b675d000-b675e000 rw-p 00007000 08:05 4078734    /lib/i386-linux-gnu/librt-2.19.so
b675e000-b6761000 ---p 00000000 00:00 0 
b6761000-b67af000 rw-p 00000000 00:00 0          [stack:11010]
b67af000-b67f3000 r-xp 00000000 08:05 4078724    /lib/i386-linux-gnu/libm-2.19.so
b67f3000-b67f4000 r--p 00043000 08:05 4078724    /lib/i386-linux-gnu/libm-2.19.so
b67f4000-b67f5000 rw-p 00044000 08:05 4078724    /lib/i386-linux-gnu/libm-2.19.so
b67f5000-b707c000 r-xp 00000000 00:18 593113     /home/jithin/jdk1.7.0_79/jre/lib/i386/server/libjvm.so
b707c000-b70e1000 rw-p 00886000 00:18 593113     /home/jithin/jdk1.7.0_79/jre/lib/i386/server/libjvm.so
b70e1000-b7504000 rw-p 00000000 00:00 0 
b7504000-b76ac000 r-xp 00000000 08:05 4064251    /lib/i386-linux-gnu/libc-2.19.so
b76ac000-b76ae000 r--p 001a8000 08:05 4064251    /lib/i386-linux-gnu/libc-2.19.so
b76ae000-b76af000 rw-p 001aa000 08:05 4064251    /lib/i386-linux-gnu/libc-2.19.so
b76af000-b76b2000 rw-p 00000000 00:00 0 
b76b2000-b76b5000 r-xp 00000000 08:05 4064305    /lib/i386-linux-gnu/libdl-2.19.so
b76b5000-b76b6000 r--p 00002000 08:05 4064305    /lib/i386-linux-gnu/libdl-2.19.so
b76b6000-b76b7000 rw-p 00003000 08:05 4064305    /lib/i386-linux-gnu/libdl-2.19.so
b76b7000-b76b8000 rw-p 00000000 00:00 0 
b76b8000-b76cb000 r-xp 00000000 00:18 591428     /home/jithin/jdk1.7.0_79/lib/i386/jli/libjli.so
b76cb000-b76cc000 rw-p 00012000 00:18 591428     /home/jithin/jdk1.7.0_79/lib/i386/jli/libjli.so
b76cc000-b76e4000 r-xp 00000000 08:05 4078729    /lib/i386-linux-gnu/libpthread-2.19.so
b76e4000-b76e5000 r--p 00018000 08:05 4078729    /lib/i386-linux-gnu/libpthread-2.19.so
b76e5000-b76e6000 rw-p 00019000 08:05 4078729    /lib/i386-linux-gnu/libpthread-2.19.so
b76e6000-b76e9000 rw-p 00000000 00:00 0 
b76e9000-b76ea000 rw-p 00000000 00:00 0 
b76ea000-b76eb000 r--p 00850000 08:05 3678467    /usr/lib/locale/locale-archive
b76eb000-b76f2000 r-xp 00000000 08:05 4078725    /lib/i386-linux-gnu/libnss_compat-2.19.so
b76f2000-b76f3000 r--p 00006000 08:05 4078725    /lib/i386-linux-gnu/libnss_compat-2.19.so
b76f3000-b76f4000 rw-p 00007000 08:05 4078725    /lib/i386-linux-gnu/libnss_compat-2.19.so
b76f4000-b76f5000 rw-p 00000000 00:00 0 
b76f5000-b76f6000 ---p 00000000 00:00 0 
b76f6000-b7701000 r-xp 00000000 00:18 593062     /home/jithin/jdk1.7.0_79/jre/lib/i386/libverify.so
b7701000-b7702000 rw-p 0000b000 00:18 593062     /home/jithin/jdk1.7.0_79/jre/lib/i386/libverify.so
b7702000-b7704000 rw-p 00000000 00:00 0 
b7704000-b7705000 r-xp 00000000 00:00 0          [vdso]
b7705000-b7725000 r-xp 00000000 08:05 4064326    /lib/i386-linux-gnu/ld-2.19.so
b7725000-b7726000 r--p 0001f000 08:05 4064326    /lib/i386-linux-gnu/ld-2.19.so
b7726000-b7727000 rw-p 00020000 08:05 4064326    /lib/i386-linux-gnu/ld-2.19.so
bfbd9000-bfbda000 rwxp 00000000 00:00 0 
bfc0b000-bfc2d000 rw-p 00000000 00:00 0          [stack]

VM Arguments:
jvm_args: -Djava.awt.headless=true -Xmx1024M -Dfile.encoding=UTF-8 -Duser.country=IN -Duser.language=en -Duser.variant 
java_command: com.android.dx.command.Main --dex --num-threads=4 --output /home/jithin/AndroidStudioProjects/LockEngine/app/build/intermediates/pre-dexed/debug/internal_impl-23.1.1_6b59a94dfc0d1f933cc1be335b7ae1d4ceb26f87.jar /home/jithin/AndroidStudioProjects/LockEngine/app/build/intermediates/exploded-aar/com.android.support/support-v4/23.1.1/jars/libs/internal_impl-23.1.1.jar
Launcher Type: SUN_STANDARD

Environment Variables:
PATH=/usr/local/sbin:/usr/local/bin:/usr/sbin:/usr/bin:/sbin:/bin:/usr/games:/usr/local/games:/home/jithin/adt-bundle-linux-x86-20140702/sdk/platform-tools:/home/jithin/scripts:/home/jithin/adt-bundle-linux-x86-20140702/eclipse:/home/jithin/android-ndk-r9/:/home/jithin/code/binaries/
LD_LIBRARY_PATH=.:
SHELL=/bin/bash
DISPLAY=:0

Signal Handlers:
SIGSEGV: [libjvm.so+0x7eb620], sa_mask[0]=0x7ffbfeff, sa_flags=0x10000004
SIGBUS: [libjvm.so+0x7eb620], sa_mask[0]=0x7ffbfeff, sa_flags=0x10000004
SIGFPE: [libjvm.so+0x6835c0], sa_mask[0]=0x7ffbfeff, sa_flags=0x10000004
SIGPIPE: [libjvm.so+0x6835c0], sa_mask[0]=0x7ffbfeff, sa_flags=0x10000004
SIGXFSZ: [libjvm.so+0x6835c0], sa_mask[0]=0x7ffbfeff, sa_flags=0x10000004
SIGILL: [libjvm.so+0x6835c0], sa_mask[0]=0x7ffbfeff, sa_flags=0x10000004
SIGUSR1: SIG_DFL, sa_mask[0]=0x00000000, sa_flags=0x00000000
SIGUSR2: [libjvm.so+0x684dc0], sa_mask[0]=0x00000004, sa_flags=0x10000004
SIGHUP: [libjvm.so+0x6860f0], sa_mask[0]=0x7ffbfeff, sa_flags=0x10000004
SIGINT: [libjvm.so+0x6860f0], sa_mask[0]=0x7ffbfeff, sa_flags=0x10000004
SIGTERM: [libjvm.so+0x6860f0], sa_mask[0]=0x7ffbfeff, sa_flags=0x10000004
SIGQUIT: [libjvm.so+0x6860f0], sa_mask[0]=0x7ffbfeff, sa_flags=0x10000004


---------------  S Y S T E M  ---------------

OS:jessie/sid

uname:Linux 3.13.0-63-generic #103-Ubuntu SMP Fri Aug 14 21:43:30 UTC 2015 i686
libc:glibc 2.19 NPTL 2.19 
rlimit: STACK 8192k, CORE 0k, NPROC 31169, NOFILE 4096, AS infinity
load average:24.27 12.22 7.78

/proc/meminfo:
MemTotal:        4016436 kB
MemFree:         1366600 kB
Buffers:            2416 kB
Cached:           343072 kB
SwapCached:            0 kB
Active:          2210316 kB
Inactive:         339412 kB
Active(anon):    2207696 kB
Inactive(anon):   273264 kB
Active(file):       2620 kB
Inactive(file):    66148 kB
Unevictable:         156 kB
Mlocked:             156 kB
HighTotal:       3166156 kB
HighFree:        1040128 kB
LowTotal:         850280 kB
LowFree:          326472 kB
SwapTotal:             0 kB
SwapFree:              0 kB
Dirty:                96 kB
Writeback:             0 kB
AnonPages:       2204932 kB
Mapped:            44648 kB
Shmem:            276192 kB
Slab:              51716 kB
SReclaimable:      19504 kB
SUnreclaim:        32212 kB
KernelStack:        5176 kB
PageTables:        12604 kB
NFS_Unstable:          0 kB
Bounce:                0 kB
WritebackTmp:          0 kB
CommitLimit:     2008216 kB
Committed_AS:    6344716 kB
VmallocTotal:     122880 kB
VmallocUsed:       67576 kB
VmallocChunk:      35348 kB
HardwareCorrupted:     0 kB
AnonHugePages:    796672 kB
HugePages_Total:       0
HugePages_Free:        0
HugePages_Rsvd:        0
HugePages_Surp:        0
Hugepagesize:       2048 kB
DirectMap4k:       38904 kB
DirectMap2M:      872448 kB


CPU:total 4 (2 cores per cpu, 2 threads per core) family 6 model 58 stepping 9, cmov, cx8, fxsr, mmx, sse, sse2, sse3, ssse3, sse4.1, sse4.2, popcnt, avx, erms, ht, tsc, tscinvbit, tscinv

/proc/cpuinfo:
processor	: 0
vendor_id	: GenuineIntel
cpu family	: 6
model		: 58
model name	: Intel(R) Core(TM) i3-3217U CPU @ 1.80GHz
stepping	: 9
microcode	: 0x15
cpu MHz		: 1801.000
cache size	: 3072 KB
physical id	: 0
siblings	: 4
core id		: 0
cpu cores	: 2
apicid		: 0
initial apicid	: 0
fdiv_bug	: no
f00f_bug	: no
coma_bug	: no
fpu		: yes
fpu_exception	: yes
cpuid level	: 13
wp		: yes
flags		: fpu vme de pse tsc msr pae mce cx8 apic sep mtrr pge mca cmov pat pse36 clflush dts acpi mmx fxsr sse sse2 ss ht tm pbe nx rdtscp lm constant_tsc arch_perfmon pebs bts xtopology nonstop_tsc aperfmperf eagerfpu pni pclmulqdq dtes64 monitor ds_cpl vmx est tm2 ssse3 cx16 xtpr pdcm pcid sse4_1 sse4_2 x2apic popcnt tsc_deadline_timer xsave avx f16c lahf_lm ida arat epb xsaveopt pln pts dtherm tpr_shadow vnmi flexpriority ept vpid fsgsbase smep erms
bogomips	: 3591.91
clflush size	: 64
cache_alignment	: 64
address sizes	: 36 bits physical, 48 bits virtual
power management:

processor	: 1
vendor_id	: GenuineIntel
cpu family	: 6
model		: 58
model name	: Intel(R) Core(TM) i3-3217U CPU @ 1.80GHz
stepping	: 9
microcode	: 0x15
cpu MHz		: 1801.000
cache size	: 3072 KB
physical id	: 0
siblings	: 4
core id		: 1
cpu cores	: 2
apicid		: 2
initial apicid	: 2
fdiv_bug	: no
f00f_bug	: no
coma_bug	: no
fpu		: yes
fpu_exception	: yes
cpuid level	: 13
wp		: yes
flags		: fpu vme de pse tsc msr pae mce cx8 apic sep mtrr pge mca cmov pat pse36 clflush dts acpi mmx fxsr sse sse2 ss ht tm pbe nx rdtscp lm constant_tsc arch_perfmon pebs bts xtopology nonstop_tsc aperfmperf eagerfpu pni pclmulqdq dtes64 monitor ds_cpl vmx est tm2 ssse3 cx16 xtpr pdcm pcid sse4_1 sse4_2 x2apic popcnt tsc_deadline_timer xsave avx f16c lahf_lm ida arat epb xsaveopt pln pts dtherm tpr_shadow vnmi flexpriority ept vpid fsgsbase smep erms
bogomips	: 3591.91
clflush size	: 64
cache_alignment	: 64
address sizes	: 36 bits physical, 48 bits virtual
power management:

processor	: 2
vendor_id	: GenuineIntel
cpu family	: 6
model		: 58
model name	: Intel(R) Core(TM) i3-3217U CPU @ 1.80GHz
stepping	: 9
microcode	: 0x15
cpu MHz		: 1801.000
cache size	: 3072 KB
physical id	: 0
siblings	: 4
core id		: 0
cpu cores	: 2
apicid		: 1
initial apicid	: 1
fdiv_bug	: no
f00f_bug	: no
coma_bug	: no
fpu		: yes
fpu_exception	: yes
cpuid level	: 13
wp		: yes
flags		: fpu vme de pse tsc msr pae mce cx8 apic sep mtrr pge mca cmov pat pse36 clflush dts acpi mmx fxsr sse sse2 ss ht tm pbe nx rdtscp lm constant_tsc arch_perfmon pebs bts xtopology nonstop_tsc aperfmperf eagerfpu pni pclmulqdq dtes64 monitor ds_cpl vmx est tm2 ssse3 cx16 xtpr pdcm pcid sse4_1 sse4_2 x2apic popcnt tsc_deadline_timer xsave avx f16c lahf_lm ida arat epb xsaveopt pln pts dtherm tpr_shadow vnmi flexpriority ept vpid fsgsbase smep erms
bogomips	: 3591.91
clflush size	: 64
cache_alignment	: 64
address sizes	: 36 bits physical, 48 bits virtual
power management:

processor	: 3
vendor_id	: GenuineIntel
cpu family	: 6
model		: 58
model name	: Intel(R) Core(TM) i3-3217U CPU @ 1.80GHz
stepping	: 9
microcode	: 0x15
cpu MHz		: 1801.000
cache size	: 3072 KB
physical id	: 0
siblings	: 4
core id		: 1
cpu cores	: 2
apicid		: 3
initial apicid	: 3
fdiv_bug	: no
f00f_bug	: no
coma_bug	: no
fpu		: yes
fpu_exception	: yes
cpuid level	: 13
wp		: yes
flags		: fpu vme de pse tsc msr pae mce cx8 apic sep mtrr pge mca cmov pat pse36 clflush dts acpi mmx fxsr sse sse2 ss ht tm pbe nx rdtscp lm constant_tsc arch_perfmon pebs bts xtopology nonstop_tsc aperfmperf eagerfpu pni pclmulqdq dtes64 monitor ds_cpl vmx est tm2 ssse3 cx16 xtpr pdcm pcid sse4_1 sse4_2 x2apic popcnt tsc_deadline_timer xsave avx f16c lahf_lm ida arat epb xsaveopt pln pts dtherm tpr_shadow vnmi flexpriority ept vpid fsgsbase smep erms
bogomips	: 3591.91
clflush size	: 64
cache_alignment	: 64
address sizes	: 36 bits physical, 48 bits virtual
power management:



Memory: 4k page, physical 4016436k(1365608k free), swap 0k(0k free)

vm_info: Java HotSpot(TM) Server VM (24.79-b02) for linux-x86 JRE (1.7.0_79-b15), built on Apr 10 2015 11:52:49 by "java_re" with gcc 4.3.0 20080428 (Red Hat 4.3.0-8)

time: Wed Jan 20 08:42:51 2016
elapsed time: 38 seconds

