#
# There is insufficient memory for the Java Runtime Environment to continue.
# Native memory allocation (malloc) failed to allocate 59768832 bytes for committing reserved memory.
# Possible reasons:
#   The system is out of physical RAM or swap space
#   In 32 bit mode, the process size limit was hit
# Possible solutions:
#   Reduce memory load on the system
#   Increase physical memory or swap space
#   Check if swap backing store is full
#   Use 64 bit Java on a 64 bit OS
#   Decrease Java heap size (-Xmx/-Xms)
#   Decrease number of Java threads
#   Decrease Java thread stack sizes (-Xss)
#   Set larger code cache with -XX:ReservedCodeCacheSize=
# This output file may be truncated or incomplete.
#
#  Out of Memory Error (os_linux.cpp:2756), pid=8916, tid=1814035264
#
# JRE version: Java(TM) SE Runtime Environment (7.0_79-b15) (build 1.7.0_79-b15)
# Java VM: Java HotSpot(TM) Server VM (24.79-b02 mixed mode linux-x86 )
# Failed to write core dump. Core dumps have been disabled. To enable core dumping, try "ulimit -c unlimited" before starting Java again
#

---------------  T H R E A D  ---------------

Current thread (0x6c080800):  VMThread [stack: 0x6c17f000,0x6c200000] [id=8958]

Stack: [0x6c17f000,0x6c200000],  sp=0x6c1feae0,  free space=510k
Native frames: (J=compiled Java code, j=interpreted, Vv=VM code, C=native code)
V  [libjvm.so+0x7eab16]  VMError::report_and_die()+0x1a6
V  [libjvm.so+0x33e222]  report_vm_out_of_memory(char const*, int, unsigned int, char const*)+0x72
V  [libjvm.so+0x686a41]  os::Linux::commit_memory_impl(char*, unsigned int, bool)+0xe1
V  [libjvm.so+0x686f08]  os::pd_commit_memory(char*, unsigned int, unsigned int, bool)+0x28
V  [libjvm.so+0x68064c]  os::commit_memory(char*, unsigned int, unsigned int, bool)+0x2c
V  [libjvm.so+0x6eae98]  PSVirtualSpace::expand_by(unsigned int)+0x48
V  [libjvm.so+0x6dd2c1]  PSOldGen::expand(unsigned int)+0x141
V  [libjvm.so+0x6dd38f]  PSOldGen::resize(unsigned int)+0x8f
V  [libjvm.so+0x6e3f96]  PSParallelCompact::invoke_no_policy(bool)+0x8b6
V  [libjvm.so+0x6e95ad]  PSScavenge::invoke()+0x16d
V  [libjvm.so+0x6a6fea]  ParallelScavengeHeap::failed_mem_allocate(unsigned int)+0x5a
V  [libjvm.so+0x7ec3aa]  VM_ParallelGCFailedAllocation::doit()+0x7a
V  [libjvm.so+0x7f51c7]  VM_Operation::evaluate()+0x47
V  [libjvm.so+0x7f3263]  VMThread::evaluate_operation(VM_Operation*)+0xb3
V  [libjvm.so+0x7f3600]  VMThread::loop()+0x1b0
V  [libjvm.so+0x7f3a65]  VMThread::run()+0x85
V  [libjvm.so+0x688d19]  java_start(Thread*)+0x119
C  [libpthread.so.0+0x6f70]  start_thread+0xd0

VM_Operation (0x6b7ad894): ParallelGCFailedAllocation, mode: safepoint, requested by thread 0x6b622c00


---------------  P R O C E S S  ---------------

Java Threads: ( => current thread )
  0x6b624400 JavaThread "pool-2-thread-4" [_thread_blocked, id=8996, stack(0x6b70d000,0x6b75e000)]
  0x6b622c00 JavaThread "pool-2-thread-3" [_thread_blocked, id=8995, stack(0x6b75e000,0x6b7af000)]
  0x6b621c00 JavaThread "pool-2-thread-2" [_thread_blocked, id=8993, stack(0x6b7af000,0x6b800000)]
  0x6b620800 JavaThread "pool-3-thread-1" [_thread_blocked, id=8992, stack(0x6b90b000,0x6b95c000)]
  0x6b61d400 JavaThread "pool-2-thread-1" [_thread_blocked, id=8991, stack(0x6b95c000,0x6b9ad000)]
  0x6c09ac00 JavaThread "Service Thread" daemon [_thread_blocked, id=8969, stack(0x6ba2e000,0x6ba7f000)]
  0x6c098c00 JavaThread "C2 CompilerThread1" daemon [_thread_blocked, id=8968, stack(0x6ba7f000,0x6bb00000)]
  0x6c096c00 JavaThread "C2 CompilerThread0" daemon [_thread_blocked, id=8967, stack(0x6be2e000,0x6beaf000)]
  0x6c095000 JavaThread "Signal Dispatcher" daemon [_thread_blocked, id=8966, stack(0x6beaf000,0x6bf00000)]
  0x6c084800 JavaThread "Finalizer" daemon [_thread_blocked, id=8963, stack(0x6c12e000,0x6c17f000)]
  0x6c083000 JavaThread "Reference Handler" daemon [_thread_blocked, id=8961, stack(0x6eb2e000,0x6eb7f000)]
  0xb6607800 JavaThread "main" [_thread_blocked, id=8940, stack(0xb6772000,0xb67c3000)]

Other Threads:
=>0x6c080800 VMThread [stack: 0x6c17f000,0x6c200000] [id=8958]
  0x6c09c800 WatcherThread [stack: 0x6b9ad000,0x6ba2e000] [id=8970]

VM state:at safepoint (normal execution)

VM Mutex/Monitor currently owned by a thread:  ([mutex/lock_event])
[0xb6604aa0] ExpandHeap_lock - owner thread: 0x6c080800
[0xb6604fe8] Threads_lock - owner thread: 0x6c080800
[0xb66053f8] Heap_lock - owner thread: 0x6b622c00

Heap
 PSYoungGen      total 271360K, used 14032K [0x9df80000, 0xb3500000, 0xb3500000)
  eden space 238336K, 0% used [0x9df80000,0x9df80000,0xac840000)
  from space 33024K, 42% used [0xac840000,0xad5f43e0,0xae880000)
  to   space 47872K, 0% used [0xb0640000,0xb0640000,0xb3500000)
 ParOldGen       total 79616K, used 79427K [0x73500000, 0x782c0000, 0x9df80000)
  object space 79616K, 99% used [0x73500000,0x78290c30,0x782c0000)
 PSPermGen       total 16384K, used 4039K [0x6f500000, 0x70500000, 0x73500000)
  object space 16384K, 24% used [0x6f500000,0x6f8f1ca8,0x70500000)

Card table byte_map: [0x6f2df000,0x6f500000] byte_map_base: 0x6ef64800

Polling page: 0xb7709000

Code Cache  [0xb35db000, 0xb387b000, 0xb65db000)
 total_blobs=873 nmethods=750 adapters=76 free_code_cache=46502Kb largest_free_block=47592448

Compilation events (10 events):
Event: 25.399 Thread 0x6c096c00 nmethod 761 0xb37b3d48 code [0xb37b3e40, 0xb37b3f30]
Event: 25.399 Thread 0x6c096c00  762             com.android.dx.rop.cst.TypedConstant::isConstant (2 bytes)
Event: 25.402 Thread 0x6c096c00 nmethod 762 0xb37b3b88 code [0xb37b3c60, 0xb37b3cb0]
Event: 25.402 Thread 0x6c096c00  763   !         com.android.dx.cf.direct.AttributeFactory::parse (248 bytes)
Event: 25.405 Thread 0x6c098c00 nmethod 750 0xb38760c8 code [0xb3876280, 0xb3876bd0]
Event: 25.405 Thread 0x6c098c00  764             com.android.dx.cf.direct.StdAttributeFactory::parse0 (532 bytes)
Event: 25.413 Thread 0x6c096c00 nmethod 763 0xb3873848 code [0xb38739a0, 0xb3873e84]
Event: 25.413 Thread 0x6c096c00  765             com.android.dx.cf.attrib.BaseAttribute::<init> (24 bytes)
Event: 25.415 Thread 0x6c096c00 nmethod 765 0xb38747c8 code [0xb38748c0, 0xb3874930]
Event: 25.415 Thread 0x6c096c00  766             com.android.dx.ssa.back.FirstFitLocalCombiningAllocator::handleCheckCastResults (413 bytes)

GC Heap History (10 events):
Event: 17.262 GC heap after
Heap after GC invocations=6 (full 0):
 PSYoungGen      total 139520K, used 12199K [0x9df80000, 0xa7d00000, 0xb3500000)
  eden space 124672K, 0% used [0x9df80000,0x9df80000,0xa5940000)
  from space 14848K, 82% used [0xa6a00000,0xa75e9d90,0xa7880000)
  to   space 17152K, 0% used [0xa5940000,0xa5940000,0xa6a00000)
 ParOldGen       total 41728K, used 19678K [0x73500000, 0x75dc0000, 0x9df80000)
  object space 41728K, 47% used [0x73500000,0x74837968,0x75dc0000)
 PSPermGen       total 16384K, used 3967K [0x6f500000, 0x70500000, 0x73500000)
  object space 16384K, 24% used [0x6f500000,0x6f8dfe38,0x70500000)
}
Event: 19.946 GC heap before
{Heap before GC invocations=7 (full 0):
 PSYoungGen      total 139520K, used 136871K [0x9df80000, 0xa7d00000, 0xb3500000)
  eden space 124672K, 100% used [0x9df80000,0xa5940000,0xa5940000)
  from space 14848K, 82% used [0xa6a00000,0xa75e9d90,0xa7880000)
  to   space 17152K, 0% used [0xa5940000,0xa5940000,0xa6a00000)
 ParOldGen       total 41728K, used 19678K [0x73500000, 0x75dc0000, 0x9df80000)
  object space 41728K, 47% used [0x73500000,0x74837968,0x75dc0000)
 PSPermGen       total 16384K, used 4016K [0x6f500000, 0x70500000, 0x73500000)
  object space 16384K, 24% used [0x6f500000,0x6f8ec148,0x70500000)
Event: 20.101 GC heap after
Heap after GC invocations=7 (full 0):
 PSYoungGen      total 141824K, used 17140K [0x9df80000, 0xb0a00000, 0xb3500000)
  eden space 124672K, 0% used [0x9df80000,0x9df80000,0xa5940000)
  from space 17152K, 99% used [0xa5940000,0xa69fd398,0xa6a00000)
  to   space 28160K, 0% used [0xaee80000,0xaee80000,0xb0a00000)
 ParOldGen       total 41728K, used 34310K [0x73500000, 0x75dc0000, 0x9df80000)
  object space 41728K, 82% used [0x73500000,0x75681bd8,0x75dc0000)
 PSPermGen       total 16384K, used 4016K [0x6f500000, 0x70500000, 0x73500000)
  object space 16384K, 24% used [0x6f500000,0x6f8ec148,0x70500000)
}
Event: 20.101 GC heap before
{Heap before GC invocations=8 (full 1):
 PSYoungGen      total 141824K, used 17140K [0x9df80000, 0xb0a00000, 0xb3500000)
  eden space 124672K, 0% used [0x9df80000,0x9df80000,0xa5940000)
  from space 17152K, 99% used [0xa5940000,0xa69fd398,0xa6a00000)
  to   space 28160K, 0% used [0xaee80000,0xaee80000,0xb0a00000)
 ParOldGen       total 41728K, used 34310K [0x73500000, 0x75dc0000, 0x9df80000)
  object space 41728K, 82% used [0x73500000,0x75681bd8,0x75dc0000)
 PSPermGen       total 16384K, used 4016K [0x6f500000, 0x70500000, 0x73500000)
  object space 16384K, 24% used [0x6f500000,0x6f8ec148,0x70500000)
Event: 20.563 GC heap after
Heap after GC invocations=8 (full 1):
 PSYoungGen      total 141824K, used 6342K [0x9df80000, 0xb0a00000, 0xb3500000)
  eden space 124672K, 0% used [0x9df80000,0x9df80000,0xa5940000)
  from space 17152K, 36% used [0xa5940000,0xa5f719c0,0xa6a00000)
  to   space 28160K, 0% used [0xaee80000,0xaee80000,0xb0a00000)
 ParOldGen       total 79616K, used 41541K [0x73500000, 0x782c0000, 0x9df80000)
  object space 79616K, 52% used [0x73500000,0x75d915f0,0x782c0000)
 PSPermGen       total 16384K, used 4013K [0x6f500000, 0x70500000, 0x73500000)
  object space 16384K, 24% used [0x6f500000,0x6f8eb6f8,0x70500000)
}
Event: 22.813 GC heap before
{Heap before GC invocations=9 (full 1):
 PSYoungGen      total 141824K, used 131014K [0x9df80000, 0xb0a00000, 0xb3500000)
  eden space 124672K, 100% used [0x9df80000,0xa5940000,0xa5940000)
  from space 17152K, 36% used [0xa5940000,0xa5f719c0,0xa6a00000)
  to   space 28160K, 0% used [0xaee80000,0xaee80000,0xb0a00000)
 ParOldGen       total 79616K, used 41541K [0x73500000, 0x782c0000, 0x9df80000)
  object space 79616K, 52% used [0x73500000,0x75d915f0,0x782c0000)
 PSPermGen       total 16384K, used 4030K [0x6f500000, 0x70500000, 0x73500000)
  object space 16384K, 24% used [0x6f500000,0x6f8efa88,0x70500000)
Event: 22.888 GC heap after
Heap after GC invocations=9 (full 1):
 PSYoungGen      total 222464K, used 26636K [0x9df80000, 0xb08c0000, 0xb3500000)
  eden space 195584K, 0% used [0x9df80000,0x9df80000,0xa9e80000)
  from space 26880K, 99% used [0xaee80000,0xb0883218,0xb08c0000)
  to   space 33024K, 0% used [0xac840000,0xac840000,0xae880000)
 ParOldGen       total 79616K, used 41541K [0x73500000, 0x782c0000, 0x9df80000)
  object space 79616K, 52% used [0x73500000,0x75d915f0,0x782c0000)
 PSPermGen       total 16384K, used 4030K [0x6f500000, 0x70500000, 0x73500000)
  object space 16384K, 24% used [0x6f500000,0x6f8efa88,0x70500000)
}
Event: 25.481 GC heap before
{Heap before GC invocations=10 (full 1):
 PSYoungGen      total 222464K, used 222220K [0x9df80000, 0xb08c0000, 0xb3500000)
  eden space 195584K, 100% used [0x9df80000,0xa9e80000,0xa9e80000)
  from space 26880K, 99% used [0xaee80000,0xb0883218,0xb08c0000)
  to   space 33024K, 0% used [0xac840000,0xac840000,0xae880000)
 ParOldGen       total 79616K, used 41541K [0x73500000, 0x782c0000, 0x9df80000)
  object space 79616K, 52% used [0x73500000,0x75d915f0,0x782c0000)
 PSPermGen       total 16384K, used 4039K [0x6f500000, 0x70500000, 0x73500000)
  object space 16384K, 24% used [0x6f500000,0x6f8f1ea8,0x70500000)
Event: 25.646 GC heap after
Heap after GC invocations=10 (full 1):
 PSYoungGen      total 271360K, used 33023K [0x9df80000, 0xb3500000, 0xb3500000)
  eden space 238336K, 0% used [0x9df80000,0x9df80000,0xac840000)
  from space 33024K, 99% used [0xac840000,0xae87feb0,0xae880000)
  to   space 47872K, 0% used [0xb0640000,0xb0640000,0xb3500000)
 ParOldGen       total 79616K, used 63007K [0x73500000, 0x782c0000, 0x9df80000)
  object space 79616K, 79% used [0x73500000,0x77287f10,0x782c0000)
 PSPermGen       total 16384K, used 4039K [0x6f500000, 0x70500000, 0x73500000)
  object space 16384K, 24% used [0x6f500000,0x6f8f1ea8,0x70500000)
}
Event: 25.646 GC heap before
{Heap before GC invocations=11 (full 2):
 PSYoungGen      total 271360K, used 33023K [0x9df80000, 0xb3500000, 0xb3500000)
  eden space 238336K, 0% used [0x9df80000,0x9df80000,0xac840000)
  from space 33024K, 99% used [0xac840000,0xae87feb0,0xae880000)
  to   space 47872K, 0% used [0xb0640000,0xb0640000,0xb3500000)
 ParOldGen       total 79616K, used 63007K [0x73500000, 0x782c0000, 0x9df80000)
  object space 79616K, 79% used [0x73500000,0x77287f10,0x782c0000)
 PSPermGen       total 16384K, used 4039K [0x6f500000, 0x70500000, 0x73500000)
  object space 16384K, 24% used [0x6f500000,0x6f8f1ea8,0x70500000)

Deoptimization events (10 events):
Event: 20.662 Thread 0x6b622c00 Uncommon trap: reason=unreached action=reinterpret pc=0xb3762600 method=com.android.dx.rop.code.LocalItem.compareHandlesNulls(Lcom/android/dx/rop/cst/CstString;Lcom/android/dx/rop/cst/CstString;)I @ 14
Event: 20.662 Thread 0x6b622c00 Uncommon trap: reason=unreached action=reinterpret pc=0xb36a7a68 method=com.android.dx.rop.code.LocalItem.compareHandlesNulls(Lcom/android/dx/rop/cst/CstString;Lcom/android/dx/rop/cst/CstString;)I @ 14
Event: 20.954 Thread 0xb6607800 Uncommon trap: reason=null_check action=make_not_entrant pc=0xb37afd14 method=com.android.dx.rop.cst.CstType.intern(Lcom/android/dx/rop/type/Type;)Lcom/android/dx/rop/cst/CstType; @ 13
Event: 21.590 Thread 0xb6607800 Uncommon trap: reason=bimorphic action=maybe_recompile pc=0xb3720f10 method=com.android.dx.cf.code.BytecodeArray.parseInstruction(ILcom/android/dx/cf/code/BytecodeArray$Visitor;)I @ 1161
Event: 21.590 Thread 0xb6607800 Uncommon trap: reason=bimorphic action=maybe_recompile pc=0xb3720f10 method=com.android.dx.cf.code.BytecodeArray.parseInstruction(ILcom/android/dx/cf/code/BytecodeArray$Visitor;)I @ 1161
Event: 21.852 Thread 0x6b61d400 Uncommon trap: reason=bimorphic action=maybe_recompile pc=0xb3721280 method=com.android.dx.cf.code.BytecodeArray.parseInstruction(ILcom/android/dx/cf/code/BytecodeArray$Visitor;)I @ 1357
Event: 21.854 Thread 0x6b61d400 Uncommon trap: reason=bimorphic action=maybe_recompile pc=0xb3721280 method=com.android.dx.cf.code.BytecodeArray.parseInstruction(ILcom/android/dx/cf/code/BytecodeArray$Visitor;)I @ 1357
Event: 21.905 Thread 0x6b622c00 Uncommon trap: reason=unreached action=reinterpret pc=0xb374d0ac method=com.android.dx.ssa.MoveParamCombiner$1.visitNonMoveInsn(Lcom/android/dx/ssa/NormalSsaInsn;)V @ 27
Event: 22.047 Thread 0x6b621c00 Uncommon trap: reason=bimorphic action=maybe_recompile pc=0xb3758c84 method=com.android.dx.ssa.LiteralOpUpgrader.tryReplacingWithConstant(Lcom/android/dx/ssa/NormalSsaInsn;)Z @ 62
Event: 22.089 Thread 0x6b621c00 Uncommon trap: reason=bimorphic action=maybe_recompile pc=0xb3758c84 method=com.android.dx.ssa.LiteralOpUpgrader.tryReplacingWithConstant(Lcom/android/dx/ssa/NormalSsaInsn;)Z @ 62

Internal exceptions (10 events):
Event: 6.915 Thread 0x6b624400 Implicit null exception at 0xb3682189 to 0xb368344d
Event: 9.176 Thread 0xb6607800 Threw 0x9ede5e48 at /HUDSON/workspace/7u-2-build-linux-i586/jdk7u79/2331/hotspot/src/share/vm/prims/jvm.cpp:1304
Event: 12.122 Thread 0xb6607800 Threw 0xa0cdf648 at /HUDSON/workspace/7u-2-build-linux-i586/jdk7u79/2331/hotspot/src/share/vm/prims/jvm.cpp:1304
Event: 14.585 Thread 0xb6607800 Threw 0x9e7f7898 at /HUDSON/workspace/7u-2-build-linux-i586/jdk7u79/2331/hotspot/src/share/vm/prims/jvm.cpp:1304
Event: 16.560 Thread 0xb6607800 Threw 0xa047f440 at /HUDSON/workspace/7u-2-build-linux-i586/jdk7u79/2331/hotspot/src/share/vm/prims/jvm.cpp:1304
Event: 19.944 Thread 0x6b624400 Implicit null exception at 0xb375cf51 to 0xb375d74d
Event: 19.944 Thread 0x6b624400 Implicit null exception at 0xb36bb6e1 to 0xb36bb909
Event: 20.662 Thread 0x6b622c00 Implicit null exception at 0xb3761c2b to 0xb37625e9
Event: 20.662 Thread 0x6b622c00 Implicit null exception at 0xb36a7959 to 0xb36a7a55
Event: 20.954 Thread 0xb6607800 Implicit null exception at 0xb37ae04c to 0xb37afd09

Events (10 events):
Event: 22.089 Thread 0x6b621c00 DEOPT PACKING pc=0xb3758c84 sp=0x6b7fea00
Event: 22.089 Thread 0x6b621c00 DEOPT UNPACKING pc=0xb3607bc8 sp=0x6b7fe984 mode 2
Event: 22.813 Executing VM operation: ParallelGCFailedAllocation
Event: 22.888 Executing VM operation: ParallelGCFailedAllocation done
Event: 23.973 Thread 0x6c096c00 flushing nmethod 0xb36bb588
Event: 23.976 Thread 0x6c096c00 flushing nmethod 0xb375cac8
Event: 25.015 Thread 0x6c096c00 flushing nmethod 0xb36a7848
Event: 25.035 Thread 0x6c096c00 flushing nmethod 0xb3761648
Event: 25.057 Thread 0x6c096c00 flushing nmethod 0xb37ab948
Event: 25.481 Executing VM operation: ParallelGCFailedAllocation


Dynamic libraries:
08048000-08049000 r-xp 00000000 00:18 592627     /home/jithin/jdk1.7.0_79/bin/java
08049000-0804a000 rw-p 00000000 00:18 592627     /home/jithin/jdk1.7.0_79/bin/java
089ea000-08b25000 rw-p 00000000 00:00 0          [heap]
69d00000-69ef6000 rw-p 00000000 00:00 0 
69ef6000-69f00000 ---p 00000000 00:00 0 
69f00000-69fe3000 rw-p 00000000 00:00 0 
69fe3000-6a000000 ---p 00000000 00:00 0 
6a100000-6a1f9000 rw-p 00000000 00:00 0 
6a1f9000-6a200000 ---p 00000000 00:00 0 
6a300000-6a3fe000 rw-p 00000000 00:00 0 
6a3fe000-6a400000 ---p 00000000 00:00 0 
6a400000-6a4e4000 rw-p 00000000 00:00 0 
6a4e4000-6a500000 ---p 00000000 00:00 0 
6a500000-6a5fa000 rw-p 00000000 00:00 0 
6a5fa000-6a600000 ---p 00000000 00:00 0 
6a700000-6a7fe000 rw-p 00000000 00:00 0 
6a7fe000-6a800000 ---p 00000000 00:00 0 
6a900000-6a9fc000 rw-p 00000000 00:00 0 
6a9fc000-6aa00000 ---p 00000000 00:00 0 
6aa00000-6aaec000 rw-p 00000000 00:00 0 
6aaec000-6ab00000 ---p 00000000 00:00 0 
6ab00000-6abf5000 rw-p 00000000 00:00 0 
6abf5000-6ac00000 ---p 00000000 00:00 0 
6ac00000-6ad00000 rw-p 00000000 00:00 0 
6ad00000-6adf8000 rw-p 00000000 00:00 0 
6adf8000-6ae00000 ---p 00000000 00:00 0 
6ae00000-6aef6000 rw-p 00000000 00:00 0 
6aef6000-6af00000 ---p 00000000 00:00 0 
6af00000-6afe7000 rw-p 00000000 00:00 0 
6afe7000-6b000000 ---p 00000000 00:00 0 
6b100000-6b1ff000 rw-p 00000000 00:00 0 
6b1ff000-6b200000 ---p 00000000 00:00 0 
6b300000-6b3ec000 rw-p 00000000 00:00 0 
6b3ec000-6b400000 ---p 00000000 00:00 0 
6b400000-6b4f8000 rw-p 00000000 00:00 0 
6b4f8000-6b500000 ---p 00000000 00:00 0 
6b500000-6b5fc000 rw-p 00000000 00:00 0 
6b5fc000-6b600000 ---p 00000000 00:00 0 
6b600000-6b65b000 rw-p 00000000 00:00 0 
6b65b000-6b700000 ---p 00000000 00:00 0 
6b70d000-6b710000 ---p 00000000 00:00 0 
6b710000-6b75e000 rw-p 00000000 00:00 0          [stack:8996]
6b75e000-6b761000 ---p 00000000 00:00 0 
6b761000-6b7af000 rw-p 00000000 00:00 0          [stack:8995]
6b7af000-6b7b2000 ---p 00000000 00:00 0 
6b7b2000-6b800000 rw-p 00000000 00:00 0          [stack:8993]
6b800000-6b8fe000 rw-p 00000000 00:00 0 
6b8fe000-6b900000 ---p 00000000 00:00 0 
6b90b000-6b90e000 ---p 00000000 00:00 0 
6b90e000-6b95c000 rw-p 00000000 00:00 0          [stack:8992]
6b95c000-6b95f000 ---p 00000000 00:00 0 
6b95f000-6b9ad000 rw-p 00000000 00:00 0          [stack:8991]
6b9ad000-6b9ae000 ---p 00000000 00:00 0 
6b9ae000-6ba2e000 rw-p 00000000 00:00 0          [stack:8970]
6ba2e000-6ba31000 ---p 00000000 00:00 0 
6ba31000-6ba7f000 rw-p 00000000 00:00 0          [stack:8969]
6ba7f000-6ba82000 ---p 00000000 00:00 0 
6ba82000-6bb00000 rw-p 00000000 00:00 0          [stack:8968]
6bb00000-6bd00000 r--p 00000000 08:05 3678467    /usr/lib/locale/locale-archive
6bd00000-6bd21000 rw-p 00000000 00:00 0 
6bd21000-6be00000 ---p 00000000 00:00 0 
6be2e000-6be31000 ---p 00000000 00:00 0 
6be31000-6beaf000 rw-p 00000000 00:00 0          [stack:8967]
6beaf000-6beb2000 ---p 00000000 00:00 0 
6beb2000-6bf00000 rw-p 00000000 00:00 0          [stack:8966]
6bf00000-6bffb000 rw-p 00000000 00:00 0 
6bffb000-6c000000 ---p 00000000 00:00 0 
6c000000-6c0ff000 rw-p 00000000 00:00 0 
6c0ff000-6c100000 ---p 00000000 00:00 0 
6c12e000-6c131000 ---p 00000000 00:00 0 
6c131000-6c17f000 rw-p 00000000 00:00 0          [stack:8963]
6c17f000-6c180000 ---p 00000000 00:00 0 
6c180000-6c200000 rw-p 00000000 00:00 0          [stack:8958]
6c200000-6c3c0000 r--s 039f7000 00:18 592634     /home/jithin/jdk1.7.0_79/jre/lib/rt.jar
6c3c0000-6ea00000 rw-p 00000000 00:00 0 
6ea00000-6eaf1000 rw-p 00000000 00:00 0 
6eaf1000-6eb00000 ---p 00000000 00:00 0 
6eb09000-6eb1e000 r-xp 00000000 00:18 593093     /home/jithin/jdk1.7.0_79/jre/lib/i386/libnet.so
6eb1e000-6eb1f000 rw-p 00014000 00:18 593093     /home/jithin/jdk1.7.0_79/jre/lib/i386/libnet.so
6eb1f000-6eb2d000 r-xp 00000000 00:18 593102     /home/jithin/jdk1.7.0_79/jre/lib/i386/libnio.so
6eb2d000-6eb2e000 rw-p 0000e000 00:18 593102     /home/jithin/jdk1.7.0_79/jre/lib/i386/libnio.so
6eb2e000-6eb31000 ---p 00000000 00:00 0 
6eb31000-6eb7f000 rw-p 00000000 00:00 0          [stack:8961]
6eb7f000-6eb80000 ---p 00000000 00:00 0 
6eb80000-6ec00000 rw-p 00000000 00:00 0          [stack:8954]
6ec00000-6ec21000 rw-p 00000000 00:00 0 
6ec21000-6ed00000 ---p 00000000 00:00 0 
6ed00000-6ed21000 rw-p 00000000 00:00 0 
6ed21000-6ee00000 ---p 00000000 00:00 0 
6ee04000-6ee34000 r--s 0023a000 00:18 1051585    /home/jithin/AndroidStudioProjects/LockEngine/app/build/intermediates/transforms/instantRunSlicer/debug/jars/1/1a/dependencies.jar
6ee34000-6ee7f000 rw-p 00000000 00:00 0 
6ee7f000-6ee80000 ---p 00000000 00:00 0 
6ee80000-6ef00000 rw-p 00000000 00:00 0          [stack:8953]
6ef00000-6ef2f000 rw-p 00000000 00:00 0 
6ef2f000-6f000000 ---p 00000000 00:00 0 
6f00c000-6f067000 rw-p 00000000 00:00 0 
6f067000-6f068000 ---p 00000000 00:00 0 
6f068000-6f0e8000 rw-p 00000000 00:00 0          [stack:8951]
6f0e8000-6f0e9000 ---p 00000000 00:00 0 
6f0e9000-6f171000 rw-p 00000000 00:00 0          [stack:8948]
6f171000-6f189000 rw-p 00000000 00:00 0 
6f189000-6f1b0000 rw-p 00000000 00:00 0 
6f1b0000-6f2df000 rw-p 00000000 00:00 0 
6f2df000-6f2e7000 rw-p 00000000 00:00 0 
6f2e7000-6f2ff000 rw-p 00000000 00:00 0 
6f2ff000-6f326000 rw-p 00000000 00:00 0 
6f326000-6f454000 rw-p 00000000 00:00 0 
6f454000-6f4ff000 rw-p 00000000 00:00 0 
6f4ff000-70500000 rw-p 00000000 00:00 0 
70500000-73500000 rw-p 00000000 00:00 0 
73500000-782c0000 rw-p 00000000 00:00 0 
7ba4d000-7bbc0000 rw-p 00000000 00:00 0 
7bbc0000-9df80000 rw-p 00000000 00:00 0 
9df80000-b3500000 rw-p 00000000 00:00 0 
b3501000-b3526000 rw-p 00000000 00:00 0 
b3526000-b35db000 rw-p 00000000 00:00 0 
b35db000-b387b000 rwxp 00000000 00:00 0 
b387b000-b65db000 rw-p 00000000 00:00 0 
b65db000-b65f2000 r-xp 00000000 00:18 593114     /home/jithin/jdk1.7.0_79/jre/lib/i386/libzip.so
b65f2000-b65f3000 rw-p 00017000 00:18 593114     /home/jithin/jdk1.7.0_79/jre/lib/i386/libzip.so
b65f3000-b65fe000 r-xp 00000000 08:05 4078733    /lib/i386-linux-gnu/libnss_files-2.19.so
b65fe000-b65ff000 r--p 0000a000 08:05 4078733    /lib/i386-linux-gnu/libnss_files-2.19.so
b65ff000-b6600000 rw-p 0000b000 08:05 4078733    /lib/i386-linux-gnu/libnss_files-2.19.so
b6600000-b66f6000 rw-p 00000000 00:00 0 
b66f6000-b6700000 ---p 00000000 00:00 0 
b6706000-b6710000 r-xp 00000000 08:05 4064346    /lib/i386-linux-gnu/libnss_nis-2.19.so
b6710000-b6711000 r--p 00009000 08:05 4064346    /lib/i386-linux-gnu/libnss_nis-2.19.so
b6711000-b6712000 rw-p 0000a000 08:05 4064346    /lib/i386-linux-gnu/libnss_nis-2.19.so
b6712000-b6727000 r-xp 00000000 08:05 4064375    /lib/i386-linux-gnu/libnsl-2.19.so
b6727000-b6728000 r--p 00015000 08:05 4064375    /lib/i386-linux-gnu/libnsl-2.19.so
b6728000-b6729000 rw-p 00016000 08:05 4064375    /lib/i386-linux-gnu/libnsl-2.19.so
b6729000-b672b000 rw-p 00000000 00:00 0 
b672e000-b673d000 r--s 000df000 00:18 676658     /home/jithin/adt-bundle-linux-x86-20140702/sdk/build-tools/23.0.2/lib/dx.jar
b673d000-b6745000 rw-s 00000000 08:05 4983996    /tmp/hsperfdata_jithin/8916
b6745000-b6768000 r-xp 00000000 00:18 593079     /home/jithin/jdk1.7.0_79/jre/lib/i386/libjava.so
b6768000-b6769000 rw-p 00023000 00:18 593079     /home/jithin/jdk1.7.0_79/jre/lib/i386/libjava.so
b6769000-b6770000 r-xp 00000000 08:05 4078734    /lib/i386-linux-gnu/librt-2.19.so
b6770000-b6771000 r--p 00006000 08:05 4078734    /lib/i386-linux-gnu/librt-2.19.so
b6771000-b6772000 rw-p 00007000 08:05 4078734    /lib/i386-linux-gnu/librt-2.19.so
b6772000-b6775000 ---p 00000000 00:00 0 
b6775000-b67c3000 rw-p 00000000 00:00 0          [stack:8940]
b67c3000-b6807000 r-xp 00000000 08:05 4078724    /lib/i386-linux-gnu/libm-2.19.so
b6807000-b6808000 r--p 00043000 08:05 4078724    /lib/i386-linux-gnu/libm-2.19.so
b6808000-b6809000 rw-p 00044000 08:05 4078724    /lib/i386-linux-gnu/libm-2.19.so
b6809000-b7090000 r-xp 00000000 00:18 593113     /home/jithin/jdk1.7.0_79/jre/lib/i386/server/libjvm.so
b7090000-b70f5000 rw-p 00886000 00:18 593113     /home/jithin/jdk1.7.0_79/jre/lib/i386/server/libjvm.so
b70f5000-b7518000 rw-p 00000000 00:00 0 
b7518000-b76c0000 r-xp 00000000 08:05 4064251    /lib/i386-linux-gnu/libc-2.19.so
b76c0000-b76c2000 r--p 001a8000 08:05 4064251    /lib/i386-linux-gnu/libc-2.19.so
b76c2000-b76c3000 rw-p 001aa000 08:05 4064251    /lib/i386-linux-gnu/libc-2.19.so
b76c3000-b76c6000 rw-p 00000000 00:00 0 
b76c6000-b76c9000 r-xp 00000000 08:05 4064305    /lib/i386-linux-gnu/libdl-2.19.so
b76c9000-b76ca000 r--p 00002000 08:05 4064305    /lib/i386-linux-gnu/libdl-2.19.so
b76ca000-b76cb000 rw-p 00003000 08:05 4064305    /lib/i386-linux-gnu/libdl-2.19.so
b76cb000-b76cc000 rw-p 00000000 00:00 0 
b76cc000-b76df000 r-xp 00000000 00:18 591428     /home/jithin/jdk1.7.0_79/lib/i386/jli/libjli.so
b76df000-b76e0000 rw-p 00012000 00:18 591428     /home/jithin/jdk1.7.0_79/lib/i386/jli/libjli.so
b76e0000-b76f8000 r-xp 00000000 08:05 4078729    /lib/i386-linux-gnu/libpthread-2.19.so
b76f8000-b76f9000 r--p 00018000 08:05 4078729    /lib/i386-linux-gnu/libpthread-2.19.so
b76f9000-b76fa000 rw-p 00019000 08:05 4078729    /lib/i386-linux-gnu/libpthread-2.19.so
b76fa000-b76fd000 rw-p 00000000 00:00 0 
b76fd000-b76fe000 rw-p 00000000 00:00 0 
b76fe000-b76ff000 r--p 00850000 08:05 3678467    /usr/lib/locale/locale-archive
b76ff000-b7706000 r-xp 00000000 08:05 4078725    /lib/i386-linux-gnu/libnss_compat-2.19.so
b7706000-b7707000 r--p 00006000 08:05 4078725    /lib/i386-linux-gnu/libnss_compat-2.19.so
b7707000-b7708000 rw-p 00007000 08:05 4078725    /lib/i386-linux-gnu/libnss_compat-2.19.so
b7708000-b7709000 rw-p 00000000 00:00 0 
b7709000-b770a000 ---p 00000000 00:00 0 
b770a000-b7715000 r-xp 00000000 00:18 593062     /home/jithin/jdk1.7.0_79/jre/lib/i386/libverify.so
b7715000-b7716000 rw-p 0000b000 00:18 593062     /home/jithin/jdk1.7.0_79/jre/lib/i386/libverify.so
b7716000-b7718000 rw-p 00000000 00:00 0 
b7718000-b7719000 r-xp 00000000 00:00 0          [vdso]
b7719000-b7739000 r-xp 00000000 08:05 4064326    /lib/i386-linux-gnu/ld-2.19.so
b7739000-b773a000 r--p 0001f000 08:05 4064326    /lib/i386-linux-gnu/ld-2.19.so
b773a000-b773b000 rw-p 00020000 08:05 4064326    /lib/i386-linux-gnu/ld-2.19.so
bfb50000-bfb51000 rwxp 00000000 00:00 0 
bfb82000-bfba4000 rw-p 00000000 00:00 0          [stack]

VM Arguments:
jvm_args: -Djava.awt.headless=true -Xmx1024M -Dfile.encoding=UTF-8 -Duser.country=IN -Duser.language=en -Duser.variant 
java_command: com.android.dx.command.Main --dex --num-threads=4 --multi-dex --output /home/jithin/AndroidStudioProjects/LockEngine/app/build/intermediates/transforms/dex/debug/folders/1000/1a/dependencies_affabf0695ff26df300af691b3a50b8dab81cd7b /home/jithin/AndroidStudioProjects/LockEngine/app/build/intermediates/transforms/instantRunSlicer/debug/jars/1/1a/dependencies.jar
Launcher Type: SUN_STANDARD

Environment Variables:
PATH=/usr/local/sbin:/usr/local/bin:/usr/sbin:/usr/bin:/sbin:/bin:/usr/games:/usr/local/games:/home/jithin/adt-bundle-linux-x86-20140702/sdk/platform-tools:/home/jithin/scripts:/home/jithin/adt-bundle-linux-x86-20140702/eclipse:/home/jithin/android-ndk-r9/:/home/jithin/code/binaries/
LD_LIBRARY_PATH=.:
SHELL=/bin/bash
DISPLAY=:0

Signal Handlers:
SIGSEGV: [libjvm.so+0x7eb620], sa_mask[0]=0x7ffbfeff, sa_flags=0x10000004
SIGBUS: [libjvm.so+0x7eb620], sa_mask[0]=0x7ffbfeff, sa_flags=0x10000004
SIGFPE: [libjvm.so+0x6835c0], sa_mask[0]=0x7ffbfeff, sa_flags=0x10000004
SIGPIPE: [libjvm.so+0x6835c0], sa_mask[0]=0x7ffbfeff, sa_flags=0x10000004
SIGXFSZ: [libjvm.so+0x6835c0], sa_mask[0]=0x7ffbfeff, sa_flags=0x10000004
SIGILL: [libjvm.so+0x6835c0], sa_mask[0]=0x7ffbfeff, sa_flags=0x10000004
SIGUSR1: SIG_DFL, sa_mask[0]=0x00000000, sa_flags=0x00000000
SIGUSR2: [libjvm.so+0x684dc0], sa_mask[0]=0x00000004, sa_flags=0x10000004
SIGHUP: [libjvm.so+0x6860f0], sa_mask[0]=0x7ffbfeff, sa_flags=0x10000004
SIGINT: [libjvm.so+0x6860f0], sa_mask[0]=0x7ffbfeff, sa_flags=0x10000004
SIGTERM: [libjvm.so+0x6860f0], sa_mask[0]=0x7ffbfeff, sa_flags=0x10000004
SIGQUIT: [libjvm.so+0x6860f0], sa_mask[0]=0x7ffbfeff, sa_flags=0x10000004


---------------  S Y S T E M  ---------------

OS:jessie/sid

uname:Linux 3.13.0-76-generic #120-Ubuntu SMP Mon Jan 18 15:58:41 UTC 2016 i686
libc:glibc 2.19 NPTL 2.19 
rlimit: STACK 8192k, CORE 0k, NPROC 31169, NOFILE 4096, AS infinity
load average:7.80 3.33 2.27

/proc/meminfo:
MemTotal:        4016428 kB
MemFree:          210196 kB
Buffers:             784 kB
Cached:           438344 kB
SwapCached:            0 kB
Active:          3263344 kB
Inactive:         423780 kB
Active(anon):    3252076 kB
Inactive(anon):   373596 kB
Active(file):      11268 kB
Inactive(file):    50184 kB
Unevictable:         752 kB
Mlocked:             752 kB
HighTotal:       3166156 kB
HighFree:          44412 kB
LowTotal:         850272 kB
LowFree:          165784 kB
SwapTotal:             0 kB
SwapFree:              0 kB
Dirty:               132 kB
Writeback:             0 kB
AnonPages:       3248932 kB
Mapped:           213096 kB
Shmem:            377496 kB
Slab:              60580 kB
SReclaimable:      23464 kB
SUnreclaim:        37116 kB
KernelStack:        6264 kB
PageTables:        21784 kB
NFS_Unstable:          0 kB
Bounce:               72 kB
WritebackTmp:          0 kB
CommitLimit:     2008212 kB
Committed_AS:   10786820 kB
VmallocTotal:     122880 kB
VmallocUsed:       67704 kB
VmallocChunk:      28028 kB
HardwareCorrupted:     0 kB
AnonHugePages:    952320 kB
HugePages_Total:       0
HugePages_Free:        0
HugePages_Rsvd:        0
HugePages_Surp:        0
Hugepagesize:       2048 kB
DirectMap4k:       38904 kB
DirectMap2M:      872448 kB


CPU:total 4 (2 cores per cpu, 2 threads per core) family 6 model 58 stepping 9, cmov, cx8, fxsr, mmx, sse, sse2, sse3, ssse3, sse4.1, sse4.2, popcnt, avx, erms, ht, tsc, tscinvbit, tscinv

/proc/cpuinfo:
processor	: 0
vendor_id	: GenuineIntel
cpu family	: 6
model		: 58
model name	: Intel(R) Core(TM) i3-3217U CPU @ 1.80GHz
stepping	: 9
microcode	: 0x15
cpu MHz		: 1801.000
cache size	: 3072 KB
physical id	: 0
siblings	: 4
core id		: 0
cpu cores	: 2
apicid		: 0
initial apicid	: 0
fdiv_bug	: no
f00f_bug	: no
coma_bug	: no
fpu		: yes
fpu_exception	: yes
cpuid level	: 13
wp		: yes
flags		: fpu vme de pse tsc msr pae mce cx8 apic sep mtrr pge mca cmov pat pse36 clflush dts acpi mmx fxsr sse sse2 ss ht tm pbe nx rdtscp lm constant_tsc arch_perfmon pebs bts xtopology nonstop_tsc aperfmperf eagerfpu pni pclmulqdq dtes64 monitor ds_cpl vmx est tm2 ssse3 cx16 xtpr pdcm pcid sse4_1 sse4_2 x2apic popcnt tsc_deadline_timer xsave avx f16c lahf_lm ida arat epb xsaveopt pln pts dtherm tpr_shadow vnmi flexpriority ept vpid fsgsbase smep erms
bogomips	: 3591.78
clflush size	: 64
cache_alignment	: 64
address sizes	: 36 bits physical, 48 bits virtual
power management:

processor	: 1
vendor_id	: GenuineIntel
cpu family	: 6
model		: 58
model name	: Intel(R) Core(TM) i3-3217U CPU @ 1.80GHz
stepping	: 9
microcode	: 0x15
cpu MHz		: 1801.000
cache size	: 3072 KB
physical id	: 0
siblings	: 4
core id		: 1
cpu cores	: 2
apicid		: 2
initial apicid	: 2
fdiv_bug	: no
f00f_bug	: no
coma_bug	: no
fpu		: yes
fpu_exception	: yes
cpuid level	: 13
wp		: yes
flags		: fpu vme de pse tsc msr pae mce cx8 apic sep mtrr pge mca cmov pat pse36 clflush dts acpi mmx fxsr sse sse2 ss ht tm pbe nx rdtscp lm constant_tsc arch_perfmon pebs bts xtopology nonstop_tsc aperfmperf eagerfpu pni pclmulqdq dtes64 monitor ds_cpl vmx est tm2 ssse3 cx16 xtpr pdcm pcid sse4_1 sse4_2 x2apic popcnt tsc_deadline_timer xsave avx f16c lahf_lm ida arat epb xsaveopt pln pts dtherm tpr_shadow vnmi flexpriority ept vpid fsgsbase smep erms
bogomips	: 3591.78
clflush size	: 64
cache_alignment	: 64
address sizes	: 36 bits physical, 48 bits virtual
power management:

processor	: 2
vendor_id	: GenuineIntel
cpu family	: 6
model		: 58
model name	: Intel(R) Core(TM) i3-3217U CPU @ 1.80GHz
stepping	: 9
microcode	: 0x15
cpu MHz		: 1801.000
cache size	: 3072 KB
physical id	: 0
siblings	: 4
core id		: 0
cpu cores	: 2
apicid		: 1
initial apicid	: 1
fdiv_bug	: no
f00f_bug	: no
coma_bug	: no
fpu		: yes
fpu_exception	: yes
cpuid level	: 13
wp		: yes
flags		: fpu vme de pse tsc msr pae mce cx8 apic sep mtrr pge mca cmov pat pse36 clflush dts acpi mmx fxsr sse sse2 ss ht tm pbe nx rdtscp lm constant_tsc arch_perfmon pebs bts xtopology nonstop_tsc aperfmperf eagerfpu pni pclmulqdq dtes64 monitor ds_cpl vmx est tm2 ssse3 cx16 xtpr pdcm pcid sse4_1 sse4_2 x2apic popcnt tsc_deadline_timer xsave avx f16c lahf_lm ida arat epb xsaveopt pln pts dtherm tpr_shadow vnmi flexpriority ept vpid fsgsbase smep erms
bogomips	: 3591.78
clflush size	: 64
cache_alignment	: 64
address sizes	: 36 bits physical, 48 bits virtual
power management:

processor	: 3
vendor_id	: GenuineIntel
cpu family	: 6
model		: 58
model name	: Intel(R) Core(TM) i3-3217U CPU @ 1.80GHz
stepping	: 9
microcode	: 0x15
cpu MHz		: 1801.000
cache size	: 3072 KB
physical id	: 0
siblings	: 4
core id		: 1
cpu cores	: 2
apicid		: 3
initial apicid	: 3
fdiv_bug	: no
f00f_bug	: no
coma_bug	: no
fpu		: yes
fpu_exception	: yes
cpuid level	: 13
wp		: yes
flags		: fpu vme de pse tsc msr pae mce cx8 apic sep mtrr pge mca cmov pat pse36 clflush dts acpi mmx fxsr sse sse2 ss ht tm pbe nx rdtscp lm constant_tsc arch_perfmon pebs bts xtopology nonstop_tsc aperfmperf eagerfpu pni pclmulqdq dtes64 monitor ds_cpl vmx est tm2 ssse3 cx16 xtpr pdcm pcid sse4_1 sse4_2 x2apic popcnt tsc_deadline_timer xsave avx f16c lahf_lm ida arat epb xsaveopt pln pts dtherm tpr_shadow vnmi flexpriority ept vpid fsgsbase smep erms
bogomips	: 3591.78
clflush size	: 64
cache_alignment	: 64
address sizes	: 36 bits physical, 48 bits virtual
power management:



Memory: 4k page, physical 4016428k(209948k free), swap 0k(0k free)

vm_info: Java HotSpot(TM) Server VM (24.79-b02) for linux-x86 JRE (1.7.0_79-b15), built on Apr 10 2015 11:52:49 by "java_re" with gcc 4.3.0 20080428 (Red Hat 4.3.0-8)

time: Sat Jan 30 13:42:10 2016
elapsed time: 40 seconds

