#
# There is insufficient memory for the Java Runtime Environment to continue.
# Native memory allocation (malloc) failed to allocate 87031808 bytes for committing reserved memory.
# Possible reasons:
#   The system is out of physical RAM or swap space
#   In 32 bit mode, the process size limit was hit
# Possible solutions:
#   Reduce memory load on the system
#   Increase physical memory or swap space
#   Check if swap backing store is full
#   Use 64 bit Java on a 64 bit OS
#   Decrease Java heap size (-Xmx/-Xms)
#   Decrease number of Java threads
#   Decrease Java thread stack sizes (-Xss)
#   Set larger code cache with -XX:ReservedCodeCacheSize=
# This output file may be truncated or incomplete.
#
#  Out of Memory Error (os_linux.cpp:2756), pid=9977, tid=1814035264
#
# JRE version: Java(TM) SE Runtime Environment (7.0_79-b15) (build 1.7.0_79-b15)
# Java VM: Java HotSpot(TM) Server VM (24.79-b02 mixed mode linux-x86 )
# Failed to write core dump. Core dumps have been disabled. To enable core dumping, try "ulimit -c unlimited" before starting Java again
#

---------------  T H R E A D  ---------------

Current thread (0x6c080800):  VMThread [stack: 0x6c17f000,0x6c200000] [id=10011]

Stack: [0x6c17f000,0x6c200000],  sp=0x6c1fe820,  free space=510k
Native frames: (J=compiled Java code, j=interpreted, Vv=VM code, C=native code)
V  [libjvm.so+0x7eab16]  VMError::report_and_die()+0x1a6
V  [libjvm.so+0x33e222]  report_vm_out_of_memory(char const*, int, unsigned int, char const*)+0x72
V  [libjvm.so+0x686a41]  os::Linux::commit_memory_impl(char*, unsigned int, bool)+0xe1
V  [libjvm.so+0x686f08]  os::pd_commit_memory(char*, unsigned int, unsigned int, bool)+0x28
V  [libjvm.so+0x68064c]  os::commit_memory(char*, unsigned int, unsigned int, bool)+0x2c
V  [libjvm.so+0x6eae98]  PSVirtualSpace::expand_by(unsigned int)+0x48
V  [libjvm.so+0x6ebf9a]  PSYoungGen::resize_generation(unsigned int, unsigned int)+0xda
V  [libjvm.so+0x6eb2d9]  PSYoungGen::resize(unsigned int, unsigned int)+0x19
V  [libjvm.so+0x6e8c09]  PSScavenge::invoke_no_policy()+0xcf9
V  [libjvm.so+0x6e9468]  PSScavenge::invoke()+0x28
V  [libjvm.so+0x6a6fea]  ParallelScavengeHeap::failed_mem_allocate(unsigned int)+0x5a
V  [libjvm.so+0x7ec3aa]  VM_ParallelGCFailedAllocation::doit()+0x7a
V  [libjvm.so+0x7f51c7]  VM_Operation::evaluate()+0x47
V  [libjvm.so+0x7f3263]  VMThread::evaluate_operation(VM_Operation*)+0xb3
V  [libjvm.so+0x7f3600]  VMThread::loop()+0x1b0
V  [libjvm.so+0x7f3a65]  VMThread::run()+0x85
V  [libjvm.so+0x688d19]  java_start(Thread*)+0x119
C  [libpthread.so.0+0x6f70]  start_thread+0xd0

VM_Operation (0x6b9ab774): ParallelGCFailedAllocation, mode: safepoint, requested by thread 0x6b825000


---------------  P R O C E S S  ---------------

Java Threads: ( => current thread )
  0x6b82a800 JavaThread "pool-1-thread-4" [_thread_blocked, id=10053, stack(0x6b70d000,0x6b75e000)]
  0x6b829800 JavaThread "pool-1-thread-3" [_thread_blocked, id=10052, stack(0x6b75e000,0x6b7af000)]
  0x6b828400 JavaThread "pool-1-thread-2" [_thread_blocked, id=10050, stack(0x6b7af000,0x6b800000)]
  0x6b827400 JavaThread "pool-2-thread-1" [_thread_blocked, id=10049, stack(0x6b90b000,0x6b95c000)]
  0x6b825000 JavaThread "pool-1-thread-1" [_thread_blocked, id=10048, stack(0x6b95c000,0x6b9ad000)]
  0x6c09ac00 JavaThread "Service Thread" daemon [_thread_blocked, id=10035, stack(0x6ba2e000,0x6ba7f000)]
  0x6c098c00 JavaThread "C2 CompilerThread1" daemon [_thread_blocked, id=10034, stack(0x6ba7f000,0x6bb00000)]
  0x6c096c00 JavaThread "C2 CompilerThread0" daemon [_thread_blocked, id=10033, stack(0x6be2e000,0x6beaf000)]
  0x6c095400 JavaThread "Signal Dispatcher" daemon [_thread_blocked, id=10032, stack(0x6beaf000,0x6bf00000)]
  0x6c084800 JavaThread "Finalizer" daemon [_thread_blocked, id=10015, stack(0x6c12e000,0x6c17f000)]
  0x6c083000 JavaThread "Reference Handler" daemon [_thread_blocked, id=10013, stack(0x6eb2e000,0x6eb7f000)]
  0xb6607800 JavaThread "main" [_thread_blocked, id=9985, stack(0xb677a000,0xb67cb000)]

Other Threads:
=>0x6c080800 VMThread [stack: 0x6c17f000,0x6c200000] [id=10011]
  0x6c0a4c00 WatcherThread [stack: 0x6b9ad000,0x6ba2e000] [id=10036]

VM state:at safepoint (normal execution)

VM Mutex/Monitor currently owned by a thread:  ([mutex/lock_event])
[0xb6604ff8] Threads_lock - owner thread: 0x6c080800
[0xb6605408] Heap_lock - owner thread: 0x6b825000

Heap
 PSYoungGen      total 66048K, used 2555K [0x9df80000, 0xa2280000, 0xb3500000)
  eden space 63488K, 0% used [0x9df80000,0x9df80000,0xa1d80000)
  from space 2560K, 99% used [0xa1d80000,0xa1ffecb8,0xa2000000)
  to   space 2560K, 0% used [0xa2000000,0xa2000000,0xa2280000)
 ParOldGen       total 41728K, used 22429K [0x73500000, 0x75dc0000, 0x9df80000)
  object space 41728K, 53% used [0x73500000,0x74ae74c8,0x75dc0000)
 PSPermGen       total 16384K, used 3955K [0x6f500000, 0x70500000, 0x73500000)
  object space 16384K, 24% used [0x6f500000,0x6f8dce00,0x70500000)

Card table byte_map: [0x6f2df000,0x6f500000] byte_map_base: 0x6ef64800

Polling page: 0xb7711000

Code Cache  [0xb35e8000, 0xb3828000, 0xb65e8000)
 total_blobs=389 nmethods=266 adapters=76 free_code_cache=48207Kb largest_free_block=49320320

Compilation events (10 events):
Event: 21.953 Thread 0x6c096c00 nmethod 264 0xb3660448 code [0xb3660540, 0xb36605f0]
Event: 21.953 Thread 0x6c096c00  265             com.android.dx.dex.code.CodeAddress::<init> (11 bytes)
Event: 21.954 Thread 0x6c096c00 nmethod 265 0xb365e288 code [0xb365e380, 0xb365e410]
Event: 21.954 Thread 0x6c096c00  266             com.android.dx.ssa.SsaMethod::buildUseList (112 bytes)
Event: 22.248 Thread 0x6c096c00 nmethod 266 0xb36c3b88 code [0xb36c3d40, 0xb36c4744]
Event: 22.248 Thread 0x6c096c00  267             com.android.dx.cf.code.Frame::getStack (5 bytes)
Event: 22.248 Thread 0x6c096c00 nmethod 267 0xb36c5b88 code [0xb36c5c60, 0xb36c5cb0]
Event: 22.248 Thread 0x6c096c00  268   !         com.android.dx.rop.code.LocalVariableInfo::getStarts0 (18 bytes)
Event: 22.249 Thread 0x6c096c00 nmethod 268 0xb36c5988 code [0xb36c5a80, 0xb36c5af0]
Event: 22.249 Thread 0x6c096c00  269   !         com.android.dx.cf.code.Ropper::processBlock (1101 bytes)

GC Heap History (9 events):
Event: 2.115 GC heap before
{Heap before GC invocations=1 (full 0):
 PSYoungGen      total 18432K, used 15872K [0x9df80000, 0x9f400000, 0xb3500000)
  eden space 15872K, 100% used [0x9df80000,0x9ef00000,0x9ef00000)
  from space 2560K, 0% used [0x9f180000,0x9f180000,0x9f400000)
  to   space 2560K, 0% used [0x9ef00000,0x9ef00000,0x9f180000)
 ParOldGen       total 41728K, used 0K [0x73500000, 0x75dc0000, 0x9df80000)
  object space 41728K, 0% used [0x73500000,0x73500000,0x75dc0000)
 PSPermGen       total 16384K, used 3703K [0x6f500000, 0x70500000, 0x73500000)
  object space 16384K, 22% used [0x6f500000,0x6f89de20,0x70500000)
Event: 2.135 GC heap after
Heap after GC invocations=1 (full 0):
 PSYoungGen      total 18432K, used 2554K [0x9df80000, 0xa0380000, 0xb3500000)
  eden space 15872K, 0% used [0x9df80000,0x9df80000,0x9ef00000)
  from space 2560K, 99% used [0x9ef00000,0x9f17eaf0,0x9f180000)
  to   space 2560K, 0% used [0xa0100000,0xa0100000,0xa0380000)
 ParOldGen       total 41728K, used 691K [0x73500000, 0x75dc0000, 0x9df80000)
  object space 41728K, 1% used [0x73500000,0x735acc78,0x75dc0000)
 PSPermGen       total 16384K, used 3703K [0x6f500000, 0x70500000, 0x73500000)
  object space 16384K, 22% used [0x6f500000,0x6f89de20,0x70500000)
}
Event: 4.251 GC heap before
{Heap before GC invocations=2 (full 0):
 PSYoungGen      total 18432K, used 18426K [0x9df80000, 0xa0380000, 0xb3500000)
  eden space 15872K, 100% used [0x9df80000,0x9ef00000,0x9ef00000)
  from space 2560K, 99% used [0x9ef00000,0x9f17eaf0,0x9f180000)
  to   space 2560K, 0% used [0xa0100000,0xa0100000,0xa0380000)
 ParOldGen       total 41728K, used 691K [0x73500000, 0x75dc0000, 0x9df80000)
  object space 41728K, 1% used [0x73500000,0x735acc78,0x75dc0000)
 PSPermGen       total 16384K, used 3858K [0x6f500000, 0x70500000, 0x73500000)
  object space 16384K, 23% used [0x6f500000,0x6f8c4998,0x70500000)
Event: 4.303 GC heap after
Heap after GC invocations=2 (full 0):
 PSYoungGen      total 34304K, used 2547K [0x9df80000, 0xa0380000, 0xb3500000)
  eden space 31744K, 0% used [0x9df80000,0x9df80000,0x9fe80000)
  from space 2560K, 99% used [0xa0100000,0xa037cd58,0xa0380000)
  to   space 2560K, 0% used [0x9fe80000,0x9fe80000,0xa0100000)
 ParOldGen       total 41728K, used 2404K [0x73500000, 0x75dc0000, 0x9df80000)
  object space 41728K, 5% used [0x73500000,0x73759390,0x75dc0000)
 PSPermGen       total 16384K, used 3858K [0x6f500000, 0x70500000, 0x73500000)
  object space 16384K, 23% used [0x6f500000,0x6f8c4998,0x70500000)
}
Event: 11.995 GC heap before
{Heap before GC invocations=3 (full 0):
 PSYoungGen      total 34304K, used 34291K [0x9df80000, 0xa0380000, 0xb3500000)
  eden space 31744K, 100% used [0x9df80000,0x9fe80000,0x9fe80000)
  from space 2560K, 99% used [0xa0100000,0xa037cd58,0xa0380000)
  to   space 2560K, 0% used [0x9fe80000,0x9fe80000,0xa0100000)
 ParOldGen       total 41728K, used 2404K [0x73500000, 0x75dc0000, 0x9df80000)
  object space 41728K, 5% used [0x73500000,0x73759390,0x75dc0000)
 PSPermGen       total 16384K, used 3906K [0x6f500000, 0x70500000, 0x73500000)
  object space 16384K, 23% used [0x6f500000,0x6f8d0940,0x70500000)
Event: 12.078 GC heap after
Heap after GC invocations=3 (full 0):
 PSYoungGen      total 34304K, used 2557K [0x9df80000, 0xa2280000, 0xb3500000)
  eden space 31744K, 0% used [0x9df80000,0x9df80000,0x9fe80000)
  from space 2560K, 99% used [0x9fe80000,0xa00ff570,0xa0100000)
  to   space 2560K, 0% used [0xa2000000,0xa2000000,0xa2280000)
 ParOldGen       total 41728K, used 7746K [0x73500000, 0x75dc0000, 0x9df80000)
  object space 41728K, 18% used [0x73500000,0x73c90a70,0x75dc0000)
 PSPermGen       total 16384K, used 3906K [0x6f500000, 0x70500000, 0x73500000)
  object space 16384K, 23% used [0x6f500000,0x6f8d0940,0x70500000)
}
Event: 15.471 GC heap before
{Heap before GC invocations=4 (full 0):
 PSYoungGen      total 34304K, used 34301K [0x9df80000, 0xa2280000, 0xb3500000)
  eden space 31744K, 100% used [0x9df80000,0x9fe80000,0x9fe80000)
  from space 2560K, 99% used [0x9fe80000,0xa00ff570,0xa0100000)
  to   space 2560K, 0% used [0xa2000000,0xa2000000,0xa2280000)
 ParOldGen       total 41728K, used 7746K [0x73500000, 0x75dc0000, 0x9df80000)
  object space 41728K, 18% used [0x73500000,0x73c90a70,0x75dc0000)
 PSPermGen       total 16384K, used 3929K [0x6f500000, 0x70500000, 0x73500000)
  object space 16384K, 23% used [0x6f500000,0x6f8d6798,0x70500000)
Event: 15.583 GC heap after
Heap after GC invocations=4 (full 0):
 PSYoungGen      total 66048K, used 2554K [0x9df80000, 0xa2280000, 0xb3500000)
  eden space 63488K, 0% used [0x9df80000,0x9df80000,0xa1d80000)
  from space 2560K, 99% used [0xa2000000,0xa227ea78,0xa2280000)
  to   space 2560K, 0% used [0xa1d80000,0xa1d80000,0xa2000000)
 ParOldGen       total 41728K, used 13045K [0x73500000, 0x75dc0000, 0x9df80000)
  object space 41728K, 31% used [0x73500000,0x741bd758,0x75dc0000)
 PSPermGen       total 16384K, used 3929K [0x6f500000, 0x70500000, 0x73500000)
  object space 16384K, 23% used [0x6f500000,0x6f8d6798,0x70500000)
}
Event: 24.111 GC heap before
{Heap before GC invocations=5 (full 0):
 PSYoungGen      total 66048K, used 66042K [0x9df80000, 0xa2280000, 0xb3500000)
  eden space 63488K, 100% used [0x9df80000,0xa1d80000,0xa1d80000)
  from space 2560K, 99% used [0xa2000000,0xa227ea78,0xa2280000)
  to   space 2560K, 0% used [0xa1d80000,0xa1d80000,0xa2000000)
 ParOldGen       total 41728K, used 13045K [0x73500000, 0x75dc0000, 0x9df80000)
  object space 41728K, 31% used [0x73500000,0x741bd758,0x75dc0000)
 PSPermGen       total 16384K, used 3955K [0x6f500000, 0x70500000, 0x73500000)
  object space 16384K, 24% used [0x6f500000,0x6f8dce00,0x70500000)

Deoptimization events (10 events):
Event: 4.190 Thread 0x6b828400 Uncommon trap: reason=bimorphic action=maybe_recompile pc=0xb365d850 method=com.android.dx.ssa.NormalSsaInsn.accept(Lcom/android/dx/ssa/SsaInsn$Visitor;)V @ 9
Event: 4.373 Thread 0x6b82a800 Uncommon trap: reason=null_check action=make_not_entrant pc=0xb366e16c method=com.android.dx.ssa.SsaRenamer.getLocalForNewReg(I)Lcom/android/dx/rop/code/LocalItem; @ 19
Event: 5.961 Thread 0xb6607800 Uncommon trap: reason=unreached action=reinterpret pc=0xb3647a94 method=com.android.dx.rop.cst.Constant.compareTo(Lcom/android/dx/rop/cst/Constant;)I @ 12
Event: 7.325 Thread 0xb6607800 Uncommon trap: reason=unreached action=reinterpret pc=0xb3697934 method=com.android.dx.ssa.LocalVariableExtractor.processBlock(I)V @ 251
Event: 9.927 Thread 0xb6607800 Uncommon trap: reason=null_check action=make_not_entrant pc=0xb367de98 method=com.android.dx.rop.type.Type.putIntern(Lcom/android/dx/rop/type/Type;)Lcom/android/dx/rop/type/Type; @ 18
Event: 11.162 Thread 0xb6607800 Uncommon trap: reason=bimorphic action=maybe_recompile pc=0xb367c2d8 method=java.util.HashMap.put(Ljava/lang/Object;Ljava/lang/Object;)Ljava/lang/Object; @ 83
Event: 11.162 Thread 0xb6607800 Uncommon trap: reason=bimorphic action=maybe_recompile pc=0xb367c2d8 method=java.util.HashMap.put(Ljava/lang/Object;Ljava/lang/Object;)Ljava/lang/Object; @ 83
Event: 11.162 Thread 0xb6607800 Uncommon trap: reason=bimorphic action=maybe_recompile pc=0xb367c2d8 method=java.util.HashMap.put(Ljava/lang/Object;Ljava/lang/Object;)Ljava/lang/Object; @ 83
Event: 11.162 Thread 0xb6607800 Uncommon trap: reason=bimorphic action=maybe_recompile pc=0xb367c2d8 method=java.util.HashMap.put(Ljava/lang/Object;Ljava/lang/Object;)Ljava/lang/Object; @ 83
Event: 20.644 Thread 0x6b82a800 Uncommon trap: reason=unreached action=reinterpret pc=0xb36b0cc0 method=com.android.dx.ssa.SCCP.simulateBranch(Lcom/android/dx/ssa/SsaInsn;)V @ 132

Internal exceptions (10 events):
Event: 1.847 Thread 0xb6607800 Threw 0x9eb42e18 at /HUDSON/workspace/7u-2-build-linux-i586/jdk7u79/2331/hotspot/src/share/vm/prims/jvm.cpp:1304
Event: 2.267 Thread 0x6b825000 Threw 0x9e0fd2d0 at /HUDSON/workspace/7u-2-build-linux-i586/jdk7u79/2331/hotspot/src/share/vm/prims/jvm.cpp:1304
Event: 2.540 Thread 0x6b82a800 Implicit null exception at 0xb364befc to 0xb364c0d5
Event: 2.923 Thread 0x6b828400 Threw 0x9e4a8cf8 at /HUDSON/workspace/7u-2-build-linux-i586/jdk7u79/2331/hotspot/src/share/vm/prims/jvm.cpp:1304
Event: 3.186 Thread 0x6b829800 Threw 0x9e675dc8 at /HUDSON/workspace/7u-2-build-linux-i586/jdk7u79/2331/hotspot/src/share/vm/prims/jvm.cpp:1304
Event: 4.373 Thread 0x6b82a800 Implicit null exception at 0xb366d843 to 0xb366e15d
Event: 9.927 Thread 0xb6607800 Implicit null exception at 0xb367d8ba to 0xb367de89
Event: 10.156 Thread 0xb6607800 Threw 0x9efb3930 at /HUDSON/workspace/7u-2-build-linux-i586/jdk7u79/2331/hotspot/src/share/vm/prims/jvm.cpp:1304
Event: 13.568 Thread 0x6b829800 Threw 0x9ed971b0 at /HUDSON/workspace/7u-2-build-linux-i586/jdk7u79/2331/hotspot/src/share/vm/prims/jvm.cpp:1304
Event: 14.949 Thread 0x6b82a800 Threw 0x9fa6a938 at /HUDSON/workspace/7u-2-build-linux-i586/jdk7u79/2331/hotspot/src/share/vm/prims/jvm.cpp:1304

Events (10 events):
Event: 13.568 loading class 0x6bd08000 done
Event: 14.948 loading class 0x6bd15320
Event: 14.948 loading class 0x6bd15320 done
Event: 15.463 Executing VM operation: ParallelGCFailedAllocation
Event: 15.583 Executing VM operation: ParallelGCFailedAllocation done
Event: 20.644 Thread 0x6b82a800 Uncommon trap: trap_request=0xffffffad fr.pc=0xb36b0cc0
Event: 20.644 Thread 0x6b82a800 DEOPT PACKING pc=0xb36b0cc0 sp=0x6b75ca50
Event: 20.644 Thread 0x6b82a800 DEOPT UNPACKING pc=0xb3614bc8 sp=0x6b75ca6c mode 2
Event: 22.248 Thread 0x6c096c00 flushing nmethod 0xb366d2c8
Event: 24.075 Executing VM operation: ParallelGCFailedAllocation


Dynamic libraries:
08048000-08049000 r-xp 00000000 00:18 592627     /home/jithin/jdk1.7.0_79/bin/java
08049000-0804a000 rw-p 00000000 00:18 592627     /home/jithin/jdk1.7.0_79/bin/java
0879d000-088c5000 rw-p 00000000 00:00 0          [heap]
69b00000-69bf1000 rw-p 00000000 00:00 0 
69bf1000-69c00000 ---p 00000000 00:00 0 
69c00000-69c31000 rw-p 00000000 00:00 0 
69c31000-69d00000 ---p 00000000 00:00 0 
69d00000-69dfe000 rw-p 00000000 00:00 0 
69dfe000-69e00000 ---p 00000000 00:00 0 
69e00000-69ec4000 rw-p 00000000 00:00 0 
69ec4000-69f00000 ---p 00000000 00:00 0 
69f00000-69fdb000 rw-p 00000000 00:00 0 
69fdb000-6a000000 ---p 00000000 00:00 0 
6a000000-6a0f1000 rw-p 00000000 00:00 0 
6a0f1000-6a100000 ---p 00000000 00:00 0 
6a100000-6a1fa000 rw-p 00000000 00:00 0 
6a1fa000-6a200000 ---p 00000000 00:00 0 
6a200000-6a2f9000 rw-p 00000000 00:00 0 
6a2f9000-6a300000 ---p 00000000 00:00 0 
6a300000-6a3f8000 rw-p 00000000 00:00 0 
6a3f8000-6a400000 ---p 00000000 00:00 0 
6a400000-6a4f9000 rw-p 00000000 00:00 0 
6a4f9000-6a500000 ---p 00000000 00:00 0 
6a500000-6a5e1000 rw-p 00000000 00:00 0 
6a5e1000-6a600000 ---p 00000000 00:00 0 
6a600000-6a700000 rw-p 00000000 00:00 0 
6a700000-6a7da000 rw-p 00000000 00:00 0 
6a7da000-6a800000 ---p 00000000 00:00 0 
6a800000-6a900000 rw-p 00000000 00:00 0 
6a900000-6a9f9000 rw-p 00000000 00:00 0 
6a9f9000-6aa00000 ---p 00000000 00:00 0 
6aa00000-6aaf7000 rw-p 00000000 00:00 0 
6aaf7000-6ab00000 ---p 00000000 00:00 0 
6ab00000-6abfb000 rw-p 00000000 00:00 0 
6abfb000-6ac00000 ---p 00000000 00:00 0 
6ad00000-6adff000 rw-p 00000000 00:00 0 
6adff000-6ae00000 ---p 00000000 00:00 0 
6ae00000-6aefd000 rw-p 00000000 00:00 0 
6aefd000-6af00000 ---p 00000000 00:00 0 
6af00000-6b000000 rw-p 00000000 00:00 0 
6b100000-6b1c9000 rw-p 00000000 00:00 0 
6b1c9000-6b200000 ---p 00000000 00:00 0 
6b200000-6b2ff000 rw-p 00000000 00:00 0 
6b2ff000-6b300000 ---p 00000000 00:00 0 
6b300000-6b3f7000 rw-p 00000000 00:00 0 
6b3f7000-6b400000 ---p 00000000 00:00 0 
6b400000-6b500000 rw-p 00000000 00:00 0 
6b50a000-6b600000 rw-p 00000000 00:00 0 
6b600000-6b6fb000 rw-p 00000000 00:00 0 
6b6fb000-6b700000 ---p 00000000 00:00 0 
6b70d000-6b710000 ---p 00000000 00:00 0 
6b710000-6b75e000 rw-p 00000000 00:00 0          [stack:10053]
6b75e000-6b761000 ---p 00000000 00:00 0 
6b761000-6b7af000 rw-p 00000000 00:00 0          [stack:10052]
6b7af000-6b7b2000 ---p 00000000 00:00 0 
6b7b2000-6b800000 rw-p 00000000 00:00 0          [stack:10050]
6b800000-6b855000 rw-p 00000000 00:00 0 
6b855000-6b900000 ---p 00000000 00:00 0 
6b90b000-6b90e000 ---p 00000000 00:00 0 
6b90e000-6b95c000 rw-p 00000000 00:00 0          [stack:10049]
6b95c000-6b95f000 ---p 00000000 00:00 0 
6b95f000-6b9ad000 rw-p 00000000 00:00 0          [stack:10048]
6b9ad000-6b9ae000 ---p 00000000 00:00 0 
6b9ae000-6ba2e000 rw-p 00000000 00:00 0          [stack:10036]
6ba2e000-6ba31000 ---p 00000000 00:00 0 
6ba31000-6ba7f000 rw-p 00000000 00:00 0          [stack:10035]
6ba7f000-6ba82000 ---p 00000000 00:00 0 
6ba82000-6bb00000 rw-p 00000000 00:00 0          [stack:10034]
6bb00000-6bd00000 r--p 00000000 08:05 3678467    /usr/lib/locale/locale-archive
6bd00000-6bd21000 rw-p 00000000 00:00 0 
6bd21000-6be00000 ---p 00000000 00:00 0 
6be2e000-6be31000 ---p 00000000 00:00 0 
6be31000-6beaf000 rw-p 00000000 00:00 0          [stack:10033]
6beaf000-6beb2000 ---p 00000000 00:00 0 
6beb2000-6bf00000 rw-p 00000000 00:00 0          [stack:10032]
6bf00000-6bff9000 rw-p 00000000 00:00 0 
6bff9000-6c000000 ---p 00000000 00:00 0 
6c000000-6c0f8000 rw-p 00000000 00:00 0 
6c0f8000-6c100000 ---p 00000000 00:00 0 
6c12e000-6c131000 ---p 00000000 00:00 0 
6c131000-6c17f000 rw-p 00000000 00:00 0          [stack:10015]
6c17f000-6c180000 ---p 00000000 00:00 0 
6c180000-6c200000 rw-p 00000000 00:00 0          [stack:10011]
6c200000-6c3c0000 r--s 039f7000 00:18 592634     /home/jithin/jdk1.7.0_79/jre/lib/rt.jar
6c3c0000-6ea00000 rw-p 00000000 00:00 0 
6ea00000-6eae0000 rw-p 00000000 00:00 0 
6eae0000-6eb00000 ---p 00000000 00:00 0 
6eb2e000-6eb31000 ---p 00000000 00:00 0 
6eb31000-6eb7f000 rw-p 00000000 00:00 0          [stack:10013]
6eb7f000-6eb80000 ---p 00000000 00:00 0 
6eb80000-6ec00000 rw-p 00000000 00:00 0          [stack:10003]
6ec00000-6ec21000 rw-p 00000000 00:00 0 
6ec21000-6ed00000 ---p 00000000 00:00 0 
6ed0f000-6ed24000 r-xp 00000000 00:18 593093     /home/jithin/jdk1.7.0_79/jre/lib/i386/libnet.so
6ed24000-6ed25000 rw-p 00014000 00:18 593093     /home/jithin/jdk1.7.0_79/jre/lib/i386/libnet.so
6ed25000-6ed33000 r-xp 00000000 00:18 593102     /home/jithin/jdk1.7.0_79/jre/lib/i386/libnio.so
6ed33000-6ed34000 rw-p 0000e000 00:18 593102     /home/jithin/jdk1.7.0_79/jre/lib/i386/libnio.so
6ed34000-6ed7f000 rw-p 00000000 00:00 0 
6ed7f000-6ed80000 ---p 00000000 00:00 0 
6ed80000-6ee00000 rw-p 00000000 00:00 0          [stack:10001]
6ee00000-6ee21000 rw-p 00000000 00:00 0 
6ee21000-6ef00000 ---p 00000000 00:00 0 
6ef01000-6ef0a000 r--s 00089000 00:18 1050347    /home/jithin/AndroidStudioProjects/LockEngine/app/build/intermediates/exploded-aar/com.android.support/appcompat-v7/23.1.1/jars/classes.jar
6ef0a000-6ef7f000 rw-p 00000000 00:00 0 
6ef7f000-6ef80000 ---p 00000000 00:00 0 
6ef80000-6f000000 rw-p 00000000 00:00 0          [stack:9996]
6f000000-6f021000 rw-p 00000000 00:00 0 
6f021000-6f100000 ---p 00000000 00:00 0 
6f108000-6f109000 ---p 00000000 00:00 0 
6f109000-6f19e000 rw-p 00000000 00:00 0          [stack:9990]
6f19e000-6f2df000 rw-p 00000000 00:00 0 
6f2df000-6f2e7000 rw-p 00000000 00:00 0 
6f2e7000-6f2ff000 rw-p 00000000 00:00 0 
6f2ff000-6f314000 rw-p 00000000 00:00 0 
6f314000-6f454000 rw-p 00000000 00:00 0 
6f454000-6f476000 rw-p 00000000 00:00 0 
6f476000-6f4ff000 rw-p 00000000 00:00 0 
6f4ff000-70500000 rw-p 00000000 00:00 0 
70500000-73500000 rw-p 00000000 00:00 0 
73500000-75dc0000 rw-p 00000000 00:00 0 
75dc0000-9df80000 rw-p 00000000 00:00 0 
9df80000-a2280000 rw-p 00000000 00:00 0 
a740d000-a7580000 rw-p 00000000 00:00 0 
a7580000-b3500000 rw-p 00000000 00:00 0 
b3508000-b3510000 rw-p 00000000 00:00 0 
b3510000-b3528000 rw-p 00000000 00:00 0 
b3528000-b3531000 rw-p 00000000 00:00 0 
b3531000-b35e8000 rw-p 00000000 00:00 0 
b35e8000-b3828000 rwxp 00000000 00:00 0 
b3828000-b65e8000 rw-p 00000000 00:00 0 
b65e8000-b65ff000 r-xp 00000000 00:18 593114     /home/jithin/jdk1.7.0_79/jre/lib/i386/libzip.so
b65ff000-b6600000 rw-p 00017000 00:18 593114     /home/jithin/jdk1.7.0_79/jre/lib/i386/libzip.so
b6600000-b66f6000 rw-p 00000000 00:00 0 
b66f6000-b6700000 ---p 00000000 00:00 0 
b6701000-b670c000 r-xp 00000000 08:05 4078733    /lib/i386-linux-gnu/libnss_files-2.19.so
b670c000-b670d000 r--p 0000a000 08:05 4078733    /lib/i386-linux-gnu/libnss_files-2.19.so
b670d000-b670e000 rw-p 0000b000 08:05 4078733    /lib/i386-linux-gnu/libnss_files-2.19.so
b670e000-b6718000 r-xp 00000000 08:05 4064346    /lib/i386-linux-gnu/libnss_nis-2.19.so
b6718000-b6719000 r--p 00009000 08:05 4064346    /lib/i386-linux-gnu/libnss_nis-2.19.so
b6719000-b671a000 rw-p 0000a000 08:05 4064346    /lib/i386-linux-gnu/libnss_nis-2.19.so
b671a000-b672f000 r-xp 00000000 08:05 4064375    /lib/i386-linux-gnu/libnsl-2.19.so
b672f000-b6730000 r--p 00015000 08:05 4064375    /lib/i386-linux-gnu/libnsl-2.19.so
b6730000-b6731000 rw-p 00016000 08:05 4064375    /lib/i386-linux-gnu/libnsl-2.19.so
b6731000-b6733000 rw-p 00000000 00:00 0 
b6736000-b6745000 r--s 000df000 00:18 676658     /home/jithin/adt-bundle-linux-x86-20140702/sdk/build-tools/23.0.2/lib/dx.jar
b6745000-b674d000 rw-s 00000000 08:05 4981910    /tmp/hsperfdata_jithin/9977
b674d000-b6770000 r-xp 00000000 00:18 593079     /home/jithin/jdk1.7.0_79/jre/lib/i386/libjava.so
b6770000-b6771000 rw-p 00023000 00:18 593079     /home/jithin/jdk1.7.0_79/jre/lib/i386/libjava.so
b6771000-b6778000 r-xp 00000000 08:05 4078734    /lib/i386-linux-gnu/librt-2.19.so
b6778000-b6779000 r--p 00006000 08:05 4078734    /lib/i386-linux-gnu/librt-2.19.so
b6779000-b677a000 rw-p 00007000 08:05 4078734    /lib/i386-linux-gnu/librt-2.19.so
b677a000-b677d000 ---p 00000000 00:00 0 
b677d000-b67cb000 rw-p 00000000 00:00 0          [stack:9985]
b67cb000-b680f000 r-xp 00000000 08:05 4078724    /lib/i386-linux-gnu/libm-2.19.so
b680f000-b6810000 r--p 00043000 08:05 4078724    /lib/i386-linux-gnu/libm-2.19.so
b6810000-b6811000 rw-p 00044000 08:05 4078724    /lib/i386-linux-gnu/libm-2.19.so
b6811000-b7098000 r-xp 00000000 00:18 593113     /home/jithin/jdk1.7.0_79/jre/lib/i386/server/libjvm.so
b7098000-b70fd000 rw-p 00886000 00:18 593113     /home/jithin/jdk1.7.0_79/jre/lib/i386/server/libjvm.so
b70fd000-b7520000 rw-p 00000000 00:00 0 
b7520000-b76c8000 r-xp 00000000 08:05 4064251    /lib/i386-linux-gnu/libc-2.19.so
b76c8000-b76ca000 r--p 001a8000 08:05 4064251    /lib/i386-linux-gnu/libc-2.19.so
b76ca000-b76cb000 rw-p 001aa000 08:05 4064251    /lib/i386-linux-gnu/libc-2.19.so
b76cb000-b76ce000 rw-p 00000000 00:00 0 
b76ce000-b76d1000 r-xp 00000000 08:05 4064305    /lib/i386-linux-gnu/libdl-2.19.so
b76d1000-b76d2000 r--p 00002000 08:05 4064305    /lib/i386-linux-gnu/libdl-2.19.so
b76d2000-b76d3000 rw-p 00003000 08:05 4064305    /lib/i386-linux-gnu/libdl-2.19.so
b76d3000-b76d4000 rw-p 00000000 00:00 0 
b76d4000-b76e7000 r-xp 00000000 00:18 591428     /home/jithin/jdk1.7.0_79/lib/i386/jli/libjli.so
b76e7000-b76e8000 rw-p 00012000 00:18 591428     /home/jithin/jdk1.7.0_79/lib/i386/jli/libjli.so
b76e8000-b7700000 r-xp 00000000 08:05 4078729    /lib/i386-linux-gnu/libpthread-2.19.so
b7700000-b7701000 r--p 00018000 08:05 4078729    /lib/i386-linux-gnu/libpthread-2.19.so
b7701000-b7702000 rw-p 00019000 08:05 4078729    /lib/i386-linux-gnu/libpthread-2.19.so
b7702000-b7705000 rw-p 00000000 00:00 0 
b7705000-b7706000 rw-p 00000000 00:00 0 
b7706000-b7707000 r--p 00850000 08:05 3678467    /usr/lib/locale/locale-archive
b7707000-b770e000 r-xp 00000000 08:05 4078725    /lib/i386-linux-gnu/libnss_compat-2.19.so
b770e000-b770f000 r--p 00006000 08:05 4078725    /lib/i386-linux-gnu/libnss_compat-2.19.so
b770f000-b7710000 rw-p 00007000 08:05 4078725    /lib/i386-linux-gnu/libnss_compat-2.19.so
b7710000-b7711000 rw-p 00000000 00:00 0 
b7711000-b7712000 ---p 00000000 00:00 0 
b7712000-b771d000 r-xp 00000000 00:18 593062     /home/jithin/jdk1.7.0_79/jre/lib/i386/libverify.so
b771d000-b771e000 rw-p 0000b000 00:18 593062     /home/jithin/jdk1.7.0_79/jre/lib/i386/libverify.so
b771e000-b7720000 rw-p 00000000 00:00 0 
b7720000-b7721000 r-xp 00000000 00:00 0          [vdso]
b7721000-b7741000 r-xp 00000000 08:05 4064326    /lib/i386-linux-gnu/ld-2.19.so
b7741000-b7742000 r--p 0001f000 08:05 4064326    /lib/i386-linux-gnu/ld-2.19.so
b7742000-b7743000 rw-p 00020000 08:05 4064326    /lib/i386-linux-gnu/ld-2.19.so
bfca0000-bfca1000 rwxp 00000000 00:00 0 
bfcd2000-bfcf4000 rw-p 00000000 00:00 0          [stack]

VM Arguments:
jvm_args: -Djava.awt.headless=true -Xmx1024M -Dfile.encoding=UTF-8 -Duser.country=IN -Duser.language=en -Duser.variant 
java_command: com.android.dx.command.Main --dex --num-threads=4 --output /home/jithin/AndroidStudioProjects/LockEngine/app/build/intermediates/pre-dexed/debug/com.android.support-appcompat-v7-23.1.1_1ddc6c7888df3c4e53bd7406494b48014d0ec869.jar /home/jithin/AndroidStudioProjects/LockEngine/app/build/intermediates/exploded-aar/com.android.support/appcompat-v7/23.1.1/jars/classes.jar
Launcher Type: SUN_STANDARD

Environment Variables:
PATH=/usr/local/sbin:/usr/local/bin:/usr/sbin:/usr/bin:/sbin:/bin:/usr/games:/usr/local/games:/home/jithin/adt-bundle-linux-x86-20140702/sdk/platform-tools:/home/jithin/scripts:/home/jithin/adt-bundle-linux-x86-20140702/eclipse:/home/jithin/android-ndk-r9/:/home/jithin/code/binaries/
LD_LIBRARY_PATH=.:
SHELL=/bin/bash
DISPLAY=:0

Signal Handlers:
SIGSEGV: [libjvm.so+0x7eb620], sa_mask[0]=0x7ffbfeff, sa_flags=0x10000004
SIGBUS: [libjvm.so+0x7eb620], sa_mask[0]=0x7ffbfeff, sa_flags=0x10000004
SIGFPE: [libjvm.so+0x6835c0], sa_mask[0]=0x7ffbfeff, sa_flags=0x10000004
SIGPIPE: [libjvm.so+0x6835c0], sa_mask[0]=0x7ffbfeff, sa_flags=0x10000004
SIGXFSZ: [libjvm.so+0x6835c0], sa_mask[0]=0x7ffbfeff, sa_flags=0x10000004
SIGILL: [libjvm.so+0x6835c0], sa_mask[0]=0x7ffbfeff, sa_flags=0x10000004
SIGUSR1: SIG_DFL, sa_mask[0]=0x00000000, sa_flags=0x00000000
SIGUSR2: [libjvm.so+0x684dc0], sa_mask[0]=0x00000004, sa_flags=0x10000004
SIGHUP: [libjvm.so+0x6860f0], sa_mask[0]=0x7ffbfeff, sa_flags=0x10000004
SIGINT: [libjvm.so+0x6860f0], sa_mask[0]=0x7ffbfeff, sa_flags=0x10000004
SIGTERM: [libjvm.so+0x6860f0], sa_mask[0]=0x7ffbfeff, sa_flags=0x10000004
SIGQUIT: [libjvm.so+0x6860f0], sa_mask[0]=0x7ffbfeff, sa_flags=0x10000004


---------------  S Y S T E M  ---------------

OS:jessie/sid

uname:Linux 3.13.0-63-generic #103-Ubuntu SMP Fri Aug 14 21:43:30 UTC 2015 i686
libc:glibc 2.19 NPTL 2.19 
rlimit: STACK 8192k, CORE 0k, NPROC 31169, NOFILE 4096, AS infinity
load average:21.57 8.25 4.47

/proc/meminfo:
MemTotal:        4016436 kB
MemFree:          229440 kB
Buffers:             128 kB
Cached:          1003184 kB
SwapCached:            0 kB
Active:          2673012 kB
Inactive:         997732 kB
Active(anon):    2670732 kB
Inactive(anon):   975108 kB
Active(file):       2280 kB
Inactive(file):    22624 kB
Unevictable:         188 kB
Mlocked:             188 kB
HighTotal:       3166156 kB
HighFree:          58744 kB
LowTotal:         850280 kB
LowFree:          170696 kB
SwapTotal:             0 kB
SwapFree:              0 kB
Dirty:                52 kB
Writeback:             0 kB
AnonPages:       2667920 kB
Mapped:           648216 kB
Shmem:            978160 kB
Slab:              56464 kB
SReclaimable:      22820 kB
SUnreclaim:        33644 kB
KernelStack:        6232 kB
PageTables:        21920 kB
NFS_Unstable:          0 kB
Bounce:              236 kB
WritebackTmp:          0 kB
CommitLimit:     2008216 kB
Committed_AS:   10579888 kB
VmallocTotal:     122880 kB
VmallocUsed:       67576 kB
VmallocChunk:      35348 kB
HardwareCorrupted:     0 kB
AnonHugePages:    731136 kB
HugePages_Total:       0
HugePages_Free:        0
HugePages_Rsvd:        0
HugePages_Surp:        0
Hugepagesize:       2048 kB
DirectMap4k:       38904 kB
DirectMap2M:      872448 kB


CPU:total 4 (2 cores per cpu, 2 threads per core) family 6 model 58 stepping 9, cmov, cx8, fxsr, mmx, sse, sse2, sse3, ssse3, sse4.1, sse4.2, popcnt, avx, erms, ht, tsc, tscinvbit, tscinv

/proc/cpuinfo:
processor	: 0
vendor_id	: GenuineIntel
cpu family	: 6
model		: 58
model name	: Intel(R) Core(TM) i3-3217U CPU @ 1.80GHz
stepping	: 9
microcode	: 0x15
cpu MHz		: 1801.000
cache size	: 3072 KB
physical id	: 0
siblings	: 4
core id		: 0
cpu cores	: 2
apicid		: 0
initial apicid	: 0
fdiv_bug	: no
f00f_bug	: no
coma_bug	: no
fpu		: yes
fpu_exception	: yes
cpuid level	: 13
wp		: yes
flags		: fpu vme de pse tsc msr pae mce cx8 apic sep mtrr pge mca cmov pat pse36 clflush dts acpi mmx fxsr sse sse2 ss ht tm pbe nx rdtscp lm constant_tsc arch_perfmon pebs bts xtopology nonstop_tsc aperfmperf eagerfpu pni pclmulqdq dtes64 monitor ds_cpl vmx est tm2 ssse3 cx16 xtpr pdcm pcid sse4_1 sse4_2 x2apic popcnt tsc_deadline_timer xsave avx f16c lahf_lm ida arat epb xsaveopt pln pts dtherm tpr_shadow vnmi flexpriority ept vpid fsgsbase smep erms
bogomips	: 3591.91
clflush size	: 64
cache_alignment	: 64
address sizes	: 36 bits physical, 48 bits virtual
power management:

processor	: 1
vendor_id	: GenuineIntel
cpu family	: 6
model		: 58
model name	: Intel(R) Core(TM) i3-3217U CPU @ 1.80GHz
stepping	: 9
microcode	: 0x15
cpu MHz		: 1801.000
cache size	: 3072 KB
physical id	: 0
siblings	: 4
core id		: 1
cpu cores	: 2
apicid		: 2
initial apicid	: 2
fdiv_bug	: no
f00f_bug	: no
coma_bug	: no
fpu		: yes
fpu_exception	: yes
cpuid level	: 13
wp		: yes
flags		: fpu vme de pse tsc msr pae mce cx8 apic sep mtrr pge mca cmov pat pse36 clflush dts acpi mmx fxsr sse sse2 ss ht tm pbe nx rdtscp lm constant_tsc arch_perfmon pebs bts xtopology nonstop_tsc aperfmperf eagerfpu pni pclmulqdq dtes64 monitor ds_cpl vmx est tm2 ssse3 cx16 xtpr pdcm pcid sse4_1 sse4_2 x2apic popcnt tsc_deadline_timer xsave avx f16c lahf_lm ida arat epb xsaveopt pln pts dtherm tpr_shadow vnmi flexpriority ept vpid fsgsbase smep erms
bogomips	: 3591.91
clflush size	: 64
cache_alignment	: 64
address sizes	: 36 bits physical, 48 bits virtual
power management:

processor	: 2
vendor_id	: GenuineIntel
cpu family	: 6
model		: 58
model name	: Intel(R) Core(TM) i3-3217U CPU @ 1.80GHz
stepping	: 9
microcode	: 0x15
cpu MHz		: 1801.000
cache size	: 3072 KB
physical id	: 0
siblings	: 4
core id		: 0
cpu cores	: 2
apicid		: 1
initial apicid	: 1
fdiv_bug	: no
f00f_bug	: no
coma_bug	: no
fpu		: yes
fpu_exception	: yes
cpuid level	: 13
wp		: yes
flags		: fpu vme de pse tsc msr pae mce cx8 apic sep mtrr pge mca cmov pat pse36 clflush dts acpi mmx fxsr sse sse2 ss ht tm pbe nx rdtscp lm constant_tsc arch_perfmon pebs bts xtopology nonstop_tsc aperfmperf eagerfpu pni pclmulqdq dtes64 monitor ds_cpl vmx est tm2 ssse3 cx16 xtpr pdcm pcid sse4_1 sse4_2 x2apic popcnt tsc_deadline_timer xsave avx f16c lahf_lm ida arat epb xsaveopt pln pts dtherm tpr_shadow vnmi flexpriority ept vpid fsgsbase smep erms
bogomips	: 3591.91
clflush size	: 64
cache_alignment	: 64
address sizes	: 36 bits physical, 48 bits virtual
power management:

processor	: 3
vendor_id	: GenuineIntel
cpu family	: 6
model		: 58
model name	: Intel(R) Core(TM) i3-3217U CPU @ 1.80GHz
stepping	: 9
microcode	: 0x15
cpu MHz		: 1801.000
cache size	: 3072 KB
physical id	: 0
siblings	: 4
core id		: 1
cpu cores	: 2
apicid		: 3
initial apicid	: 3
fdiv_bug	: no
f00f_bug	: no
coma_bug	: no
fpu		: yes
fpu_exception	: yes
cpuid level	: 13
wp		: yes
flags		: fpu vme de pse tsc msr pae mce cx8 apic sep mtrr pge mca cmov pat pse36 clflush dts acpi mmx fxsr sse sse2 ss ht tm pbe nx rdtscp lm constant_tsc arch_perfmon pebs bts xtopology nonstop_tsc aperfmperf eagerfpu pni pclmulqdq dtes64 monitor ds_cpl vmx est tm2 ssse3 cx16 xtpr pdcm pcid sse4_1 sse4_2 x2apic popcnt tsc_deadline_timer xsave avx f16c lahf_lm ida arat epb xsaveopt pln pts dtherm tpr_shadow vnmi flexpriority ept vpid fsgsbase smep erms
bogomips	: 3591.91
clflush size	: 64
cache_alignment	: 64
address sizes	: 36 bits physical, 48 bits virtual
power management:



Memory: 4k page, physical 4016436k(226316k free), swap 0k(0k free)

vm_info: Java HotSpot(TM) Server VM (24.79-b02) for linux-x86 JRE (1.7.0_79-b15), built on Apr 10 2015 11:52:49 by "java_re" with gcc 4.3.0 20080428 (Red Hat 4.3.0-8)

time: Wed Jan 20 08:25:52 2016
elapsed time: 60 seconds

