#
# There is insufficient memory for the Java Runtime Environment to continue.
# Native memory allocation (malloc) failed to allocate 44040192 bytes for committing reserved memory.
# Possible reasons:
#   The system is out of physical RAM or swap space
#   In 32 bit mode, the process size limit was hit
# Possible solutions:
#   Reduce memory load on the system
#   Increase physical memory or swap space
#   Check if swap backing store is full
#   Use 64 bit Java on a 64 bit OS
#   Decrease Java heap size (-Xmx/-Xms)
#   Decrease number of Java threads
#   Decrease Java thread stack sizes (-Xss)
#   Set larger code cache with -XX:ReservedCodeCacheSize=
# This output file may be truncated or incomplete.
#
#  Out of Memory Error (os_linux.cpp:2756), pid=10349, tid=1814035264
#
# JRE version: Java(TM) SE Runtime Environment (7.0_79-b15) (build 1.7.0_79-b15)
# Java VM: Java HotSpot(TM) Server VM (24.79-b02 mixed mode linux-x86 )
# Failed to write core dump. Core dumps have been disabled. To enable core dumping, try "ulimit -c unlimited" before starting Java again
#

---------------  T H R E A D  ---------------

Current thread (0x6c080800):  VMThread [stack: 0x6c17f000,0x6c200000] [id=10375]

Stack: [0x6c17f000,0x6c200000],  sp=0x6c1fea20,  free space=510k
Native frames: (J=compiled Java code, j=interpreted, Vv=VM code, C=native code)
V  [libjvm.so+0x7eab16]  VMError::report_and_die()+0x1a6
V  [libjvm.so+0x33e222]  report_vm_out_of_memory(char const*, int, unsigned int, char const*)+0x72
V  [libjvm.so+0x686a41]  os::Linux::commit_memory_impl(char*, unsigned int, bool)+0xe1
V  [libjvm.so+0x686f08]  os::pd_commit_memory(char*, unsigned int, unsigned int, bool)+0x28
V  [libjvm.so+0x68064c]  os::commit_memory(char*, unsigned int, unsigned int, bool)+0x2c
V  [libjvm.so+0x6eae98]  PSVirtualSpace::expand_by(unsigned int)+0x48
V  [libjvm.so+0x6ebf9a]  PSYoungGen::resize_generation(unsigned int, unsigned int)+0xda
V  [libjvm.so+0x6eb2d9]  PSYoungGen::resize(unsigned int, unsigned int)+0x19
V  [libjvm.so+0x6e8c09]  PSScavenge::invoke_no_policy()+0xcf9
V  [libjvm.so+0x6e9468]  PSScavenge::invoke()+0x28
V  [libjvm.so+0x6a6fea]  ParallelScavengeHeap::failed_mem_allocate(unsigned int)+0x5a
V  [libjvm.so+0x7ec3aa]  VM_ParallelGCFailedAllocation::doit()+0x7a
V  [libjvm.so+0x7f51c7]  VM_Operation::evaluate()+0x47
V  [libjvm.so+0x7f3263]  VMThread::evaluate_operation(VM_Operation*)+0xb3
V  [libjvm.so+0x7f3600]  VMThread::loop()+0x1b0
V  [libjvm.so+0x7f3a65]  VMThread::run()+0x85
V  [libjvm.so+0x688d19]  java_start(Thread*)+0x119
C  [libpthread.so.0+0x6f70]  start_thread+0xd0

VM_Operation (0x6b9aba54): ParallelGCFailedAllocation, mode: safepoint, requested by thread 0x6b825000


---------------  P R O C E S S  ---------------

Java Threads: ( => current thread )
  0x6b82ac00 JavaThread "pool-1-thread-4" [_thread_blocked, id=10418, stack(0x6b70d000,0x6b75e000)]
  0x6b829800 JavaThread "pool-1-thread-3" [_thread_blocked, id=10416, stack(0x6b75e000,0x6b7af000)]
  0x6b828400 JavaThread "pool-1-thread-2" [_thread_blocked, id=10415, stack(0x6b7af000,0x6b800000)]
  0x6b827000 JavaThread "pool-2-thread-1" [_thread_blocked, id=10414, stack(0x6b90b000,0x6b95c000)]
  0x6b825000 JavaThread "pool-1-thread-1" [_thread_blocked, id=10413, stack(0x6b95c000,0x6b9ad000)]
  0x6c09ac00 JavaThread "Service Thread" daemon [_thread_blocked, id=10400, stack(0x6ba2e000,0x6ba7f000)]
  0x6c098c00 JavaThread "C2 CompilerThread1" daemon [_thread_blocked, id=10398, stack(0x6ba7f000,0x6bb00000)]
  0x6c096c00 JavaThread "C2 CompilerThread0" daemon [_thread_blocked, id=10392, stack(0x6be2e000,0x6beaf000)]
  0x6c095400 JavaThread "Signal Dispatcher" daemon [_thread_blocked, id=10390, stack(0x6beaf000,0x6bf00000)]
  0x6c084800 JavaThread "Finalizer" daemon [_thread_blocked, id=10383, stack(0x6c12e000,0x6c17f000)]
  0x6c083000 JavaThread "Reference Handler" daemon [_thread_blocked, id=10380, stack(0x6eb2e000,0x6eb7f000)]
  0xb6607800 JavaThread "main" [_thread_blocked, id=10357, stack(0xb6772000,0xb67c3000)]

Other Threads:
=>0x6c080800 VMThread [stack: 0x6c17f000,0x6c200000] [id=10375]
  0x6c09c800 WatcherThread [stack: 0x6b9ad000,0x6ba2e000] [id=10405]

VM state:at safepoint (normal execution)

VM Mutex/Monitor currently owned by a thread:  ([mutex/lock_event])
[0xb6604ff8] Threads_lock - owner thread: 0x6c080800
[0xb6605408] Heap_lock - owner thread: 0x6b825000

Heap
 PSYoungGen      total 34304K, used 2553K [0x9df80000, 0xa0380000, 0xb3500000)
  eden space 31744K, 0% used [0x9df80000,0x9df80000,0x9fe80000)
  from space 2560K, 99% used [0x9fe80000,0xa00fe760,0xa0100000)
  to   space 2560K, 0% used [0xa0100000,0xa0100000,0xa0380000)
 ParOldGen       total 41728K, used 12469K [0x73500000, 0x75dc0000, 0x9df80000)
  object space 41728K, 29% used [0x73500000,0x7412d790,0x75dc0000)
 PSPermGen       total 16384K, used 3929K [0x6f500000, 0x70500000, 0x73500000)
  object space 16384K, 23% used [0x6f500000,0x6f8d6560,0x70500000)

Card table byte_map: [0x6f2df000,0x6f500000] byte_map_base: 0x6ef64800

Polling page: 0xb7709000

Code Cache  [0xb35db000, 0xb381b000, 0xb65db000)
 total_blobs=382 nmethods=259 adapters=76 free_code_cache=48306Kb largest_free_block=49435328

Compilation events (10 events):
Event: 13.745 Thread 0x6c096c00 nmethod 255 0xb36b04c8 code [0xb36b0840, 0xb36b2428]
Event: 13.745 Thread 0x6c096c00  256             java.lang.AbstractStringBuilder::ensureCapacityInternal (16 bytes)
Event: 13.784 Thread 0x6c096c00 nmethod 256 0xb36a4c08 code [0xb36a4d00, 0xb36a4f70]
Event: 13.784 Thread 0x6c096c00  257             com.android.dx.rop.code.RegisterSpecSet::localItemToSpec (49 bytes)
Event: 13.851 Thread 0x6c096c00 nmethod 257 0xb36a4348 code [0xb36a4460, 0xb36a47d0]
Event: 13.852 Thread 0x6c096c00  258             com.android.dx.rop.code.BasicBlockList::forEachInsn (39 bytes)
Event: 13.922 Thread 0x6c096c00 nmethod 258 0xb36a3c48 code [0xb36a3d60, 0xb36a3f70]
Event: 13.922 Thread 0x6c096c00  259             com.android.dx.rop.cst.CstBaseMethodRef::compareTo0 (29 bytes)
Event: 14.102 Thread 0x6c096c00 nmethod 259 0xb369f288 code [0xb369f400, 0xb369fb10]
Event: 14.102 Thread 0x6c096c00  260             com.android.dx.ssa.SCCP::simulateBlock (54 bytes)

GC Heap History (9 events):
Event: 3.865 GC heap before
{Heap before GC invocations=1 (full 0):
 PSYoungGen      total 18432K, used 15872K [0x9df80000, 0x9f400000, 0xb3500000)
  eden space 15872K, 100% used [0x9df80000,0x9ef00000,0x9ef00000)
  from space 2560K, 0% used [0x9f180000,0x9f180000,0x9f400000)
  to   space 2560K, 0% used [0x9ef00000,0x9ef00000,0x9f180000)
 ParOldGen       total 41728K, used 0K [0x73500000, 0x75dc0000, 0x9df80000)
  object space 41728K, 0% used [0x73500000,0x73500000,0x75dc0000)
 PSPermGen       total 16384K, used 3703K [0x6f500000, 0x70500000, 0x73500000)
  object space 16384K, 22% used [0x6f500000,0x6f89dd00,0x70500000)
Event: 3.887 GC heap after
Heap after GC invocations=1 (full 0):
 PSYoungGen      total 18432K, used 2544K [0x9df80000, 0x9f400000, 0xb3500000)
  eden space 15872K, 0% used [0x9df80000,0x9df80000,0x9ef00000)
  from space 2560K, 99% used [0x9ef00000,0x9f17c1b8,0x9f180000)
  to   space 2560K, 0% used [0x9f180000,0x9f180000,0x9f400000)
 ParOldGen       total 41728K, used 613K [0x73500000, 0x75dc0000, 0x9df80000)
  object space 41728K, 1% used [0x73500000,0x73599688,0x75dc0000)
 PSPermGen       total 16384K, used 3703K [0x6f500000, 0x70500000, 0x73500000)
  object space 16384K, 22% used [0x6f500000,0x6f89dd00,0x70500000)
}
Event: 5.727 GC heap before
{Heap before GC invocations=2 (full 0):
 PSYoungGen      total 18432K, used 18416K [0x9df80000, 0x9f400000, 0xb3500000)
  eden space 15872K, 100% used [0x9df80000,0x9ef00000,0x9ef00000)
  from space 2560K, 99% used [0x9ef00000,0x9f17c1b8,0x9f180000)
  to   space 2560K, 0% used [0x9f180000,0x9f180000,0x9f400000)
 ParOldGen       total 41728K, used 613K [0x73500000, 0x75dc0000, 0x9df80000)
  object space 41728K, 1% used [0x73500000,0x73599688,0x75dc0000)
 PSPermGen       total 16384K, used 3857K [0x6f500000, 0x70500000, 0x73500000)
  object space 16384K, 23% used [0x6f500000,0x6f8c4488,0x70500000)
Event: 5.761 GC heap after
Heap after GC invocations=2 (full 0):
 PSYoungGen      total 18432K, used 2549K [0x9df80000, 0xa0380000, 0xb3500000)
  eden space 15872K, 0% used [0x9df80000,0x9df80000,0x9ef00000)
  from space 2560K, 99% used [0x9f180000,0x9f3fd760,0x9f400000)
  to   space 2560K, 0% used [0x9ef00000,0x9ef00000,0x9f180000)
 ParOldGen       total 41728K, used 2300K [0x73500000, 0x75dc0000, 0x9df80000)
  object space 41728K, 5% used [0x73500000,0x7373f3f8,0x75dc0000)
 PSPermGen       total 16384K, used 3857K [0x6f500000, 0x70500000, 0x73500000)
  object space 16384K, 23% used [0x6f500000,0x6f8c4488,0x70500000)
}
Event: 9.438 GC heap before
{Heap before GC invocations=3 (full 0):
 PSYoungGen      total 18432K, used 18421K [0x9df80000, 0xa0380000, 0xb3500000)
  eden space 15872K, 100% used [0x9df80000,0x9ef00000,0x9ef00000)
  from space 2560K, 99% used [0x9f180000,0x9f3fd760,0x9f400000)
  to   space 2560K, 0% used [0x9ef00000,0x9ef00000,0x9f180000)
 ParOldGen       total 41728K, used 2300K [0x73500000, 0x75dc0000, 0x9df80000)
  object space 41728K, 5% used [0x73500000,0x7373f3f8,0x75dc0000)
 PSPermGen       total 16384K, used 3885K [0x6f500000, 0x70500000, 0x73500000)
  object space 16384K, 23% used [0x6f500000,0x6f8cb710,0x70500000)
Event: 9.509 GC heap after
Heap after GC invocations=3 (full 0):
 PSYoungGen      total 18432K, used 2546K [0x9df80000, 0xa0380000, 0xb3500000)
  eden space 15872K, 0% used [0x9df80000,0x9df80000,0x9ef00000)
  from space 2560K, 99% used [0x9ef00000,0x9f17cbf8,0x9f180000)
  to   space 2560K, 0% used [0xa0100000,0xa0100000,0xa0380000)
 ParOldGen       total 41728K, used 4472K [0x73500000, 0x75dc0000, 0x9df80000)
  object space 41728K, 10% used [0x73500000,0x7395e2d8,0x75dc0000)
 PSPermGen       total 16384K, used 3885K [0x6f500000, 0x70500000, 0x73500000)
  object space 16384K, 23% used [0x6f500000,0x6f8cb710,0x70500000)
}
Event: 11.163 GC heap before
{Heap before GC invocations=4 (full 0):
 PSYoungGen      total 18432K, used 18418K [0x9df80000, 0xa0380000, 0xb3500000)
  eden space 15872K, 100% used [0x9df80000,0x9ef00000,0x9ef00000)
  from space 2560K, 99% used [0x9ef00000,0x9f17cbf8,0x9f180000)
  to   space 2560K, 0% used [0xa0100000,0xa0100000,0xa0380000)
 ParOldGen       total 41728K, used 4472K [0x73500000, 0x75dc0000, 0x9df80000)
  object space 41728K, 10% used [0x73500000,0x7395e2d8,0x75dc0000)
 PSPermGen       total 16384K, used 3906K [0x6f500000, 0x70500000, 0x73500000)
  object space 16384K, 23% used [0x6f500000,0x6f8d08a8,0x70500000)
Event: 11.301 GC heap after
Heap after GC invocations=4 (full 0):
 PSYoungGen      total 34304K, used 2547K [0x9df80000, 0xa0380000, 0xb3500000)
  eden space 31744K, 0% used [0x9df80000,0x9df80000,0x9fe80000)
  from space 2560K, 99% used [0xa0100000,0xa037ce00,0xa0380000)
  to   space 2560K, 0% used [0x9fe80000,0x9fe80000,0xa0100000)
 ParOldGen       total 41728K, used 7274K [0x73500000, 0x75dc0000, 0x9df80000)
  object space 41728K, 17% used [0x73500000,0x73c1aaf8,0x75dc0000)
 PSPermGen       total 16384K, used 3906K [0x6f500000, 0x70500000, 0x73500000)
  object space 16384K, 23% used [0x6f500000,0x6f8d08a8,0x70500000)
}
Event: 15.106 GC heap before
{Heap before GC invocations=5 (full 0):
 PSYoungGen      total 34304K, used 34291K [0x9df80000, 0xa0380000, 0xb3500000)
  eden space 31744K, 100% used [0x9df80000,0x9fe80000,0x9fe80000)
  from space 2560K, 99% used [0xa0100000,0xa037ce00,0xa0380000)
  to   space 2560K, 0% used [0x9fe80000,0x9fe80000,0xa0100000)
 ParOldGen       total 41728K, used 7274K [0x73500000, 0x75dc0000, 0x9df80000)
  object space 41728K, 17% used [0x73500000,0x73c1aaf8,0x75dc0000)
 PSPermGen       total 16384K, used 3929K [0x6f500000, 0x70500000, 0x73500000)
  object space 16384K, 23% used [0x6f500000,0x6f8d6560,0x70500000)

Deoptimization events (10 events):
Event: 6.864 Thread 0xb6607800 Uncommon trap: reason=unreached action=reinterpret pc=0xb363cf94 method=com.android.dx.rop.cst.Constant.compareTo(Lcom/android/dx/rop/cst/Constant;)I @ 12
Event: 9.264 Thread 0xb6607800 Uncommon trap: reason=null_check action=make_not_entrant pc=0xb3667e18 method=com.android.dx.rop.type.Type.putIntern(Lcom/android/dx/rop/type/Type;)Lcom/android/dx/rop/type/Type; @ 18
Event: 9.397 Thread 0x6b828400 Uncommon trap: reason=null_check action=make_not_entrant pc=0xb36703bc method=com.android.dx.ssa.SsaRenamer.getLocalForNewReg(I)Lcom/android/dx/rop/code/LocalItem; @ 19
Event: 9.549 Thread 0x6b82ac00 Uncommon trap: reason=null_check action=make_not_entrant pc=0xb3675970 method=com.android.dx.ssa.SsaRenamer.getLocalForNewReg(I)Lcom/android/dx/rop/code/LocalItem; @ 19
Event: 10.218 Thread 0xb6607800 Uncommon trap: reason=bimorphic action=maybe_recompile pc=0xb367ae04 method=java.util.HashMap.put(Ljava/lang/Object;Ljava/lang/Object;)Ljava/lang/Object; @ 83
Event: 10.218 Thread 0xb6607800 Uncommon trap: reason=bimorphic action=maybe_recompile pc=0xb367ae04 method=java.util.HashMap.put(Ljava/lang/Object;Ljava/lang/Object;)Ljava/lang/Object; @ 83
Event: 10.218 Thread 0xb6607800 Uncommon trap: reason=bimorphic action=maybe_recompile pc=0xb367ae04 method=java.util.HashMap.put(Ljava/lang/Object;Ljava/lang/Object;)Ljava/lang/Object; @ 83
Event: 10.218 Thread 0xb6607800 Uncommon trap: reason=bimorphic action=maybe_recompile pc=0xb367ae04 method=java.util.HashMap.put(Ljava/lang/Object;Ljava/lang/Object;)Ljava/lang/Object; @ 83
Event: 14.867 Thread 0x6b829800 Uncommon trap: reason=unreached action=reinterpret pc=0xb36a74e0 method=com.android.dx.ssa.SCCP.simulateBranch(Lcom/android/dx/ssa/SsaInsn;)V @ 132
Event: 15.047 Thread 0x6b829800 Uncommon trap: reason=unreached action=reinterpret pc=0xb369dcbc method=com.android.dx.ssa.SsaMethod.updateOneDefinition(Lcom/android/dx/ssa/SsaInsn;Lcom/android/dx/rop/code/RegisterSpec;)V @ 4

Internal exceptions (10 events):
Event: 4.012 Thread 0x6b829800 Threw 0x9dfa9c60 at /HUDSON/workspace/7u-2-build-linux-i586/jdk7u79/2331/hotspot/src/share/vm/prims/jvm.cpp:1304
Event: 4.325 Thread 0xb6607800 Threw 0x9e2debb8 at /HUDSON/workspace/7u-2-build-linux-i586/jdk7u79/2331/hotspot/src/share/vm/prims/jvm.cpp:1304
Event: 4.342 Thread 0xb6607800 Threw 0x9e2ee688 at /HUDSON/workspace/7u-2-build-linux-i586/jdk7u79/2331/hotspot/src/share/vm/prims/jvm.cpp:1304
Event: 5.915 Thread 0x6b82ac00 Implicit null exception at 0xb36559ab to 0xb3655a82
Event: 9.264 Thread 0xb6607800 Implicit null exception at 0xb366783a to 0xb3667e09
Event: 9.397 Thread 0x6b828400 Implicit null exception at 0xb366f8f3 to 0xb36703ad
Event: 9.549 Thread 0x6b82ac00 Implicit null exception at 0xb3674a38 to 0xb3675945
Event: 9.590 Thread 0xb6607800 Threw 0x9e0682b8 at /HUDSON/workspace/7u-2-build-linux-i586/jdk7u79/2331/hotspot/src/share/vm/prims/jvm.cpp:1304
Event: 12.799 Thread 0x6b829800 Threw 0x9edb95c0 at /HUDSON/workspace/7u-2-build-linux-i586/jdk7u79/2331/hotspot/src/share/vm/prims/jvm.cpp:1304
Event: 14.869 Thread 0x6b829800 Threw 0x9fb43778 at /HUDSON/workspace/7u-2-build-linux-i586/jdk7u79/2331/hotspot/src/share/vm/prims/jvm.cpp:1304

Events (10 events):
Event: 13.784 Thread 0x6c096c00 flushing nmethod 0xb3655888
Event: 14.867 Thread 0x6b829800 Uncommon trap: trap_request=0xffffffad fr.pc=0xb36a74e0
Event: 14.867 Thread 0x6b829800 DEOPT PACKING pc=0xb36a74e0 sp=0x6b7ada40
Event: 14.867 Thread 0x6b829800 DEOPT UNPACKING pc=0xb3607bc8 sp=0x6b7ada2c mode 2
Event: 14.869 loading class 0x6b60c888
Event: 14.869 loading class 0x6b60c888 done
Event: 15.047 Thread 0x6b829800 Uncommon trap: trap_request=0xffffffad fr.pc=0xb369dcbc
Event: 15.047 Thread 0x6b829800 DEOPT PACKING pc=0xb369dcbc sp=0x6b7ad960
Event: 15.047 Thread 0x6b829800 DEOPT UNPACKING pc=0xb3607bc8 sp=0x6b7ad93c mode 2
Event: 15.092 Executing VM operation: ParallelGCFailedAllocation


Dynamic libraries:
08048000-08049000 r-xp 00000000 00:18 592627     /home/jithin/jdk1.7.0_79/bin/java
08049000-0804a000 rw-p 00000000 00:18 592627     /home/jithin/jdk1.7.0_79/bin/java
09161000-091f2000 rw-p 00000000 00:00 0          [heap]
6a000000-6a0af000 rw-p 00000000 00:00 0 
6a0af000-6a100000 ---p 00000000 00:00 0 
6a200000-6a2f5000 rw-p 00000000 00:00 0 
6a2f5000-6a300000 ---p 00000000 00:00 0 
6a300000-6a34e000 rw-p 00000000 00:00 0 
6a34e000-6a400000 ---p 00000000 00:00 0 
6a400000-6a4f2000 rw-p 00000000 00:00 0 
6a4f2000-6a500000 ---p 00000000 00:00 0 
6a500000-6a5e9000 rw-p 00000000 00:00 0 
6a5e9000-6a600000 ---p 00000000 00:00 0 
6a600000-6a6fc000 rw-p 00000000 00:00 0 
6a6fc000-6a700000 ---p 00000000 00:00 0 
6a700000-6a7f9000 rw-p 00000000 00:00 0 
6a7f9000-6a800000 ---p 00000000 00:00 0 
6a800000-6a900000 rw-p 00000000 00:00 0 
6aa00000-6aaf4000 rw-p 00000000 00:00 0 
6aaf4000-6ab00000 ---p 00000000 00:00 0 
6ab00000-6abf7000 rw-p 00000000 00:00 0 
6abf7000-6ac00000 ---p 00000000 00:00 0 
6ac00000-6acc4000 rw-p 00000000 00:00 0 
6acc4000-6ad00000 ---p 00000000 00:00 0 
6ae00000-6aefd000 rw-p 00000000 00:00 0 
6aefd000-6af00000 ---p 00000000 00:00 0 
6af00000-6affe000 rw-p 00000000 00:00 0 
6affe000-6b000000 ---p 00000000 00:00 0 
6b000000-6b0f1000 rw-p 00000000 00:00 0 
6b0f1000-6b100000 ---p 00000000 00:00 0 
6b200000-6b2fc000 rw-p 00000000 00:00 0 
6b2fc000-6b300000 ---p 00000000 00:00 0 
6b400000-6b4fa000 rw-p 00000000 00:00 0 
6b4fa000-6b500000 ---p 00000000 00:00 0 
6b500000-6b5fe000 rw-p 00000000 00:00 0 
6b5fe000-6b600000 ---p 00000000 00:00 0 
6b600000-6b6fc000 rw-p 00000000 00:00 0 
6b6fc000-6b700000 ---p 00000000 00:00 0 
6b70d000-6b710000 ---p 00000000 00:00 0 
6b710000-6b75e000 rw-p 00000000 00:00 0          [stack:10418]
6b75e000-6b761000 ---p 00000000 00:00 0 
6b761000-6b7af000 rw-p 00000000 00:00 0          [stack:10416]
6b7af000-6b7b2000 ---p 00000000 00:00 0 
6b7b2000-6b800000 rw-p 00000000 00:00 0          [stack:10415]
6b800000-6b847000 rw-p 00000000 00:00 0 
6b847000-6b900000 ---p 00000000 00:00 0 
6b90b000-6b90e000 ---p 00000000 00:00 0 
6b90e000-6b95c000 rw-p 00000000 00:00 0          [stack:10414]
6b95c000-6b95f000 ---p 00000000 00:00 0 
6b95f000-6b9ad000 rw-p 00000000 00:00 0          [stack:10413]
6b9ad000-6b9ae000 ---p 00000000 00:00 0 
6b9ae000-6ba2e000 rw-p 00000000 00:00 0          [stack:10405]
6ba2e000-6ba31000 ---p 00000000 00:00 0 
6ba31000-6ba7f000 rw-p 00000000 00:00 0          [stack:10400]
6ba7f000-6ba82000 ---p 00000000 00:00 0 
6ba82000-6bb00000 rw-p 00000000 00:00 0          [stack:10398]
6bb00000-6bd00000 r--p 00000000 08:05 3678467    /usr/lib/locale/locale-archive
6bd00000-6bd23000 rw-p 00000000 00:00 0 
6bd23000-6be00000 ---p 00000000 00:00 0 
6be2e000-6be31000 ---p 00000000 00:00 0 
6be31000-6beaf000 rw-p 00000000 00:00 0          [stack:10392]
6beaf000-6beb2000 ---p 00000000 00:00 0 
6beb2000-6bf00000 rw-p 00000000 00:00 0          [stack:10390]
6bf00000-6bfff000 rw-p 00000000 00:00 0 
6bfff000-6c000000 ---p 00000000 00:00 0 
6c000000-6c100000 rw-p 00000000 00:00 0 
6c12e000-6c131000 ---p 00000000 00:00 0 
6c131000-6c17f000 rw-p 00000000 00:00 0          [stack:10383]
6c17f000-6c180000 ---p 00000000 00:00 0 
6c180000-6c200000 rw-p 00000000 00:00 0          [stack:10375]
6c200000-6c3c0000 r--s 039f7000 00:18 592634     /home/jithin/jdk1.7.0_79/jre/lib/rt.jar
6c3c0000-6ea00000 rw-p 00000000 00:00 0 
6ea00000-6eafe000 rw-p 00000000 00:00 0 
6eafe000-6eb00000 ---p 00000000 00:00 0 
6eb2e000-6eb31000 ---p 00000000 00:00 0 
6eb31000-6eb7f000 rw-p 00000000 00:00 0          [stack:10380]
6eb7f000-6eb80000 ---p 00000000 00:00 0 
6eb80000-6ec00000 rw-p 00000000 00:00 0          [stack:10369]
6ec00000-6ec21000 rw-p 00000000 00:00 0 
6ec21000-6ed00000 ---p 00000000 00:00 0 
6ed00000-6ed21000 rw-p 00000000 00:00 0 
6ed21000-6ee00000 ---p 00000000 00:00 0 
6ee0f000-6ee24000 r-xp 00000000 00:18 593093     /home/jithin/jdk1.7.0_79/jre/lib/i386/libnet.so
6ee24000-6ee25000 rw-p 00014000 00:18 593093     /home/jithin/jdk1.7.0_79/jre/lib/i386/libnet.so
6ee25000-6ee33000 r-xp 00000000 00:18 593102     /home/jithin/jdk1.7.0_79/jre/lib/i386/libnio.so
6ee33000-6ee34000 rw-p 0000e000 00:18 593102     /home/jithin/jdk1.7.0_79/jre/lib/i386/libnio.so
6ee34000-6ee7f000 rw-p 00000000 00:00 0 
6ee7f000-6ee80000 ---p 00000000 00:00 0 
6ee80000-6ef00000 rw-p 00000000 00:00 0          [stack:10367]
6ef00000-6ef22000 rw-p 00000000 00:00 0 
6ef22000-6f000000 ---p 00000000 00:00 0 
6f003000-6f00c000 r--s 00089000 00:18 1050347    /home/jithin/AndroidStudioProjects/LockEngine/app/build/intermediates/exploded-aar/com.android.support/appcompat-v7/23.1.1/jars/classes.jar
6f00c000-6f067000 rw-p 00000000 00:00 0 
6f067000-6f068000 ---p 00000000 00:00 0 
6f068000-6f0e8000 rw-p 00000000 00:00 0          [stack:10364]
6f0e8000-6f0e9000 ---p 00000000 00:00 0 
6f0e9000-6f171000 rw-p 00000000 00:00 0          [stack:10363]
6f171000-6f189000 rw-p 00000000 00:00 0 
6f189000-6f19e000 rw-p 00000000 00:00 0 
6f19e000-6f2df000 rw-p 00000000 00:00 0 
6f2df000-6f2e7000 rw-p 00000000 00:00 0 
6f2e7000-6f2ff000 rw-p 00000000 00:00 0 
6f2ff000-6f314000 rw-p 00000000 00:00 0 
6f314000-6f454000 rw-p 00000000 00:00 0 
6f454000-6f467000 rw-p 00000000 00:00 0 
6f467000-6f4ff000 rw-p 00000000 00:00 0 
6f4ff000-70500000 rw-p 00000000 00:00 0 
70500000-73500000 rw-p 00000000 00:00 0 
73500000-75dc0000 rw-p 00000000 00:00 0 
75dc0000-9df80000 rw-p 00000000 00:00 0 
9df80000-a0380000 rw-p 00000000 00:00 0 
a2b64000-a2d80000 rw-p 00000000 00:00 0 
a2d80000-b3500000 rw-p 00000000 00:00 0 
b3501000-b3524000 rw-p 00000000 00:00 0 
b3524000-b35db000 rw-p 00000000 00:00 0 
b35db000-b381b000 rwxp 00000000 00:00 0 
b381b000-b65db000 rw-p 00000000 00:00 0 
b65db000-b65f2000 r-xp 00000000 00:18 593114     /home/jithin/jdk1.7.0_79/jre/lib/i386/libzip.so
b65f2000-b65f3000 rw-p 00017000 00:18 593114     /home/jithin/jdk1.7.0_79/jre/lib/i386/libzip.so
b65f3000-b65fe000 r-xp 00000000 08:05 4078733    /lib/i386-linux-gnu/libnss_files-2.19.so
b65fe000-b65ff000 r--p 0000a000 08:05 4078733    /lib/i386-linux-gnu/libnss_files-2.19.so
b65ff000-b6600000 rw-p 0000b000 08:05 4078733    /lib/i386-linux-gnu/libnss_files-2.19.so
b6600000-b66f6000 rw-p 00000000 00:00 0 
b66f6000-b6700000 ---p 00000000 00:00 0 
b6706000-b6710000 r-xp 00000000 08:05 4064346    /lib/i386-linux-gnu/libnss_nis-2.19.so
b6710000-b6711000 r--p 00009000 08:05 4064346    /lib/i386-linux-gnu/libnss_nis-2.19.so
b6711000-b6712000 rw-p 0000a000 08:05 4064346    /lib/i386-linux-gnu/libnss_nis-2.19.so
b6712000-b6727000 r-xp 00000000 08:05 4064375    /lib/i386-linux-gnu/libnsl-2.19.so
b6727000-b6728000 r--p 00015000 08:05 4064375    /lib/i386-linux-gnu/libnsl-2.19.so
b6728000-b6729000 rw-p 00016000 08:05 4064375    /lib/i386-linux-gnu/libnsl-2.19.so
b6729000-b672b000 rw-p 00000000 00:00 0 
b672e000-b673d000 r--s 000df000 00:18 676658     /home/jithin/adt-bundle-linux-x86-20140702/sdk/build-tools/23.0.2/lib/dx.jar
b673d000-b6745000 rw-s 00000000 08:05 4981916    /tmp/hsperfdata_jithin/10349
b6745000-b6768000 r-xp 00000000 00:18 593079     /home/jithin/jdk1.7.0_79/jre/lib/i386/libjava.so
b6768000-b6769000 rw-p 00023000 00:18 593079     /home/jithin/jdk1.7.0_79/jre/lib/i386/libjava.so
b6769000-b6770000 r-xp 00000000 08:05 4078734    /lib/i386-linux-gnu/librt-2.19.so
b6770000-b6771000 r--p 00006000 08:05 4078734    /lib/i386-linux-gnu/librt-2.19.so
b6771000-b6772000 rw-p 00007000 08:05 4078734    /lib/i386-linux-gnu/librt-2.19.so
b6772000-b6775000 ---p 00000000 00:00 0 
b6775000-b67c3000 rw-p 00000000 00:00 0          [stack:10357]
b67c3000-b6807000 r-xp 00000000 08:05 4078724    /lib/i386-linux-gnu/libm-2.19.so
b6807000-b6808000 r--p 00043000 08:05 4078724    /lib/i386-linux-gnu/libm-2.19.so
b6808000-b6809000 rw-p 00044000 08:05 4078724    /lib/i386-linux-gnu/libm-2.19.so
b6809000-b7090000 r-xp 00000000 00:18 593113     /home/jithin/jdk1.7.0_79/jre/lib/i386/server/libjvm.so
b7090000-b70f5000 rw-p 00886000 00:18 593113     /home/jithin/jdk1.7.0_79/jre/lib/i386/server/libjvm.so
b70f5000-b7518000 rw-p 00000000 00:00 0 
b7518000-b76c0000 r-xp 00000000 08:05 4064251    /lib/i386-linux-gnu/libc-2.19.so
b76c0000-b76c2000 r--p 001a8000 08:05 4064251    /lib/i386-linux-gnu/libc-2.19.so
b76c2000-b76c3000 rw-p 001aa000 08:05 4064251    /lib/i386-linux-gnu/libc-2.19.so
b76c3000-b76c6000 rw-p 00000000 00:00 0 
b76c6000-b76c9000 r-xp 00000000 08:05 4064305    /lib/i386-linux-gnu/libdl-2.19.so
b76c9000-b76ca000 r--p 00002000 08:05 4064305    /lib/i386-linux-gnu/libdl-2.19.so
b76ca000-b76cb000 rw-p 00003000 08:05 4064305    /lib/i386-linux-gnu/libdl-2.19.so
b76cb000-b76cc000 rw-p 00000000 00:00 0 
b76cc000-b76df000 r-xp 00000000 00:18 591428     /home/jithin/jdk1.7.0_79/lib/i386/jli/libjli.so
b76df000-b76e0000 rw-p 00012000 00:18 591428     /home/jithin/jdk1.7.0_79/lib/i386/jli/libjli.so
b76e0000-b76f8000 r-xp 00000000 08:05 4078729    /lib/i386-linux-gnu/libpthread-2.19.so
b76f8000-b76f9000 r--p 00018000 08:05 4078729    /lib/i386-linux-gnu/libpthread-2.19.so
b76f9000-b76fa000 rw-p 00019000 08:05 4078729    /lib/i386-linux-gnu/libpthread-2.19.so
b76fa000-b76fd000 rw-p 00000000 00:00 0 
b76fd000-b76fe000 rw-p 00000000 00:00 0 
b76fe000-b76ff000 r--p 00850000 08:05 3678467    /usr/lib/locale/locale-archive
b76ff000-b7706000 r-xp 00000000 08:05 4078725    /lib/i386-linux-gnu/libnss_compat-2.19.so
b7706000-b7707000 r--p 00006000 08:05 4078725    /lib/i386-linux-gnu/libnss_compat-2.19.so
b7707000-b7708000 rw-p 00007000 08:05 4078725    /lib/i386-linux-gnu/libnss_compat-2.19.so
b7708000-b7709000 rw-p 00000000 00:00 0 
b7709000-b770a000 ---p 00000000 00:00 0 
b770a000-b7715000 r-xp 00000000 00:18 593062     /home/jithin/jdk1.7.0_79/jre/lib/i386/libverify.so
b7715000-b7716000 rw-p 0000b000 00:18 593062     /home/jithin/jdk1.7.0_79/jre/lib/i386/libverify.so
b7716000-b7718000 rw-p 00000000 00:00 0 
b7718000-b7719000 r-xp 00000000 00:00 0          [vdso]
b7719000-b7739000 r-xp 00000000 08:05 4064326    /lib/i386-linux-gnu/ld-2.19.so
b7739000-b773a000 r--p 0001f000 08:05 4064326    /lib/i386-linux-gnu/ld-2.19.so
b773a000-b773b000 rw-p 00020000 08:05 4064326    /lib/i386-linux-gnu/ld-2.19.so
bfd7d000-bfd7e000 rwxp 00000000 00:00 0 
bfdaf000-bfdd1000 rw-p 00000000 00:00 0          [stack]

VM Arguments:
jvm_args: -Djava.awt.headless=true -Xmx1024M -Dfile.encoding=UTF-8 -Duser.country=IN -Duser.language=en -Duser.variant 
java_command: com.android.dx.command.Main --dex --num-threads=4 --output /home/jithin/AndroidStudioProjects/LockEngine/app/build/intermediates/pre-dexed/debug/com.android.support-appcompat-v7-23.1.1_1ddc6c7888df3c4e53bd7406494b48014d0ec869.jar /home/jithin/AndroidStudioProjects/LockEngine/app/build/intermediates/exploded-aar/com.android.support/appcompat-v7/23.1.1/jars/classes.jar
Launcher Type: SUN_STANDARD

Environment Variables:
PATH=/usr/local/sbin:/usr/local/bin:/usr/sbin:/usr/bin:/sbin:/bin:/usr/games:/usr/local/games:/home/jithin/adt-bundle-linux-x86-20140702/sdk/platform-tools:/home/jithin/scripts:/home/jithin/adt-bundle-linux-x86-20140702/eclipse:/home/jithin/android-ndk-r9/:/home/jithin/code/binaries/
LD_LIBRARY_PATH=.:
SHELL=/bin/bash
DISPLAY=:0

Signal Handlers:
SIGSEGV: [libjvm.so+0x7eb620], sa_mask[0]=0x7ffbfeff, sa_flags=0x10000004
SIGBUS: [libjvm.so+0x7eb620], sa_mask[0]=0x7ffbfeff, sa_flags=0x10000004
SIGFPE: [libjvm.so+0x6835c0], sa_mask[0]=0x7ffbfeff, sa_flags=0x10000004
SIGPIPE: [libjvm.so+0x6835c0], sa_mask[0]=0x7ffbfeff, sa_flags=0x10000004
SIGXFSZ: [libjvm.so+0x6835c0], sa_mask[0]=0x7ffbfeff, sa_flags=0x10000004
SIGILL: [libjvm.so+0x6835c0], sa_mask[0]=0x7ffbfeff, sa_flags=0x10000004
SIGUSR1: SIG_DFL, sa_mask[0]=0x00000000, sa_flags=0x00000000
SIGUSR2: [libjvm.so+0x684dc0], sa_mask[0]=0x00000004, sa_flags=0x10000004
SIGHUP: [libjvm.so+0x6860f0], sa_mask[0]=0x7ffbfeff, sa_flags=0x10000004
SIGINT: [libjvm.so+0x6860f0], sa_mask[0]=0x7ffbfeff, sa_flags=0x10000004
SIGTERM: [libjvm.so+0x6860f0], sa_mask[0]=0x7ffbfeff, sa_flags=0x10000004
SIGQUIT: [libjvm.so+0x6860f0], sa_mask[0]=0x7ffbfeff, sa_flags=0x10000004


---------------  S Y S T E M  ---------------

OS:jessie/sid

uname:Linux 3.13.0-63-generic #103-Ubuntu SMP Fri Aug 14 21:43:30 UTC 2015 i686
libc:glibc 2.19 NPTL 2.19 
rlimit: STACK 8192k, CORE 0k, NPROC 31169, NOFILE 4096, AS infinity
load average:15.91 6.33 4.88

/proc/meminfo:
MemTotal:        4016436 kB
MemFree:          215836 kB
Buffers:             904 kB
Cached:          1047384 kB
SwapCached:            0 kB
Active:          2647348 kB
Inactive:        1035704 kB
Active(anon):    2637808 kB
Inactive(anon):   995420 kB
Active(file):       9540 kB
Inactive(file):    40284 kB
Unevictable:         188 kB
Mlocked:             188 kB
HighTotal:       3166156 kB
HighFree:          50932 kB
LowTotal:         850280 kB
LowFree:          164904 kB
SwapTotal:             0 kB
SwapFree:              0 kB
Dirty:                32 kB
Writeback:             0 kB
AnonPages:       2634800 kB
Mapped:           678600 kB
Shmem:            998556 kB
Slab:              57544 kB
SReclaimable:      23356 kB
SUnreclaim:        34188 kB
KernelStack:        6080 kB
PageTables:        21888 kB
NFS_Unstable:          0 kB
Bounce:              152 kB
WritebackTmp:          0 kB
CommitLimit:     2008216 kB
Committed_AS:   10429460 kB
VmallocTotal:     122880 kB
VmallocUsed:       67576 kB
VmallocChunk:      35348 kB
HardwareCorrupted:     0 kB
AnonHugePages:    780288 kB
HugePages_Total:       0
HugePages_Free:        0
HugePages_Rsvd:        0
HugePages_Surp:        0
Hugepagesize:       2048 kB
DirectMap4k:       38904 kB
DirectMap2M:      872448 kB


CPU:total 4 (2 cores per cpu, 2 threads per core) family 6 model 58 stepping 9, cmov, cx8, fxsr, mmx, sse, sse2, sse3, ssse3, sse4.1, sse4.2, popcnt, avx, erms, ht, tsc, tscinvbit, tscinv

/proc/cpuinfo:
processor	: 0
vendor_id	: GenuineIntel
cpu family	: 6
model		: 58
model name	: Intel(R) Core(TM) i3-3217U CPU @ 1.80GHz
stepping	: 9
microcode	: 0x15
cpu MHz		: 1801.000
cache size	: 3072 KB
physical id	: 0
siblings	: 4
core id		: 0
cpu cores	: 2
apicid		: 0
initial apicid	: 0
fdiv_bug	: no
f00f_bug	: no
coma_bug	: no
fpu		: yes
fpu_exception	: yes
cpuid level	: 13
wp		: yes
flags		: fpu vme de pse tsc msr pae mce cx8 apic sep mtrr pge mca cmov pat pse36 clflush dts acpi mmx fxsr sse sse2 ss ht tm pbe nx rdtscp lm constant_tsc arch_perfmon pebs bts xtopology nonstop_tsc aperfmperf eagerfpu pni pclmulqdq dtes64 monitor ds_cpl vmx est tm2 ssse3 cx16 xtpr pdcm pcid sse4_1 sse4_2 x2apic popcnt tsc_deadline_timer xsave avx f16c lahf_lm ida arat epb xsaveopt pln pts dtherm tpr_shadow vnmi flexpriority ept vpid fsgsbase smep erms
bogomips	: 3591.91
clflush size	: 64
cache_alignment	: 64
address sizes	: 36 bits physical, 48 bits virtual
power management:

processor	: 1
vendor_id	: GenuineIntel
cpu family	: 6
model		: 58
model name	: Intel(R) Core(TM) i3-3217U CPU @ 1.80GHz
stepping	: 9
microcode	: 0x15
cpu MHz		: 1801.000
cache size	: 3072 KB
physical id	: 0
siblings	: 4
core id		: 1
cpu cores	: 2
apicid		: 2
initial apicid	: 2
fdiv_bug	: no
f00f_bug	: no
coma_bug	: no
fpu		: yes
fpu_exception	: yes
cpuid level	: 13
wp		: yes
flags		: fpu vme de pse tsc msr pae mce cx8 apic sep mtrr pge mca cmov pat pse36 clflush dts acpi mmx fxsr sse sse2 ss ht tm pbe nx rdtscp lm constant_tsc arch_perfmon pebs bts xtopology nonstop_tsc aperfmperf eagerfpu pni pclmulqdq dtes64 monitor ds_cpl vmx est tm2 ssse3 cx16 xtpr pdcm pcid sse4_1 sse4_2 x2apic popcnt tsc_deadline_timer xsave avx f16c lahf_lm ida arat epb xsaveopt pln pts dtherm tpr_shadow vnmi flexpriority ept vpid fsgsbase smep erms
bogomips	: 3591.91
clflush size	: 64
cache_alignment	: 64
address sizes	: 36 bits physical, 48 bits virtual
power management:

processor	: 2
vendor_id	: GenuineIntel
cpu family	: 6
model		: 58
model name	: Intel(R) Core(TM) i3-3217U CPU @ 1.80GHz
stepping	: 9
microcode	: 0x15
cpu MHz		: 1801.000
cache size	: 3072 KB
physical id	: 0
siblings	: 4
core id		: 0
cpu cores	: 2
apicid		: 1
initial apicid	: 1
fdiv_bug	: no
f00f_bug	: no
coma_bug	: no
fpu		: yes
fpu_exception	: yes
cpuid level	: 13
wp		: yes
flags		: fpu vme de pse tsc msr pae mce cx8 apic sep mtrr pge mca cmov pat pse36 clflush dts acpi mmx fxsr sse sse2 ss ht tm pbe nx rdtscp lm constant_tsc arch_perfmon pebs bts xtopology nonstop_tsc aperfmperf eagerfpu pni pclmulqdq dtes64 monitor ds_cpl vmx est tm2 ssse3 cx16 xtpr pdcm pcid sse4_1 sse4_2 x2apic popcnt tsc_deadline_timer xsave avx f16c lahf_lm ida arat epb xsaveopt pln pts dtherm tpr_shadow vnmi flexpriority ept vpid fsgsbase smep erms
bogomips	: 3591.91
clflush size	: 64
cache_alignment	: 64
address sizes	: 36 bits physical, 48 bits virtual
power management:

processor	: 3
vendor_id	: GenuineIntel
cpu family	: 6
model		: 58
model name	: Intel(R) Core(TM) i3-3217U CPU @ 1.80GHz
stepping	: 9
microcode	: 0x15
cpu MHz		: 1801.000
cache size	: 3072 KB
physical id	: 0
siblings	: 4
core id		: 1
cpu cores	: 2
apicid		: 3
initial apicid	: 3
fdiv_bug	: no
f00f_bug	: no
coma_bug	: no
fpu		: yes
fpu_exception	: yes
cpuid level	: 13
wp		: yes
flags		: fpu vme de pse tsc msr pae mce cx8 apic sep mtrr pge mca cmov pat pse36 clflush dts acpi mmx fxsr sse sse2 ss ht tm pbe nx rdtscp lm constant_tsc arch_perfmon pebs bts xtopology nonstop_tsc aperfmperf eagerfpu pni pclmulqdq dtes64 monitor ds_cpl vmx est tm2 ssse3 cx16 xtpr pdcm pcid sse4_1 sse4_2 x2apic popcnt tsc_deadline_timer xsave avx f16c lahf_lm ida arat epb xsaveopt pln pts dtherm tpr_shadow vnmi flexpriority ept vpid fsgsbase smep erms
bogomips	: 3591.91
clflush size	: 64
cache_alignment	: 64
address sizes	: 36 bits physical, 48 bits virtual
power management:



Memory: 4k page, physical 4016436k(215836k free), swap 0k(0k free)

vm_info: Java HotSpot(TM) Server VM (24.79-b02) for linux-x86 JRE (1.7.0_79-b15), built on Apr 10 2015 11:52:49 by "java_re" with gcc 4.3.0 20080428 (Red Hat 4.3.0-8)

time: Wed Jan 20 08:36:33 2016
elapsed time: 38 seconds

