#
# There is insufficient memory for the Java Runtime Environment to continue.
# Native memory allocation (malloc) failed to allocate 42729472 bytes for committing reserved memory.
# Possible reasons:
#   The system is out of physical RAM or swap space
#   In 32 bit mode, the process size limit was hit
# Possible solutions:
#   Reduce memory load on the system
#   Increase physical memory or swap space
#   Check if swap backing store is full
#   Use 64 bit Java on a 64 bit OS
#   Decrease Java heap size (-Xmx/-Xms)
#   Decrease number of Java threads
#   Decrease Java thread stack sizes (-Xss)
#   Set larger code cache with -XX:ReservedCodeCacheSize=
# This output file may be truncated or incomplete.
#
#  Out of Memory Error (os_linux.cpp:2756), pid=6618, tid=3061951296
#
# JRE version:  (7.0_79-b15) (build )
# Java VM: Java HotSpot(TM) Server VM (24.79-b02 mixed mode linux-x86 )
# Failed to write core dump. Core dumps have been disabled. To enable core dumping, try "ulimit -c unlimited" before starting Java again
#

---------------  T H R E A D  ---------------

Current thread (0xb6607800):  JavaThread "Unknown thread" [_thread_in_vm, id=6637, stack(0xb67ca000,0xb681b000)]

Stack: [0xb67ca000,0xb681b000],  sp=0xb6819b20,  free space=318k
Native frames: (J=compiled Java code, j=interpreted, Vv=VM code, C=native code)
V  [libjvm.so+0x7eab16]  VMError::report_and_die()+0x1a6
V  [libjvm.so+0x33e222]  report_vm_out_of_memory(char const*, int, unsigned int, char const*)+0x72
V  [libjvm.so+0x686a41]  os::Linux::commit_memory_impl(char*, unsigned int, bool)+0xe1
V  [libjvm.so+0x686f08]  os::pd_commit_memory(char*, unsigned int, unsigned int, bool)+0x28
V  [libjvm.so+0x68064c]  os::commit_memory(char*, unsigned int, unsigned int, bool)+0x2c
V  [libjvm.so+0x6eae98]  PSVirtualSpace::expand_by(unsigned int)+0x48
V  [libjvm.so+0x6dcc9d]  PSOldGen::initialize(ReservedSpace, unsigned int, char const*, int)+0x7d
V  [libjvm.so+0x187df6]  AdjoiningGenerations::AdjoiningGenerations(ReservedSpace, unsigned int, unsigned int, unsigned int, unsigned int, unsigned int, unsigned int, unsigned int)+0x2a6
V  [libjvm.so+0x6a65c4]  ParallelScavengeHeap::initialize()+0x3b4
V  [libjvm.so+0x7bd6b4]  Universe::initialize_heap()+0xa4
V  [libjvm.so+0x7bece5]  universe_init()+0x55
V  [libjvm.so+0x4518d5]  init_globals()+0x55
V  [libjvm.so+0x7a78b0]  Threads::create_vm(JavaVMInitArgs*, bool*)+0x200
V  [libjvm.so+0x4c469c]  JNI_CreateJavaVM+0x5c
C  [libjli.so+0x2668]  JavaMain+0x98
C  [libpthread.so.0+0x6f70]  start_thread+0xd0


---------------  P R O C E S S  ---------------

Java Threads: ( => current thread )

Other Threads:

=>0xb6607800 (exited) JavaThread "Unknown thread" [_thread_in_vm, id=6637, stack(0xb67ca000,0xb681b000)]

VM state:not at safepoint (not fully initialized)

VM Mutex/Monitor currently owned by a thread: None

GC Heap History (0 events):
No events

Deoptimization events (0 events):
No events

Internal exceptions (0 events):
No events

Events (0 events):
No events


Dynamic libraries:
08048000-08049000 r-xp 00000000 00:18 592627     /home/jithin/jdk1.7.0_79/bin/java
08049000-0804a000 rw-p 00000000 00:18 592627     /home/jithin/jdk1.7.0_79/bin/java
09836000-09857000 rw-p 00000000 00:00 0          [heap]
6f31f000-6f494000 rw-p 00000000 00:00 0 
6f494000-6f49f000 rw-p 00000000 00:00 0 
6f49f000-6f53f000 rw-p 00000000 00:00 0 
6f53f000-6f540000 rw-p 00000000 00:00 0 
6f540000-73540000 rw-p 00000000 00:00 0 
75be4000-75e00000 rw-p 00000000 00:00 0 
75e00000-9dfc0000 rw-p 00000000 00:00 0 
9dfc0000-9f440000 rw-p 00000000 00:00 0 
9f440000-b3540000 rw-p 00000000 00:00 0 
b3540000-b3549000 rw-p 00000000 00:00 0 
b3549000-b3600000 rw-p 00000000 00:00 0 
b3600000-b3840000 rwxp 00000000 00:00 0 
b3840000-b6621000 rw-p 00000000 00:00 0 
b6621000-b6700000 ---p 00000000 00:00 0 
b6739000-b6750000 r-xp 00000000 00:18 593114     /home/jithin/jdk1.7.0_79/jre/lib/i386/libzip.so
b6750000-b6751000 rw-p 00017000 00:18 593114     /home/jithin/jdk1.7.0_79/jre/lib/i386/libzip.so
b6751000-b675c000 r-xp 00000000 08:05 4078733    /lib/i386-linux-gnu/libnss_files-2.19.so
b675c000-b675d000 r--p 0000a000 08:05 4078733    /lib/i386-linux-gnu/libnss_files-2.19.so
b675d000-b675e000 rw-p 0000b000 08:05 4078733    /lib/i386-linux-gnu/libnss_files-2.19.so
b675e000-b6768000 r-xp 00000000 08:05 4064346    /lib/i386-linux-gnu/libnss_nis-2.19.so
b6768000-b6769000 r--p 00009000 08:05 4064346    /lib/i386-linux-gnu/libnss_nis-2.19.so
b6769000-b676a000 rw-p 0000a000 08:05 4064346    /lib/i386-linux-gnu/libnss_nis-2.19.so
b676a000-b677f000 r-xp 00000000 08:05 4064375    /lib/i386-linux-gnu/libnsl-2.19.so
b677f000-b6780000 r--p 00015000 08:05 4064375    /lib/i386-linux-gnu/libnsl-2.19.so
b6780000-b6781000 rw-p 00016000 08:05 4064375    /lib/i386-linux-gnu/libnsl-2.19.so
b6781000-b6783000 rw-p 00000000 00:00 0 
b6795000-b679d000 rw-s 00000000 08:05 4981904    /tmp/hsperfdata_jithin/6618
b679d000-b67c0000 r-xp 00000000 00:18 593079     /home/jithin/jdk1.7.0_79/jre/lib/i386/libjava.so
b67c0000-b67c1000 rw-p 00023000 00:18 593079     /home/jithin/jdk1.7.0_79/jre/lib/i386/libjava.so
b67c1000-b67c8000 r-xp 00000000 08:05 4078734    /lib/i386-linux-gnu/librt-2.19.so
b67c8000-b67c9000 r--p 00006000 08:05 4078734    /lib/i386-linux-gnu/librt-2.19.so
b67c9000-b67ca000 rw-p 00007000 08:05 4078734    /lib/i386-linux-gnu/librt-2.19.so
b67ca000-b67cd000 ---p 00000000 00:00 0 
b67cd000-b681b000 rw-p 00000000 00:00 0          [stack:6637]
b681b000-b685f000 r-xp 00000000 08:05 4078724    /lib/i386-linux-gnu/libm-2.19.so
b685f000-b6860000 r--p 00043000 08:05 4078724    /lib/i386-linux-gnu/libm-2.19.so
b6860000-b6861000 rw-p 00044000 08:05 4078724    /lib/i386-linux-gnu/libm-2.19.so
b6861000-b70e8000 r-xp 00000000 00:18 593113     /home/jithin/jdk1.7.0_79/jre/lib/i386/server/libjvm.so
b70e8000-b714d000 rw-p 00886000 00:18 593113     /home/jithin/jdk1.7.0_79/jre/lib/i386/server/libjvm.so
b714d000-b7570000 rw-p 00000000 00:00 0 
b7570000-b7718000 r-xp 00000000 08:05 4064251    /lib/i386-linux-gnu/libc-2.19.so
b7718000-b771a000 r--p 001a8000 08:05 4064251    /lib/i386-linux-gnu/libc-2.19.so
b771a000-b771b000 rw-p 001aa000 08:05 4064251    /lib/i386-linux-gnu/libc-2.19.so
b771b000-b771e000 rw-p 00000000 00:00 0 
b771e000-b7721000 r-xp 00000000 08:05 4064305    /lib/i386-linux-gnu/libdl-2.19.so
b7721000-b7722000 r--p 00002000 08:05 4064305    /lib/i386-linux-gnu/libdl-2.19.so
b7722000-b7723000 rw-p 00003000 08:05 4064305    /lib/i386-linux-gnu/libdl-2.19.so
b7723000-b7724000 rw-p 00000000 00:00 0 
b7724000-b7737000 r-xp 00000000 00:18 591428     /home/jithin/jdk1.7.0_79/lib/i386/jli/libjli.so
b7737000-b7738000 rw-p 00012000 00:18 591428     /home/jithin/jdk1.7.0_79/lib/i386/jli/libjli.so
b7738000-b7750000 r-xp 00000000 08:05 4078729    /lib/i386-linux-gnu/libpthread-2.19.so
b7750000-b7751000 r--p 00018000 08:05 4078729    /lib/i386-linux-gnu/libpthread-2.19.so
b7751000-b7752000 rw-p 00019000 08:05 4078729    /lib/i386-linux-gnu/libpthread-2.19.so
b7752000-b7755000 rw-p 00000000 00:00 0 
b7755000-b7757000 rw-p 00000000 00:00 0 
b7757000-b775e000 r-xp 00000000 08:05 4078725    /lib/i386-linux-gnu/libnss_compat-2.19.so
b775e000-b775f000 r--p 00006000 08:05 4078725    /lib/i386-linux-gnu/libnss_compat-2.19.so
b775f000-b7760000 rw-p 00007000 08:05 4078725    /lib/i386-linux-gnu/libnss_compat-2.19.so
b7760000-b7761000 rw-p 00000000 00:00 0 
b7761000-b7762000 r--p 00000000 00:00 0 
b7762000-b776d000 r-xp 00000000 00:18 593062     /home/jithin/jdk1.7.0_79/jre/lib/i386/libverify.so
b776d000-b776e000 rw-p 0000b000 00:18 593062     /home/jithin/jdk1.7.0_79/jre/lib/i386/libverify.so
b776e000-b7770000 rw-p 00000000 00:00 0 
b7770000-b7771000 r-xp 00000000 00:00 0          [vdso]
b7771000-b7791000 r-xp 00000000 08:05 4064326    /lib/i386-linux-gnu/ld-2.19.so
b7791000-b7792000 r--p 0001f000 08:05 4064326    /lib/i386-linux-gnu/ld-2.19.so
b7792000-b7793000 rw-p 00020000 08:05 4064326    /lib/i386-linux-gnu/ld-2.19.so
bf8e9000-bf8ea000 rwxp 00000000 00:00 0 
bf91b000-bf93d000 rw-p 00000000 00:00 0          [stack]

VM Arguments:
jvm_args: -Djava.awt.headless=true -Xmx1024M -Dfile.encoding=UTF-8 -Duser.country=IN -Duser.language=en -Duser.variant 
java_command: com.android.dx.command.Main --dex --num-threads=4 --output /home/jithin/AndroidStudioProjects/LockEngine/app/build/intermediates/pre-dexed/debug/com.android.support-design-23.1.1_bb2f6b5070a0240d868c47904d40a7e91ea8146e.jar /home/jithin/AndroidStudioProjects/LockEngine/app/build/intermediates/exploded-aar/com.android.support/design/23.1.1/jars/classes.jar
Launcher Type: SUN_STANDARD

Environment Variables:
PATH=/usr/local/sbin:/usr/local/bin:/usr/sbin:/usr/bin:/sbin:/bin:/usr/games:/usr/local/games:/home/jithin/adt-bundle-linux-x86-20140702/sdk/platform-tools:/home/jithin/scripts:/home/jithin/adt-bundle-linux-x86-20140702/eclipse:/home/jithin/android-ndk-r9/:/home/jithin/code/binaries/
LD_LIBRARY_PATH=.:
SHELL=/bin/bash
DISPLAY=:0

Signal Handlers:
SIGSEGV: [libjvm.so+0x7eb620], sa_mask[0]=0x7ffbfeff, sa_flags=0x10000004
SIGBUS: [libjvm.so+0x7eb620], sa_mask[0]=0x7ffbfeff, sa_flags=0x10000004
SIGFPE: [libjvm.so+0x6835c0], sa_mask[0]=0x7ffbfeff, sa_flags=0x10000004
SIGPIPE: [libjvm.so+0x6835c0], sa_mask[0]=0x7ffbfeff, sa_flags=0x10000004
SIGXFSZ: [libjvm.so+0x6835c0], sa_mask[0]=0x7ffbfeff, sa_flags=0x10000004
SIGILL: [libjvm.so+0x6835c0], sa_mask[0]=0x7ffbfeff, sa_flags=0x10000004
SIGUSR1: SIG_DFL, sa_mask[0]=0x00000000, sa_flags=0x00000000
SIGUSR2: [libjvm.so+0x684dc0], sa_mask[0]=0x00000004, sa_flags=0x10000004
SIGHUP: SIG_DFL, sa_mask[0]=0x00000000, sa_flags=0x00000000
SIGINT: SIG_DFL, sa_mask[0]=0x00000000, sa_flags=0x00000000
SIGTERM: SIG_DFL, sa_mask[0]=0x00000000, sa_flags=0x00000000
SIGQUIT: SIG_DFL, sa_mask[0]=0x00000000, sa_flags=0x00000000


---------------  S Y S T E M  ---------------

OS:jessie/sid

uname:Linux 3.13.0-63-generic #103-Ubuntu SMP Fri Aug 14 21:43:30 UTC 2015 i686
libc:glibc 2.19 NPTL 2.19 
rlimit: STACK 8192k, CORE 0k, NPROC 31169, NOFILE 4096, AS infinity
load average:4.71 3.52 2.70

/proc/meminfo:
MemTotal:        4016436 kB
MemFree:          209868 kB
Buffers:            2988 kB
Cached:          1047660 kB
SwapCached:            0 kB
Active:          2656700 kB
Inactive:        1033904 kB
Active(anon):    2642852 kB
Inactive(anon):   991220 kB
Active(file):      13848 kB
Inactive(file):    42684 kB
Unevictable:         188 kB
Mlocked:             188 kB
HighTotal:       3166156 kB
HighFree:          53804 kB
LowTotal:         850280 kB
LowFree:          156064 kB
SwapTotal:             0 kB
SwapFree:              0 kB
Dirty:               276 kB
Writeback:             0 kB
AnonPages:       2640104 kB
Mapped:           700884 kB
Shmem:            994216 kB
Slab:              57236 kB
SReclaimable:      24208 kB
SUnreclaim:        33028 kB
KernelStack:        5920 kB
PageTables:        22888 kB
NFS_Unstable:          0 kB
Bounce:                8 kB
WritebackTmp:          0 kB
CommitLimit:     2008216 kB
Committed_AS:   10649816 kB
VmallocTotal:     122880 kB
VmallocUsed:       67608 kB
VmallocChunk:      46908 kB
HardwareCorrupted:     0 kB
AnonHugePages:    860160 kB
HugePages_Total:       0
HugePages_Free:        0
HugePages_Rsvd:        0
HugePages_Surp:        0
Hugepagesize:       2048 kB
DirectMap4k:       38904 kB
DirectMap2M:      872448 kB


CPU:total 4 (2 cores per cpu, 2 threads per core) family 6 model 58 stepping 9, cmov, cx8, fxsr, mmx, sse, sse2, sse3, ssse3, sse4.1, sse4.2, popcnt, avx, erms, ht, tsc, tscinvbit, tscinv

/proc/cpuinfo:
processor	: 0
vendor_id	: GenuineIntel
cpu family	: 6
model		: 58
model name	: Intel(R) Core(TM) i3-3217U CPU @ 1.80GHz
stepping	: 9
microcode	: 0x15
cpu MHz		: 1801.000
cache size	: 3072 KB
physical id	: 0
siblings	: 4
core id		: 0
cpu cores	: 2
apicid		: 0
initial apicid	: 0
fdiv_bug	: no
f00f_bug	: no
coma_bug	: no
fpu		: yes
fpu_exception	: yes
cpuid level	: 13
wp		: yes
flags		: fpu vme de pse tsc msr pae mce cx8 apic sep mtrr pge mca cmov pat pse36 clflush dts acpi mmx fxsr sse sse2 ss ht tm pbe nx rdtscp lm constant_tsc arch_perfmon pebs bts xtopology nonstop_tsc aperfmperf eagerfpu pni pclmulqdq dtes64 monitor ds_cpl vmx est tm2 ssse3 cx16 xtpr pdcm pcid sse4_1 sse4_2 x2apic popcnt tsc_deadline_timer xsave avx f16c lahf_lm ida arat epb xsaveopt pln pts dtherm tpr_shadow vnmi flexpriority ept vpid fsgsbase smep erms
bogomips	: 3591.91
clflush size	: 64
cache_alignment	: 64
address sizes	: 36 bits physical, 48 bits virtual
power management:

processor	: 1
vendor_id	: GenuineIntel
cpu family	: 6
model		: 58
model name	: Intel(R) Core(TM) i3-3217U CPU @ 1.80GHz
stepping	: 9
microcode	: 0x15
cpu MHz		: 1801.000
cache size	: 3072 KB
physical id	: 0
siblings	: 4
core id		: 1
cpu cores	: 2
apicid		: 2
initial apicid	: 2
fdiv_bug	: no
f00f_bug	: no
coma_bug	: no
fpu		: yes
fpu_exception	: yes
cpuid level	: 13
wp		: yes
flags		: fpu vme de pse tsc msr pae mce cx8 apic sep mtrr pge mca cmov pat pse36 clflush dts acpi mmx fxsr sse sse2 ss ht tm pbe nx rdtscp lm constant_tsc arch_perfmon pebs bts xtopology nonstop_tsc aperfmperf eagerfpu pni pclmulqdq dtes64 monitor ds_cpl vmx est tm2 ssse3 cx16 xtpr pdcm pcid sse4_1 sse4_2 x2apic popcnt tsc_deadline_timer xsave avx f16c lahf_lm ida arat epb xsaveopt pln pts dtherm tpr_shadow vnmi flexpriority ept vpid fsgsbase smep erms
bogomips	: 3591.91
clflush size	: 64
cache_alignment	: 64
address sizes	: 36 bits physical, 48 bits virtual
power management:

processor	: 2
vendor_id	: GenuineIntel
cpu family	: 6
model		: 58
model name	: Intel(R) Core(TM) i3-3217U CPU @ 1.80GHz
stepping	: 9
microcode	: 0x15
cpu MHz		: 1801.000
cache size	: 3072 KB
physical id	: 0
siblings	: 4
core id		: 0
cpu cores	: 2
apicid		: 1
initial apicid	: 1
fdiv_bug	: no
f00f_bug	: no
coma_bug	: no
fpu		: yes
fpu_exception	: yes
cpuid level	: 13
wp		: yes
flags		: fpu vme de pse tsc msr pae mce cx8 apic sep mtrr pge mca cmov pat pse36 clflush dts acpi mmx fxsr sse sse2 ss ht tm pbe nx rdtscp lm constant_tsc arch_perfmon pebs bts xtopology nonstop_tsc aperfmperf eagerfpu pni pclmulqdq dtes64 monitor ds_cpl vmx est tm2 ssse3 cx16 xtpr pdcm pcid sse4_1 sse4_2 x2apic popcnt tsc_deadline_timer xsave avx f16c lahf_lm ida arat epb xsaveopt pln pts dtherm tpr_shadow vnmi flexpriority ept vpid fsgsbase smep erms
bogomips	: 3591.91
clflush size	: 64
cache_alignment	: 64
address sizes	: 36 bits physical, 48 bits virtual
power management:

processor	: 3
vendor_id	: GenuineIntel
cpu family	: 6
model		: 58
model name	: Intel(R) Core(TM) i3-3217U CPU @ 1.80GHz
stepping	: 9
microcode	: 0x15
cpu MHz		: 1300.000
cache size	: 3072 KB
physical id	: 0
siblings	: 4
core id		: 1
cpu cores	: 2
apicid		: 3
initial apicid	: 3
fdiv_bug	: no
f00f_bug	: no
coma_bug	: no
fpu		: yes
fpu_exception	: yes
cpuid level	: 13
wp		: yes
flags		: fpu vme de pse tsc msr pae mce cx8 apic sep mtrr pge mca cmov pat pse36 clflush dts acpi mmx fxsr sse sse2 ss ht tm pbe nx rdtscp lm constant_tsc arch_perfmon pebs bts xtopology nonstop_tsc aperfmperf eagerfpu pni pclmulqdq dtes64 monitor ds_cpl vmx est tm2 ssse3 cx16 xtpr pdcm pcid sse4_1 sse4_2 x2apic popcnt tsc_deadline_timer xsave avx f16c lahf_lm ida arat epb xsaveopt pln pts dtherm tpr_shadow vnmi flexpriority ept vpid fsgsbase smep erms
bogomips	: 3591.91
clflush size	: 64
cache_alignment	: 64
address sizes	: 36 bits physical, 48 bits virtual
power management:



Memory: 4k page, physical 4016436k(220992k free), swap 0k(0k free)

vm_info: Java HotSpot(TM) Server VM (24.79-b02) for linux-x86 JRE (1.7.0_79-b15), built on Apr 10 2015 11:52:49 by "java_re" with gcc 4.3.0 20080428 (Red Hat 4.3.0-8)

time: Tue Jan 19 23:29:50 2016
elapsed time: 1 seconds

