#
# There is insufficient memory for the Java Runtime Environment to continue.
# Native memory allocation (malloc) failed to allocate 44040192 bytes for committing reserved memory.
# Possible reasons:
#   The system is out of physical RAM or swap space
#   In 32 bit mode, the process size limit was hit
# Possible solutions:
#   Reduce memory load on the system
#   Increase physical memory or swap space
#   Check if swap backing store is full
#   Use 64 bit Java on a 64 bit OS
#   Decrease Java heap size (-Xmx/-Xms)
#   Decrease number of Java threads
#   Decrease Java thread stack sizes (-Xss)
#   Set larger code cache with -XX:ReservedCodeCacheSize=
# This output file may be truncated or incomplete.
#
#  Out of Memory Error (os_linux.cpp:2756), pid=10460, tid=1814035264
#
# JRE version: Java(TM) SE Runtime Environment (7.0_79-b15) (build 1.7.0_79-b15)
# Java VM: Java HotSpot(TM) Server VM (24.79-b02 mixed mode linux-x86 )
# Failed to write core dump. Core dumps have been disabled. To enable core dumping, try "ulimit -c unlimited" before starting Java again
#

---------------  T H R E A D  ---------------

Current thread (0x6c080800):  VMThread [stack: 0x6c17f000,0x6c200000] [id=10488]

Stack: [0x6c17f000,0x6c200000],  sp=0x6c1feaa0,  free space=510k
Native frames: (J=compiled Java code, j=interpreted, Vv=VM code, C=native code)
V  [libjvm.so+0x7eab16]  VMError::report_and_die()+0x1a6
V  [libjvm.so+0x33e222]  report_vm_out_of_memory(char const*, int, unsigned int, char const*)+0x72
V  [libjvm.so+0x686a41]  os::Linux::commit_memory_impl(char*, unsigned int, bool)+0xe1
V  [libjvm.so+0x686f08]  os::pd_commit_memory(char*, unsigned int, unsigned int, bool)+0x28
V  [libjvm.so+0x68064c]  os::commit_memory(char*, unsigned int, unsigned int, bool)+0x2c
V  [libjvm.so+0x6eae98]  PSVirtualSpace::expand_by(unsigned int)+0x48
V  [libjvm.so+0x6ebf9a]  PSYoungGen::resize_generation(unsigned int, unsigned int)+0xda
V  [libjvm.so+0x6eb2d9]  PSYoungGen::resize(unsigned int, unsigned int)+0x19
V  [libjvm.so+0x6e8c09]  PSScavenge::invoke_no_policy()+0xcf9
V  [libjvm.so+0x6e9468]  PSScavenge::invoke()+0x28
V  [libjvm.so+0x6a6fea]  ParallelScavengeHeap::failed_mem_allocate(unsigned int)+0x5a
V  [libjvm.so+0x7ec3aa]  VM_ParallelGCFailedAllocation::doit()+0x7a
V  [libjvm.so+0x7f51c7]  VM_Operation::evaluate()+0x47
V  [libjvm.so+0x7f3263]  VMThread::evaluate_operation(VM_Operation*)+0xb3
V  [libjvm.so+0x7f3600]  VMThread::loop()+0x1b0
V  [libjvm.so+0x7f3a65]  VMThread::run()+0x85
V  [libjvm.so+0x688d19]  java_start(Thread*)+0x119
C  [libpthread.so.0+0x6f70]  start_thread+0xd0

VM_Operation (0x6b95ac30): ParallelGCFailedAllocation, mode: safepoint, requested by thread 0x6b84f400


---------------  P R O C E S S  ---------------

Java Threads: ( => current thread )
  0x6b854c00 JavaThread "pool-1-thread-4" [_thread_blocked, id=10554, stack(0x6b70d000,0x6b75e000)]
  0x6b853c00 JavaThread "pool-1-thread-3" [_thread_blocked, id=10553, stack(0x6b75e000,0x6b7af000)]
  0x6b852800 JavaThread "pool-1-thread-2" [_thread_blocked, id=10552, stack(0x6b7af000,0x6b800000)]
  0x6b84f400 JavaThread "pool-2-thread-1" [_thread_blocked, id=10547, stack(0x6b90b000,0x6b95c000)]
  0x6b84e000 JavaThread "pool-1-thread-1" [_thread_blocked, id=10542, stack(0x6b95c000,0x6b9ad000)]
  0x6c09ac00 JavaThread "Service Thread" daemon [_thread_blocked, id=10518, stack(0x6ba2e000,0x6ba7f000)]
  0x6c098c00 JavaThread "C2 CompilerThread1" daemon [_thread_blocked, id=10516, stack(0x6ba7f000,0x6bb00000)]
  0x6c096c00 JavaThread "C2 CompilerThread0" daemon [_thread_blocked, id=10513, stack(0x6be2e000,0x6beaf000)]
  0x6c095400 JavaThread "Signal Dispatcher" daemon [_thread_blocked, id=10509, stack(0x6beaf000,0x6bf00000)]
  0x6c084800 JavaThread "Finalizer" daemon [_thread_blocked, id=10494, stack(0x6c12e000,0x6c17f000)]
  0x6c083000 JavaThread "Reference Handler" daemon [_thread_blocked, id=10491, stack(0x6eb2e000,0x6eb7f000)]
  0xb6607800 JavaThread "main" [_thread_blocked, id=10471, stack(0xb67f6000,0xb6847000)]

Other Threads:
=>0x6c080800 VMThread [stack: 0x6c17f000,0x6c200000] [id=10488]
  0x6c09cc00 WatcherThread [stack: 0x6b9ad000,0x6ba2e000] [id=10523]

VM state:at safepoint (normal execution)

VM Mutex/Monitor currently owned by a thread:  ([mutex/lock_event])
[0xb6604ff8] Threads_lock - owner thread: 0x6c080800
[0xb6605408] Heap_lock - owner thread: 0x6b84f400

Heap
 PSYoungGen      total 34304K, used 2550K [0x9dfc0000, 0xa03c0000, 0xb3540000)
  eden space 31744K, 0% used [0x9dfc0000,0x9dfc0000,0x9fec0000)
  from space 2560K, 99% used [0x9fec0000,0xa013da10,0xa0140000)
  to   space 2560K, 0% used [0xa0140000,0xa0140000,0xa03c0000)
 ParOldGen       total 41728K, used 12141K [0x73540000, 0x75e00000, 0x9dfc0000)
  object space 41728K, 29% used [0x73540000,0x7411b7c0,0x75e00000)
 PSPermGen       total 16384K, used 3932K [0x6f540000, 0x70540000, 0x73540000)
  object space 16384K, 24% used [0x6f540000,0x6f9170c8,0x70540000)

Card table byte_map: [0x6f31f000,0x6f540000] byte_map_base: 0x6efa4600

Polling page: 0xb778d000

Code Cache  [0xb3600000, 0xb3840000, 0xb6600000)
 total_blobs=354 nmethods=231 adapters=76 free_code_cache=48389Kb largest_free_block=49513536

Compilation events (10 events):
Event: 56.180 Thread 0x6c098c00 nmethod 226 0xb36a3908 code [0xb36a3a00, 0xb36a3b10]
Event: 56.180 Thread 0x6c098c00  227             com.android.dx.rop.cst.CstType::compareTo0 (25 bytes)
Event: 56.182 Thread 0x6c098c00 nmethod 227 0xb36a2a88 code [0xb36a2b80, 0xb36a2cf0]
Event: 56.182 Thread 0x6c098c00  228             com.android.dx.rop.cst.CstMemberRef::compareTo0 (49 bytes)
Event: 56.232 Thread 0x6c098c00 nmethod 228 0xb36aeb08 code [0xb36aec20, 0xb36aeef0]
Event: 56.232 Thread 0x6c098c00  229             java.util.TreeMap::parentOf (13 bytes)
Event: 56.233 Thread 0x6c098c00 nmethod 229 0xb36ae948 code [0xb36aea40, 0xb36aea90]
Event: 56.233 Thread 0x6c098c00  230             com.android.dx.dex.code.OutputCollector::add (9 bytes)
Event: 56.234 Thread 0x6c098c00 nmethod 230 0xb36ae748 code [0xb36ae840, 0xb36ae8bc]
Event: 56.234 Thread 0x6c098c00  231             com.android.dx.dex.code.OutputFinisher::updateInfo (44 bytes)

GC Heap History (9 events):
Event: 47.255 GC heap before
{Heap before GC invocations=1 (full 0):
 PSYoungGen      total 18432K, used 15872K [0x9dfc0000, 0x9f440000, 0xb3540000)
  eden space 15872K, 100% used [0x9dfc0000,0x9ef40000,0x9ef40000)
  from space 2560K, 0% used [0x9f1c0000,0x9f1c0000,0x9f440000)
  to   space 2560K, 0% used [0x9ef40000,0x9ef40000,0x9f1c0000)
 ParOldGen       total 41728K, used 0K [0x73540000, 0x75e00000, 0x9dfc0000)
  object space 41728K, 0% used [0x73540000,0x73540000,0x75e00000)
 PSPermGen       total 16384K, used 3670K [0x6f540000, 0x70540000, 0x73540000)
  object space 16384K, 22% used [0x6f540000,0x6f8d5a80,0x70540000)
Event: 47.276 GC heap after
Heap after GC invocations=1 (full 0):
 PSYoungGen      total 18432K, used 2546K [0x9dfc0000, 0x9f440000, 0xb3540000)
  eden space 15872K, 0% used [0x9dfc0000,0x9dfc0000,0x9ef40000)
  from space 2560K, 99% used [0x9ef40000,0x9f1bc830,0x9f1c0000)
  to   space 2560K, 0% used [0x9f1c0000,0x9f1c0000,0x9f440000)
 ParOldGen       total 41728K, used 448K [0x73540000, 0x75e00000, 0x9dfc0000)
  object space 41728K, 1% used [0x73540000,0x735b0280,0x75e00000)
 PSPermGen       total 16384K, used 3670K [0x6f540000, 0x70540000, 0x73540000)
  object space 16384K, 22% used [0x6f540000,0x6f8d5a80,0x70540000)
}
Event: 49.465 GC heap before
{Heap before GC invocations=2 (full 0):
 PSYoungGen      total 18432K, used 18418K [0x9dfc0000, 0x9f440000, 0xb3540000)
  eden space 15872K, 100% used [0x9dfc0000,0x9ef40000,0x9ef40000)
  from space 2560K, 99% used [0x9ef40000,0x9f1bc830,0x9f1c0000)
  to   space 2560K, 0% used [0x9f1c0000,0x9f1c0000,0x9f440000)
 ParOldGen       total 41728K, used 448K [0x73540000, 0x75e00000, 0x9dfc0000)
  object space 41728K, 1% used [0x73540000,0x735b0280,0x75e00000)
 PSPermGen       total 16384K, used 3813K [0x6f540000, 0x70540000, 0x73540000)
  object space 16384K, 23% used [0x6f540000,0x6f8f9518,0x70540000)
Event: 49.508 GC heap after
Heap after GC invocations=2 (full 0):
 PSYoungGen      total 18432K, used 2550K [0x9dfc0000, 0x9f440000, 0xb3540000)
  eden space 15872K, 0% used [0x9dfc0000,0x9dfc0000,0x9ef40000)
  from space 2560K, 99% used [0x9f1c0000,0x9f43d920,0x9f440000)
  to   space 2560K, 0% used [0x9ef40000,0x9ef40000,0x9f1c0000)
 ParOldGen       total 41728K, used 1896K [0x73540000, 0x75e00000, 0x9dfc0000)
  object space 41728K, 4% used [0x73540000,0x7371a190,0x75e00000)
 PSPermGen       total 16384K, used 3813K [0x6f540000, 0x70540000, 0x73540000)
  object space 16384K, 23% used [0x6f540000,0x6f8f9518,0x70540000)
}
Event: 50.867 GC heap before
{Heap before GC invocations=3 (full 0):
 PSYoungGen      total 18432K, used 18422K [0x9dfc0000, 0x9f440000, 0xb3540000)
  eden space 15872K, 100% used [0x9dfc0000,0x9ef40000,0x9ef40000)
  from space 2560K, 99% used [0x9f1c0000,0x9f43d920,0x9f440000)
  to   space 2560K, 0% used [0x9ef40000,0x9ef40000,0x9f1c0000)
 ParOldGen       total 41728K, used 1896K [0x73540000, 0x75e00000, 0x9dfc0000)
  object space 41728K, 4% used [0x73540000,0x7371a190,0x75e00000)
 PSPermGen       total 16384K, used 3882K [0x6f540000, 0x70540000, 0x73540000)
  object space 16384K, 23% used [0x6f540000,0x6f90ab18,0x70540000)
Event: 50.912 GC heap after
Heap after GC invocations=3 (full 0):
 PSYoungGen      total 18432K, used 2547K [0x9dfc0000, 0xa03c0000, 0xb3540000)
  eden space 15872K, 0% used [0x9dfc0000,0x9dfc0000,0x9ef40000)
  from space 2560K, 99% used [0x9ef40000,0x9f1bce80,0x9f1c0000)
  to   space 2560K, 0% used [0xa0140000,0xa0140000,0xa03c0000)
 ParOldGen       total 41728K, used 4298K [0x73540000, 0x75e00000, 0x9dfc0000)
  object space 41728K, 10% used [0x73540000,0x73972ab0,0x75e00000)
 PSPermGen       total 16384K, used 3882K [0x6f540000, 0x70540000, 0x73540000)
  object space 16384K, 23% used [0x6f540000,0x6f90ab18,0x70540000)
}
Event: 52.424 GC heap before
{Heap before GC invocations=4 (full 0):
 PSYoungGen      total 18432K, used 18419K [0x9dfc0000, 0xa03c0000, 0xb3540000)
  eden space 15872K, 100% used [0x9dfc0000,0x9ef40000,0x9ef40000)
  from space 2560K, 99% used [0x9ef40000,0x9f1bce80,0x9f1c0000)
  to   space 2560K, 0% used [0xa0140000,0xa0140000,0xa03c0000)
 ParOldGen       total 41728K, used 4298K [0x73540000, 0x75e00000, 0x9dfc0000)
  object space 41728K, 10% used [0x73540000,0x73972ab0,0x75e00000)
 PSPermGen       total 16384K, used 3903K [0x6f540000, 0x70540000, 0x73540000)
  object space 16384K, 23% used [0x6f540000,0x6f90ff00,0x70540000)
Event: 52.474 GC heap after
Heap after GC invocations=4 (full 0):
 PSYoungGen      total 34304K, used 2547K [0x9dfc0000, 0xa03c0000, 0xb3540000)
  eden space 31744K, 0% used [0x9dfc0000,0x9dfc0000,0x9fec0000)
  from space 2560K, 99% used [0xa0140000,0xa03bce80,0xa03c0000)
  to   space 2560K, 0% used [0x9fec0000,0x9fec0000,0xa0140000)
 ParOldGen       total 41728K, used 7045K [0x73540000, 0x75e00000, 0x9dfc0000)
  object space 41728K, 16% used [0x73540000,0x73c215a8,0x75e00000)
 PSPermGen       total 16384K, used 3903K [0x6f540000, 0x70540000, 0x73540000)
  object space 16384K, 23% used [0x6f540000,0x6f90ff00,0x70540000)
}
Event: 56.331 GC heap before
{Heap before GC invocations=5 (full 0):
 PSYoungGen      total 34304K, used 34291K [0x9dfc0000, 0xa03c0000, 0xb3540000)
  eden space 31744K, 100% used [0x9dfc0000,0x9fec0000,0x9fec0000)
  from space 2560K, 99% used [0xa0140000,0xa03bce80,0xa03c0000)
  to   space 2560K, 0% used [0x9fec0000,0x9fec0000,0xa0140000)
 ParOldGen       total 41728K, used 7045K [0x73540000, 0x75e00000, 0x9dfc0000)
  object space 41728K, 16% used [0x73540000,0x73c215a8,0x75e00000)
 PSPermGen       total 16384K, used 3932K [0x6f540000, 0x70540000, 0x73540000)
  object space 16384K, 24% used [0x6f540000,0x6f9170c8,0x70540000)

Deoptimization events (4 events):
Event: 48.199 Thread 0x6b84e000 Uncommon trap: reason=unreached action=reinterpret pc=0xb366d914 method=com.android.dx.rop.cst.Constant.compareTo(Lcom/android/dx/rop/cst/Constant;)I @ 12
Event: 49.333 Thread 0x6b853c00 Uncommon trap: reason=null_check action=make_not_entrant pc=0xb3673cd0 method=com.android.dx.rop.type.Type.equals(Ljava/lang/Object;)Z @ 8
Event: 52.021 Thread 0xb6607800 Uncommon trap: reason=class_check action=maybe_recompile pc=0xb367f838 method=java.util.HashMap.put(Ljava/lang/Object;Ljava/lang/Object;)Ljava/lang/Object; @ 83
Event: 53.035 Thread 0x6b853c00 Uncommon trap: reason=null_check action=make_not_entrant pc=0xb36a828c method=com.android.dx.ssa.SsaRenamer.getLocalForNewReg(I)Lcom/android/dx/rop/code/LocalItem; @ 19

Internal exceptions (10 events):
Event: 50.144 Thread 0xb6607800 Threw 0x9e5edcc8 at /HUDSON/workspace/7u-2-build-linux-i586/jdk7u79/2331/hotspot/src/share/vm/prims/jvm.cpp:1304
Event: 50.269 Thread 0x6b852800 Threw 0x9e787460 at /HUDSON/workspace/7u-2-build-linux-i586/jdk7u79/2331/hotspot/src/share/vm/prims/jvm.cpp:1304
Event: 50.270 Thread 0x6b852800 Threw 0x9e78cc20 at /HUDSON/workspace/7u-2-build-linux-i586/jdk7u79/2331/hotspot/src/share/vm/prims/jvm.cpp:1304
Event: 50.271 Thread 0x6b852800 Threw 0x9e790ca0 at /HUDSON/workspace/7u-2-build-linux-i586/jdk7u79/2331/hotspot/src/share/vm/prims/jvm.cpp:1304
Event: 51.979 Thread 0x6b852800 Threw 0x9ea44f20 at /HUDSON/workspace/7u-2-build-linux-i586/jdk7u79/2331/hotspot/src/share/vm/prims/jvm.cpp:1304
Event: 53.035 Thread 0x6b853c00 Implicit null exception at 0xb36a6e8d to 0xb36a827d
Event: 53.066 Thread 0x6b853c00 Threw 0x9e4e9468 at /HUDSON/workspace/7u-2-build-linux-i586/jdk7u79/2331/hotspot/src/share/vm/prims/jvm.cpp:1304
Event: 53.179 Thread 0x6b853c00 Threw 0x9e56cb68 at /HUDSON/workspace/7u-2-build-linux-i586/jdk7u79/2331/hotspot/src/share/vm/prims/jvm.cpp:1304
Event: 53.376 Thread 0xb6607800 Threw 0x9e6ef048 at /HUDSON/workspace/7u-2-build-linux-i586/jdk7u79/2331/hotspot/src/share/vm/prims/jvm.cpp:1304
Event: 53.376 Thread 0xb6607800 Threw 0x9e6f13c8 at /HUDSON/workspace/7u-2-build-linux-i586/jdk7u79/2331/hotspot/src/share/vm/prims/jvm.cpp:1304

Events (10 events):
Event: 53.066 loading class 0x6f00d198
Event: 53.066 loading class 0x6f00d198 done
Event: 53.179 loading class 0x09404808
Event: 53.179 loading class 0x09404808 done
Event: 53.376 loading class 0x6c0bb908
Event: 53.376 loading class 0x6c0bb908 done
Event: 53.376 loading class 0x6b814770
Event: 53.376 loading class 0x6b814770 done
Event: 54.559 Thread 0x6c096c00 flushing nmethod 0xb366d7c8
Event: 56.321 Executing VM operation: ParallelGCFailedAllocation


Dynamic libraries:
08048000-08049000 r-xp 00000000 00:18 592627     /home/jithin/jdk1.7.0_79/bin/java
08049000-0804a000 rw-p 00000000 00:18 592627     /home/jithin/jdk1.7.0_79/bin/java
093fd000-094bb000 rw-p 00000000 00:00 0          [heap]
6a600000-6a67a000 rw-p 00000000 00:00 0 
6a67a000-6a700000 ---p 00000000 00:00 0 
6a700000-6a7fd000 rw-p 00000000 00:00 0 
6a7fd000-6a800000 ---p 00000000 00:00 0 
6a800000-6a8f7000 rw-p 00000000 00:00 0 
6a8f7000-6a900000 ---p 00000000 00:00 0 
6a900000-6a9f6000 rw-p 00000000 00:00 0 
6a9f6000-6aa00000 ---p 00000000 00:00 0 
6aa00000-6aaf7000 rw-p 00000000 00:00 0 
6aaf7000-6ab00000 ---p 00000000 00:00 0 
6ab00000-6abdd000 rw-p 00000000 00:00 0 
6abdd000-6ac00000 ---p 00000000 00:00 0 
6ac00000-6acf9000 rw-p 00000000 00:00 0 
6acf9000-6ad00000 ---p 00000000 00:00 0 
6ae00000-6af00000 rw-p 00000000 00:00 0 
6b000000-6b0f3000 rw-p 00000000 00:00 0 
6b0f3000-6b100000 ---p 00000000 00:00 0 
6b100000-6b1ea000 rw-p 00000000 00:00 0 
6b1ea000-6b200000 ---p 00000000 00:00 0 
6b200000-6b2fd000 rw-p 00000000 00:00 0 
6b2fd000-6b300000 ---p 00000000 00:00 0 
6b300000-6b3f9000 rw-p 00000000 00:00 0 
6b3f9000-6b400000 ---p 00000000 00:00 0 
6b400000-6b4e9000 rw-p 00000000 00:00 0 
6b4e9000-6b500000 ---p 00000000 00:00 0 
6b600000-6b6f9000 rw-p 00000000 00:00 0 
6b6f9000-6b700000 ---p 00000000 00:00 0 
6b70d000-6b710000 ---p 00000000 00:00 0 
6b710000-6b75e000 rw-p 00000000 00:00 0          [stack:10554]
6b75e000-6b761000 ---p 00000000 00:00 0 
6b761000-6b7af000 rw-p 00000000 00:00 0          [stack:10553]
6b7af000-6b7b2000 ---p 00000000 00:00 0 
6b7b2000-6b800000 rw-p 00000000 00:00 0          [stack:10552]
6b800000-6b862000 rw-p 00000000 00:00 0 
6b862000-6b900000 ---p 00000000 00:00 0 
6b90b000-6b90e000 ---p 00000000 00:00 0 
6b90e000-6b95c000 rw-p 00000000 00:00 0          [stack:10547]
6b95c000-6b95f000 ---p 00000000 00:00 0 
6b95f000-6b9ad000 rw-p 00000000 00:00 0          [stack:10542]
6b9ad000-6b9ae000 ---p 00000000 00:00 0 
6b9ae000-6ba2e000 rw-p 00000000 00:00 0          [stack:10523]
6ba2e000-6ba31000 ---p 00000000 00:00 0 
6ba31000-6ba7f000 rw-p 00000000 00:00 0          [stack:10518]
6ba7f000-6ba82000 ---p 00000000 00:00 0 
6ba82000-6bb00000 rw-p 00000000 00:00 0          [stack:10516]
6bb00000-6bd00000 r--p 00000000 08:05 3678467    /usr/lib/locale/locale-archive
6bd00000-6bd21000 rw-p 00000000 00:00 0 
6bd21000-6be00000 ---p 00000000 00:00 0 
6be2e000-6be31000 ---p 00000000 00:00 0 
6be31000-6beaf000 rw-p 00000000 00:00 0          [stack:10513]
6beaf000-6beb2000 ---p 00000000 00:00 0 
6beb2000-6bf00000 rw-p 00000000 00:00 0          [stack:10509]
6bf00000-6bfe9000 rw-p 00000000 00:00 0 
6bfe9000-6c000000 ---p 00000000 00:00 0 
6c000000-6c0fc000 rw-p 00000000 00:00 0 
6c0fc000-6c100000 ---p 00000000 00:00 0 
6c12e000-6c131000 ---p 00000000 00:00 0 
6c131000-6c17f000 rw-p 00000000 00:00 0          [stack:10494]
6c17f000-6c180000 ---p 00000000 00:00 0 
6c180000-6c200000 rw-p 00000000 00:00 0          [stack:10488]
6c200000-6c3c0000 r--s 039f7000 00:18 592634     /home/jithin/jdk1.7.0_79/jre/lib/rt.jar
6c3c0000-6ea00000 rw-p 00000000 00:00 0 
6ea00000-6eafc000 rw-p 00000000 00:00 0 
6eafc000-6eb00000 ---p 00000000 00:00 0 
6eb2e000-6eb31000 ---p 00000000 00:00 0 
6eb31000-6eb7f000 rw-p 00000000 00:00 0          [stack:10491]
6eb7f000-6eb80000 ---p 00000000 00:00 0 
6eb80000-6ec00000 rw-p 00000000 00:00 0          [stack:10478]
6ec00000-6ec21000 rw-p 00000000 00:00 0 
6ec21000-6ed00000 ---p 00000000 00:00 0 
6ed34000-6ed7f000 rw-p 00000000 00:00 0 
6ed7f000-6ed80000 ---p 00000000 00:00 0 
6ed80000-6ee00000 rw-p 00000000 00:00 0          [stack:10477]
6ee00000-6ee21000 rw-p 00000000 00:00 0 
6ee21000-6ef00000 ---p 00000000 00:00 0 
6ef24000-6ef7f000 rw-p 00000000 00:00 0 
6ef7f000-6ef80000 ---p 00000000 00:00 0 
6ef80000-6f000000 rw-p 00000000 00:00 0          [stack:10476]
6f000000-6f021000 rw-p 00000000 00:00 0 
6f021000-6f100000 ---p 00000000 00:00 0 
6f132000-6f147000 r-xp 00000000 00:18 593093     /home/jithin/jdk1.7.0_79/jre/lib/i386/libnet.so
6f147000-6f148000 rw-p 00014000 00:18 593093     /home/jithin/jdk1.7.0_79/jre/lib/i386/libnet.so
6f148000-6f149000 ---p 00000000 00:00 0 
6f149000-6f1de000 rw-p 00000000 00:00 0          [stack:10475]
6f1de000-6f31f000 rw-p 00000000 00:00 0 
6f31f000-6f327000 rw-p 00000000 00:00 0 
6f327000-6f33f000 rw-p 00000000 00:00 0 
6f33f000-6f354000 rw-p 00000000 00:00 0 
6f354000-6f494000 rw-p 00000000 00:00 0 
6f494000-6f4a7000 rw-p 00000000 00:00 0 
6f4a7000-6f53f000 rw-p 00000000 00:00 0 
6f53f000-70540000 rw-p 00000000 00:00 0 
70540000-73540000 rw-p 00000000 00:00 0 
73540000-75e00000 rw-p 00000000 00:00 0 
75e00000-9dfc0000 rw-p 00000000 00:00 0 
9dfc0000-a03c0000 rw-p 00000000 00:00 0 
a2700000-a27c2000 rw-p 00000000 00:00 0 
a27c2000-a2800000 ---p 00000000 00:00 0 
a288d000-a2a00000 rw-p 00000000 00:00 0 
a2a00000-a2af9000 rw-p 00000000 00:00 0 
a2af9000-a2b00000 ---p 00000000 00:00 0 
a2b00000-a2bf1000 rw-p 00000000 00:00 0 
a2bf1000-a2c00000 ---p 00000000 00:00 0 
a2c00000-a2cf9000 rw-p 00000000 00:00 0 
a2cf9000-a2d00000 ---p 00000000 00:00 0 
a2d17000-a2dc0000 rw-p 00000000 00:00 0 
a2dc0000-b3540000 rw-p 00000000 00:00 0 
b3540000-b3549000 rw-p 00000000 00:00 0 
b3549000-b3600000 rw-p 00000000 00:00 0 
b3600000-b3840000 rwxp 00000000 00:00 0 
b3840000-b66f6000 rw-p 00000000 00:00 0 
b66f6000-b6700000 ---p 00000000 00:00 0 
b6712000-b6720000 r-xp 00000000 00:18 593102     /home/jithin/jdk1.7.0_79/jre/lib/i386/libnio.so
b6720000-b6721000 rw-p 0000e000 00:18 593102     /home/jithin/jdk1.7.0_79/jre/lib/i386/libnio.so
b6721000-b672b000 r--s 00041000 00:18 1050958    /home/jithin/AndroidStudioProjects/LockEngine/app/build/intermediates/exploded-aar/com.android.support/support-v4/23.1.1/jars/libs/internal_impl-23.1.1.jar
b672b000-b674d000 rw-p 00000000 00:00 0 
b674d000-b6765000 rw-p 00000000 00:00 0 
b6765000-b677c000 r-xp 00000000 00:18 593114     /home/jithin/jdk1.7.0_79/jre/lib/i386/libzip.so
b677c000-b677d000 rw-p 00017000 00:18 593114     /home/jithin/jdk1.7.0_79/jre/lib/i386/libzip.so
b677d000-b6788000 r-xp 00000000 08:05 4078733    /lib/i386-linux-gnu/libnss_files-2.19.so
b6788000-b6789000 r--p 0000a000 08:05 4078733    /lib/i386-linux-gnu/libnss_files-2.19.so
b6789000-b678a000 rw-p 0000b000 08:05 4078733    /lib/i386-linux-gnu/libnss_files-2.19.so
b678a000-b6794000 r-xp 00000000 08:05 4064346    /lib/i386-linux-gnu/libnss_nis-2.19.so
b6794000-b6795000 r--p 00009000 08:05 4064346    /lib/i386-linux-gnu/libnss_nis-2.19.so
b6795000-b6796000 rw-p 0000a000 08:05 4064346    /lib/i386-linux-gnu/libnss_nis-2.19.so
b6796000-b67ab000 r-xp 00000000 08:05 4064375    /lib/i386-linux-gnu/libnsl-2.19.so
b67ab000-b67ac000 r--p 00015000 08:05 4064375    /lib/i386-linux-gnu/libnsl-2.19.so
b67ac000-b67ad000 rw-p 00016000 08:05 4064375    /lib/i386-linux-gnu/libnsl-2.19.so
b67ad000-b67af000 rw-p 00000000 00:00 0 
b67b2000-b67c1000 r--s 000df000 00:18 676658     /home/jithin/adt-bundle-linux-x86-20140702/sdk/build-tools/23.0.2/lib/dx.jar
b67c1000-b67c9000 rw-s 00000000 08:05 4981902    /tmp/hsperfdata_jithin/10460
b67c9000-b67ec000 r-xp 00000000 00:18 593079     /home/jithin/jdk1.7.0_79/jre/lib/i386/libjava.so
b67ec000-b67ed000 rw-p 00023000 00:18 593079     /home/jithin/jdk1.7.0_79/jre/lib/i386/libjava.so
b67ed000-b67f4000 r-xp 00000000 08:05 4078734    /lib/i386-linux-gnu/librt-2.19.so
b67f4000-b67f5000 r--p 00006000 08:05 4078734    /lib/i386-linux-gnu/librt-2.19.so
b67f5000-b67f6000 rw-p 00007000 08:05 4078734    /lib/i386-linux-gnu/librt-2.19.so
b67f6000-b67f9000 ---p 00000000 00:00 0 
b67f9000-b6847000 rw-p 00000000 00:00 0          [stack:10471]
b6847000-b688b000 r-xp 00000000 08:05 4078724    /lib/i386-linux-gnu/libm-2.19.so
b688b000-b688c000 r--p 00043000 08:05 4078724    /lib/i386-linux-gnu/libm-2.19.so
b688c000-b688d000 rw-p 00044000 08:05 4078724    /lib/i386-linux-gnu/libm-2.19.so
b688d000-b7114000 r-xp 00000000 00:18 593113     /home/jithin/jdk1.7.0_79/jre/lib/i386/server/libjvm.so
b7114000-b7179000 rw-p 00886000 00:18 593113     /home/jithin/jdk1.7.0_79/jre/lib/i386/server/libjvm.so
b7179000-b759c000 rw-p 00000000 00:00 0 
b759c000-b7744000 r-xp 00000000 08:05 4064251    /lib/i386-linux-gnu/libc-2.19.so
b7744000-b7746000 r--p 001a8000 08:05 4064251    /lib/i386-linux-gnu/libc-2.19.so
b7746000-b7747000 rw-p 001aa000 08:05 4064251    /lib/i386-linux-gnu/libc-2.19.so
b7747000-b774a000 rw-p 00000000 00:00 0 
b774a000-b774d000 r-xp 00000000 08:05 4064305    /lib/i386-linux-gnu/libdl-2.19.so
b774d000-b774e000 r--p 00002000 08:05 4064305    /lib/i386-linux-gnu/libdl-2.19.so
b774e000-b774f000 rw-p 00003000 08:05 4064305    /lib/i386-linux-gnu/libdl-2.19.so
b774f000-b7750000 rw-p 00000000 00:00 0 
b7750000-b7763000 r-xp 00000000 00:18 591428     /home/jithin/jdk1.7.0_79/lib/i386/jli/libjli.so
b7763000-b7764000 rw-p 00012000 00:18 591428     /home/jithin/jdk1.7.0_79/lib/i386/jli/libjli.so
b7764000-b777c000 r-xp 00000000 08:05 4078729    /lib/i386-linux-gnu/libpthread-2.19.so
b777c000-b777d000 r--p 00018000 08:05 4078729    /lib/i386-linux-gnu/libpthread-2.19.so
b777d000-b777e000 rw-p 00019000 08:05 4078729    /lib/i386-linux-gnu/libpthread-2.19.so
b777e000-b7781000 rw-p 00000000 00:00 0 
b7781000-b7782000 rw-p 00000000 00:00 0 
b7782000-b7783000 r--p 00850000 08:05 3678467    /usr/lib/locale/locale-archive
b7783000-b778a000 r-xp 00000000 08:05 4078725    /lib/i386-linux-gnu/libnss_compat-2.19.so
b778a000-b778b000 r--p 00006000 08:05 4078725    /lib/i386-linux-gnu/libnss_compat-2.19.so
b778b000-b778c000 rw-p 00007000 08:05 4078725    /lib/i386-linux-gnu/libnss_compat-2.19.so
b778c000-b778d000 rw-p 00000000 00:00 0 
b778d000-b778e000 ---p 00000000 00:00 0 
b778e000-b7799000 r-xp 00000000 00:18 593062     /home/jithin/jdk1.7.0_79/jre/lib/i386/libverify.so
b7799000-b779a000 rw-p 0000b000 00:18 593062     /home/jithin/jdk1.7.0_79/jre/lib/i386/libverify.so
b779a000-b779c000 rw-p 00000000 00:00 0 
b779c000-b779d000 r-xp 00000000 00:00 0          [vdso]
b779d000-b77bd000 r-xp 00000000 08:05 4064326    /lib/i386-linux-gnu/ld-2.19.so
b77bd000-b77be000 r--p 0001f000 08:05 4064326    /lib/i386-linux-gnu/ld-2.19.so
b77be000-b77bf000 rw-p 00020000 08:05 4064326    /lib/i386-linux-gnu/ld-2.19.so
bf9a7000-bf9a8000 rwxp 00000000 00:00 0 
bf9d9000-bf9fb000 rw-p 00000000 00:00 0          [stack]

VM Arguments:
jvm_args: -Djava.awt.headless=true -Xmx1024M -Dfile.encoding=UTF-8 -Duser.country=IN -Duser.language=en -Duser.variant 
java_command: com.android.dx.command.Main --dex --num-threads=4 --output /home/jithin/AndroidStudioProjects/LockEngine/app/build/intermediates/pre-dexed/debug/internal_impl-23.1.1_6b59a94dfc0d1f933cc1be335b7ae1d4ceb26f87.jar /home/jithin/AndroidStudioProjects/LockEngine/app/build/intermediates/exploded-aar/com.android.support/support-v4/23.1.1/jars/libs/internal_impl-23.1.1.jar
Launcher Type: SUN_STANDARD

Environment Variables:
PATH=/usr/local/sbin:/usr/local/bin:/usr/sbin:/usr/bin:/sbin:/bin:/usr/games:/usr/local/games:/home/jithin/adt-bundle-linux-x86-20140702/sdk/platform-tools:/home/jithin/scripts:/home/jithin/adt-bundle-linux-x86-20140702/eclipse:/home/jithin/android-ndk-r9/:/home/jithin/code/binaries/
LD_LIBRARY_PATH=.:
SHELL=/bin/bash
DISPLAY=:0

Signal Handlers:
SIGSEGV: [libjvm.so+0x7eb620], sa_mask[0]=0x7ffbfeff, sa_flags=0x10000004
SIGBUS: [libjvm.so+0x7eb620], sa_mask[0]=0x7ffbfeff, sa_flags=0x10000004
SIGFPE: [libjvm.so+0x6835c0], sa_mask[0]=0x7ffbfeff, sa_flags=0x10000004
SIGPIPE: [libjvm.so+0x6835c0], sa_mask[0]=0x7ffbfeff, sa_flags=0x10000004
SIGXFSZ: [libjvm.so+0x6835c0], sa_mask[0]=0x7ffbfeff, sa_flags=0x10000004
SIGILL: [libjvm.so+0x6835c0], sa_mask[0]=0x7ffbfeff, sa_flags=0x10000004
SIGUSR1: SIG_DFL, sa_mask[0]=0x00000000, sa_flags=0x00000000
SIGUSR2: [libjvm.so+0x684dc0], sa_mask[0]=0x00000004, sa_flags=0x10000004
SIGHUP: [libjvm.so+0x6860f0], sa_mask[0]=0x7ffbfeff, sa_flags=0x10000004
SIGINT: [libjvm.so+0x6860f0], sa_mask[0]=0x7ffbfeff, sa_flags=0x10000004
SIGTERM: [libjvm.so+0x6860f0], sa_mask[0]=0x7ffbfeff, sa_flags=0x10000004
SIGQUIT: [libjvm.so+0x6860f0], sa_mask[0]=0x7ffbfeff, sa_flags=0x10000004


---------------  S Y S T E M  ---------------

OS:jessie/sid

uname:Linux 3.13.0-63-generic #103-Ubuntu SMP Fri Aug 14 21:43:30 UTC 2015 i686
libc:glibc 2.19 NPTL 2.19 
rlimit: STACK 8192k, CORE 0k, NPROC 31169, NOFILE 4096, AS infinity
load average:17.99 8.96 5.90

/proc/meminfo:
MemTotal:        4016436 kB
MemFree:          220892 kB
Buffers:            1288 kB
Cached:          1016544 kB
SwapCached:            0 kB
Active:          2674516 kB
Inactive:        1006632 kB
Active(anon):    2666904 kB
Inactive(anon):   979092 kB
Active(file):       7612 kB
Inactive(file):    27540 kB
Unevictable:         188 kB
Mlocked:             188 kB
HighTotal:       3166156 kB
HighFree:          59756 kB
LowTotal:         850280 kB
LowFree:          161136 kB
SwapTotal:             0 kB
SwapFree:              0 kB
Dirty:               148 kB
Writeback:             0 kB
AnonPages:       2663856 kB
Mapped:           647648 kB
Shmem:            982344 kB
Slab:              54988 kB
SReclaimable:      21704 kB
SUnreclaim:        33284 kB
KernelStack:        6080 kB
PageTables:        21932 kB
NFS_Unstable:          0 kB
Bounce:              208 kB
WritebackTmp:          0 kB
CommitLimit:     2008216 kB
Committed_AS:   10439092 kB
VmallocTotal:     122880 kB
VmallocUsed:       67576 kB
VmallocChunk:      35348 kB
HardwareCorrupted:     0 kB
AnonHugePages:    800768 kB
HugePages_Total:       0
HugePages_Free:        0
HugePages_Rsvd:        0
HugePages_Surp:        0
Hugepagesize:       2048 kB
DirectMap4k:       38904 kB
DirectMap2M:      872448 kB


CPU:total 4 (2 cores per cpu, 2 threads per core) family 6 model 58 stepping 9, cmov, cx8, fxsr, mmx, sse, sse2, sse3, ssse3, sse4.1, sse4.2, popcnt, avx, erms, ht, tsc, tscinvbit, tscinv

/proc/cpuinfo:
processor	: 0
vendor_id	: GenuineIntel
cpu family	: 6
model		: 58
model name	: Intel(R) Core(TM) i3-3217U CPU @ 1.80GHz
stepping	: 9
microcode	: 0x15
cpu MHz		: 1801.000
cache size	: 3072 KB
physical id	: 0
siblings	: 4
core id		: 0
cpu cores	: 2
apicid		: 0
initial apicid	: 0
fdiv_bug	: no
f00f_bug	: no
coma_bug	: no
fpu		: yes
fpu_exception	: yes
cpuid level	: 13
wp		: yes
flags		: fpu vme de pse tsc msr pae mce cx8 apic sep mtrr pge mca cmov pat pse36 clflush dts acpi mmx fxsr sse sse2 ss ht tm pbe nx rdtscp lm constant_tsc arch_perfmon pebs bts xtopology nonstop_tsc aperfmperf eagerfpu pni pclmulqdq dtes64 monitor ds_cpl vmx est tm2 ssse3 cx16 xtpr pdcm pcid sse4_1 sse4_2 x2apic popcnt tsc_deadline_timer xsave avx f16c lahf_lm ida arat epb xsaveopt pln pts dtherm tpr_shadow vnmi flexpriority ept vpid fsgsbase smep erms
bogomips	: 3591.91
clflush size	: 64
cache_alignment	: 64
address sizes	: 36 bits physical, 48 bits virtual
power management:

processor	: 1
vendor_id	: GenuineIntel
cpu family	: 6
model		: 58
model name	: Intel(R) Core(TM) i3-3217U CPU @ 1.80GHz
stepping	: 9
microcode	: 0x15
cpu MHz		: 1801.000
cache size	: 3072 KB
physical id	: 0
siblings	: 4
core id		: 1
cpu cores	: 2
apicid		: 2
initial apicid	: 2
fdiv_bug	: no
f00f_bug	: no
coma_bug	: no
fpu		: yes
fpu_exception	: yes
cpuid level	: 13
wp		: yes
flags		: fpu vme de pse tsc msr pae mce cx8 apic sep mtrr pge mca cmov pat pse36 clflush dts acpi mmx fxsr sse sse2 ss ht tm pbe nx rdtscp lm constant_tsc arch_perfmon pebs bts xtopology nonstop_tsc aperfmperf eagerfpu pni pclmulqdq dtes64 monitor ds_cpl vmx est tm2 ssse3 cx16 xtpr pdcm pcid sse4_1 sse4_2 x2apic popcnt tsc_deadline_timer xsave avx f16c lahf_lm ida arat epb xsaveopt pln pts dtherm tpr_shadow vnmi flexpriority ept vpid fsgsbase smep erms
bogomips	: 3591.91
clflush size	: 64
cache_alignment	: 64
address sizes	: 36 bits physical, 48 bits virtual
power management:

processor	: 2
vendor_id	: GenuineIntel
cpu family	: 6
model		: 58
model name	: Intel(R) Core(TM) i3-3217U CPU @ 1.80GHz
stepping	: 9
microcode	: 0x15
cpu MHz		: 1801.000
cache size	: 3072 KB
physical id	: 0
siblings	: 4
core id		: 0
cpu cores	: 2
apicid		: 1
initial apicid	: 1
fdiv_bug	: no
f00f_bug	: no
coma_bug	: no
fpu		: yes
fpu_exception	: yes
cpuid level	: 13
wp		: yes
flags		: fpu vme de pse tsc msr pae mce cx8 apic sep mtrr pge mca cmov pat pse36 clflush dts acpi mmx fxsr sse sse2 ss ht tm pbe nx rdtscp lm constant_tsc arch_perfmon pebs bts xtopology nonstop_tsc aperfmperf eagerfpu pni pclmulqdq dtes64 monitor ds_cpl vmx est tm2 ssse3 cx16 xtpr pdcm pcid sse4_1 sse4_2 x2apic popcnt tsc_deadline_timer xsave avx f16c lahf_lm ida arat epb xsaveopt pln pts dtherm tpr_shadow vnmi flexpriority ept vpid fsgsbase smep erms
bogomips	: 3591.91
clflush size	: 64
cache_alignment	: 64
address sizes	: 36 bits physical, 48 bits virtual
power management:

processor	: 3
vendor_id	: GenuineIntel
cpu family	: 6
model		: 58
model name	: Intel(R) Core(TM) i3-3217U CPU @ 1.80GHz
stepping	: 9
microcode	: 0x15
cpu MHz		: 900.000
cache size	: 3072 KB
physical id	: 0
siblings	: 4
core id		: 1
cpu cores	: 2
apicid		: 3
initial apicid	: 3
fdiv_bug	: no
f00f_bug	: no
coma_bug	: no
fpu		: yes
fpu_exception	: yes
cpuid level	: 13
wp		: yes
flags		: fpu vme de pse tsc msr pae mce cx8 apic sep mtrr pge mca cmov pat pse36 clflush dts acpi mmx fxsr sse sse2 ss ht tm pbe nx rdtscp lm constant_tsc arch_perfmon pebs bts xtopology nonstop_tsc aperfmperf eagerfpu pni pclmulqdq dtes64 monitor ds_cpl vmx est tm2 ssse3 cx16 xtpr pdcm pcid sse4_1 sse4_2 x2apic popcnt tsc_deadline_timer xsave avx f16c lahf_lm ida arat epb xsaveopt pln pts dtherm tpr_shadow vnmi flexpriority ept vpid fsgsbase smep erms
bogomips	: 3591.91
clflush size	: 64
cache_alignment	: 64
address sizes	: 36 bits physical, 48 bits virtual
power management:



Memory: 4k page, physical 4016436k(220892k free), swap 0k(0k free)

vm_info: Java HotSpot(TM) Server VM (24.79-b02) for linux-x86 JRE (1.7.0_79-b15), built on Apr 10 2015 11:52:49 by "java_re" with gcc 4.3.0 20080428 (Red Hat 4.3.0-8)

time: Wed Jan 20 08:37:46 2016
elapsed time: 60 seconds

