#
# There is insufficient memory for the Java Runtime Environment to continue.
# Native memory allocation (malloc) failed to allocate 59506688 bytes for committing reserved memory.
# Possible reasons:
#   The system is out of physical RAM or swap space
#   In 32 bit mode, the process size limit was hit
# Possible solutions:
#   Reduce memory load on the system
#   Increase physical memory or swap space
#   Check if swap backing store is full
#   Use 64 bit Java on a 64 bit OS
#   Decrease Java heap size (-Xmx/-Xms)
#   Decrease number of Java threads
#   Decrease Java thread stack sizes (-Xss)
#   Set larger code cache with -XX:ReservedCodeCacheSize=
# This output file may be truncated or incomplete.
#
#  Out of Memory Error (os_linux.cpp:2756), pid=8349, tid=1814035264
#
# JRE version: Java(TM) SE Runtime Environment (7.0_79-b15) (build 1.7.0_79-b15)
# Java VM: Java HotSpot(TM) Server VM (24.79-b02 mixed mode linux-x86 )
# Failed to write core dump. Core dumps have been disabled. To enable core dumping, try "ulimit -c unlimited" before starting Java again
#

---------------  T H R E A D  ---------------

Current thread (0x6c080800):  VMThread [stack: 0x6c17f000,0x6c200000] [id=8388]

Stack: [0x6c17f000,0x6c200000],  sp=0x6c1fea20,  free space=510k
Native frames: (J=compiled Java code, j=interpreted, Vv=VM code, C=native code)
V  [libjvm.so+0x7eab16]  VMError::report_and_die()+0x1a6
V  [libjvm.so+0x33e222]  report_vm_out_of_memory(char const*, int, unsigned int, char const*)+0x72
V  [libjvm.so+0x686a41]  os::Linux::commit_memory_impl(char*, unsigned int, bool)+0xe1
V  [libjvm.so+0x686f08]  os::pd_commit_memory(char*, unsigned int, unsigned int, bool)+0x28
V  [libjvm.so+0x68064c]  os::commit_memory(char*, unsigned int, unsigned int, bool)+0x2c
V  [libjvm.so+0x6eae98]  PSVirtualSpace::expand_by(unsigned int)+0x48
V  [libjvm.so+0x6ebf9a]  PSYoungGen::resize_generation(unsigned int, unsigned int)+0xda
V  [libjvm.so+0x6eb2d9]  PSYoungGen::resize(unsigned int, unsigned int)+0x19
V  [libjvm.so+0x6e8c09]  PSScavenge::invoke_no_policy()+0xcf9
V  [libjvm.so+0x6e9468]  PSScavenge::invoke()+0x28
V  [libjvm.so+0x6a6fea]  ParallelScavengeHeap::failed_mem_allocate(unsigned int)+0x5a
V  [libjvm.so+0x7ec3aa]  VM_ParallelGCFailedAllocation::doit()+0x7a
V  [libjvm.so+0x7f51c7]  VM_Operation::evaluate()+0x47
V  [libjvm.so+0x7f3263]  VMThread::evaluate_operation(VM_Operation*)+0xb3
V  [libjvm.so+0x7f3600]  VMThread::loop()+0x1b0
V  [libjvm.so+0x7f3a65]  VMThread::run()+0x85
V  [libjvm.so+0x688d19]  java_start(Thread*)+0x119
C  [libpthread.so.0+0x6f70]  start_thread+0xd0

VM_Operation (0x6b6fe894): ParallelGCFailedAllocation, mode: safepoint, requested by thread 0x6b736800


---------------  P R O C E S S  ---------------

Java Threads: ( => current thread )
  0x6b738c00 JavaThread "pool-2-thread-4" [_thread_blocked, id=8438, stack(0x6b60d000,0x6b65e000)]
  0x6b737c00 JavaThread "pool-2-thread-3" [_thread_blocked, id=8437, stack(0x6b65e000,0x6b6af000)]
  0x6b736800 JavaThread "pool-2-thread-2" [_thread_blocked, id=8436, stack(0x6b6af000,0x6b700000)]
  0x6b735c00 JavaThread "pool-3-thread-1" [_thread_blocked, id=8435, stack(0x6b90b000,0x6b95c000)]
  0x6b732400 JavaThread "pool-2-thread-1" [_thread_blocked, id=8434, stack(0x6b95c000,0x6b9ad000)]
  0x6c09ac00 JavaThread "Service Thread" daemon [_thread_blocked, id=8411, stack(0x6ba2e000,0x6ba7f000)]
  0x6c098c00 JavaThread "C2 CompilerThread1" daemon [_thread_blocked, id=8408, stack(0x6ba7f000,0x6bb00000)]
  0x6c096c00 JavaThread "C2 CompilerThread0" daemon [_thread_blocked, id=8406, stack(0x6be2e000,0x6beaf000)]
  0x6c095400 JavaThread "Signal Dispatcher" daemon [_thread_blocked, id=8401, stack(0x6beaf000,0x6bf00000)]
  0x6c084800 JavaThread "Finalizer" daemon [_thread_blocked, id=8398, stack(0x6c12e000,0x6c17f000)]
  0x6c083000 JavaThread "Reference Handler" daemon [_thread_blocked, id=8393, stack(0x6eb2e000,0x6eb7f000)]
  0xb6607800 JavaThread "main" [_thread_blocked, id=8370, stack(0xb6778000,0xb67c9000)]

Other Threads:
=>0x6c080800 VMThread [stack: 0x6c17f000,0x6c200000] [id=8388]
  0x6c09c800 WatcherThread [stack: 0x6b9ad000,0x6ba2e000] [id=8415]

VM state:at safepoint (normal execution)

VM Mutex/Monitor currently owned by a thread:  ([mutex/lock_event])
[0xb6604fe8] Threads_lock - owner thread: 0x6c080800
[0xb66053f8] Heap_lock - owner thread: 0x6b736800

Heap
 PSYoungGen      total 247552K, used 39156K [0x9df80000, 0xafc40000, 0xb3500000)
  eden space 208384K, 0% used [0x9df80000,0x9df80000,0xaab00000)
  from space 39168K, 99% used [0xaafc0000,0xad5fd3f8,0xad600000)
  to   space 27648K, 0% used [0xae140000,0xae140000,0xafc40000)
 ParOldGen       total 129792K, used 110028K [0x73500000, 0x7b3c0000, 0x9df80000)
  object space 129792K, 84% used [0x73500000,0x7a0732b8,0x7b3c0000)
 PSPermGen       total 16384K, used 4055K [0x6f500000, 0x70500000, 0x73500000)
  object space 16384K, 24% used [0x6f500000,0x6f8f5c20,0x70500000)

Card table byte_map: [0x6f2df000,0x6f500000] byte_map_base: 0x6ef64800

Polling page: 0xb770f000

Code Cache  [0xb35db000, 0xb38fb000, 0xb65db000)
 total_blobs=1087 nmethods=964 adapters=76 free_code_cache=46007Kb largest_free_block=47072960

Compilation events (10 events):
Event: 39.561 Thread 0x6c098c00 nmethod 975 0xb38ee308 code [0xb38ee400, 0xb38ee4b0]
Event: 39.562 Thread 0x6c098c00  976             com.android.dx.util.ByteArray::makeDataInputStream (12 bytes)
Event: 39.576 Thread 0x6c098c00 nmethod 976 0xb38eb988 code [0xb38ebaa0, 0xb38ebd70]
Event: 39.576 Thread 0x6c098c00  977             com.android.dx.util.ByteArray::makeInputStream (9 bytes)
Event: 39.582 Thread 0x6c098c00 nmethod 977 0xb38eb748 code [0xb38eb840, 0xb38eb8f0]
Event: 39.587 Thread 0x6c098c00  978             com.android.dx.cf.attrib.BaseLocalVariables::getLocalVariables (5 bytes)
Event: 39.587 Thread 0x6c098c00 nmethod 978 0xb38eb5c8 code [0xb38eb6a0, 0xb38eb6f0]
Event: 39.587 Thread 0x6c098c00  979             com.android.dx.cf.code.LocalVariableList::concat (97 bytes)
Event: 39.588 Thread 0x6c098c00 nmethod 979 0xb38eb408 code [0xb38eb500, 0xb38eb550]
Event: 39.588 Thread 0x6c098c00  980             com.android.dx.dex.code.OutputCollector::appendSuffixToOutput (45 bytes)

GC Heap History (10 events):
Event: 26.191 GC heap after
Heap after GC invocations=10 (full 1):
 PSYoungGen      total 140288K, used 10168K [0x9df80000, 0xad600000, 0xb3500000)
  eden space 119040K, 0% used [0x9df80000,0x9df80000,0xa53c0000)
  from space 21248K, 47% used [0xa53c0000,0xa5dae120,0xa6880000)
  to   space 30976K, 0% used [0xab7c0000,0xab7c0000,0xad600000)
 ParOldGen       total 74752K, used 41521K [0x73500000, 0x77e00000, 0x9df80000)
  object space 74752K, 55% used [0x73500000,0x75d8c430,0x77e00000)
 PSPermGen       total 16384K, used 4015K [0x6f500000, 0x70500000, 0x73500000)
  object space 16384K, 24% used [0x6f500000,0x6f8ebde0,0x70500000)
}
Event: 29.053 GC heap before
{Heap before GC invocations=11 (full 1):
 PSYoungGen      total 140288K, used 129208K [0x9df80000, 0xad600000, 0xb3500000)
  eden space 119040K, 100% used [0x9df80000,0xa53c0000,0xa53c0000)
  from space 21248K, 47% used [0xa53c0000,0xa5dae120,0xa6880000)
  to   space 30976K, 0% used [0xab7c0000,0xab7c0000,0xad600000)
 ParOldGen       total 74752K, used 41521K [0x73500000, 0x77e00000, 0x9df80000)
  object space 74752K, 55% used [0x73500000,0x75d8c430,0x77e00000)
 PSPermGen       total 16384K, used 4031K [0x6f500000, 0x70500000, 0x73500000)
  object space 16384K, 24% used [0x6f500000,0x6f8eff70,0x70500000)
Event: 29.152 GC heap after
Heap after GC invocations=11 (full 1):
 PSYoungGen      total 189440K, used 24824K [0x9df80000, 0xad000000, 0xb3500000)
  eden space 164608K, 0% used [0x9df80000,0x9df80000,0xa8040000)
  from space 24832K, 99% used [0xab7c0000,0xacffe008,0xad000000)
  to   space 34048K, 0% used [0xa8d80000,0xa8d80000,0xaaec0000)
 ParOldGen       total 74752K, used 46129K [0x73500000, 0x77e00000, 0x9df80000)
  object space 74752K, 61% used [0x73500000,0x7620c790,0x77e00000)
 PSPermGen       total 16384K, used 4031K [0x6f500000, 0x70500000, 0x73500000)
  object space 16384K, 24% used [0x6f500000,0x6f8eff70,0x70500000)
}
Event: 32.334 GC heap before
{Heap before GC invocations=12 (full 1):
 PSYoungGen      total 189440K, used 189432K [0x9df80000, 0xad000000, 0xb3500000)
  eden space 164608K, 100% used [0x9df80000,0xa8040000,0xa8040000)
  from space 24832K, 99% used [0xab7c0000,0xacffe008,0xad000000)
  to   space 34048K, 0% used [0xa8d80000,0xa8d80000,0xaaec0000)
 ParOldGen       total 74752K, used 46129K [0x73500000, 0x77e00000, 0x9df80000)
  object space 74752K, 61% used [0x73500000,0x7620c790,0x77e00000)
 PSPermGen       total 16384K, used 4036K [0x6f500000, 0x70500000, 0x73500000)
  object space 16384K, 24% used [0x6f500000,0x6f8f12f8,0x70500000)
Event: 32.451 GC heap after
Heap after GC invocations=12 (full 1):
 PSYoungGen      total 212224K, used 24282K [0x9df80000, 0xb04c0000, 0xb3500000)
  eden space 178176K, 0% used [0x9df80000,0x9df80000,0xa8d80000)
  from space 34048K, 71% used [0xa8d80000,0xaa536b00,0xaaec0000)
  to   space 36352K, 0% used [0xae140000,0xae140000,0xb04c0000)
 ParOldGen       total 74752K, used 69885K [0x73500000, 0x77e00000, 0x9df80000)
  object space 74752K, 93% used [0x73500000,0x7793f5a0,0x77e00000)
 PSPermGen       total 16384K, used 4036K [0x6f500000, 0x70500000, 0x73500000)
  object space 16384K, 24% used [0x6f500000,0x6f8f12f8,0x70500000)
}
Event: 32.451 GC heap before
{Heap before GC invocations=13 (full 2):
 PSYoungGen      total 212224K, used 24282K [0x9df80000, 0xb04c0000, 0xb3500000)
  eden space 178176K, 0% used [0x9df80000,0x9df80000,0xa8d80000)
  from space 34048K, 71% used [0xa8d80000,0xaa536b00,0xaaec0000)
  to   space 36352K, 0% used [0xae140000,0xae140000,0xb04c0000)
 ParOldGen       total 74752K, used 69885K [0x73500000, 0x77e00000, 0x9df80000)
  object space 74752K, 93% used [0x73500000,0x7793f5a0,0x77e00000)
 PSPermGen       total 16384K, used 4036K [0x6f500000, 0x70500000, 0x73500000)
  object space 16384K, 24% used [0x6f500000,0x6f8f12f8,0x70500000)
Event: 33.769 GC heap after
Heap after GC invocations=13 (full 2):
 PSYoungGen      total 212224K, used 17441K [0x9df80000, 0xb04c0000, 0xb3500000)
  eden space 178176K, 0% used [0x9df80000,0x9df80000,0xa8d80000)
  from space 34048K, 51% used [0xa8d80000,0xa9e88618,0xaaec0000)
  to   space 36352K, 0% used [0xae140000,0xae140000,0xb04c0000)
 ParOldGen       total 129792K, used 74504K [0x73500000, 0x7b3c0000, 0x9df80000)
  object space 129792K, 57% used [0x73500000,0x77dc22d0,0x7b3c0000)
 PSPermGen       total 16384K, used 4036K [0x6f500000, 0x70500000, 0x73500000)
  object space 16384K, 24% used [0x6f500000,0x6f8f1188,0x70500000)
}
Event: 37.211 GC heap before
{Heap before GC invocations=14 (full 2):
 PSYoungGen      total 212224K, used 195617K [0x9df80000, 0xb04c0000, 0xb3500000)
  eden space 178176K, 100% used [0x9df80000,0xa8d80000,0xa8d80000)
  from space 34048K, 51% used [0xa8d80000,0xa9e88618,0xaaec0000)
  to   space 36352K, 0% used [0xae140000,0xae140000,0xb04c0000)
 ParOldGen       total 129792K, used 74504K [0x73500000, 0x7b3c0000, 0x9df80000)
  object space 129792K, 57% used [0x73500000,0x77dc22d0,0x7b3c0000)
 PSPermGen       total 16384K, used 4043K [0x6f500000, 0x70500000, 0x73500000)
  object space 16384K, 24% used [0x6f500000,0x6f8f2d60,0x70500000)
Event: 37.429 GC heap after
Heap after GC invocations=14 (full 2):
 PSYoungGen      total 236032K, used 27564K [0x9df80000, 0xafc40000, 0xb3500000)
  eden space 208384K, 0% used [0x9df80000,0x9df80000,0xaab00000)
  from space 27648K, 99% used [0xae140000,0xafc2b240,0xafc40000)
  to   space 39168K, 0% used [0xaafc0000,0xaafc0000,0xad600000)
 ParOldGen       total 129792K, used 91204K [0x73500000, 0x7b3c0000, 0x9df80000)
  object space 129792K, 70% used [0x73500000,0x78e11058,0x7b3c0000)
 PSPermGen       total 16384K, used 4043K [0x6f500000, 0x70500000, 0x73500000)
  object space 16384K, 24% used [0x6f500000,0x6f8f2d60,0x70500000)
}
Event: 39.602 GC heap before
{Heap before GC invocations=15 (full 2):
 PSYoungGen      total 236032K, used 235948K [0x9df80000, 0xafc40000, 0xb3500000)
  eden space 208384K, 100% used [0x9df80000,0xaab00000,0xaab00000)
  from space 27648K, 99% used [0xae140000,0xafc2b240,0xafc40000)
  to   space 39168K, 0% used [0xaafc0000,0xaafc0000,0xad600000)
 ParOldGen       total 129792K, used 91204K [0x73500000, 0x7b3c0000, 0x9df80000)
  object space 129792K, 70% used [0x73500000,0x78e11058,0x7b3c0000)
 PSPermGen       total 16384K, used 4055K [0x6f500000, 0x70500000, 0x73500000)
  object space 16384K, 24% used [0x6f500000,0x6f8f5c20,0x70500000)

Deoptimization events (10 events):
Event: 27.340 Thread 0x6b738c00 Uncommon trap: reason=unreached action=reinterpret pc=0xb373fb2c method=com.android.dx.ssa.MoveParamCombiner$1.visitNonMoveInsn(Lcom/android/dx/ssa/NormalSsaInsn;)V @ 27
Event: 36.068 Thread 0xb6607800 Uncommon trap: reason=class_check action=maybe_recompile pc=0xb36dabc0 method=com.android.dx.ssa.SCCP.replaceConstants()V @ 182
Event: 36.091 Thread 0xb6607800 Uncommon trap: reason=class_check action=maybe_recompile pc=0xb36dabc0 method=com.android.dx.ssa.SCCP.replaceConstants()V @ 182
Event: 36.096 Thread 0x6b736800 Uncommon trap: reason=bimorphic action=maybe_recompile pc=0xb3752524 method=com.android.dx.ssa.LiteralOpUpgrader.tryReplacingWithConstant(Lcom/android/dx/ssa/NormalSsaInsn;)Z @ 62
Event: 36.475 Thread 0x6b736800 Uncommon trap: reason=bimorphic action=maybe_recompile pc=0xb3752524 method=com.android.dx.ssa.LiteralOpUpgrader.tryReplacingWithConstant(Lcom/android/dx/ssa/NormalSsaInsn;)Z @ 62
Event: 37.650 Thread 0x6b732400 Uncommon trap: reason=unreached action=reinterpret pc=0xb3647d68 method=java.util.HashMap.getEntry(Ljava/lang/Object;)Ljava/util/HashMap$Entry; @ 71
Event: 39.175 Thread 0x6b737c00 Uncommon trap: reason=bimorphic action=maybe_recompile pc=0xb374781c method=com.android.dx.ssa.LiteralOpUpgrader.tryReplacingWithConstant(Lcom/android/dx/ssa/NormalSsaInsn;)Z @ 62
Event: 39.532 Thread 0xb6607800 Uncommon trap: reason=unreached action=reinterpret pc=0xb385bca0 method=com.android.dx.cf.direct.StdAttributeFactory.parse0(Lcom/android/dx/cf/direct/DirectClassFile;ILjava/lang/String;IILcom/android/dx/cf/iface/ParseObserver;)Lcom/android/dx/cf/iface/Att
Event: 39.533 Thread 0xb6607800 Uncommon trap: reason=unreached action=reinterpret pc=0xb38c71a0 method=com.android.dx.dex.file.ValueEncoder.addContents(Lcom/android/dx/dex/file/DexFile;Lcom/android/dx/rop/cst/Constant;)V @ 4
Event: 39.582 Thread 0x6b732400 Uncommon trap: reason=bimorphic action=maybe_recompile pc=0xb382d0e8 method=com.android.dx.ssa.back.FirstFitLocalCombiningAllocator.findNextUnreservedRopReg(IILcom/android/dx/ssa/back/FirstFitLocalCombiningAllocator$Alignment;)I @ 60

Internal exceptions (10 events):
Event: 8.987 Thread 0xb6607800 Implicit null exception at 0xb36790b6 to 0xb3679689
Event: 10.601 Thread 0x6b738c00 Threw 0x9edc06f8 at /HUDSON/workspace/7u-2-build-linux-i586/jdk7u79/2331/hotspot/src/share/vm/prims/jvm.cpp:1304
Event: 14.720 Thread 0xb6607800 Threw 0x9eea6a88 at /HUDSON/workspace/7u-2-build-linux-i586/jdk7u79/2331/hotspot/src/share/vm/prims/jvm.cpp:1304
Event: 17.019 Thread 0xb6607800 Threw 0xa03c29f0 at /HUDSON/workspace/7u-2-build-linux-i586/jdk7u79/2331/hotspot/src/share/vm/prims/jvm.cpp:1304
Event: 20.035 Thread 0xb6607800 Threw 0x9dfd8bf0 at /HUDSON/workspace/7u-2-build-linux-i586/jdk7u79/2331/hotspot/src/share/vm/prims/jvm.cpp:1304
Event: 24.890 Thread 0xb6607800 Implicit null exception at 0xb37449d9 to 0xb3745239
Event: 24.890 Thread 0xb6607800 Implicit null exception at 0xb371651c to 0xb3716685
Event: 24.984 Thread 0x6b732400 Implicit null exception at 0xb36b6e16 to 0xb36b6f15
Event: 25.415 Thread 0xb6607800 Implicit null exception at 0xb3789378 to 0xb378aef5
Event: 36.147 Thread 0x6b732400 Threw 0xa550dcf8 at /HUDSON/workspace/7u-2-build-linux-i586/jdk7u79/2331/hotspot/src/share/vm/prims/jvm.cpp:1304

Events (10 events):
Event: 39.532 Thread 0xb6607800 Uncommon trap: trap_request=0xffffffad fr.pc=0xb385bca0
Event: 39.532 Thread 0xb6607800 DEOPT PACKING pc=0xb385bca0 sp=0xb67c7a40
Event: 39.532 Thread 0xb6607800 DEOPT UNPACKING pc=0xb3607bc8 sp=0xb67c7a44 mode 2
Event: 39.533 Thread 0xb6607800 Uncommon trap: trap_request=0xffffffad fr.pc=0xb38c71a0
Event: 39.533 Thread 0xb6607800 DEOPT PACKING pc=0xb38c71a0 sp=0xb67c77f0
Event: 39.533 Thread 0xb6607800 DEOPT UNPACKING pc=0xb3607bc8 sp=0xb67c77f8 mode 2
Event: 39.582 Thread 0x6b732400 Uncommon trap: trap_request=0xffffffc6 fr.pc=0xb382d0e8
Event: 39.582 Thread 0x6b732400 DEOPT PACKING pc=0xb382d0e8 sp=0x6b9ab970
Event: 39.582 Thread 0x6b732400 DEOPT UNPACKING pc=0xb3607bc8 sp=0x6b9ab954 mode 2
Event: 39.597 Executing VM operation: ParallelGCFailedAllocation


Dynamic libraries:
08048000-08049000 r-xp 00000000 00:18 592627     /home/jithin/jdk1.7.0_79/bin/java
08049000-0804a000 rw-p 00000000 00:18 592627     /home/jithin/jdk1.7.0_79/bin/java
08eb7000-08fb1000 rw-p 00000000 00:00 0          [heap]
69d00000-69f00000 rw-p 00000000 00:00 0 
69f00000-69ffe000 rw-p 00000000 00:00 0 
69ffe000-6a000000 ---p 00000000 00:00 0 
6a000000-6a0f9000 rw-p 00000000 00:00 0 
6a0f9000-6a100000 ---p 00000000 00:00 0 
6a100000-6a1d2000 rw-p 00000000 00:00 0 
6a1d2000-6a200000 ---p 00000000 00:00 0 
6a300000-6a396000 rw-p 00000000 00:00 0 
6a396000-6a400000 ---p 00000000 00:00 0 
6a400000-6a4fa000 rw-p 00000000 00:00 0 
6a4fa000-6a500000 ---p 00000000 00:00 0 
6a500000-6a5f9000 rw-p 00000000 00:00 0 
6a5f9000-6a600000 ---p 00000000 00:00 0 
6a700000-6a7fc000 rw-p 00000000 00:00 0 
6a7fc000-6a800000 ---p 00000000 00:00 0 
6a800000-6a900000 rw-p 00000000 00:00 0 
6a900000-6a9f9000 rw-p 00000000 00:00 0 
6a9f9000-6aa00000 ---p 00000000 00:00 0 
6aa00000-6aafe000 rw-p 00000000 00:00 0 
6aafe000-6ab00000 ---p 00000000 00:00 0 
6ab00000-6abdd000 rw-p 00000000 00:00 0 
6abdd000-6ac00000 ---p 00000000 00:00 0 
6ac00000-6acfb000 rw-p 00000000 00:00 0 
6acfb000-6ad00000 ---p 00000000 00:00 0 
6ad00000-6add9000 rw-p 00000000 00:00 0 
6add9000-6ae00000 ---p 00000000 00:00 0 
6ae00000-6aef2000 rw-p 00000000 00:00 0 
6aef2000-6af00000 ---p 00000000 00:00 0 
6af00000-6b000000 rw-p 00000000 00:00 0 
6b000000-6b0fb000 rw-p 00000000 00:00 0 
6b0fb000-6b100000 ---p 00000000 00:00 0 
6b100000-6b1fe000 rw-p 00000000 00:00 0 
6b1fe000-6b200000 ---p 00000000 00:00 0 
6b200000-6b300000 rw-p 00000000 00:00 0 
6b300000-6b3fb000 rw-p 00000000 00:00 0 
6b3fb000-6b400000 ---p 00000000 00:00 0 
6b500000-6b5fb000 rw-p 00000000 00:00 0 
6b5fb000-6b600000 ---p 00000000 00:00 0 
6b60d000-6b610000 ---p 00000000 00:00 0 
6b610000-6b65e000 rw-p 00000000 00:00 0          [stack:8438]
6b65e000-6b661000 ---p 00000000 00:00 0 
6b661000-6b6af000 rw-p 00000000 00:00 0          [stack:8437]
6b6af000-6b6b2000 ---p 00000000 00:00 0 
6b6b2000-6b700000 rw-p 00000000 00:00 0          [stack:8436]
6b700000-6b771000 rw-p 00000000 00:00 0 
6b771000-6b800000 ---p 00000000 00:00 0 
6b800000-6b8e5000 rw-p 00000000 00:00 0 
6b8e5000-6b900000 ---p 00000000 00:00 0 
6b90b000-6b90e000 ---p 00000000 00:00 0 
6b90e000-6b95c000 rw-p 00000000 00:00 0          [stack:8435]
6b95c000-6b95f000 ---p 00000000 00:00 0 
6b95f000-6b9ad000 rw-p 00000000 00:00 0          [stack:8434]
6b9ad000-6b9ae000 ---p 00000000 00:00 0 
6b9ae000-6ba2e000 rw-p 00000000 00:00 0          [stack:8415]
6ba2e000-6ba31000 ---p 00000000 00:00 0 
6ba31000-6ba7f000 rw-p 00000000 00:00 0          [stack:8411]
6ba7f000-6ba82000 ---p 00000000 00:00 0 
6ba82000-6bb00000 rw-p 00000000 00:00 0          [stack:8408]
6bb00000-6bd00000 r--p 00000000 08:05 3678467    /usr/lib/locale/locale-archive
6bd00000-6bd21000 rw-p 00000000 00:00 0 
6bd21000-6be00000 ---p 00000000 00:00 0 
6be2e000-6be31000 ---p 00000000 00:00 0 
6be31000-6beaf000 rw-p 00000000 00:00 0          [stack:8406]
6beaf000-6beb2000 ---p 00000000 00:00 0 
6beb2000-6bf00000 rw-p 00000000 00:00 0          [stack:8401]
6bf00000-6c000000 rw-p 00000000 00:00 0 
6c000000-6c0fa000 rw-p 00000000 00:00 0 
6c0fa000-6c100000 ---p 00000000 00:00 0 
6c12e000-6c131000 ---p 00000000 00:00 0 
6c131000-6c17f000 rw-p 00000000 00:00 0          [stack:8398]
6c17f000-6c180000 ---p 00000000 00:00 0 
6c180000-6c200000 rw-p 00000000 00:00 0          [stack:8388]
6c200000-6c3c0000 r--s 039f7000 00:18 592634     /home/jithin/jdk1.7.0_79/jre/lib/rt.jar
6c3c0000-6ea00000 rw-p 00000000 00:00 0 
6ea00000-6eaff000 rw-p 00000000 00:00 0 
6eaff000-6eb00000 ---p 00000000 00:00 0 
6eb09000-6eb1e000 r-xp 00000000 00:18 593093     /home/jithin/jdk1.7.0_79/jre/lib/i386/libnet.so
6eb1e000-6eb1f000 rw-p 00014000 00:18 593093     /home/jithin/jdk1.7.0_79/jre/lib/i386/libnet.so
6eb1f000-6eb2d000 r-xp 00000000 00:18 593102     /home/jithin/jdk1.7.0_79/jre/lib/i386/libnio.so
6eb2d000-6eb2e000 rw-p 0000e000 00:18 593102     /home/jithin/jdk1.7.0_79/jre/lib/i386/libnio.so
6eb2e000-6eb31000 ---p 00000000 00:00 0 
6eb31000-6eb7f000 rw-p 00000000 00:00 0          [stack:8393]
6eb7f000-6eb80000 ---p 00000000 00:00 0 
6eb80000-6ec00000 rw-p 00000000 00:00 0          [stack:8383]
6ec00000-6ec21000 rw-p 00000000 00:00 0 
6ec21000-6ed00000 ---p 00000000 00:00 0 
6ed00000-6ed21000 rw-p 00000000 00:00 0 
6ed21000-6ee00000 ---p 00000000 00:00 0 
6ee04000-6ee34000 r--s 0023a000 00:18 1051654    /home/jithin/AndroidStudioProjects/LockEngine/app/build/intermediates/transforms/instantRunSlicer/debug/jars/1/1a/dependencies.jar
6ee34000-6ee7f000 rw-p 00000000 00:00 0 
6ee7f000-6ee80000 ---p 00000000 00:00 0 
6ee80000-6ef00000 rw-p 00000000 00:00 0          [stack:8382]
6ef00000-6ef22000 rw-p 00000000 00:00 0 
6ef22000-6f000000 ---p 00000000 00:00 0 
6f00c000-6f067000 rw-p 00000000 00:00 0 
6f067000-6f068000 ---p 00000000 00:00 0 
6f068000-6f0e8000 rw-p 00000000 00:00 0          [stack:8381]
6f0e8000-6f0e9000 ---p 00000000 00:00 0 
6f0e9000-6f171000 rw-p 00000000 00:00 0          [stack:8376]
6f171000-6f189000 rw-p 00000000 00:00 0 
6f189000-6f1c9000 rw-p 00000000 00:00 0 
6f1c9000-6f2df000 rw-p 00000000 00:00 0 
6f2df000-6f2e7000 rw-p 00000000 00:00 0 
6f2e7000-6f2ff000 rw-p 00000000 00:00 0 
6f2ff000-6f33f000 rw-p 00000000 00:00 0 
6f33f000-6f454000 rw-p 00000000 00:00 0 
6f454000-6f4e3000 rw-p 00000000 00:00 0 
6f4e3000-6f4e7000 ---p 00000000 00:00 0 
6f4e7000-6f4ff000 rw-p 00000000 00:00 0 
6f4ff000-70500000 rw-p 00000000 00:00 0 
70500000-73500000 rw-p 00000000 00:00 0 
73500000-7b3c0000 rw-p 00000000 00:00 0 
7b3c0000-9df80000 rw-p 00000000 00:00 0 
9df80000-afc40000 rw-p 00000000 00:00 0 
b338e000-b3528000 rw-p 00000000 00:00 0 
b3528000-b35db000 rw-p 00000000 00:00 0 
b35db000-b38fb000 rwxp 00000000 00:00 0 
b38fb000-b65db000 rw-p 00000000 00:00 0 
b65db000-b65f2000 r-xp 00000000 00:18 593114     /home/jithin/jdk1.7.0_79/jre/lib/i386/libzip.so
b65f2000-b65f3000 rw-p 00017000 00:18 593114     /home/jithin/jdk1.7.0_79/jre/lib/i386/libzip.so
b65f3000-b65fe000 r-xp 00000000 08:05 4078733    /lib/i386-linux-gnu/libnss_files-2.19.so
b65fe000-b65ff000 r--p 0000a000 08:05 4078733    /lib/i386-linux-gnu/libnss_files-2.19.so
b65ff000-b6600000 rw-p 0000b000 08:05 4078733    /lib/i386-linux-gnu/libnss_files-2.19.so
b6600000-b66f6000 rw-p 00000000 00:00 0 
b66f6000-b6700000 ---p 00000000 00:00 0 
b670c000-b6716000 r-xp 00000000 08:05 4064346    /lib/i386-linux-gnu/libnss_nis-2.19.so
b6716000-b6717000 r--p 00009000 08:05 4064346    /lib/i386-linux-gnu/libnss_nis-2.19.so
b6717000-b6718000 rw-p 0000a000 08:05 4064346    /lib/i386-linux-gnu/libnss_nis-2.19.so
b6718000-b672d000 r-xp 00000000 08:05 4064375    /lib/i386-linux-gnu/libnsl-2.19.so
b672d000-b672e000 r--p 00015000 08:05 4064375    /lib/i386-linux-gnu/libnsl-2.19.so
b672e000-b672f000 rw-p 00016000 08:05 4064375    /lib/i386-linux-gnu/libnsl-2.19.so
b672f000-b6731000 rw-p 00000000 00:00 0 
b6734000-b6743000 r--s 000df000 00:18 676658     /home/jithin/adt-bundle-linux-x86-20140702/sdk/build-tools/23.0.2/lib/dx.jar
b6743000-b674b000 rw-s 00000000 08:05 4983976    /tmp/hsperfdata_jithin/8349
b674b000-b676e000 r-xp 00000000 00:18 593079     /home/jithin/jdk1.7.0_79/jre/lib/i386/libjava.so
b676e000-b676f000 rw-p 00023000 00:18 593079     /home/jithin/jdk1.7.0_79/jre/lib/i386/libjava.so
b676f000-b6776000 r-xp 00000000 08:05 4078734    /lib/i386-linux-gnu/librt-2.19.so
b6776000-b6777000 r--p 00006000 08:05 4078734    /lib/i386-linux-gnu/librt-2.19.so
b6777000-b6778000 rw-p 00007000 08:05 4078734    /lib/i386-linux-gnu/librt-2.19.so
b6778000-b677b000 ---p 00000000 00:00 0 
b677b000-b67c9000 rw-p 00000000 00:00 0          [stack:8370]
b67c9000-b680d000 r-xp 00000000 08:05 4078724    /lib/i386-linux-gnu/libm-2.19.so
b680d000-b680e000 r--p 00043000 08:05 4078724    /lib/i386-linux-gnu/libm-2.19.so
b680e000-b680f000 rw-p 00044000 08:05 4078724    /lib/i386-linux-gnu/libm-2.19.so
b680f000-b7096000 r-xp 00000000 00:18 593113     /home/jithin/jdk1.7.0_79/jre/lib/i386/server/libjvm.so
b7096000-b70fb000 rw-p 00886000 00:18 593113     /home/jithin/jdk1.7.0_79/jre/lib/i386/server/libjvm.so
b70fb000-b751e000 rw-p 00000000 00:00 0 
b751e000-b76c6000 r-xp 00000000 08:05 4064251    /lib/i386-linux-gnu/libc-2.19.so
b76c6000-b76c8000 r--p 001a8000 08:05 4064251    /lib/i386-linux-gnu/libc-2.19.so
b76c8000-b76c9000 rw-p 001aa000 08:05 4064251    /lib/i386-linux-gnu/libc-2.19.so
b76c9000-b76cc000 rw-p 00000000 00:00 0 
b76cc000-b76cf000 r-xp 00000000 08:05 4064305    /lib/i386-linux-gnu/libdl-2.19.so
b76cf000-b76d0000 r--p 00002000 08:05 4064305    /lib/i386-linux-gnu/libdl-2.19.so
b76d0000-b76d1000 rw-p 00003000 08:05 4064305    /lib/i386-linux-gnu/libdl-2.19.so
b76d1000-b76d2000 rw-p 00000000 00:00 0 
b76d2000-b76e5000 r-xp 00000000 00:18 591428     /home/jithin/jdk1.7.0_79/lib/i386/jli/libjli.so
b76e5000-b76e6000 rw-p 00012000 00:18 591428     /home/jithin/jdk1.7.0_79/lib/i386/jli/libjli.so
b76e6000-b76fe000 r-xp 00000000 08:05 4078729    /lib/i386-linux-gnu/libpthread-2.19.so
b76fe000-b76ff000 r--p 00018000 08:05 4078729    /lib/i386-linux-gnu/libpthread-2.19.so
b76ff000-b7700000 rw-p 00019000 08:05 4078729    /lib/i386-linux-gnu/libpthread-2.19.so
b7700000-b7703000 rw-p 00000000 00:00 0 
b7703000-b7704000 rw-p 00000000 00:00 0 
b7704000-b7705000 r--p 00850000 08:05 3678467    /usr/lib/locale/locale-archive
b7705000-b770c000 r-xp 00000000 08:05 4078725    /lib/i386-linux-gnu/libnss_compat-2.19.so
b770c000-b770d000 r--p 00006000 08:05 4078725    /lib/i386-linux-gnu/libnss_compat-2.19.so
b770d000-b770e000 rw-p 00007000 08:05 4078725    /lib/i386-linux-gnu/libnss_compat-2.19.so
b770e000-b770f000 rw-p 00000000 00:00 0 
b770f000-b7710000 ---p 00000000 00:00 0 
b7710000-b771b000 r-xp 00000000 00:18 593062     /home/jithin/jdk1.7.0_79/jre/lib/i386/libverify.so
b771b000-b771c000 rw-p 0000b000 00:18 593062     /home/jithin/jdk1.7.0_79/jre/lib/i386/libverify.so
b771c000-b771e000 rw-p 00000000 00:00 0 
b771e000-b771f000 r-xp 00000000 00:00 0          [vdso]
b771f000-b773f000 r-xp 00000000 08:05 4064326    /lib/i386-linux-gnu/ld-2.19.so
b773f000-b7740000 r--p 0001f000 08:05 4064326    /lib/i386-linux-gnu/ld-2.19.so
b7740000-b7741000 rw-p 00020000 08:05 4064326    /lib/i386-linux-gnu/ld-2.19.so
bfbd4000-bfbd5000 rwxp 00000000 00:00 0 
bfc06000-bfc28000 rw-p 00000000 00:00 0          [stack]

VM Arguments:
jvm_args: -Djava.awt.headless=true -Xmx1024M -Dfile.encoding=UTF-8 -Duser.country=IN -Duser.language=en -Duser.variant 
java_command: com.android.dx.command.Main --dex --num-threads=4 --multi-dex --output /home/jithin/AndroidStudioProjects/LockEngine/app/build/intermediates/transforms/dex/debug/folders/1000/1a/dependencies_affabf0695ff26df300af691b3a50b8dab81cd7b /home/jithin/AndroidStudioProjects/LockEngine/app/build/intermediates/transforms/instantRunSlicer/debug/jars/1/1a/dependencies.jar
Launcher Type: SUN_STANDARD

Environment Variables:
PATH=/usr/local/sbin:/usr/local/bin:/usr/sbin:/usr/bin:/sbin:/bin:/usr/games:/usr/local/games:/home/jithin/adt-bundle-linux-x86-20140702/sdk/platform-tools:/home/jithin/scripts:/home/jithin/adt-bundle-linux-x86-20140702/eclipse:/home/jithin/android-ndk-r9/:/home/jithin/code/binaries/
LD_LIBRARY_PATH=.:
SHELL=/bin/bash
DISPLAY=:0

Signal Handlers:
SIGSEGV: [libjvm.so+0x7eb620], sa_mask[0]=0x7ffbfeff, sa_flags=0x10000004
SIGBUS: [libjvm.so+0x7eb620], sa_mask[0]=0x7ffbfeff, sa_flags=0x10000004
SIGFPE: [libjvm.so+0x6835c0], sa_mask[0]=0x7ffbfeff, sa_flags=0x10000004
SIGPIPE: [libjvm.so+0x6835c0], sa_mask[0]=0x7ffbfeff, sa_flags=0x10000004
SIGXFSZ: [libjvm.so+0x6835c0], sa_mask[0]=0x7ffbfeff, sa_flags=0x10000004
SIGILL: [libjvm.so+0x6835c0], sa_mask[0]=0x7ffbfeff, sa_flags=0x10000004
SIGUSR1: SIG_DFL, sa_mask[0]=0x00000000, sa_flags=0x00000000
SIGUSR2: [libjvm.so+0x684dc0], sa_mask[0]=0x00000004, sa_flags=0x10000004
SIGHUP: [libjvm.so+0x6860f0], sa_mask[0]=0x7ffbfeff, sa_flags=0x10000004
SIGINT: [libjvm.so+0x6860f0], sa_mask[0]=0x7ffbfeff, sa_flags=0x10000004
SIGTERM: [libjvm.so+0x6860f0], sa_mask[0]=0x7ffbfeff, sa_flags=0x10000004
SIGQUIT: [libjvm.so+0x6860f0], sa_mask[0]=0x7ffbfeff, sa_flags=0x10000004


---------------  S Y S T E M  ---------------

OS:jessie/sid

uname:Linux 3.13.0-76-generic #120-Ubuntu SMP Mon Jan 18 15:58:41 UTC 2016 i686
libc:glibc 2.19 NPTL 2.19 
rlimit: STACK 8192k, CORE 0k, NPROC 31169, NOFILE 4096, AS infinity
load average:16.61 7.84 5.14

/proc/meminfo:
MemTotal:        4016428 kB
MemFree:          228448 kB
Buffers:             768 kB
Cached:           683692 kB
SwapCached:            0 kB
Active:          2989624 kB
Inactive:         673780 kB
Active(anon):    2983768 kB
Inactive(anon):   645744 kB
Active(file):       5856 kB
Inactive(file):    28036 kB
Unevictable:         176 kB
Mlocked:             176 kB
HighTotal:       3166156 kB
HighFree:          44040 kB
LowTotal:         850272 kB
LowFree:          184408 kB
SwapTotal:             0 kB
SwapFree:              0 kB
Dirty:                92 kB
Writeback:             0 kB
AnonPages:       2979484 kB
Mapped:           274144 kB
Shmem:            650204 kB
Slab:              60744 kB
SReclaimable:      24248 kB
SUnreclaim:        36496 kB
KernelStack:        5864 kB
PageTables:        21224 kB
NFS_Unstable:          0 kB
Bounce:              268 kB
WritebackTmp:          0 kB
CommitLimit:     2008212 kB
Committed_AS:   10446520 kB
VmallocTotal:     122880 kB
VmallocUsed:       67768 kB
VmallocChunk:      47044 kB
HardwareCorrupted:     0 kB
AnonHugePages:    753664 kB
HugePages_Total:       0
HugePages_Free:        0
HugePages_Rsvd:        0
HugePages_Surp:        0
Hugepagesize:       2048 kB
DirectMap4k:       30712 kB
DirectMap2M:      880640 kB


CPU:total 4 (2 cores per cpu, 2 threads per core) family 6 model 58 stepping 9, cmov, cx8, fxsr, mmx, sse, sse2, sse3, ssse3, sse4.1, sse4.2, popcnt, avx, erms, ht, tsc, tscinvbit, tscinv

/proc/cpuinfo:
processor	: 0
vendor_id	: GenuineIntel
cpu family	: 6
model		: 58
model name	: Intel(R) Core(TM) i3-3217U CPU @ 1.80GHz
stepping	: 9
microcode	: 0x15
cpu MHz		: 1801.000
cache size	: 3072 KB
physical id	: 0
siblings	: 4
core id		: 0
cpu cores	: 2
apicid		: 0
initial apicid	: 0
fdiv_bug	: no
f00f_bug	: no
coma_bug	: no
fpu		: yes
fpu_exception	: yes
cpuid level	: 13
wp		: yes
flags		: fpu vme de pse tsc msr pae mce cx8 apic sep mtrr pge mca cmov pat pse36 clflush dts acpi mmx fxsr sse sse2 ss ht tm pbe nx rdtscp lm constant_tsc arch_perfmon pebs bts xtopology nonstop_tsc aperfmperf eagerfpu pni pclmulqdq dtes64 monitor ds_cpl vmx est tm2 ssse3 cx16 xtpr pdcm pcid sse4_1 sse4_2 x2apic popcnt tsc_deadline_timer xsave avx f16c lahf_lm ida arat epb xsaveopt pln pts dtherm tpr_shadow vnmi flexpriority ept vpid fsgsbase smep erms
bogomips	: 3592.19
clflush size	: 64
cache_alignment	: 64
address sizes	: 36 bits physical, 48 bits virtual
power management:

processor	: 1
vendor_id	: GenuineIntel
cpu family	: 6
model		: 58
model name	: Intel(R) Core(TM) i3-3217U CPU @ 1.80GHz
stepping	: 9
microcode	: 0x15
cpu MHz		: 1801.000
cache size	: 3072 KB
physical id	: 0
siblings	: 4
core id		: 1
cpu cores	: 2
apicid		: 2
initial apicid	: 2
fdiv_bug	: no
f00f_bug	: no
coma_bug	: no
fpu		: yes
fpu_exception	: yes
cpuid level	: 13
wp		: yes
flags		: fpu vme de pse tsc msr pae mce cx8 apic sep mtrr pge mca cmov pat pse36 clflush dts acpi mmx fxsr sse sse2 ss ht tm pbe nx rdtscp lm constant_tsc arch_perfmon pebs bts xtopology nonstop_tsc aperfmperf eagerfpu pni pclmulqdq dtes64 monitor ds_cpl vmx est tm2 ssse3 cx16 xtpr pdcm pcid sse4_1 sse4_2 x2apic popcnt tsc_deadline_timer xsave avx f16c lahf_lm ida arat epb xsaveopt pln pts dtherm tpr_shadow vnmi flexpriority ept vpid fsgsbase smep erms
bogomips	: 3592.19
clflush size	: 64
cache_alignment	: 64
address sizes	: 36 bits physical, 48 bits virtual
power management:

processor	: 2
vendor_id	: GenuineIntel
cpu family	: 6
model		: 58
model name	: Intel(R) Core(TM) i3-3217U CPU @ 1.80GHz
stepping	: 9
microcode	: 0x15
cpu MHz		: 1600.000
cache size	: 3072 KB
physical id	: 0
siblings	: 4
core id		: 0
cpu cores	: 2
apicid		: 1
initial apicid	: 1
fdiv_bug	: no
f00f_bug	: no
coma_bug	: no
fpu		: yes
fpu_exception	: yes
cpuid level	: 13
wp		: yes
flags		: fpu vme de pse tsc msr pae mce cx8 apic sep mtrr pge mca cmov pat pse36 clflush dts acpi mmx fxsr sse sse2 ss ht tm pbe nx rdtscp lm constant_tsc arch_perfmon pebs bts xtopology nonstop_tsc aperfmperf eagerfpu pni pclmulqdq dtes64 monitor ds_cpl vmx est tm2 ssse3 cx16 xtpr pdcm pcid sse4_1 sse4_2 x2apic popcnt tsc_deadline_timer xsave avx f16c lahf_lm ida arat epb xsaveopt pln pts dtherm tpr_shadow vnmi flexpriority ept vpid fsgsbase smep erms
bogomips	: 3592.19
clflush size	: 64
cache_alignment	: 64
address sizes	: 36 bits physical, 48 bits virtual
power management:

processor	: 3
vendor_id	: GenuineIntel
cpu family	: 6
model		: 58
model name	: Intel(R) Core(TM) i3-3217U CPU @ 1.80GHz
stepping	: 9
microcode	: 0x15
cpu MHz		: 1801.000
cache size	: 3072 KB
physical id	: 0
siblings	: 4
core id		: 1
cpu cores	: 2
apicid		: 3
initial apicid	: 3
fdiv_bug	: no
f00f_bug	: no
coma_bug	: no
fpu		: yes
fpu_exception	: yes
cpuid level	: 13
wp		: yes
flags		: fpu vme de pse tsc msr pae mce cx8 apic sep mtrr pge mca cmov pat pse36 clflush dts acpi mmx fxsr sse sse2 ss ht tm pbe nx rdtscp lm constant_tsc arch_perfmon pebs bts xtopology nonstop_tsc aperfmperf eagerfpu pni pclmulqdq dtes64 monitor ds_cpl vmx est tm2 ssse3 cx16 xtpr pdcm pcid sse4_1 sse4_2 x2apic popcnt tsc_deadline_timer xsave avx f16c lahf_lm ida arat epb xsaveopt pln pts dtherm tpr_shadow vnmi flexpriority ept vpid fsgsbase smep erms
bogomips	: 3592.19
clflush size	: 64
cache_alignment	: 64
address sizes	: 36 bits physical, 48 bits virtual
power management:



Memory: 4k page, physical 4016428k(210988k free), swap 0k(0k free)

vm_info: Java HotSpot(TM) Server VM (24.79-b02) for linux-x86 JRE (1.7.0_79-b15), built on Apr 10 2015 11:52:49 by "java_re" with gcc 4.3.0 20080428 (Red Hat 4.3.0-8)

time: Sat Jan 30 01:44:01 2016
elapsed time: 77 seconds

