#
# There is insufficient memory for the Java Runtime Environment to continue.
# Native memory allocation (malloc) failed to allocate 89128960 bytes for committing reserved memory.
# Possible reasons:
#   The system is out of physical RAM or swap space
#   In 32 bit mode, the process size limit was hit
# Possible solutions:
#   Reduce memory load on the system
#   Increase physical memory or swap space
#   Check if swap backing store is full
#   Use 64 bit Java on a 64 bit OS
#   Decrease Java heap size (-Xmx/-Xms)
#   Decrease number of Java threads
#   Decrease Java thread stack sizes (-Xss)
#   Set larger code cache with -XX:ReservedCodeCacheSize=
# This output file may be truncated or incomplete.
#
#  Out of Memory Error (os_linux.cpp:2756), pid=7217, tid=1814035264
#
# JRE version: Java(TM) SE Runtime Environment (7.0_79-b15) (build 1.7.0_79-b15)
# Java VM: Java HotSpot(TM) Server VM (24.79-b02 mixed mode linux-x86 )
# Failed to write core dump. Core dumps have been disabled. To enable core dumping, try "ulimit -c unlimited" before starting Java again
#

---------------  T H R E A D  ---------------

Current thread (0x6c080800):  VMThread [stack: 0x6c17f000,0x6c200000] [id=7256]

Stack: [0x6c17f000,0x6c200000],  sp=0x6c1fe820,  free space=510k
Native frames: (J=compiled Java code, j=interpreted, Vv=VM code, C=native code)
V  [libjvm.so+0x7eab16]  VMError::report_and_die()+0x1a6
V  [libjvm.so+0x33e222]  report_vm_out_of_memory(char const*, int, unsigned int, char const*)+0x72
V  [libjvm.so+0x686a41]  os::Linux::commit_memory_impl(char*, unsigned int, bool)+0xe1
V  [libjvm.so+0x686f08]  os::pd_commit_memory(char*, unsigned int, unsigned int, bool)+0x28
V  [libjvm.so+0x68064c]  os::commit_memory(char*, unsigned int, unsigned int, bool)+0x2c
V  [libjvm.so+0x6eae98]  PSVirtualSpace::expand_by(unsigned int)+0x48
V  [libjvm.so+0x6ebf9a]  PSYoungGen::resize_generation(unsigned int, unsigned int)+0xda
V  [libjvm.so+0x6eb2d9]  PSYoungGen::resize(unsigned int, unsigned int)+0x19
V  [libjvm.so+0x6e8c09]  PSScavenge::invoke_no_policy()+0xcf9
V  [libjvm.so+0x6e9468]  PSScavenge::invoke()+0x28
V  [libjvm.so+0x6a6fea]  ParallelScavengeHeap::failed_mem_allocate(unsigned int)+0x5a
V  [libjvm.so+0x7ec3aa]  VM_ParallelGCFailedAllocation::doit()+0x7a
V  [libjvm.so+0x7f51c7]  VM_Operation::evaluate()+0x47
V  [libjvm.so+0x7f3263]  VMThread::evaluate_operation(VM_Operation*)+0xb3
V  [libjvm.so+0x7f3600]  VMThread::loop()+0x1b0
V  [libjvm.so+0x7f3a65]  VMThread::run()+0x85
V  [libjvm.so+0x688d19]  java_start(Thread*)+0x119
C  [libpthread.so.0+0x6f70]  start_thread+0xd0

VM_Operation (0x6b5fe964): ParallelGCFailedAllocation, mode: safepoint, requested by thread 0x6b82e400


---------------  P R O C E S S  ---------------

Java Threads: ( => current thread )
  0x6b82e400 JavaThread "pool-2-thread-4" [_thread_blocked, id=7315, stack(0x6b5af000,0x6b600000)]
  0x6c0ec400 JavaThread "pool-2-thread-3" [_thread_blocked, id=7314, stack(0x6b70d000,0x6b75e000)]
  0x6c0eac00 JavaThread "pool-2-thread-2" [_thread_blocked, id=7313, stack(0x6b75e000,0x6b7af000)]
  0x6c0e9000 JavaThread "pool-3-thread-1" [_thread_blocked, id=7312, stack(0x6b7af000,0x6b800000)]
  0x6c0e5400 JavaThread "pool-2-thread-1" [_thread_blocked, id=7311, stack(0x6b92c000,0x6b97d000)]
  0x6c09ac00 JavaThread "Service Thread" daemon [_thread_blocked, id=7281, stack(0x6ba2e000,0x6ba7f000)]
  0x6c098c00 JavaThread "C2 CompilerThread1" daemon [_thread_blocked, id=7277, stack(0x6ba7f000,0x6bb00000)]
  0x6c096c00 JavaThread "C2 CompilerThread0" daemon [_thread_blocked, id=7270, stack(0x6be2e000,0x6beaf000)]
  0x6c095400 JavaThread "Signal Dispatcher" daemon [_thread_blocked, id=7266, stack(0x6beaf000,0x6bf00000)]
  0x6c084800 JavaThread "Finalizer" daemon [_thread_blocked, id=7264, stack(0x6c12e000,0x6c17f000)]
  0x6c083000 JavaThread "Reference Handler" daemon [_thread_blocked, id=7258, stack(0x6eb2e000,0x6eb7f000)]
  0xb6607800 JavaThread "main" [_thread_blocked, id=7237, stack(0xb674e000,0xb679f000)]

Other Threads:
=>0x6c080800 VMThread [stack: 0x6c17f000,0x6c200000] [id=7256]
  0x6c09c800 WatcherThread [stack: 0x6b9ad000,0x6ba2e000] [id=7282]

VM state:at safepoint (normal execution)

VM Mutex/Monitor currently owned by a thread:  ([mutex/lock_event])
[0xb6604fe8] Threads_lock - owner thread: 0x6c080800
[0xb66053f8] Heap_lock - owner thread: 0x6b82e400

Heap
 PSYoungGen      total 66048K, used 2555K [0x9df80000, 0xa2280000, 0xb3500000)
  eden space 63488K, 0% used [0x9df80000,0x9df80000,0xa1d80000)
  from space 2560K, 99% used [0xa1d80000,0xa1ffede0,0xa2000000)
  to   space 2560K, 0% used [0xa2000000,0xa2000000,0xa2280000)
 ParOldGen       total 41728K, used 19112K [0x73500000, 0x75dc0000, 0x9df80000)
  object space 41728K, 45% used [0x73500000,0x747aa190,0x75dc0000)
 PSPermGen       total 16384K, used 3945K [0x6f500000, 0x70500000, 0x73500000)
  object space 16384K, 24% used [0x6f500000,0x6f8da640,0x70500000)

Card table byte_map: [0x6f2df000,0x6f500000] byte_map_base: 0x6ef64800

Polling page: 0xb76e5000

Code Cache  [0xb35ce000, 0xb380e000, 0xb65ce000)
 total_blobs=384 nmethods=261 adapters=76 free_code_cache=48276Kb largest_free_block=49411328

Compilation events (10 events):
Event: 55.818 Thread 0x6c098c00 nmethod 234 0xb36a7708 code [0xb36a7b40, 0xb36a9f8c]
Event: 55.850 Thread 0x6c098c00  255             java.util.ArrayList::ensureCapacity (28 bytes)
Event: 55.857 Thread 0x6c098c00 nmethod 255 0xb36a5908 code [0xb36a5a20, 0xb36a5c3c]
Event: 55.857 Thread 0x6c098c00  256             com.android.dx.ssa.DeadCodeRemover::pruneDeadInstructions (246 bytes)
Event: 57.033 Thread 0x6c098c00 nmethod 256 0xb36a5f48 code [0xb36a6140, 0xb36a68cc]
Event: 57.034 Thread 0x6c098c00  257             com.android.dx.ssa.SsaBasicBlock::addLiveIn (32 bytes)
Event: 57.152 Thread 0x6c098c00 nmethod 257 0xb36a3708 code [0xb36a3820, 0xb36a3bd0]
Event: 57.152 Thread 0x6c098c00  258             com.android.dx.rop.code.PlainInsn::accept (8 bytes)
Event: 57.153 Thread 0x6c098c00 nmethod 258 0xb36a4008 code [0xb36a4100, 0xb36a4150]
Event: 57.153 Thread 0x6c098c00  259             com.android.dx.dex.code.OutputFinisher::add (15 bytes)

GC Heap History (9 events):
Event: 8.215 GC heap before
{Heap before GC invocations=1 (full 0):
 PSYoungGen      total 18432K, used 15872K [0x9df80000, 0x9f400000, 0xb3500000)
  eden space 15872K, 100% used [0x9df80000,0x9ef00000,0x9ef00000)
  from space 2560K, 0% used [0x9f180000,0x9f180000,0x9f400000)
  to   space 2560K, 0% used [0x9ef00000,0x9ef00000,0x9f180000)
 ParOldGen       total 41728K, used 0K [0x73500000, 0x75dc0000, 0x9df80000)
  object space 41728K, 0% used [0x73500000,0x73500000,0x75dc0000)
 PSPermGen       total 16384K, used 2180K [0x6f500000, 0x70500000, 0x73500000)
  object space 16384K, 13% used [0x6f500000,0x6f7210f8,0x70500000)
Event: 8.493 GC heap after
Heap after GC invocations=1 (full 0):
 PSYoungGen      total 18432K, used 977K [0x9df80000, 0xa0380000, 0xb3500000)
  eden space 15872K, 0% used [0x9df80000,0x9df80000,0x9ef00000)
  from space 2560K, 38% used [0x9ef00000,0x9eff47a8,0x9f180000)
  to   space 2560K, 0% used [0xa0100000,0xa0100000,0xa0380000)
 ParOldGen       total 41728K, used 0K [0x73500000, 0x75dc0000, 0x9df80000)
  object space 41728K, 0% used [0x73500000,0x73500000,0x75dc0000)
 PSPermGen       total 16384K, used 2180K [0x6f500000, 0x70500000, 0x73500000)
  object space 16384K, 13% used [0x6f500000,0x6f7210f8,0x70500000)
}
Event: 8.719 GC heap before
{Heap before GC invocations=2 (full 0):
 PSYoungGen      total 18432K, used 16849K [0x9df80000, 0xa0380000, 0xb3500000)
  eden space 15872K, 100% used [0x9df80000,0x9ef00000,0x9ef00000)
  from space 2560K, 38% used [0x9ef00000,0x9eff47a8,0x9f180000)
  to   space 2560K, 0% used [0xa0100000,0xa0100000,0xa0380000)
 ParOldGen       total 41728K, used 0K [0x73500000, 0x75dc0000, 0x9df80000)
  object space 41728K, 0% used [0x73500000,0x73500000,0x75dc0000)
 PSPermGen       total 16384K, used 2180K [0x6f500000, 0x70500000, 0x73500000)
  object space 16384K, 13% used [0x6f500000,0x6f7210f8,0x70500000)
Event: 8.721 GC heap after
Heap after GC invocations=2 (full 0):
 PSYoungGen      total 34304K, used 958K [0x9df80000, 0xa0380000, 0xb3500000)
  eden space 31744K, 0% used [0x9df80000,0x9df80000,0x9fe80000)
  from space 2560K, 37% used [0xa0100000,0xa01efa18,0xa0380000)
  to   space 2560K, 0% used [0x9fe80000,0x9fe80000,0xa0100000)
 ParOldGen       total 41728K, used 4K [0x73500000, 0x75dc0000, 0x9df80000)
  object space 41728K, 0% used [0x73500000,0x73501000,0x75dc0000)
 PSPermGen       total 16384K, used 2180K [0x6f500000, 0x70500000, 0x73500000)
  object space 16384K, 13% used [0x6f500000,0x6f7210f8,0x70500000)
}
Event: 44.236 GC heap before
{Heap before GC invocations=3 (full 0):
 PSYoungGen      total 34304K, used 32702K [0x9df80000, 0xa0380000, 0xb3500000)
  eden space 31744K, 100% used [0x9df80000,0x9fe80000,0x9fe80000)
  from space 2560K, 37% used [0xa0100000,0xa01efa18,0xa0380000)
  to   space 2560K, 0% used [0x9fe80000,0x9fe80000,0xa0100000)
 ParOldGen       total 41728K, used 4K [0x73500000, 0x75dc0000, 0x9df80000)
  object space 41728K, 0% used [0x73500000,0x73501000,0x75dc0000)
 PSPermGen       total 16384K, used 3870K [0x6f500000, 0x70500000, 0x73500000)
  object space 16384K, 23% used [0x6f500000,0x6f8c7b78,0x70500000)
Event: 44.350 GC heap after
Heap after GC invocations=3 (full 0):
 PSYoungGen      total 34304K, used 2549K [0x9df80000, 0xa2280000, 0xb3500000)
  eden space 31744K, 0% used [0x9df80000,0x9df80000,0x9fe80000)
  from space 2560K, 99% used [0x9fe80000,0xa00fd460,0xa0100000)
  to   space 2560K, 0% used [0xa2000000,0xa2000000,0xa2280000)
 ParOldGen       total 41728K, used 4387K [0x73500000, 0x75dc0000, 0x9df80000)
  object space 41728K, 10% used [0x73500000,0x73948f18,0x75dc0000)
 PSPermGen       total 16384K, used 3870K [0x6f500000, 0x70500000, 0x73500000)
  object space 16384K, 23% used [0x6f500000,0x6f8c7b78,0x70500000)
}
Event: 48.772 GC heap before
{Heap before GC invocations=4 (full 0):
 PSYoungGen      total 34304K, used 34293K [0x9df80000, 0xa2280000, 0xb3500000)
  eden space 31744K, 100% used [0x9df80000,0x9fe80000,0x9fe80000)
  from space 2560K, 99% used [0x9fe80000,0xa00fd460,0xa0100000)
  to   space 2560K, 0% used [0xa2000000,0xa2000000,0xa2280000)
 ParOldGen       total 41728K, used 4387K [0x73500000, 0x75dc0000, 0x9df80000)
  object space 41728K, 10% used [0x73500000,0x73948f18,0x75dc0000)
 PSPermGen       total 16384K, used 3915K [0x6f500000, 0x70500000, 0x73500000)
  object space 16384K, 23% used [0x6f500000,0x6f8d2e78,0x70500000)
Event: 48.886 GC heap after
Heap after GC invocations=4 (full 0):
 PSYoungGen      total 66048K, used 2546K [0x9df80000, 0xa2280000, 0xb3500000)
  eden space 63488K, 0% used [0x9df80000,0x9df80000,0xa1d80000)
  from space 2560K, 99% used [0xa2000000,0xa227c920,0xa2280000)
  to   space 2560K, 0% used [0xa1d80000,0xa1d80000,0xa2000000)
 ParOldGen       total 41728K, used 8637K [0x73500000, 0x75dc0000, 0x9df80000)
  object space 41728K, 20% used [0x73500000,0x73d6f688,0x75dc0000)
 PSPermGen       total 16384K, used 3915K [0x6f500000, 0x70500000, 0x73500000)
  object space 16384K, 23% used [0x6f500000,0x6f8d2e78,0x70500000)
}
Event: 57.161 GC heap before
{Heap before GC invocations=5 (full 0):
 PSYoungGen      total 66048K, used 66034K [0x9df80000, 0xa2280000, 0xb3500000)
  eden space 63488K, 100% used [0x9df80000,0xa1d80000,0xa1d80000)
  from space 2560K, 99% used [0xa2000000,0xa227c920,0xa2280000)
  to   space 2560K, 0% used [0xa1d80000,0xa1d80000,0xa2000000)
 ParOldGen       total 41728K, used 8637K [0x73500000, 0x75dc0000, 0x9df80000)
  object space 41728K, 20% used [0x73500000,0x73d6f688,0x75dc0000)
 PSPermGen       total 16384K, used 3945K [0x6f500000, 0x70500000, 0x73500000)
  object space 16384K, 24% used [0x6f500000,0x6f8da640,0x70500000)

Deoptimization events (5 events):
Event: 53.082 Thread 0x6c0ec400 Uncommon trap: reason=null_check action=make_not_entrant pc=0xb363f104 method=com.android.dx.ssa.SsaRenamer.getLocalForNewReg(I)Lcom/android/dx/rop/code/LocalItem; @ 19
Event: 54.046 Thread 0xb6607800 Uncommon trap: reason=null_check action=make_not_entrant pc=0xb365ef0c method=com.android.dx.rop.type.Type.putIntern(Lcom/android/dx/rop/type/Type;)Lcom/android/dx/rop/type/Type; @ 18
Event: 54.221 Thread 0xb6607800 Uncommon trap: reason=null_check action=make_not_entrant pc=0xb364e8dc method=com.android.dx.ssa.SsaRenamer.getLocalForNewReg(I)Lcom/android/dx/rop/code/LocalItem; @ 19
Event: 55.879 Thread 0x6c0ec400 Uncommon trap: reason=class_check action=maybe_recompile pc=0xb369ad68 method=com.android.dx.rop.code.RegisterSpec.withSimpleType()Lcom/android/dx/rop/code/RegisterSpec; @ 21
Event: 56.354 Thread 0x6c0e5400 Uncommon trap: reason=unreached action=reinterpret pc=0xb369ac28 method=com.android.dx.ssa.LocalVariableExtractor.processBlock(I)V @ 251

Internal exceptions (10 events):
Event: 42.695 Thread 0x6b82e400 Threw 0x9ef63218 at /HUDSON/workspace/7u-2-build-linux-i586/jdk7u79/2331/hotspot/src/share/vm/prims/jvm.cpp:1304
Event: 42.697 Thread 0x6b82e400 Threw 0x9ef689d8 at /HUDSON/workspace/7u-2-build-linux-i586/jdk7u79/2331/hotspot/src/share/vm/prims/jvm.cpp:1304
Event: 42.698 Thread 0x6c0ec400 Threw 0x9ee488a8 at /HUDSON/workspace/7u-2-build-linux-i586/jdk7u79/2331/hotspot/src/share/vm/prims/jvm.cpp:1304
Event: 42.744 Thread 0x6b82e400 Threw 0x9efabea8 at /HUDSON/workspace/7u-2-build-linux-i586/jdk7u79/2331/hotspot/src/share/vm/prims/jvm.cpp:1304
Event: 45.766 Thread 0x6c0ec400 Threw 0x9e291500 at /HUDSON/workspace/7u-2-build-linux-i586/jdk7u79/2331/hotspot/src/share/vm/prims/jvm.cpp:1304
Event: 53.082 Thread 0x6c0ec400 Implicit null exception at 0xb363dba1 to 0xb363f0f5
Event: 53.981 Thread 0xb6607800 Threw 0x9f0cda88 at /HUDSON/workspace/7u-2-build-linux-i586/jdk7u79/2331/hotspot/src/share/vm/prims/jvm.cpp:1304
Event: 54.046 Thread 0xb6607800 Implicit null exception at 0xb365e92e to 0xb365eefd
Event: 54.221 Thread 0xb6607800 Implicit null exception at 0xb364cfee to 0xb364e8b9
Event: 55.905 Thread 0xb6607800 Threw 0xa0c5e5c8 at /HUDSON/workspace/7u-2-build-linux-i586/jdk7u79/2331/hotspot/src/share/vm/prims/jvm.cpp:1304

Events (10 events):
Event: 54.221 Thread 0xb6607800 DEOPT UNPACKING pc=0xb35fabc8 sp=0xb679d684 mode 2
Event: 55.879 Thread 0x6c0ec400 Uncommon trap: trap_request=0xffffffde fr.pc=0xb369ad68
Event: 55.879 Thread 0x6c0ec400 DEOPT PACKING pc=0xb369ad68 sp=0x6b75c8a0
Event: 55.879 Thread 0x6c0ec400 DEOPT UNPACKING pc=0xb35fabc8 sp=0x6b75c864 mode 2
Event: 55.905 loading class 0x6c0c3040
Event: 55.905 loading class 0x6c0c3040 done
Event: 56.258 Thread 0x6c0e5400 Uncommon trap: trap_request=0xffffffad fr.pc=0xb369ac28
Event: 56.354 Thread 0x6c0e5400 DEOPT PACKING pc=0xb369ac28 sp=0x6b97b920
Event: 56.365 Thread 0x6c0e5400 DEOPT UNPACKING pc=0xb35fabc8 sp=0x6b97b918 mode 2
Event: 57.161 Executing VM operation: ParallelGCFailedAllocation


Dynamic libraries:
08048000-08049000 r-xp 00000000 00:18 592627     /home/jithin/jdk1.7.0_79/bin/java
08049000-0804a000 rw-p 00000000 00:18 592627     /home/jithin/jdk1.7.0_79/bin/java
096ce000-09752000 rw-p 00000000 00:00 0          [heap]
6a700000-6a7e4000 rw-p 00000000 00:00 0 
6a7e4000-6a800000 ---p 00000000 00:00 0 
6ab00000-6abd8000 rw-p 00000000 00:00 0 
6abd8000-6ac00000 ---p 00000000 00:00 0 
6ac00000-6acb9000 rw-p 00000000 00:00 0 
6acb9000-6ad00000 ---p 00000000 00:00 0 
6ad00000-6addd000 rw-p 00000000 00:00 0 
6addd000-6ae00000 ---p 00000000 00:00 0 
6ae00000-6aefb000 rw-p 00000000 00:00 0 
6aefb000-6af00000 ---p 00000000 00:00 0 
6af00000-6afff000 rw-p 00000000 00:00 0 
6afff000-6b000000 ---p 00000000 00:00 0 
6b000000-6b0fb000 rw-p 00000000 00:00 0 
6b0fb000-6b100000 ---p 00000000 00:00 0 
6b200000-6b2fc000 rw-p 00000000 00:00 0 
6b2fc000-6b300000 ---p 00000000 00:00 0 
6b400000-6b500000 rw-p 00000000 00:00 0 
6b5af000-6b5b2000 ---p 00000000 00:00 0 
6b5b2000-6b600000 rw-p 00000000 00:00 0          [stack:7315]
6b600000-6b6e1000 rw-p 00000000 00:00 0 
6b6e1000-6b700000 ---p 00000000 00:00 0 
6b70d000-6b710000 ---p 00000000 00:00 0 
6b710000-6b75e000 rw-p 00000000 00:00 0          [stack:7314]
6b75e000-6b761000 ---p 00000000 00:00 0 
6b761000-6b7af000 rw-p 00000000 00:00 0          [stack:7313]
6b7af000-6b7b2000 ---p 00000000 00:00 0 
6b7b2000-6b800000 rw-p 00000000 00:00 0          [stack:7312]
6b800000-6b87a000 rw-p 00000000 00:00 0 
6b87a000-6b900000 ---p 00000000 00:00 0 
6b92c000-6b92f000 ---p 00000000 00:00 0 
6b92f000-6b97d000 rw-p 00000000 00:00 0          [stack:7311]
6b97d000-6b9ad000 r--s 0023a000 00:18 1051601    /home/jithin/AndroidStudioProjects/LockEngine/app/build/intermediates/transforms/instantRunSlicer/debug/jars/1/1a/dependencies.jar
6b9ad000-6b9ae000 ---p 00000000 00:00 0 
6b9ae000-6ba2e000 rw-p 00000000 00:00 0          [stack:7282]
6ba2e000-6ba31000 ---p 00000000 00:00 0 
6ba31000-6ba7f000 rw-p 00000000 00:00 0          [stack:7281]
6ba7f000-6ba82000 ---p 00000000 00:00 0 
6ba82000-6bb00000 rw-p 00000000 00:00 0          [stack:7277]
6bb00000-6bd00000 r--p 00000000 08:05 3678467    /usr/lib/locale/locale-archive
6bd00000-6bd21000 rw-p 00000000 00:00 0 
6bd21000-6be00000 ---p 00000000 00:00 0 
6be2e000-6be31000 ---p 00000000 00:00 0 
6be31000-6beaf000 rw-p 00000000 00:00 0          [stack:7270]
6beaf000-6beb2000 ---p 00000000 00:00 0 
6beb2000-6bf00000 rw-p 00000000 00:00 0          [stack:7266]
6bf00000-6bffa000 rw-p 00000000 00:00 0 
6bffa000-6c000000 ---p 00000000 00:00 0 
6c000000-6c0f9000 rw-p 00000000 00:00 0 
6c0f9000-6c100000 ---p 00000000 00:00 0 
6c12e000-6c131000 ---p 00000000 00:00 0 
6c131000-6c17f000 rw-p 00000000 00:00 0          [stack:7264]
6c17f000-6c180000 ---p 00000000 00:00 0 
6c180000-6c200000 rw-p 00000000 00:00 0          [stack:7256]
6c200000-6c3c0000 r--s 039f7000 00:18 592634     /home/jithin/jdk1.7.0_79/jre/lib/rt.jar
6c3c0000-6ea00000 rw-p 00000000 00:00 0 
6ea00000-6eaff000 rw-p 00000000 00:00 0 
6eaff000-6eb00000 ---p 00000000 00:00 0 
6eb18000-6eb2d000 r-xp 00000000 00:18 593093     /home/jithin/jdk1.7.0_79/jre/lib/i386/libnet.so
6eb2d000-6eb2e000 rw-p 00014000 00:18 593093     /home/jithin/jdk1.7.0_79/jre/lib/i386/libnet.so
6eb2e000-6eb31000 ---p 00000000 00:00 0 
6eb31000-6eb7f000 rw-p 00000000 00:00 0          [stack:7258]
6eb7f000-6eb80000 ---p 00000000 00:00 0 
6eb80000-6ec00000 rw-p 00000000 00:00 0          [stack:7250]
6ec00000-6ec21000 rw-p 00000000 00:00 0 
6ec21000-6ed00000 ---p 00000000 00:00 0 
6ed00000-6ed21000 rw-p 00000000 00:00 0 
6ed21000-6ee00000 ---p 00000000 00:00 0 
6ee06000-6ee14000 r-xp 00000000 00:18 593102     /home/jithin/jdk1.7.0_79/jre/lib/i386/libnio.so
6ee14000-6ee15000 rw-p 0000e000 00:18 593102     /home/jithin/jdk1.7.0_79/jre/lib/i386/libnio.so
6ee15000-6ee24000 r--s 000df000 00:18 676658     /home/jithin/adt-bundle-linux-x86-20140702/sdk/build-tools/23.0.2/lib/dx.jar
6ee24000-6ee7f000 rw-p 00000000 00:00 0 
6ee7f000-6ee80000 ---p 00000000 00:00 0 
6ee80000-6ef00000 rw-p 00000000 00:00 0          [stack:7249]
6ef00000-6ef3b000 rw-p 00000000 00:00 0 
6ef3b000-6f000000 ---p 00000000 00:00 0 
6f002000-6f067000 rw-p 00000000 00:00 0 
6f067000-6f068000 ---p 00000000 00:00 0 
6f068000-6f0e8000 rw-p 00000000 00:00 0          [stack:7248]
6f0e8000-6f0e9000 ---p 00000000 00:00 0 
6f0e9000-6f171000 rw-p 00000000 00:00 0          [stack:7247]
6f171000-6f189000 rw-p 00000000 00:00 0 
6f189000-6f19e000 rw-p 00000000 00:00 0 
6f19e000-6f2df000 rw-p 00000000 00:00 0 
6f2df000-6f2e7000 rw-p 00000000 00:00 0 
6f2e7000-6f2ff000 rw-p 00000000 00:00 0 
6f2ff000-6f314000 rw-p 00000000 00:00 0 
6f314000-6f454000 rw-p 00000000 00:00 0 
6f454000-6f476000 rw-p 00000000 00:00 0 
6f476000-6f4ff000 rw-p 00000000 00:00 0 
6f4ff000-70500000 rw-p 00000000 00:00 0 
70500000-73500000 rw-p 00000000 00:00 0 
73500000-75dc0000 rw-p 00000000 00:00 0 
75dc0000-9df80000 rw-p 00000000 00:00 0 
9df80000-a2280000 rw-p 00000000 00:00 0 
a7564000-a7780000 rw-p 00000000 00:00 0 
a7780000-b3500000 rw-p 00000000 00:00 0 
b350e000-b3517000 rw-p 00000000 00:00 0 
b3517000-b35ce000 rw-p 00000000 00:00 0 
b35ce000-b380e000 rwxp 00000000 00:00 0 
b380e000-b65ce000 rw-p 00000000 00:00 0 
b65ce000-b65d9000 r-xp 00000000 08:05 4078733    /lib/i386-linux-gnu/libnss_files-2.19.so
b65d9000-b65da000 r--p 0000a000 08:05 4078733    /lib/i386-linux-gnu/libnss_files-2.19.so
b65da000-b65db000 rw-p 0000b000 08:05 4078733    /lib/i386-linux-gnu/libnss_files-2.19.so
b65db000-b65e5000 r-xp 00000000 08:05 4064346    /lib/i386-linux-gnu/libnss_nis-2.19.so
b65e5000-b65e6000 r--p 00009000 08:05 4064346    /lib/i386-linux-gnu/libnss_nis-2.19.so
b65e6000-b65e7000 rw-p 0000a000 08:05 4064346    /lib/i386-linux-gnu/libnss_nis-2.19.so
b65e7000-b65fc000 r-xp 00000000 08:05 4064375    /lib/i386-linux-gnu/libnsl-2.19.so
b65fc000-b65fd000 r--p 00015000 08:05 4064375    /lib/i386-linux-gnu/libnsl-2.19.so
b65fd000-b65fe000 rw-p 00016000 08:05 4064375    /lib/i386-linux-gnu/libnsl-2.19.so
b65fe000-b6600000 rw-p 00000000 00:00 0 
b6600000-b66f6000 rw-p 00000000 00:00 0 
b66f6000-b6700000 ---p 00000000 00:00 0 
b6701000-b6718000 r-xp 00000000 00:18 593114     /home/jithin/jdk1.7.0_79/jre/lib/i386/libzip.so
b6718000-b6719000 rw-p 00017000 00:18 593114     /home/jithin/jdk1.7.0_79/jre/lib/i386/libzip.so
b6719000-b6721000 rw-s 00000000 08:05 4983970    /tmp/hsperfdata_jithin/7217
b6721000-b6744000 r-xp 00000000 00:18 593079     /home/jithin/jdk1.7.0_79/jre/lib/i386/libjava.so
b6744000-b6745000 rw-p 00023000 00:18 593079     /home/jithin/jdk1.7.0_79/jre/lib/i386/libjava.so
b6745000-b674c000 r-xp 00000000 08:05 4078734    /lib/i386-linux-gnu/librt-2.19.so
b674c000-b674d000 r--p 00006000 08:05 4078734    /lib/i386-linux-gnu/librt-2.19.so
b674d000-b674e000 rw-p 00007000 08:05 4078734    /lib/i386-linux-gnu/librt-2.19.so
b674e000-b6751000 ---p 00000000 00:00 0 
b6751000-b679f000 rw-p 00000000 00:00 0          [stack:7237]
b679f000-b67e3000 r-xp 00000000 08:05 4078724    /lib/i386-linux-gnu/libm-2.19.so
b67e3000-b67e4000 r--p 00043000 08:05 4078724    /lib/i386-linux-gnu/libm-2.19.so
b67e4000-b67e5000 rw-p 00044000 08:05 4078724    /lib/i386-linux-gnu/libm-2.19.so
b67e5000-b706c000 r-xp 00000000 00:18 593113     /home/jithin/jdk1.7.0_79/jre/lib/i386/server/libjvm.so
b706c000-b70d1000 rw-p 00886000 00:18 593113     /home/jithin/jdk1.7.0_79/jre/lib/i386/server/libjvm.so
b70d1000-b74f4000 rw-p 00000000 00:00 0 
b74f4000-b769c000 r-xp 00000000 08:05 4064251    /lib/i386-linux-gnu/libc-2.19.so
b769c000-b769e000 r--p 001a8000 08:05 4064251    /lib/i386-linux-gnu/libc-2.19.so
b769e000-b769f000 rw-p 001aa000 08:05 4064251    /lib/i386-linux-gnu/libc-2.19.so
b769f000-b76a2000 rw-p 00000000 00:00 0 
b76a2000-b76a5000 r-xp 00000000 08:05 4064305    /lib/i386-linux-gnu/libdl-2.19.so
b76a5000-b76a6000 r--p 00002000 08:05 4064305    /lib/i386-linux-gnu/libdl-2.19.so
b76a6000-b76a7000 rw-p 00003000 08:05 4064305    /lib/i386-linux-gnu/libdl-2.19.so
b76a7000-b76a8000 rw-p 00000000 00:00 0 
b76a8000-b76bb000 r-xp 00000000 00:18 591428     /home/jithin/jdk1.7.0_79/lib/i386/jli/libjli.so
b76bb000-b76bc000 rw-p 00012000 00:18 591428     /home/jithin/jdk1.7.0_79/lib/i386/jli/libjli.so
b76bc000-b76d4000 r-xp 00000000 08:05 4078729    /lib/i386-linux-gnu/libpthread-2.19.so
b76d4000-b76d5000 r--p 00018000 08:05 4078729    /lib/i386-linux-gnu/libpthread-2.19.so
b76d5000-b76d6000 rw-p 00019000 08:05 4078729    /lib/i386-linux-gnu/libpthread-2.19.so
b76d6000-b76d9000 rw-p 00000000 00:00 0 
b76d9000-b76da000 rw-p 00000000 00:00 0 
b76da000-b76db000 r--p 00850000 08:05 3678467    /usr/lib/locale/locale-archive
b76db000-b76e2000 r-xp 00000000 08:05 4078725    /lib/i386-linux-gnu/libnss_compat-2.19.so
b76e2000-b76e3000 r--p 00006000 08:05 4078725    /lib/i386-linux-gnu/libnss_compat-2.19.so
b76e3000-b76e4000 rw-p 00007000 08:05 4078725    /lib/i386-linux-gnu/libnss_compat-2.19.so
b76e4000-b76e5000 rw-p 00000000 00:00 0 
b76e5000-b76e6000 ---p 00000000 00:00 0 
b76e6000-b76f1000 r-xp 00000000 00:18 593062     /home/jithin/jdk1.7.0_79/jre/lib/i386/libverify.so
b76f1000-b76f2000 rw-p 0000b000 00:18 593062     /home/jithin/jdk1.7.0_79/jre/lib/i386/libverify.so
b76f2000-b76f4000 rw-p 00000000 00:00 0 
b76f4000-b76f5000 r-xp 00000000 00:00 0          [vdso]
b76f5000-b7715000 r-xp 00000000 08:05 4064326    /lib/i386-linux-gnu/ld-2.19.so
b7715000-b7716000 r--p 0001f000 08:05 4064326    /lib/i386-linux-gnu/ld-2.19.so
b7716000-b7717000 rw-p 00020000 08:05 4064326    /lib/i386-linux-gnu/ld-2.19.so
bff2e000-bff2f000 rwxp 00000000 00:00 0 
bff60000-bff82000 rw-p 00000000 00:00 0          [stack]

VM Arguments:
jvm_args: -Djava.awt.headless=true -Xmx1024M -Dfile.encoding=UTF-8 -Duser.country=IN -Duser.language=en -Duser.variant 
java_command: com.android.dx.command.Main --dex --num-threads=4 --multi-dex --output /home/jithin/AndroidStudioProjects/LockEngine/app/build/intermediates/transforms/dex/debug/folders/1000/1a/dependencies_affabf0695ff26df300af691b3a50b8dab81cd7b /home/jithin/AndroidStudioProjects/LockEngine/app/build/intermediates/transforms/instantRunSlicer/debug/jars/1/1a/dependencies.jar
Launcher Type: SUN_STANDARD

Environment Variables:
PATH=/usr/local/sbin:/usr/local/bin:/usr/sbin:/usr/bin:/sbin:/bin:/usr/games:/usr/local/games:/home/jithin/adt-bundle-linux-x86-20140702/sdk/platform-tools:/home/jithin/scripts:/home/jithin/adt-bundle-linux-x86-20140702/eclipse:/home/jithin/android-ndk-r9/:/home/jithin/code/binaries/
LD_LIBRARY_PATH=.:
SHELL=/bin/bash
DISPLAY=:0

Signal Handlers:
SIGSEGV: [libjvm.so+0x7eb620], sa_mask[0]=0x7ffbfeff, sa_flags=0x10000004
SIGBUS: [libjvm.so+0x7eb620], sa_mask[0]=0x7ffbfeff, sa_flags=0x10000004
SIGFPE: [libjvm.so+0x6835c0], sa_mask[0]=0x7ffbfeff, sa_flags=0x10000004
SIGPIPE: [libjvm.so+0x6835c0], sa_mask[0]=0x7ffbfeff, sa_flags=0x10000004
SIGXFSZ: [libjvm.so+0x6835c0], sa_mask[0]=0x7ffbfeff, sa_flags=0x10000004
SIGILL: [libjvm.so+0x6835c0], sa_mask[0]=0x7ffbfeff, sa_flags=0x10000004
SIGUSR1: SIG_DFL, sa_mask[0]=0x00000000, sa_flags=0x00000000
SIGUSR2: [libjvm.so+0x684dc0], sa_mask[0]=0x00000004, sa_flags=0x10000004
SIGHUP: [libjvm.so+0x6860f0], sa_mask[0]=0x7ffbfeff, sa_flags=0x10000004
SIGINT: [libjvm.so+0x6860f0], sa_mask[0]=0x7ffbfeff, sa_flags=0x10000004
SIGTERM: [libjvm.so+0x6860f0], sa_mask[0]=0x7ffbfeff, sa_flags=0x10000004
SIGQUIT: [libjvm.so+0x6860f0], sa_mask[0]=0x7ffbfeff, sa_flags=0x10000004


---------------  S Y S T E M  ---------------

OS:jessie/sid

uname:Linux 3.13.0-76-generic #120-Ubuntu SMP Mon Jan 18 15:58:41 UTC 2016 i686
libc:glibc 2.19 NPTL 2.19 
rlimit: STACK 8192k, CORE 0k, NPROC 31169, NOFILE 4096, AS infinity
load average:10.05 6.47 4.37

/proc/meminfo:
MemTotal:        4016428 kB
MemFree:          216748 kB
Buffers:            3476 kB
Cached:           803916 kB
SwapCached:            0 kB
Active:          2893632 kB
Inactive:         776096 kB
Active(anon):    2866960 kB
Inactive(anon):   740776 kB
Active(file):      26672 kB
Inactive(file):    35320 kB
Unevictable:         176 kB
Mlocked:             176 kB
HighTotal:       3166156 kB
HighFree:          39660 kB
LowTotal:         850272 kB
LowFree:          177088 kB
SwapTotal:             0 kB
SwapFree:              0 kB
Dirty:               224 kB
Writeback:             0 kB
AnonPages:       2862820 kB
Mapped:           396224 kB
Shmem:            745204 kB
Slab:              62112 kB
SReclaimable:      25288 kB
SUnreclaim:        36824 kB
KernelStack:        6528 kB
PageTables:        23584 kB
NFS_Unstable:          0 kB
Bounce:                0 kB
WritebackTmp:          0 kB
CommitLimit:     2008212 kB
Committed_AS:   11698084 kB
VmallocTotal:     122880 kB
VmallocUsed:       67768 kB
VmallocChunk:      47044 kB
HardwareCorrupted:     0 kB
AnonHugePages:    763904 kB
HugePages_Total:       0
HugePages_Free:        0
HugePages_Rsvd:        0
HugePages_Surp:        0
Hugepagesize:       2048 kB
DirectMap4k:       30712 kB
DirectMap2M:      880640 kB


CPU:total 4 (2 cores per cpu, 2 threads per core) family 6 model 58 stepping 9, cmov, cx8, fxsr, mmx, sse, sse2, sse3, ssse3, sse4.1, sse4.2, popcnt, avx, erms, ht, tsc, tscinvbit, tscinv

/proc/cpuinfo:
processor	: 0
vendor_id	: GenuineIntel
cpu family	: 6
model		: 58
model name	: Intel(R) Core(TM) i3-3217U CPU @ 1.80GHz
stepping	: 9
microcode	: 0x15
cpu MHz		: 1801.000
cache size	: 3072 KB
physical id	: 0
siblings	: 4
core id		: 0
cpu cores	: 2
apicid		: 0
initial apicid	: 0
fdiv_bug	: no
f00f_bug	: no
coma_bug	: no
fpu		: yes
fpu_exception	: yes
cpuid level	: 13
wp		: yes
flags		: fpu vme de pse tsc msr pae mce cx8 apic sep mtrr pge mca cmov pat pse36 clflush dts acpi mmx fxsr sse sse2 ss ht tm pbe nx rdtscp lm constant_tsc arch_perfmon pebs bts xtopology nonstop_tsc aperfmperf eagerfpu pni pclmulqdq dtes64 monitor ds_cpl vmx est tm2 ssse3 cx16 xtpr pdcm pcid sse4_1 sse4_2 x2apic popcnt tsc_deadline_timer xsave avx f16c lahf_lm ida arat epb xsaveopt pln pts dtherm tpr_shadow vnmi flexpriority ept vpid fsgsbase smep erms
bogomips	: 3592.19
clflush size	: 64
cache_alignment	: 64
address sizes	: 36 bits physical, 48 bits virtual
power management:

processor	: 1
vendor_id	: GenuineIntel
cpu family	: 6
model		: 58
model name	: Intel(R) Core(TM) i3-3217U CPU @ 1.80GHz
stepping	: 9
microcode	: 0x15
cpu MHz		: 1801.000
cache size	: 3072 KB
physical id	: 0
siblings	: 4
core id		: 1
cpu cores	: 2
apicid		: 2
initial apicid	: 2
fdiv_bug	: no
f00f_bug	: no
coma_bug	: no
fpu		: yes
fpu_exception	: yes
cpuid level	: 13
wp		: yes
flags		: fpu vme de pse tsc msr pae mce cx8 apic sep mtrr pge mca cmov pat pse36 clflush dts acpi mmx fxsr sse sse2 ss ht tm pbe nx rdtscp lm constant_tsc arch_perfmon pebs bts xtopology nonstop_tsc aperfmperf eagerfpu pni pclmulqdq dtes64 monitor ds_cpl vmx est tm2 ssse3 cx16 xtpr pdcm pcid sse4_1 sse4_2 x2apic popcnt tsc_deadline_timer xsave avx f16c lahf_lm ida arat epb xsaveopt pln pts dtherm tpr_shadow vnmi flexpriority ept vpid fsgsbase smep erms
bogomips	: 3592.19
clflush size	: 64
cache_alignment	: 64
address sizes	: 36 bits physical, 48 bits virtual
power management:

processor	: 2
vendor_id	: GenuineIntel
cpu family	: 6
model		: 58
model name	: Intel(R) Core(TM) i3-3217U CPU @ 1.80GHz
stepping	: 9
microcode	: 0x15
cpu MHz		: 1801.000
cache size	: 3072 KB
physical id	: 0
siblings	: 4
core id		: 0
cpu cores	: 2
apicid		: 1
initial apicid	: 1
fdiv_bug	: no
f00f_bug	: no
coma_bug	: no
fpu		: yes
fpu_exception	: yes
cpuid level	: 13
wp		: yes
flags		: fpu vme de pse tsc msr pae mce cx8 apic sep mtrr pge mca cmov pat pse36 clflush dts acpi mmx fxsr sse sse2 ss ht tm pbe nx rdtscp lm constant_tsc arch_perfmon pebs bts xtopology nonstop_tsc aperfmperf eagerfpu pni pclmulqdq dtes64 monitor ds_cpl vmx est tm2 ssse3 cx16 xtpr pdcm pcid sse4_1 sse4_2 x2apic popcnt tsc_deadline_timer xsave avx f16c lahf_lm ida arat epb xsaveopt pln pts dtherm tpr_shadow vnmi flexpriority ept vpid fsgsbase smep erms
bogomips	: 3592.19
clflush size	: 64
cache_alignment	: 64
address sizes	: 36 bits physical, 48 bits virtual
power management:

processor	: 3
vendor_id	: GenuineIntel
cpu family	: 6
model		: 58
model name	: Intel(R) Core(TM) i3-3217U CPU @ 1.80GHz
stepping	: 9
microcode	: 0x15
cpu MHz		: 1801.000
cache size	: 3072 KB
physical id	: 0
siblings	: 4
core id		: 1
cpu cores	: 2
apicid		: 3
initial apicid	: 3
fdiv_bug	: no
f00f_bug	: no
coma_bug	: no
fpu		: yes
fpu_exception	: yes
cpuid level	: 13
wp		: yes
flags		: fpu vme de pse tsc msr pae mce cx8 apic sep mtrr pge mca cmov pat pse36 clflush dts acpi mmx fxsr sse sse2 ss ht tm pbe nx rdtscp lm constant_tsc arch_perfmon pebs bts xtopology nonstop_tsc aperfmperf eagerfpu pni pclmulqdq dtes64 monitor ds_cpl vmx est tm2 ssse3 cx16 xtpr pdcm pcid sse4_1 sse4_2 x2apic popcnt tsc_deadline_timer xsave avx f16c lahf_lm ida arat epb xsaveopt pln pts dtherm tpr_shadow vnmi flexpriority ept vpid fsgsbase smep erms
bogomips	: 3592.19
clflush size	: 64
cache_alignment	: 64
address sizes	: 36 bits physical, 48 bits virtual
power management:



Memory: 4k page, physical 4016428k(216632k free), swap 0k(0k free)

vm_info: Java HotSpot(TM) Server VM (24.79-b02) for linux-x86 JRE (1.7.0_79-b15), built on Apr 10 2015 11:52:49 by "java_re" with gcc 4.3.0 20080428 (Red Hat 4.3.0-8)

time: Sat Jan 30 01:27:43 2016
elapsed time: 60 seconds

