#
# There is insufficient memory for the Java Runtime Environment to continue.
# Native memory allocation (malloc) failed to allocate 46137344 bytes for committing reserved memory.
# Possible reasons:
#   The system is out of physical RAM or swap space
#   In 32 bit mode, the process size limit was hit
# Possible solutions:
#   Reduce memory load on the system
#   Increase physical memory or swap space
#   Check if swap backing store is full
#   Use 64 bit Java on a 64 bit OS
#   Decrease Java heap size (-Xmx/-Xms)
#   Decrease number of Java threads
#   Decrease Java thread stack sizes (-Xss)
#   Set larger code cache with -XX:ReservedCodeCacheSize=
# This output file may be truncated or incomplete.
#
#  Out of Memory Error (os_linux.cpp:2756), pid=14442, tid=1814035264
#
# JRE version: Java(TM) SE Runtime Environment (7.0_79-b15) (build 1.7.0_79-b15)
# Java VM: Java HotSpot(TM) Server VM (24.79-b02 mixed mode linux-x86 )
# Failed to write core dump. Core dumps have been disabled. To enable core dumping, try "ulimit -c unlimited" before starting Java again
#

---------------  T H R E A D  ---------------

Current thread (0x6c080800):  VMThread [stack: 0x6c17f000,0x6c200000] [id=14482]

Stack: [0x6c17f000,0x6c200000],  sp=0x6c1fe7a0,  free space=509k
Native frames: (J=compiled Java code, j=interpreted, Vv=VM code, C=native code)
V  [libjvm.so+0x7eab16]  VMError::report_and_die()+0x1a6
V  [libjvm.so+0x33e222]  report_vm_out_of_memory(char const*, int, unsigned int, char const*)+0x72
V  [libjvm.so+0x686a41]  os::Linux::commit_memory_impl(char*, unsigned int, bool)+0xe1
V  [libjvm.so+0x686f08]  os::pd_commit_memory(char*, unsigned int, unsigned int, bool)+0x28
V  [libjvm.so+0x68064c]  os::commit_memory(char*, unsigned int, unsigned int, bool)+0x2c
V  [libjvm.so+0x6eae98]  PSVirtualSpace::expand_by(unsigned int)+0x48
V  [libjvm.so+0x6ebf9a]  PSYoungGen::resize_generation(unsigned int, unsigned int)+0xda
V  [libjvm.so+0x6eb2d9]  PSYoungGen::resize(unsigned int, unsigned int)+0x19
V  [libjvm.so+0x6e8c09]  PSScavenge::invoke_no_policy()+0xcf9
V  [libjvm.so+0x6e9468]  PSScavenge::invoke()+0x28
V  [libjvm.so+0x6a6fea]  ParallelScavengeHeap::failed_mem_allocate(unsigned int)+0x5a
V  [libjvm.so+0x7ec3aa]  VM_ParallelGCFailedAllocation::doit()+0x7a
V  [libjvm.so+0x7f51c7]  VM_Operation::evaluate()+0x47
V  [libjvm.so+0x7f3263]  VMThread::evaluate_operation(VM_Operation*)+0xb3
V  [libjvm.so+0x7f3600]  VMThread::loop()+0x1b0
V  [libjvm.so+0x7f3a65]  VMThread::run()+0x85
V  [libjvm.so+0x688d19]  java_start(Thread*)+0x119
C  [libpthread.so.0+0x6f70]  start_thread+0xd0

VM_Operation (0x6b50b894): ParallelGCFailedAllocation, mode: safepoint, requested by thread 0x6b832400


---------------  P R O C E S S  ---------------

Java Threads: ( => current thread )
  0x6b832400 JavaThread "pool-2-thread-4" [_thread_blocked, id=14531, stack(0x6b4bc000,0x6b50d000)]
  0x6b830c00 JavaThread "pool-2-thread-3" [_thread_blocked, id=14530, stack(0x6b50d000,0x6b55e000)]
  0x6b82f800 JavaThread "pool-2-thread-2" [_thread_blocked, id=14529, stack(0x6b55e000,0x6b5af000)]
  0x6b82d800 JavaThread "pool-3-thread-1" [_thread_blocked, id=14528, stack(0x6b5af000,0x6b600000)]
  0x6b82bc00 JavaThread "pool-2-thread-1" [_thread_blocked, id=14527, stack(0x6b92c000,0x6b97d000)]
  0x6c09ac00 JavaThread "Service Thread" daemon [_thread_blocked, id=14505, stack(0x6be0d000,0x6be5e000)]
  0x6c098c00 JavaThread "C2 CompilerThread1" daemon [_thread_blocked, id=14500, stack(0x6b9fe000,0x6ba7f000)]
  0x6c096c00 JavaThread "C2 CompilerThread0" daemon [_thread_blocked, id=14496, stack(0x6ba7f000,0x6bb00000)]
  0x6c095400 JavaThread "Signal Dispatcher" daemon [_thread_blocked, id=14494, stack(0x6be5e000,0x6beaf000)]
  0x6c084800 JavaThread "Finalizer" daemon [_thread_blocked, id=14488, stack(0x6beaf000,0x6bf00000)]
  0x6c083000 JavaThread "Reference Handler" daemon [_thread_blocked, id=14486, stack(0x6c12e000,0x6c17f000)]
  0xb6607800 JavaThread "main" [_thread_blocked, id=14461, stack(0xb673c000,0xb678d000)]

Other Threads:
=>0x6c080800 VMThread [stack: 0x6c17f000,0x6c200000] [id=14482]
  0x6c09c800 WatcherThread [stack: 0x6b97d000,0x6b9fe000] [id=14510]

VM state:at safepoint (normal execution)

VM Mutex/Monitor currently owned by a thread:  ([mutex/lock_event])
[0xb6604fe8] Threads_lock - owner thread: 0x6c080800
[0xb66053f8] Heap_lock - owner thread: 0x6b832400

Heap
 PSYoungGen      total 34304K, used 2557K [0x9df40000, 0xa0340000, 0xb34c0000)
  eden space 31744K, 0% used [0x9df40000,0x9df40000,0x9fe40000)
  from space 2560K, 99% used [0x9fe40000,0xa00bf788,0xa00c0000)
  to   space 2560K, 0% used [0xa00c0000,0xa00c0000,0xa0340000)
 ParOldGen       total 41728K, used 9858K [0x734c0000, 0x75d80000, 0x9df40000)
  object space 41728K, 23% used [0x734c0000,0x73e60830,0x75d80000)
 PSPermGen       total 16384K, used 3920K [0x6f4c0000, 0x704c0000, 0x734c0000)
  object space 16384K, 23% used [0x6f4c0000,0x6f8940c0,0x704c0000)

Card table byte_map: [0x6f29f000,0x6f4c0000] byte_map_base: 0x6ef24a00

Polling page: 0xb76d3000

Code Cache  [0xb35a8000, 0xb37e8000, 0xb65a8000)
 total_blobs=374 nmethods=251 adapters=76 free_code_cache=48343Kb largest_free_block=49457408

Compilation events (10 events):
Event: 6.169 Thread 0x6c096c00 nmethod 245 0xb3665588 code [0xb3665680, 0xb3665764]
Event: 6.169 Thread 0x6c096c00  246             com.android.dx.rop.cst.Constant::<init> (5 bytes)
Event: 6.170 Thread 0x6c096c00 nmethod 246 0xb3665408 code [0xb36654e0, 0xb3665530]
Event: 6.170 Thread 0x6c096c00  247   !         com.android.dx.cf.cst.ConstantPoolParser::parse0 (731 bytes)
Event: 6.224 Thread 0x6c098c00 nmethod 230 0xb36756c8 code [0xb3675ba0, 0xb3678d00]
Event: 6.224 Thread 0x6c098c00  248             com.android.dx.rop.code.RegisterSpec::getNextReg (10 bytes)
Event: 6.226 Thread 0x6c098c00 nmethod 248 0xb3665188 code [0xb3665280, 0xb3665330]
Event: 6.226 Thread 0x6c098c00  249             com.android.dx.rop.code.BasicBlockList$RegCountVisitor::processReg (19 bytes)
Event: 6.229 Thread 0x6c098c00 nmethod 249 0xb3663008 code [0xb3663100, 0xb36631d0]
Event: 6.229 Thread 0x6c098c00  250             java.util.HashMap::transfer (115 bytes)

GC Heap History (9 events):
Event: 2.366 GC heap before
{Heap before GC invocations=1 (full 0):
 PSYoungGen      total 18432K, used 15872K [0x9df40000, 0x9f3c0000, 0xb34c0000)
  eden space 15872K, 100% used [0x9df40000,0x9eec0000,0x9eec0000)
  from space 2560K, 0% used [0x9f140000,0x9f140000,0x9f3c0000)
  to   space 2560K, 0% used [0x9eec0000,0x9eec0000,0x9f140000)
 ParOldGen       total 41728K, used 0K [0x734c0000, 0x75d80000, 0x9df40000)
  object space 41728K, 0% used [0x734c0000,0x734c0000,0x75d80000)
 PSPermGen       total 16384K, used 2179K [0x6f4c0000, 0x704c0000, 0x734c0000)
  object space 16384K, 13% used [0x6f4c0000,0x6f6e0f88,0x704c0000)
Event: 2.369 GC heap after
Heap after GC invocations=1 (full 0):
 PSYoungGen      total 18432K, used 953K [0x9df40000, 0x9f3c0000, 0xb34c0000)
  eden space 15872K, 0% used [0x9df40000,0x9df40000,0x9eec0000)
  from space 2560K, 37% used [0x9eec0000,0x9efae798,0x9f140000)
  to   space 2560K, 0% used [0x9f140000,0x9f140000,0x9f3c0000)
 ParOldGen       total 41728K, used 4K [0x734c0000, 0x75d80000, 0x9df40000)
  object space 41728K, 0% used [0x734c0000,0x734c1000,0x75d80000)
 PSPermGen       total 16384K, used 2179K [0x6f4c0000, 0x704c0000, 0x734c0000)
  object space 16384K, 13% used [0x6f4c0000,0x6f6e0f88,0x704c0000)
}
Event: 2.431 GC heap before
{Heap before GC invocations=2 (full 0):
 PSYoungGen      total 18432K, used 16825K [0x9df40000, 0x9f3c0000, 0xb34c0000)
  eden space 15872K, 100% used [0x9df40000,0x9eec0000,0x9eec0000)
  from space 2560K, 37% used [0x9eec0000,0x9efae798,0x9f140000)
  to   space 2560K, 0% used [0x9f140000,0x9f140000,0x9f3c0000)
 ParOldGen       total 41728K, used 4K [0x734c0000, 0x75d80000, 0x9df40000)
  object space 41728K, 0% used [0x734c0000,0x734c1000,0x75d80000)
 PSPermGen       total 16384K, used 2179K [0x6f4c0000, 0x704c0000, 0x734c0000)
  object space 16384K, 13% used [0x6f4c0000,0x6f6e0f88,0x704c0000)
Event: 2.436 GC heap after
Heap after GC invocations=2 (full 0):
 PSYoungGen      total 18432K, used 720K [0x9df40000, 0xa0340000, 0xb34c0000)
  eden space 15872K, 0% used [0x9df40000,0x9df40000,0x9eec0000)
  from space 2560K, 28% used [0x9f140000,0x9f1f4070,0x9f3c0000)
  to   space 2560K, 0% used [0x9eec0000,0x9eec0000,0x9f140000)
 ParOldGen       total 41728K, used 4K [0x734c0000, 0x75d80000, 0x9df40000)
  object space 41728K, 0% used [0x734c0000,0x734c1000,0x75d80000)
 PSPermGen       total 16384K, used 2179K [0x6f4c0000, 0x704c0000, 0x734c0000)
  object space 16384K, 13% used [0x6f4c0000,0x6f6e0f88,0x704c0000)
}
Event: 4.154 GC heap before
{Heap before GC invocations=3 (full 0):
 PSYoungGen      total 18432K, used 16592K [0x9df40000, 0xa0340000, 0xb34c0000)
  eden space 15872K, 100% used [0x9df40000,0x9eec0000,0x9eec0000)
  from space 2560K, 28% used [0x9f140000,0x9f1f4070,0x9f3c0000)
  to   space 2560K, 0% used [0x9eec0000,0x9eec0000,0x9f140000)
 ParOldGen       total 41728K, used 4K [0x734c0000, 0x75d80000, 0x9df40000)
  object space 41728K, 0% used [0x734c0000,0x734c1000,0x75d80000)
 PSPermGen       total 16384K, used 3776K [0x6f4c0000, 0x704c0000, 0x734c0000)
  object space 16384K, 23% used [0x6f4c0000,0x6f8701e0,0x704c0000)
Event: 4.188 GC heap after
Heap after GC invocations=3 (full 0):
 PSYoungGen      total 18432K, used 2557K [0x9df40000, 0xa0340000, 0xb34c0000)
  eden space 15872K, 0% used [0x9df40000,0x9df40000,0x9eec0000)
  from space 2560K, 99% used [0x9eec0000,0x9f13f720,0x9f140000)
  to   space 2560K, 0% used [0xa00c0000,0xa00c0000,0xa0340000)
 ParOldGen       total 41728K, used 1737K [0x734c0000, 0x75d80000, 0x9df40000)
  object space 41728K, 4% used [0x734c0000,0x736726e8,0x75d80000)
 PSPermGen       total 16384K, used 3776K [0x6f4c0000, 0x704c0000, 0x734c0000)
  object space 16384K, 23% used [0x6f4c0000,0x6f8701e0,0x704c0000)
}
Event: 4.875 GC heap before
{Heap before GC invocations=4 (full 0):
 PSYoungGen      total 18432K, used 18429K [0x9df40000, 0xa0340000, 0xb34c0000)
  eden space 15872K, 100% used [0x9df40000,0x9eec0000,0x9eec0000)
  from space 2560K, 99% used [0x9eec0000,0x9f13f720,0x9f140000)
  to   space 2560K, 0% used [0xa00c0000,0xa00c0000,0xa0340000)
 ParOldGen       total 41728K, used 1737K [0x734c0000, 0x75d80000, 0x9df40000)
  object space 41728K, 4% used [0x734c0000,0x736726e8,0x75d80000)
 PSPermGen       total 16384K, used 3871K [0x6f4c0000, 0x704c0000, 0x734c0000)
  object space 16384K, 23% used [0x6f4c0000,0x6f887f98,0x704c0000)
Event: 4.888 GC heap after
Heap after GC invocations=4 (full 0):
 PSYoungGen      total 34304K, used 2549K [0x9df40000, 0xa0340000, 0xb34c0000)
  eden space 31744K, 0% used [0x9df40000,0x9df40000,0x9fe40000)
  from space 2560K, 99% used [0xa00c0000,0xa033d418,0xa0340000)
  to   space 2560K, 0% used [0x9fe40000,0x9fe40000,0xa00c0000)
 ParOldGen       total 41728K, used 4610K [0x734c0000, 0x75d80000, 0x9df40000)
  object space 41728K, 11% used [0x734c0000,0x73940ad8,0x75d80000)
 PSPermGen       total 16384K, used 3871K [0x6f4c0000, 0x704c0000, 0x734c0000)
  object space 16384K, 23% used [0x6f4c0000,0x6f887f98,0x704c0000)
}
Event: 6.231 GC heap before
{Heap before GC invocations=5 (full 0):
 PSYoungGen      total 34304K, used 34293K [0x9df40000, 0xa0340000, 0xb34c0000)
  eden space 31744K, 100% used [0x9df40000,0x9fe40000,0x9fe40000)
  from space 2560K, 99% used [0xa00c0000,0xa033d418,0xa0340000)
  to   space 2560K, 0% used [0x9fe40000,0x9fe40000,0xa00c0000)
 ParOldGen       total 41728K, used 4610K [0x734c0000, 0x75d80000, 0x9df40000)
  object space 41728K, 11% used [0x734c0000,0x73940ad8,0x75d80000)
 PSPermGen       total 16384K, used 3920K [0x6f4c0000, 0x704c0000, 0x734c0000)
  object space 16384K, 23% used [0x6f4c0000,0x6f8940c0,0x704c0000)

Deoptimization events (4 events):
Event: 4.754 Thread 0x6b82f800 Uncommon trap: reason=unreached action=reinterpret pc=0xb361a054 method=com.android.dx.rop.cst.Constant.compareTo(Lcom/android/dx/rop/cst/Constant;)I @ 12
Event: 4.788 Thread 0x6b82bc00 Uncommon trap: reason=null_check action=make_not_entrant pc=0xb3623b10 method=com.android.dx.rop.type.Type.equals(Ljava/lang/Object;)Z @ 8
Event: 5.670 Thread 0xb6607800 Uncommon trap: reason=null_check action=make_not_entrant pc=0xb364c788 method=com.android.dx.ssa.SsaRenamer.getLocalForNewReg(I)Lcom/android/dx/rop/code/LocalItem; @ 19
Event: 5.767 Thread 0xb6607800 Uncommon trap: reason=null_check action=make_not_entrant pc=0xb365ea98 method=com.android.dx.rop.type.Type.putIntern(Lcom/android/dx/rop/type/Type;)Lcom/android/dx/rop/type/Type; @ 18

Internal exceptions (10 events):
Event: 3.845 Thread 0x6b82f800 Threw 0x9eaf70f8 at /HUDSON/workspace/7u-2-build-linux-i586/jdk7u79/2331/hotspot/src/share/vm/prims/jvm.cpp:1304
Event: 3.995 Thread 0xb6607800 Threw 0x9ec7ff58 at /HUDSON/workspace/7u-2-build-linux-i586/jdk7u79/2331/hotspot/src/share/vm/prims/jvm.cpp:1304
Event: 4.040 Thread 0x6b82bc00 Threw 0x9ed38d68 at /HUDSON/workspace/7u-2-build-linux-i586/jdk7u79/2331/hotspot/src/share/vm/prims/jvm.cpp:1304
Event: 4.041 Thread 0x6b82bc00 Threw 0x9ed3e528 at /HUDSON/workspace/7u-2-build-linux-i586/jdk7u79/2331/hotspot/src/share/vm/prims/jvm.cpp:1304
Event: 4.042 Thread 0x6b82bc00 Threw 0x9ed43a10 at /HUDSON/workspace/7u-2-build-linux-i586/jdk7u79/2331/hotspot/src/share/vm/prims/jvm.cpp:1304
Event: 4.127 Thread 0x6b82bc00 Threw 0x9ee9c4f0 at /HUDSON/workspace/7u-2-build-linux-i586/jdk7u79/2331/hotspot/src/share/vm/prims/jvm.cpp:1304
Event: 4.788 Thread 0x6b82bc00 Implicit null exception at 0xb3623a2b to 0xb3623b02
Event: 4.980 Thread 0x6b82f800 Threw 0x9e209860 at /HUDSON/workspace/7u-2-build-linux-i586/jdk7u79/2331/hotspot/src/share/vm/prims/jvm.cpp:1304
Event: 5.670 Thread 0xb6607800 Implicit null exception at 0xb364b01d to 0xb364c779
Event: 5.767 Thread 0xb6607800 Implicit null exception at 0xb365e4b6 to 0xb365ea89

Events (10 events):
Event: 5.012 loading class 0x6ee52828 done
Event: 5.536 Executing VM operation: EnableBiasedLocking
Event: 5.536 Executing VM operation: EnableBiasedLocking done
Event: 5.670 Thread 0xb6607800 Uncommon trap: trap_request=0xfffffff4 fr.pc=0xb364c788
Event: 5.670 Thread 0xb6607800 DEOPT PACKING pc=0xb364c788 sp=0xb678b790
Event: 5.670 Thread 0xb6607800 DEOPT UNPACKING pc=0xb35d4bc8 sp=0xb678b684 mode 2
Event: 5.767 Thread 0xb6607800 Uncommon trap: trap_request=0xfffffff4 fr.pc=0xb365ea98
Event: 5.767 Thread 0xb6607800 DEOPT PACKING pc=0xb365ea98 sp=0xb678b9f0
Event: 5.767 Thread 0xb6607800 DEOPT UNPACKING pc=0xb35d4bc8 sp=0xb678b988 mode 2
Event: 6.230 Executing VM operation: ParallelGCFailedAllocation


Dynamic libraries:
08048000-08049000 r-xp 00000000 00:18 592627     /home/jithin/jdk1.7.0_79/bin/java
08049000-0804a000 rw-p 00000000 00:18 592627     /home/jithin/jdk1.7.0_79/bin/java
09971000-099dd000 rw-p 00000000 00:00 0          [heap]
6ad00000-6ade4000 rw-p 00000000 00:00 0 
6ade4000-6ae00000 ---p 00000000 00:00 0 
6ae00000-6aeda000 rw-p 00000000 00:00 0 
6aeda000-6af00000 ---p 00000000 00:00 0 
6af00000-6afd1000 rw-p 00000000 00:00 0 
6afd1000-6b000000 ---p 00000000 00:00 0 
6b000000-6b0f3000 rw-p 00000000 00:00 0 
6b0f3000-6b100000 ---p 00000000 00:00 0 
6b100000-6b1f5000 rw-p 00000000 00:00 0 
6b1f5000-6b200000 ---p 00000000 00:00 0 
6b300000-6b3f9000 rw-p 00000000 00:00 0 
6b3f9000-6b400000 ---p 00000000 00:00 0 
6b4bc000-6b4bf000 ---p 00000000 00:00 0 
6b4bf000-6b50d000 rw-p 00000000 00:00 0          [stack:14531]
6b50d000-6b510000 ---p 00000000 00:00 0 
6b510000-6b55e000 rw-p 00000000 00:00 0          [stack:14530]
6b55e000-6b561000 ---p 00000000 00:00 0 
6b561000-6b5af000 rw-p 00000000 00:00 0          [stack:14529]
6b5af000-6b5b2000 ---p 00000000 00:00 0 
6b5b2000-6b600000 rw-p 00000000 00:00 0          [stack:14528]
6b600000-6b6fe000 rw-p 00000000 00:00 0 
6b6fe000-6b700000 ---p 00000000 00:00 0 
6b700000-6b7fd000 rw-p 00000000 00:00 0 
6b7fd000-6b800000 ---p 00000000 00:00 0 
6b800000-6b85a000 rw-p 00000000 00:00 0 
6b85a000-6b900000 ---p 00000000 00:00 0 
6b92c000-6b92f000 ---p 00000000 00:00 0 
6b92f000-6b97d000 rw-p 00000000 00:00 0          [stack:14527]
6b97d000-6b97e000 ---p 00000000 00:00 0 
6b97e000-6b9fe000 rw-p 00000000 00:00 0          [stack:14510]
6b9fe000-6ba01000 ---p 00000000 00:00 0 
6ba01000-6ba7f000 rw-p 00000000 00:00 0          [stack:14500]
6ba7f000-6ba82000 ---p 00000000 00:00 0 
6ba82000-6bb00000 rw-p 00000000 00:00 0          [stack:14496]
6bb00000-6bd00000 r--p 00000000 08:05 3678467    /usr/lib/locale/locale-archive
6bd00000-6bd21000 rw-p 00000000 00:00 0 
6bd21000-6be00000 ---p 00000000 00:00 0 
6be0d000-6be10000 ---p 00000000 00:00 0 
6be10000-6be5e000 rw-p 00000000 00:00 0          [stack:14505]
6be5e000-6be61000 ---p 00000000 00:00 0 
6be61000-6beaf000 rw-p 00000000 00:00 0          [stack:14494]
6beaf000-6beb2000 ---p 00000000 00:00 0 
6beb2000-6bf00000 rw-p 00000000 00:00 0          [stack:14488]
6bf00000-6bfff000 rw-p 00000000 00:00 0 
6bfff000-6c000000 ---p 00000000 00:00 0 
6c000000-6c0f9000 rw-p 00000000 00:00 0 
6c0f9000-6c100000 ---p 00000000 00:00 0 
6c12e000-6c131000 ---p 00000000 00:00 0 
6c131000-6c17f000 rw-p 00000000 00:00 0          [stack:14486]
6c17f000-6c180000 ---p 00000000 00:00 0 
6c180000-6c200000 rw-p 00000000 00:00 0          [stack:14482]
6c200000-6c3c0000 r--s 039f7000 00:18 592634     /home/jithin/jdk1.7.0_79/jre/lib/rt.jar
6c3c0000-6ea00000 rw-p 00000000 00:00 0 
6ea00000-6eafb000 rw-p 00000000 00:00 0 
6eafb000-6eb00000 ---p 00000000 00:00 0 
6eb04000-6eb34000 r--s 0023a000 00:18 1051589    /home/jithin/AndroidStudioProjects/LockEngine/app/build/intermediates/transforms/instantRunSlicer/debug/jars/1/1a/dependencies.jar
6eb34000-6eb7f000 rw-p 00000000 00:00 0 
6eb7f000-6eb80000 ---p 00000000 00:00 0 
6eb80000-6ec00000 rw-p 00000000 00:00 0          [stack:14472]
6ec00000-6ec21000 rw-p 00000000 00:00 0 
6ec21000-6ed00000 ---p 00000000 00:00 0 
6ed00000-6ed21000 rw-p 00000000 00:00 0 
6ed21000-6ee00000 ---p 00000000 00:00 0 
6ee24000-6ee7f000 rw-p 00000000 00:00 0 
6ee7f000-6ee80000 ---p 00000000 00:00 0 
6ee80000-6ef00000 rw-p 00000000 00:00 0          [stack:14471]
6ef00000-6ef21000 rw-p 00000000 00:00 0 
6ef21000-6f000000 ---p 00000000 00:00 0 
6f008000-6f01d000 r-xp 00000000 00:18 593093     /home/jithin/jdk1.7.0_79/jre/lib/i386/libnet.so
6f01d000-6f01e000 rw-p 00014000 00:18 593093     /home/jithin/jdk1.7.0_79/jre/lib/i386/libnet.so
6f01e000-6f02c000 r-xp 00000000 00:18 593102     /home/jithin/jdk1.7.0_79/jre/lib/i386/libnio.so
6f02c000-6f02d000 rw-p 0000e000 00:18 593102     /home/jithin/jdk1.7.0_79/jre/lib/i386/libnio.so
6f02d000-6f047000 rw-p 00000000 00:00 0 
6f047000-6f048000 ---p 00000000 00:00 0 
6f048000-6f0c8000 rw-p 00000000 00:00 0          [stack:14468]
6f0c8000-6f0c9000 ---p 00000000 00:00 0 
6f0c9000-6f15e000 rw-p 00000000 00:00 0          [stack:14466]
6f15e000-6f29f000 rw-p 00000000 00:00 0 
6f29f000-6f2a7000 rw-p 00000000 00:00 0 
6f2a7000-6f2bf000 rw-p 00000000 00:00 0 
6f2bf000-6f2d4000 rw-p 00000000 00:00 0 
6f2d4000-6f414000 rw-p 00000000 00:00 0 
6f414000-6f427000 rw-p 00000000 00:00 0 
6f427000-6f4bf000 rw-p 00000000 00:00 0 
6f4bf000-704c0000 rw-p 00000000 00:00 0 
704c0000-734c0000 rw-p 00000000 00:00 0 
734c0000-75d80000 rw-p 00000000 00:00 0 
75d80000-9df40000 rw-p 00000000 00:00 0 
9df40000-a0340000 rw-p 00000000 00:00 0 
a2dcd000-a2f40000 rw-p 00000000 00:00 0 
a2f40000-b34c0000 rw-p 00000000 00:00 0 
b34c8000-b34d0000 rw-p 00000000 00:00 0 
b34d0000-b34e8000 rw-p 00000000 00:00 0 
b34e8000-b34f1000 rw-p 00000000 00:00 0 
b34f1000-b35a8000 rw-p 00000000 00:00 0 
b35a8000-b37e8000 rwxp 00000000 00:00 0 
b37e8000-b65a8000 rw-p 00000000 00:00 0 
b65a8000-b65bf000 r-xp 00000000 00:18 593114     /home/jithin/jdk1.7.0_79/jre/lib/i386/libzip.so
b65bf000-b65c0000 rw-p 00017000 00:18 593114     /home/jithin/jdk1.7.0_79/jre/lib/i386/libzip.so
b65c0000-b65cb000 r-xp 00000000 08:05 4078733    /lib/i386-linux-gnu/libnss_files-2.19.so
b65cb000-b65cc000 r--p 0000a000 08:05 4078733    /lib/i386-linux-gnu/libnss_files-2.19.so
b65cc000-b65cd000 rw-p 0000b000 08:05 4078733    /lib/i386-linux-gnu/libnss_files-2.19.so
b65cd000-b65e2000 r-xp 00000000 08:05 4064375    /lib/i386-linux-gnu/libnsl-2.19.so
b65e2000-b65e3000 r--p 00015000 08:05 4064375    /lib/i386-linux-gnu/libnsl-2.19.so
b65e3000-b65e4000 rw-p 00016000 08:05 4064375    /lib/i386-linux-gnu/libnsl-2.19.so
b65e4000-b65e6000 rw-p 00000000 00:00 0 
b65e9000-b65f8000 r--s 000df000 00:18 676658     /home/jithin/adt-bundle-linux-x86-20140702/sdk/build-tools/23.0.2/lib/dx.jar
b65f8000-b6600000 rw-s 00000000 08:05 4984028    /tmp/hsperfdata_jithin/14442
b6600000-b66f6000 rw-p 00000000 00:00 0 
b66f6000-b6700000 ---p 00000000 00:00 0 
b6703000-b670d000 r-xp 00000000 08:05 4064346    /lib/i386-linux-gnu/libnss_nis-2.19.so
b670d000-b670e000 r--p 00009000 08:05 4064346    /lib/i386-linux-gnu/libnss_nis-2.19.so
b670e000-b670f000 rw-p 0000a000 08:05 4064346    /lib/i386-linux-gnu/libnss_nis-2.19.so
b670f000-b6732000 r-xp 00000000 00:18 593079     /home/jithin/jdk1.7.0_79/jre/lib/i386/libjava.so
b6732000-b6733000 rw-p 00023000 00:18 593079     /home/jithin/jdk1.7.0_79/jre/lib/i386/libjava.so
b6733000-b673a000 r-xp 00000000 08:05 4078734    /lib/i386-linux-gnu/librt-2.19.so
b673a000-b673b000 r--p 00006000 08:05 4078734    /lib/i386-linux-gnu/librt-2.19.so
b673b000-b673c000 rw-p 00007000 08:05 4078734    /lib/i386-linux-gnu/librt-2.19.so
b673c000-b673f000 ---p 00000000 00:00 0 
b673f000-b678d000 rw-p 00000000 00:00 0          [stack:14461]
b678d000-b67d1000 r-xp 00000000 08:05 4078724    /lib/i386-linux-gnu/libm-2.19.so
b67d1000-b67d2000 r--p 00043000 08:05 4078724    /lib/i386-linux-gnu/libm-2.19.so
b67d2000-b67d3000 rw-p 00044000 08:05 4078724    /lib/i386-linux-gnu/libm-2.19.so
b67d3000-b705a000 r-xp 00000000 00:18 593113     /home/jithin/jdk1.7.0_79/jre/lib/i386/server/libjvm.so
b705a000-b70bf000 rw-p 00886000 00:18 593113     /home/jithin/jdk1.7.0_79/jre/lib/i386/server/libjvm.so
b70bf000-b74e2000 rw-p 00000000 00:00 0 
b74e2000-b768a000 r-xp 00000000 08:05 4064251    /lib/i386-linux-gnu/libc-2.19.so
b768a000-b768c000 r--p 001a8000 08:05 4064251    /lib/i386-linux-gnu/libc-2.19.so
b768c000-b768d000 rw-p 001aa000 08:05 4064251    /lib/i386-linux-gnu/libc-2.19.so
b768d000-b7690000 rw-p 00000000 00:00 0 
b7690000-b7693000 r-xp 00000000 08:05 4064305    /lib/i386-linux-gnu/libdl-2.19.so
b7693000-b7694000 r--p 00002000 08:05 4064305    /lib/i386-linux-gnu/libdl-2.19.so
b7694000-b7695000 rw-p 00003000 08:05 4064305    /lib/i386-linux-gnu/libdl-2.19.so
b7695000-b7696000 rw-p 00000000 00:00 0 
b7696000-b76a9000 r-xp 00000000 00:18 591428     /home/jithin/jdk1.7.0_79/lib/i386/jli/libjli.so
b76a9000-b76aa000 rw-p 00012000 00:18 591428     /home/jithin/jdk1.7.0_79/lib/i386/jli/libjli.so
b76aa000-b76c2000 r-xp 00000000 08:05 4078729    /lib/i386-linux-gnu/libpthread-2.19.so
b76c2000-b76c3000 r--p 00018000 08:05 4078729    /lib/i386-linux-gnu/libpthread-2.19.so
b76c3000-b76c4000 rw-p 00019000 08:05 4078729    /lib/i386-linux-gnu/libpthread-2.19.so
b76c4000-b76c7000 rw-p 00000000 00:00 0 
b76c7000-b76c8000 rw-p 00000000 00:00 0 
b76c8000-b76c9000 r--p 00850000 08:05 3678467    /usr/lib/locale/locale-archive
b76c9000-b76d0000 r-xp 00000000 08:05 4078725    /lib/i386-linux-gnu/libnss_compat-2.19.so
b76d0000-b76d1000 r--p 00006000 08:05 4078725    /lib/i386-linux-gnu/libnss_compat-2.19.so
b76d1000-b76d2000 rw-p 00007000 08:05 4078725    /lib/i386-linux-gnu/libnss_compat-2.19.so
b76d2000-b76d3000 rw-p 00000000 00:00 0 
b76d3000-b76d4000 ---p 00000000 00:00 0 
b76d4000-b76df000 r-xp 00000000 00:18 593062     /home/jithin/jdk1.7.0_79/jre/lib/i386/libverify.so
b76df000-b76e0000 rw-p 0000b000 00:18 593062     /home/jithin/jdk1.7.0_79/jre/lib/i386/libverify.so
b76e0000-b76e2000 rw-p 00000000 00:00 0 
b76e2000-b76e3000 r-xp 00000000 00:00 0          [vdso]
b76e3000-b7703000 r-xp 00000000 08:05 4064326    /lib/i386-linux-gnu/ld-2.19.so
b7703000-b7704000 r--p 0001f000 08:05 4064326    /lib/i386-linux-gnu/ld-2.19.so
b7704000-b7705000 rw-p 00020000 08:05 4064326    /lib/i386-linux-gnu/ld-2.19.so
bf7c2000-bf7c3000 rwxp 00000000 00:00 0 
bf7f4000-bf816000 rw-p 00000000 00:00 0          [stack]

VM Arguments:
jvm_args: -Djava.awt.headless=true -Xmx1024M -Dfile.encoding=UTF-8 -Duser.country=IN -Duser.language=en -Duser.variant 
java_command: com.android.dx.command.Main --dex --num-threads=4 --multi-dex --output /home/jithin/AndroidStudioProjects/LockEngine/app/build/intermediates/transforms/dex/debug/folders/1000/1a/dependencies_affabf0695ff26df300af691b3a50b8dab81cd7b /home/jithin/AndroidStudioProjects/LockEngine/app/build/intermediates/transforms/instantRunSlicer/debug/jars/1/1a/dependencies.jar
Launcher Type: SUN_STANDARD

Environment Variables:
PATH=/usr/local/sbin:/usr/local/bin:/usr/sbin:/usr/bin:/sbin:/bin:/usr/games:/usr/local/games:/home/jithin/adt-bundle-linux-x86-20140702/sdk/platform-tools:/home/jithin/scripts:/home/jithin/adt-bundle-linux-x86-20140702/eclipse:/home/jithin/android-ndk-r9/:/home/jithin/code/binaries/
LD_LIBRARY_PATH=.:
SHELL=/bin/bash
DISPLAY=:0

Signal Handlers:
SIGSEGV: [libjvm.so+0x7eb620], sa_mask[0]=0x7ffbfeff, sa_flags=0x10000004
SIGBUS: [libjvm.so+0x7eb620], sa_mask[0]=0x7ffbfeff, sa_flags=0x10000004
SIGFPE: [libjvm.so+0x6835c0], sa_mask[0]=0x7ffbfeff, sa_flags=0x10000004
SIGPIPE: [libjvm.so+0x6835c0], sa_mask[0]=0x7ffbfeff, sa_flags=0x10000004
SIGXFSZ: [libjvm.so+0x6835c0], sa_mask[0]=0x7ffbfeff, sa_flags=0x10000004
SIGILL: [libjvm.so+0x6835c0], sa_mask[0]=0x7ffbfeff, sa_flags=0x10000004
SIGUSR1: SIG_DFL, sa_mask[0]=0x00000000, sa_flags=0x00000000
SIGUSR2: [libjvm.so+0x684dc0], sa_mask[0]=0x00000004, sa_flags=0x10000004
SIGHUP: [libjvm.so+0x6860f0], sa_mask[0]=0x7ffbfeff, sa_flags=0x10000004
SIGINT: [libjvm.so+0x6860f0], sa_mask[0]=0x7ffbfeff, sa_flags=0x10000004
SIGTERM: [libjvm.so+0x6860f0], sa_mask[0]=0x7ffbfeff, sa_flags=0x10000004
SIGQUIT: [libjvm.so+0x6860f0], sa_mask[0]=0x7ffbfeff, sa_flags=0x10000004


---------------  S Y S T E M  ---------------

OS:jessie/sid

uname:Linux 3.13.0-63-generic #103-Ubuntu SMP Fri Aug 14 21:43:30 UTC 2015 i686
libc:glibc 2.19 NPTL 2.19 
rlimit: STACK 8192k, CORE 0k, NPROC 31169, NOFILE 4096, AS infinity
load average:3.38 2.97 1.90

/proc/meminfo:
MemTotal:        4016436 kB
MemFree:          212848 kB
Buffers:             812 kB
Cached:           542580 kB
SwapCached:            0 kB
Active:          3170728 kB
Inactive:         512280 kB
Active(anon):    3143456 kB
Inactive(anon):   485984 kB
Active(file):      27272 kB
Inactive(file):    26296 kB
Unevictable:         328 kB
Mlocked:             328 kB
HighTotal:       3166156 kB
HighFree:          53892 kB
LowTotal:         850280 kB
LowFree:          158956 kB
SwapTotal:             0 kB
SwapFree:              0 kB
Dirty:               144 kB
Writeback:             0 kB
AnonPages:       3139996 kB
Mapped:           254328 kB
Shmem:            489700 kB
Slab:              57132 kB
SReclaimable:      21000 kB
SUnreclaim:        36132 kB
KernelStack:        7072 kB
PageTables:        25980 kB
NFS_Unstable:          0 kB
Bounce:                0 kB
WritebackTmp:          0 kB
CommitLimit:     2008216 kB
Committed_AS:   12544108 kB
VmallocTotal:     122880 kB
VmallocUsed:       67776 kB
VmallocChunk:      35564 kB
HardwareCorrupted:     0 kB
AnonHugePages:   1130496 kB
HugePages_Total:       0
HugePages_Free:        0
HugePages_Rsvd:        0
HugePages_Surp:        0
Hugepagesize:       2048 kB
DirectMap4k:       45048 kB
DirectMap2M:      866304 kB


CPU:total 4 (2 cores per cpu, 2 threads per core) family 6 model 58 stepping 9, cmov, cx8, fxsr, mmx, sse, sse2, sse3, ssse3, sse4.1, sse4.2, popcnt, avx, erms, ht, tsc, tscinvbit, tscinv

/proc/cpuinfo:
processor	: 0
vendor_id	: GenuineIntel
cpu family	: 6
model		: 58
model name	: Intel(R) Core(TM) i3-3217U CPU @ 1.80GHz
stepping	: 9
microcode	: 0x15
cpu MHz		: 1801.000
cache size	: 3072 KB
physical id	: 0
siblings	: 4
core id		: 0
cpu cores	: 2
apicid		: 0
initial apicid	: 0
fdiv_bug	: no
f00f_bug	: no
coma_bug	: no
fpu		: yes
fpu_exception	: yes
cpuid level	: 13
wp		: yes
flags		: fpu vme de pse tsc msr pae mce cx8 apic sep mtrr pge mca cmov pat pse36 clflush dts acpi mmx fxsr sse sse2 ss ht tm pbe nx rdtscp lm constant_tsc arch_perfmon pebs bts xtopology nonstop_tsc aperfmperf eagerfpu pni pclmulqdq dtes64 monitor ds_cpl vmx est tm2 ssse3 cx16 xtpr pdcm pcid sse4_1 sse4_2 x2apic popcnt tsc_deadline_timer xsave avx f16c lahf_lm ida arat epb xsaveopt pln pts dtherm tpr_shadow vnmi flexpriority ept vpid fsgsbase smep erms
bogomips	: 3591.95
clflush size	: 64
cache_alignment	: 64
address sizes	: 36 bits physical, 48 bits virtual
power management:

processor	: 1
vendor_id	: GenuineIntel
cpu family	: 6
model		: 58
model name	: Intel(R) Core(TM) i3-3217U CPU @ 1.80GHz
stepping	: 9
microcode	: 0x15
cpu MHz		: 1801.000
cache size	: 3072 KB
physical id	: 0
siblings	: 4
core id		: 1
cpu cores	: 2
apicid		: 2
initial apicid	: 2
fdiv_bug	: no
f00f_bug	: no
coma_bug	: no
fpu		: yes
fpu_exception	: yes
cpuid level	: 13
wp		: yes
flags		: fpu vme de pse tsc msr pae mce cx8 apic sep mtrr pge mca cmov pat pse36 clflush dts acpi mmx fxsr sse sse2 ss ht tm pbe nx rdtscp lm constant_tsc arch_perfmon pebs bts xtopology nonstop_tsc aperfmperf eagerfpu pni pclmulqdq dtes64 monitor ds_cpl vmx est tm2 ssse3 cx16 xtpr pdcm pcid sse4_1 sse4_2 x2apic popcnt tsc_deadline_timer xsave avx f16c lahf_lm ida arat epb xsaveopt pln pts dtherm tpr_shadow vnmi flexpriority ept vpid fsgsbase smep erms
bogomips	: 3591.95
clflush size	: 64
cache_alignment	: 64
address sizes	: 36 bits physical, 48 bits virtual
power management:

processor	: 2
vendor_id	: GenuineIntel
cpu family	: 6
model		: 58
model name	: Intel(R) Core(TM) i3-3217U CPU @ 1.80GHz
stepping	: 9
microcode	: 0x15
cpu MHz		: 1801.000
cache size	: 3072 KB
physical id	: 0
siblings	: 4
core id		: 0
cpu cores	: 2
apicid		: 1
initial apicid	: 1
fdiv_bug	: no
f00f_bug	: no
coma_bug	: no
fpu		: yes
fpu_exception	: yes
cpuid level	: 13
wp		: yes
flags		: fpu vme de pse tsc msr pae mce cx8 apic sep mtrr pge mca cmov pat pse36 clflush dts acpi mmx fxsr sse sse2 ss ht tm pbe nx rdtscp lm constant_tsc arch_perfmon pebs bts xtopology nonstop_tsc aperfmperf eagerfpu pni pclmulqdq dtes64 monitor ds_cpl vmx est tm2 ssse3 cx16 xtpr pdcm pcid sse4_1 sse4_2 x2apic popcnt tsc_deadline_timer xsave avx f16c lahf_lm ida arat epb xsaveopt pln pts dtherm tpr_shadow vnmi flexpriority ept vpid fsgsbase smep erms
bogomips	: 3591.95
clflush size	: 64
cache_alignment	: 64
address sizes	: 36 bits physical, 48 bits virtual
power management:

processor	: 3
vendor_id	: GenuineIntel
cpu family	: 6
model		: 58
model name	: Intel(R) Core(TM) i3-3217U CPU @ 1.80GHz
stepping	: 9
microcode	: 0x15
cpu MHz		: 1801.000
cache size	: 3072 KB
physical id	: 0
siblings	: 4
core id		: 1
cpu cores	: 2
apicid		: 3
initial apicid	: 3
fdiv_bug	: no
f00f_bug	: no
coma_bug	: no
fpu		: yes
fpu_exception	: yes
cpuid level	: 13
wp		: yes
flags		: fpu vme de pse tsc msr pae mce cx8 apic sep mtrr pge mca cmov pat pse36 clflush dts acpi mmx fxsr sse sse2 ss ht tm pbe nx rdtscp lm constant_tsc arch_perfmon pebs bts xtopology nonstop_tsc aperfmperf eagerfpu pni pclmulqdq dtes64 monitor ds_cpl vmx est tm2 ssse3 cx16 xtpr pdcm pcid sse4_1 sse4_2 x2apic popcnt tsc_deadline_timer xsave avx f16c lahf_lm ida arat epb xsaveopt pln pts dtherm tpr_shadow vnmi flexpriority ept vpid fsgsbase smep erms
bogomips	: 3591.95
clflush size	: 64
cache_alignment	: 64
address sizes	: 36 bits physical, 48 bits virtual
power management:



Memory: 4k page, physical 4016436k(231648k free), swap 0k(0k free)

vm_info: Java HotSpot(TM) Server VM (24.79-b02) for linux-x86 JRE (1.7.0_79-b15), built on Apr 10 2015 11:52:49 by "java_re" with gcc 4.3.0 20080428 (Red Hat 4.3.0-8)

time: Mon Jan 25 23:13:43 2016
elapsed time: 6 seconds

