#
# There is insufficient memory for the Java Runtime Environment to continue.
# Native memory allocation (malloc) failed to allocate 77594624 bytes for committing reserved memory.
# Possible reasons:
#   The system is out of physical RAM or swap space
#   In 32 bit mode, the process size limit was hit
# Possible solutions:
#   Reduce memory load on the system
#   Increase physical memory or swap space
#   Check if swap backing store is full
#   Use 64 bit Java on a 64 bit OS
#   Decrease Java heap size (-Xmx/-Xms)
#   Decrease number of Java threads
#   Decrease Java thread stack sizes (-Xss)
#   Set larger code cache with -XX:ReservedCodeCacheSize=
# This output file may be truncated or incomplete.
#
#  Out of Memory Error (os_linux.cpp:2756), pid=7817, tid=1815083840
#
# JRE version: Java(TM) SE Runtime Environment (7.0_79-b15) (build 1.7.0_79-b15)
# Java VM: Java HotSpot(TM) Server VM (24.79-b02 mixed mode linux-x86 )
# Failed to write core dump. Core dumps have been disabled. To enable core dumping, try "ulimit -c unlimited" before starting Java again
#

---------------  T H R E A D  ---------------

Current thread (0x6c180800):  VMThread [stack: 0x6c27f000,0x6c300000] [id=7846]

Stack: [0x6c27f000,0x6c300000],  sp=0x6c2fe860,  free space=510k
Native frames: (J=compiled Java code, j=interpreted, Vv=VM code, C=native code)
V  [libjvm.so+0x7eab16]  VMError::report_and_die()+0x1a6
V  [libjvm.so+0x33e222]  report_vm_out_of_memory(char const*, int, unsigned int, char const*)+0x72
V  [libjvm.so+0x686a41]  os::Linux::commit_memory_impl(char*, unsigned int, bool)+0xe1
V  [libjvm.so+0x686f08]  os::pd_commit_memory(char*, unsigned int, unsigned int, bool)+0x28
V  [libjvm.so+0x68064c]  os::commit_memory(char*, unsigned int, unsigned int, bool)+0x2c
V  [libjvm.so+0x6eae98]  PSVirtualSpace::expand_by(unsigned int)+0x48
V  [libjvm.so+0x6dd2c1]  PSOldGen::expand(unsigned int)+0x141
V  [libjvm.so+0x6dd38f]  PSOldGen::resize(unsigned int)+0x8f
V  [libjvm.so+0x6e3f96]  PSParallelCompact::invoke_no_policy(bool)+0x8b6
V  [libjvm.so+0x6e95ad]  PSScavenge::invoke()+0x16d
V  [libjvm.so+0x6a6fea]  ParallelScavengeHeap::failed_mem_allocate(unsigned int)+0x5a
V  [libjvm.so+0x7ec3aa]  VM_ParallelGCFailedAllocation::doit()+0x7a
V  [libjvm.so+0x7f51c7]  VM_Operation::evaluate()+0x47
V  [libjvm.so+0x7f3263]  VMThread::evaluate_operation(VM_Operation*)+0xb3
V  [libjvm.so+0x7f3600]  VMThread::loop()+0x1b0
V  [libjvm.so+0x7f3a65]  VMThread::run()+0x85
V  [libjvm.so+0x688d19]  java_start(Thread*)+0x119
C  [libpthread.so.0+0x6f70]  start_thread+0xd0

VM_Operation (0x6b60ba34): ParallelGCFailedAllocation, mode: safepoint, requested by thread 0x6b93a800


---------------  P R O C E S S  ---------------

Java Threads: ( => current thread )
  0x6b93a800 JavaThread "pool-2-thread-4" [_thread_blocked, id=7894, stack(0x6b5bc000,0x6b60d000)]
  0x6b939800 JavaThread "pool-2-thread-3" [_thread_blocked, id=7893, stack(0x6b60d000,0x6b65e000)]
  0x6b938400 JavaThread "pool-2-thread-2" [_thread_blocked, id=7892, stack(0x6b65e000,0x6b6af000)]
  0x6b937800 JavaThread "pool-3-thread-1" [_thread_blocked, id=7891, stack(0x6b6af000,0x6b700000)]
  0x6b934400 JavaThread "pool-2-thread-1" [_thread_blocked, id=7890, stack(0x6ba2c000,0x6ba7d000)]
  0x6c19a800 JavaThread "Service Thread" daemon [_thread_blocked, id=7868, stack(0x6bf0d000,0x6bf5e000)]
  0x6c198c00 JavaThread "C2 CompilerThread1" daemon [_thread_in_native, id=7864, stack(0x6bafe000,0x6bb7f000)]
  0x6c196c00 JavaThread "C2 CompilerThread0" daemon [_thread_blocked, id=7863, stack(0x6bb7f000,0x6bc00000)]
  0x6c195000 JavaThread "Signal Dispatcher" daemon [_thread_blocked, id=7856, stack(0x6bf5e000,0x6bfaf000)]
  0x6c184800 JavaThread "Finalizer" daemon [_thread_blocked, id=7850, stack(0x6bfaf000,0x6c000000)]
  0x6c183000 JavaThread "Reference Handler" daemon [_thread_blocked, id=7847, stack(0x6c22e000,0x6c27f000)]
  0xb6707800 JavaThread "main" [_thread_blocked, id=7824, stack(0xb682e000,0xb687f000)]

Other Threads:
=>0x6c180800 VMThread [stack: 0x6c27f000,0x6c300000] [id=7846]
  0x6c19c400 WatcherThread [stack: 0x6ba7d000,0x6bafe000] [id=7871]

VM state:at safepoint (normal execution)

VM Mutex/Monitor currently owned by a thread:  ([mutex/lock_event])
[0xb6704aa0] ExpandHeap_lock - owner thread: 0x6c180800
[0xb6704fe8] Threads_lock - owner thread: 0x6c180800
[0xb67053f8] Heap_lock - owner thread: 0x6b93a800

Heap
 PSYoungGen      total 265216K, used 22380K [0x9e040000, 0xb35c0000, 0xb35c0000)
  eden space 226048K, 0% used [0x9e040000,0x9e040000,0xabd00000)
  from space 39168K, 57% used [0xabd00000,0xad2db370,0xae340000)
  to   space 53248K, 0% used [0xb01c0000,0xb01c0000,0xb35c0000)
 ParOldGen       total 127744K, used 127738K [0x735c0000, 0x7b280000, 0x9e040000)
  object space 127744K, 99% used [0x735c0000,0x7b27e958,0x7b280000)
 PSPermGen       total 16384K, used 4055K [0x6f5c0000, 0x705c0000, 0x735c0000)
  object space 16384K, 24% used [0x6f5c0000,0x6f9b5c98,0x705c0000)

Card table byte_map: [0x6f39f000,0x6f5c0000] byte_map_base: 0x6f024200

Polling page: 0xb77c5000

Code Cache  [0xb369c000, 0xb39ac000, 0xb669c000)
 total_blobs=1059 nmethods=936 adapters=76 free_code_cache=46072Kb largest_free_block=47141184

Compilation events (10 events):
Event: 37.865 Thread 0x6c196c00 nmethod 946 0xb3984788 code [0xb3984860, 0xb39848b0]
Event: 37.865 Thread 0x6c196c00  947             com.android.dx.rop.code.AccessFlags::isSynchronized (13 bytes)
Event: 37.865 Thread 0x6c196c00 nmethod 947 0xb37ecd48 code [0xb37ece20, 0xb37ece50]
Event: 37.865 Thread 0x6c196c00  948             com.android.dx.dex.cf.AttributeTranslator::getMethodAnnotations (37 bytes)
Event: 38.002 Thread 0x6c196c00 nmethod 948 0xb3985e88 code [0xb3986000, 0xb39864b8]
Event: 38.002 Thread 0x6c196c00  949             com.android.dx.dex.file.EncodedMethod::<init> (68 bytes)
Event: 38.006 Thread 0x6c196c00 nmethod 949 0xb3985b08 code [0xb3985c00, 0xb3985d90]
Event: 38.006 Thread 0x6c196c00  950             com.android.dx.dex.cf.AttributeTranslator::getParameterAnnotations (69 bytes)
Event: 38.020 Thread 0x6c196c00 nmethod 950 0xb3990b08 code [0xb3990c60, 0xb39910f0]
Event: 38.020 Thread 0x6c196c00  951             com.android.dx.rop.code.LocalVariableExtractor::processBlock (327 bytes)

GC Heap History (10 events):
Event: 29.616 GC heap after
Heap after GC invocations=11 (full 1):
 PSYoungGen      total 188928K, used 23575K [0x9e040000, 0xad0c0000, 0xb35c0000)
  eden space 165120K, 0% used [0x9e040000,0x9e040000,0xa8180000)
  from space 23808K, 99% used [0xab980000,0xad085fd8,0xad0c0000)
  to   space 33536K, 0% used [0xa8f40000,0xa8f40000,0xab000000)
 ParOldGen       total 75264K, used 47590K [0x735c0000, 0x77f40000, 0x9e040000)
  object space 75264K, 63% used [0x735c0000,0x76439a18,0x77f40000)
 PSPermGen       total 16384K, used 4032K [0x6f5c0000, 0x705c0000, 0x735c0000)
  object space 16384K, 24% used [0x6f5c0000,0x6f9b0190,0x705c0000)
}
Event: 32.388 GC heap before
{Heap before GC invocations=12 (full 1):
 PSYoungGen      total 188928K, used 188695K [0x9e040000, 0xad0c0000, 0xb35c0000)
  eden space 165120K, 100% used [0x9e040000,0xa8180000,0xa8180000)
  from space 23808K, 99% used [0xab980000,0xad085fd8,0xad0c0000)
  to   space 33536K, 0% used [0xa8f40000,0xa8f40000,0xab000000)
 ParOldGen       total 75264K, used 47590K [0x735c0000, 0x77f40000, 0x9e040000)
  object space 75264K, 63% used [0x735c0000,0x76439a18,0x77f40000)
 PSPermGen       total 16384K, used 4039K [0x6f5c0000, 0x705c0000, 0x735c0000)
  object space 16384K, 24% used [0x6f5c0000,0x6f9b1f58,0x705c0000)
Event: 32.600 GC heap after
Heap after GC invocations=12 (full 1):
 PSYoungGen      total 212736K, used 24571K [0x9e040000, 0xb0900000, 0xb35c0000)
  eden space 179200K, 0% used [0x9e040000,0x9e040000,0xa8f40000)
  from space 33536K, 73% used [0xa8f40000,0xaa73eec8,0xab000000)
  to   space 35840K, 0% used [0xae600000,0xae600000,0xb0900000)
 ParOldGen       total 75264K, used 69869K [0x735c0000, 0x77f40000, 0x9e040000)
  object space 75264K, 92% used [0x735c0000,0x779fb620,0x77f40000)
 PSPermGen       total 16384K, used 4039K [0x6f5c0000, 0x705c0000, 0x735c0000)
  object space 16384K, 24% used [0x6f5c0000,0x6f9b1f58,0x705c0000)
}
Event: 32.601 GC heap before
{Heap before GC invocations=13 (full 2):
 PSYoungGen      total 212736K, used 24571K [0x9e040000, 0xb0900000, 0xb35c0000)
  eden space 179200K, 0% used [0x9e040000,0x9e040000,0xa8f40000)
  from space 33536K, 73% used [0xa8f40000,0xaa73eec8,0xab000000)
  to   space 35840K, 0% used [0xae600000,0xae600000,0xb0900000)
 ParOldGen       total 75264K, used 69869K [0x735c0000, 0x77f40000, 0x9e040000)
  object space 75264K, 92% used [0x735c0000,0x779fb620,0x77f40000)
 PSPermGen       total 16384K, used 4039K [0x6f5c0000, 0x705c0000, 0x735c0000)
  object space 16384K, 24% used [0x6f5c0000,0x6f9b1f58,0x705c0000)
Event: 33.227 GC heap after
Heap after GC invocations=13 (full 2):
 PSYoungGen      total 212736K, used 17443K [0x9e040000, 0xb0900000, 0xb35c0000)
  eden space 179200K, 0% used [0x9e040000,0x9e040000,0xa8f40000)
  from space 33536K, 52% used [0xa8f40000,0xaa048c28,0xab000000)
  to   space 35840K, 0% used [0xae600000,0xae600000,0xb0900000)
 ParOldGen       total 127744K, used 75058K [0x735c0000, 0x7b280000, 0x9e040000)
  object space 127744K, 58% used [0x735c0000,0x77f0cae0,0x7b280000)
 PSPermGen       total 16384K, used 4039K [0x6f5c0000, 0x705c0000, 0x735c0000)
  object space 16384K, 24% used [0x6f5c0000,0x6f9b1dd8,0x705c0000)
}
Event: 35.491 GC heap before
{Heap before GC invocations=14 (full 2):
 PSYoungGen      total 212736K, used 196643K [0x9e040000, 0xb0900000, 0xb35c0000)
  eden space 179200K, 100% used [0x9e040000,0xa8f40000,0xa8f40000)
  from space 33536K, 52% used [0xa8f40000,0xaa048c28,0xab000000)
  to   space 35840K, 0% used [0xae600000,0xae600000,0xb0900000)
 ParOldGen       total 127744K, used 75058K [0x735c0000, 0x7b280000, 0x9e040000)
  object space 127744K, 58% used [0x735c0000,0x77f0cae0,0x7b280000)
 PSPermGen       total 16384K, used 4046K [0x6f5c0000, 0x705c0000, 0x735c0000)
  object space 16384K, 24% used [0x6f5c0000,0x6f9b3b90,0x705c0000)
Event: 35.658 GC heap after
Heap after GC invocations=14 (full 2):
 PSYoungGen      total 261888K, used 28000K [0x9e040000, 0xb0980000, 0xb35c0000)
  eden space 226048K, 0% used [0x9e040000,0x9e040000,0xabd00000)
  from space 35840K, 78% used [0xae600000,0xb0158228,0xb0900000)
  to   space 39168K, 0% used [0xabd00000,0xabd00000,0xae340000)
 ParOldGen       total 127744K, used 91760K [0x735c0000, 0x7b280000, 0x9e040000)
  object space 127744K, 71% used [0x735c0000,0x78f5c110,0x7b280000)
 PSPermGen       total 16384K, used 4046K [0x6f5c0000, 0x705c0000, 0x735c0000)
  object space 16384K, 24% used [0x6f5c0000,0x6f9b3b90,0x705c0000)
}
Event: 38.099 GC heap before
{Heap before GC invocations=15 (full 2):
 PSYoungGen      total 261888K, used 254048K [0x9e040000, 0xb0980000, 0xb35c0000)
  eden space 226048K, 100% used [0x9e040000,0xabd00000,0xabd00000)
  from space 35840K, 78% used [0xae600000,0xb0158228,0xb0900000)
  to   space 39168K, 0% used [0xabd00000,0xabd00000,0xae340000)
 ParOldGen       total 127744K, used 91760K [0x735c0000, 0x7b280000, 0x9e040000)
  object space 127744K, 71% used [0x735c0000,0x78f5c110,0x7b280000)
 PSPermGen       total 16384K, used 4055K [0x6f5c0000, 0x705c0000, 0x735c0000)
  object space 16384K, 24% used [0x6f5c0000,0x6f9b5d98,0x705c0000)
Event: 38.286 GC heap after
Heap after GC invocations=15 (full 2):
 PSYoungGen      total 265216K, used 39161K [0x9e040000, 0xb35c0000, 0xb35c0000)
  eden space 226048K, 0% used [0x9e040000,0x9e040000,0xabd00000)
  from space 39168K, 99% used [0xabd00000,0xae33e540,0xae340000)
  to   space 53248K, 0% used [0xb01c0000,0xb01c0000,0xb35c0000)
 ParOldGen       total 127744K, used 112523K [0x735c0000, 0x7b280000, 0x9e040000)
  object space 127744K, 88% used [0x735c0000,0x7a3a2fb0,0x7b280000)
 PSPermGen       total 16384K, used 4055K [0x6f5c0000, 0x705c0000, 0x735c0000)
  object space 16384K, 24% used [0x6f5c0000,0x6f9b5d98,0x705c0000)
}
Event: 38.286 GC heap before
{Heap before GC invocations=16 (full 3):
 PSYoungGen      total 265216K, used 39161K [0x9e040000, 0xb35c0000, 0xb35c0000)
  eden space 226048K, 0% used [0x9e040000,0x9e040000,0xabd00000)
  from space 39168K, 99% used [0xabd00000,0xae33e540,0xae340000)
  to   space 53248K, 0% used [0xb01c0000,0xb01c0000,0xb35c0000)
 ParOldGen       total 127744K, used 112523K [0x735c0000, 0x7b280000, 0x9e040000)
  object space 127744K, 88% used [0x735c0000,0x7a3a2fb0,0x7b280000)
 PSPermGen       total 16384K, used 4055K [0x6f5c0000, 0x705c0000, 0x735c0000)
  object space 16384K, 24% used [0x6f5c0000,0x6f9b5d98,0x705c0000)

Deoptimization events (10 events):
Event: 34.776 Thread 0x6b939800 Uncommon trap: reason=bimorphic action=maybe_recompile pc=0xb3807190 method=com.android.dx.ssa.LiteralOpUpgrader.tryReplacingWithConstant(Lcom/android/dx/ssa/NormalSsaInsn;)Z @ 62
Event: 34.851 Thread 0x6b939800 Uncommon trap: reason=class_check action=maybe_recompile pc=0xb37bc5e0 method=com.android.dx.ssa.SCCP.replaceConstants()V @ 182
Event: 34.870 Thread 0x6b939800 Uncommon trap: reason=class_check action=maybe_recompile pc=0xb37bc5e0 method=com.android.dx.ssa.SCCP.replaceConstants()V @ 182
Event: 35.055 Thread 0x6b938400 Uncommon trap: reason=bimorphic action=maybe_recompile pc=0xb3807190 method=com.android.dx.ssa.LiteralOpUpgrader.tryReplacingWithConstant(Lcom/android/dx/ssa/NormalSsaInsn;)Z @ 62
Event: 37.715 Thread 0x6b939800 Uncommon trap: reason=bimorphic action=maybe_recompile pc=0xb38ebfa8 method=com.android.dx.ssa.back.FirstFitLocalCombiningAllocator.findNextUnreservedRopReg(IILcom/android/dx/ssa/back/FirstFitLocalCombiningAllocator$Alignment;)I @ 60
Event: 37.721 Thread 0xb6707800 Uncommon trap: reason=unreached action=reinterpret pc=0xb3926184 method=com.android.dx.cf.direct.StdAttributeFactory.parse0(Lcom/android/dx/cf/direct/DirectClassFile;ILjava/lang/String;IILcom/android/dx/cf/iface/ParseObserver;)Lcom/android/dx/cf/iface/Att
Event: 37.723 Thread 0x6b939800 Uncommon trap: reason=bimorphic action=maybe_recompile pc=0xb38ebfa8 method=com.android.dx.ssa.back.FirstFitLocalCombiningAllocator.findNextUnreservedRopReg(IILcom/android/dx/ssa/back/FirstFitLocalCombiningAllocator$Alignment;)I @ 60
Event: 37.740 Thread 0x6b934400 Uncommon trap: reason=unreached action=reinterpret pc=0xb3989110 method=com.android.dx.dex.file.ValueEncoder.addContents(Lcom/android/dx/dex/file/DexFile;Lcom/android/dx/rop/cst/Constant;)V @ 4
Event: 37.805 Thread 0x6b934400 Uncommon trap: reason=null_check action=make_not_entrant pc=0xb38b5a9c method=com.android.dx.cf.direct.DirectClassFile.getSourceFile()Lcom/android/dx/rop/cst/CstString; @ 15
Event: 37.806 Thread 0x6b934400 Uncommon trap: reason=null_check action=make_not_entrant pc=0xb384d5ac method=com.android.dx.cf.code.ConcreteMethod.<init>(Lcom/android/dx/cf/iface/Method;ILcom/android/dx/rop/cst/CstString;ZZ)V @ 82

Internal exceptions (10 events):
Event: 9.836 Thread 0x6b93a800 Threw 0x9ee6e018 at /HUDSON/workspace/7u-2-build-linux-i586/jdk7u79/2331/hotspot/src/share/vm/prims/jvm.cpp:1304
Event: 13.079 Thread 0xb6707800 Threw 0x9edbb020 at /HUDSON/workspace/7u-2-build-linux-i586/jdk7u79/2331/hotspot/src/share/vm/prims/jvm.cpp:1304
Event: 15.487 Thread 0xb6707800 Threw 0xa070bf88 at /HUDSON/workspace/7u-2-build-linux-i586/jdk7u79/2331/hotspot/src/share/vm/prims/jvm.cpp:1304
Event: 17.553 Thread 0xb6707800 Threw 0x9e0b1bb0 at /HUDSON/workspace/7u-2-build-linux-i586/jdk7u79/2331/hotspot/src/share/vm/prims/jvm.cpp:1304
Event: 25.591 Thread 0xb6707800 Implicit null exception at 0xb3810bfb to 0xb38112bd
Event: 25.591 Thread 0xb6707800 Implicit null exception at 0xb379785c to 0xb37979c5
Event: 25.726 Thread 0x6b938400 Implicit null exception at 0xb380e49b to 0xb380ed21
Event: 25.726 Thread 0x6b938400 Implicit null exception at 0xb3771756 to 0xb3771855
Event: 29.141 Thread 0x6b938400 Implicit null exception at 0xb3849874 to 0xb384b3dd
Event: 34.230 Thread 0xb6707800 Threw 0xa297ac18 at /HUDSON/workspace/7u-2-build-linux-i586/jdk7u79/2331/hotspot/src/share/vm/prims/jvm.cpp:1304

Events (10 events):
Event: 37.740 Thread 0x6b934400 Uncommon trap: trap_request=0xffffffad fr.pc=0xb3989110
Event: 37.740 Thread 0x6b934400 DEOPT PACKING pc=0xb3989110 sp=0x6ba7b940
Event: 37.740 Thread 0x6b934400 DEOPT UNPACKING pc=0xb36c8bc8 sp=0x6ba7b948 mode 2
Event: 37.805 Thread 0x6b934400 Uncommon trap: trap_request=0xfffffff4 fr.pc=0xb38b5a9c
Event: 37.805 Thread 0x6b934400 DEOPT PACKING pc=0xb38b5a9c sp=0x6ba7bad0
Event: 37.805 Thread 0x6b934400 DEOPT UNPACKING pc=0xb36c8bc8 sp=0x6ba7bae4 mode 2
Event: 37.806 Thread 0x6b934400 Uncommon trap: trap_request=0xfffffff4 fr.pc=0xb384d5ac
Event: 37.806 Thread 0x6b934400 DEOPT PACKING pc=0xb384d5ac sp=0x6ba7b9f0
Event: 37.806 Thread 0x6b934400 DEOPT UNPACKING pc=0xb36c8bc8 sp=0x6ba7b9dc mode 2
Event: 38.064 Executing VM operation: ParallelGCFailedAllocation


Dynamic libraries:
08048000-08049000 r-xp 00000000 00:18 592627     /home/jithin/jdk1.7.0_79/bin/java
08049000-0804a000 rw-p 00000000 00:18 592627     /home/jithin/jdk1.7.0_79/bin/java
0867d000-086e3000 rw-p 00000000 00:00 0          [heap]
69c00000-69e00000 rw-p 00000000 00:00 0 
69e00000-6a000000 rw-p 00000000 00:00 0 
6a000000-6a0f4000 rw-p 00000000 00:00 0 
6a0f4000-6a100000 ---p 00000000 00:00 0 
6a200000-6a2ea000 rw-p 00000000 00:00 0 
6a2ea000-6a300000 ---p 00000000 00:00 0 
6a300000-6a3fa000 rw-p 00000000 00:00 0 
6a3fa000-6a400000 ---p 00000000 00:00 0 
6a400000-6a4ee000 rw-p 00000000 00:00 0 
6a4ee000-6a500000 ---p 00000000 00:00 0 
6a500000-6a5f7000 rw-p 00000000 00:00 0 
6a5f7000-6a600000 ---p 00000000 00:00 0 
6a600000-6a700000 rw-p 00000000 00:00 0 
6a800000-6a8eb000 rw-p 00000000 00:00 0 
6a8eb000-6a900000 ---p 00000000 00:00 0 
6a900000-6a9fe000 rw-p 00000000 00:00 0 
6a9fe000-6aa00000 ---p 00000000 00:00 0 
6aa00000-6aaa9000 rw-p 00000000 00:00 0 
6aaa9000-6ab00000 ---p 00000000 00:00 0 
6ab00000-6ac00000 rw-p 00000000 00:00 0 
6ac00000-6acff000 rw-p 00000000 00:00 0 
6acff000-6ad00000 ---p 00000000 00:00 0 
6ae00000-6af00000 rw-p 00000000 00:00 0 
6af00000-6affd000 rw-p 00000000 00:00 0 
6affd000-6b000000 ---p 00000000 00:00 0 
6b000000-6b100000 rw-p 00000000 00:00 0 
6b119000-6b200000 rw-p 00000000 00:00 0 
6b200000-6b300000 rw-p 00000000 00:00 0 
6b300000-6b3fd000 rw-p 00000000 00:00 0 
6b3fd000-6b400000 ---p 00000000 00:00 0 
6b400000-6b4cd000 rw-p 00000000 00:00 0 
6b4cd000-6b500000 ---p 00000000 00:00 0 
6b5bc000-6b5bf000 ---p 00000000 00:00 0 
6b5bf000-6b60d000 rw-p 00000000 00:00 0          [stack:7894]
6b60d000-6b610000 ---p 00000000 00:00 0 
6b610000-6b65e000 rw-p 00000000 00:00 0          [stack:7893]
6b65e000-6b661000 ---p 00000000 00:00 0 
6b661000-6b6af000 rw-p 00000000 00:00 0          [stack:7892]
6b6af000-6b6b2000 ---p 00000000 00:00 0 
6b6b2000-6b700000 rw-p 00000000 00:00 0          [stack:7891]
6b700000-6b7ff000 rw-p 00000000 00:00 0 
6b7ff000-6b800000 ---p 00000000 00:00 0 
6b800000-6b900000 rw-p 00000000 00:00 0 
6b900000-6b987000 rw-p 00000000 00:00 0 
6b987000-6ba00000 ---p 00000000 00:00 0 
6ba2c000-6ba2f000 ---p 00000000 00:00 0 
6ba2f000-6ba7d000 rw-p 00000000 00:00 0          [stack:7890]
6ba7d000-6ba7e000 ---p 00000000 00:00 0 
6ba7e000-6bafe000 rw-p 00000000 00:00 0          [stack:7871]
6bafe000-6bb01000 ---p 00000000 00:00 0 
6bb01000-6bb7f000 rw-p 00000000 00:00 0          [stack:7864]
6bb7f000-6bb82000 ---p 00000000 00:00 0 
6bb82000-6bc00000 rw-p 00000000 00:00 0          [stack:7863]
6bc00000-6be00000 r--p 00000000 08:05 3678467    /usr/lib/locale/locale-archive
6be00000-6be21000 rw-p 00000000 00:00 0 
6be21000-6bf00000 ---p 00000000 00:00 0 
6bf0d000-6bf10000 ---p 00000000 00:00 0 
6bf10000-6bf5e000 rw-p 00000000 00:00 0          [stack:7868]
6bf5e000-6bf61000 ---p 00000000 00:00 0 
6bf61000-6bfaf000 rw-p 00000000 00:00 0          [stack:7856]
6bfaf000-6bfb2000 ---p 00000000 00:00 0 
6bfb2000-6c000000 rw-p 00000000 00:00 0          [stack:7850]
6c000000-6c0f2000 rw-p 00000000 00:00 0 
6c0f2000-6c100000 ---p 00000000 00:00 0 
6c100000-6c1f8000 rw-p 00000000 00:00 0 
6c1f8000-6c200000 ---p 00000000 00:00 0 
6c22e000-6c231000 ---p 00000000 00:00 0 
6c231000-6c27f000 rw-p 00000000 00:00 0          [stack:7847]
6c27f000-6c280000 ---p 00000000 00:00 0 
6c280000-6c300000 rw-p 00000000 00:00 0          [stack:7846]
6c300000-6c4c0000 r--s 039f7000 00:18 592634     /home/jithin/jdk1.7.0_79/jre/lib/rt.jar
6c4c0000-6eb00000 rw-p 00000000 00:00 0 
6eb00000-6ebfe000 rw-p 00000000 00:00 0 
6ebfe000-6ec00000 ---p 00000000 00:00 0 
6ec04000-6ec34000 r--s 0023a000 00:18 1051601    /home/jithin/AndroidStudioProjects/LockEngine/app/build/intermediates/transforms/instantRunSlicer/debug/jars/1/1a/dependencies.jar
6ec34000-6ec7f000 rw-p 00000000 00:00 0 
6ec7f000-6ec80000 ---p 00000000 00:00 0 
6ec80000-6ed00000 rw-p 00000000 00:00 0          [stack:7841]
6ed00000-6ed21000 rw-p 00000000 00:00 0 
6ed21000-6ee00000 ---p 00000000 00:00 0 
6ee00000-6ee21000 rw-p 00000000 00:00 0 
6ee21000-6ef00000 ---p 00000000 00:00 0 
6ef24000-6ef7f000 rw-p 00000000 00:00 0 
6ef7f000-6ef80000 ---p 00000000 00:00 0 
6ef80000-6f000000 rw-p 00000000 00:00 0          [stack:7837]
6f000000-6f021000 rw-p 00000000 00:00 0 
6f021000-6f100000 ---p 00000000 00:00 0 
6f102000-6f117000 r-xp 00000000 00:18 593093     /home/jithin/jdk1.7.0_79/jre/lib/i386/libnet.so
6f117000-6f118000 rw-p 00014000 00:18 593093     /home/jithin/jdk1.7.0_79/jre/lib/i386/libnet.so
6f118000-6f126000 r-xp 00000000 00:18 593102     /home/jithin/jdk1.7.0_79/jre/lib/i386/libnio.so
6f126000-6f127000 rw-p 0000e000 00:18 593102     /home/jithin/jdk1.7.0_79/jre/lib/i386/libnio.so
6f127000-6f128000 ---p 00000000 00:00 0 
6f128000-6f1a8000 rw-p 00000000 00:00 0          [stack:7834]
6f1a8000-6f1a9000 ---p 00000000 00:00 0 
6f1a9000-6f231000 rw-p 00000000 00:00 0          [stack:7827]
6f231000-6f249000 rw-p 00000000 00:00 0 
6f249000-6f288000 rw-p 00000000 00:00 0 
6f288000-6f39f000 rw-p 00000000 00:00 0 
6f39f000-6f3a7000 rw-p 00000000 00:00 0 
6f3a7000-6f3bf000 rw-p 00000000 00:00 0 
6f3bf000-6f3fe000 rw-p 00000000 00:00 0 
6f3fe000-6f514000 rw-p 00000000 00:00 0 
6f514000-6f5bf000 rw-p 00000000 00:00 0 
6f5bf000-705c0000 rw-p 00000000 00:00 0 
705c0000-735c0000 rw-p 00000000 00:00 0 
735c0000-7b280000 rw-p 00000000 00:00 0 
7f700000-7f7c6000 rw-p 00000000 00:00 0 
7f7c6000-7f800000 ---p 00000000 00:00 0 
7f89e000-7fc80000 rw-p 00000000 00:00 0 
7fc80000-9e040000 rw-p 00000000 00:00 0 
9e040000-b35c0000 rw-p 00000000 00:00 0 
b35c2000-b35e9000 rw-p 00000000 00:00 0 
b35e9000-b369c000 rw-p 00000000 00:00 0 
b369c000-b39ac000 rwxp 00000000 00:00 0 
b39ac000-b669c000 rw-p 00000000 00:00 0 
b669c000-b66b3000 r-xp 00000000 00:18 593114     /home/jithin/jdk1.7.0_79/jre/lib/i386/libzip.so
b66b3000-b66b4000 rw-p 00017000 00:18 593114     /home/jithin/jdk1.7.0_79/jre/lib/i386/libzip.so
b66b4000-b66bf000 r-xp 00000000 08:05 4078733    /lib/i386-linux-gnu/libnss_files-2.19.so
b66bf000-b66c0000 r--p 0000a000 08:05 4078733    /lib/i386-linux-gnu/libnss_files-2.19.so
b66c0000-b66c1000 rw-p 0000b000 08:05 4078733    /lib/i386-linux-gnu/libnss_files-2.19.so
b66c1000-b66cb000 r-xp 00000000 08:05 4064346    /lib/i386-linux-gnu/libnss_nis-2.19.so
b66cb000-b66cc000 r--p 00009000 08:05 4064346    /lib/i386-linux-gnu/libnss_nis-2.19.so
b66cc000-b66cd000 rw-p 0000a000 08:05 4064346    /lib/i386-linux-gnu/libnss_nis-2.19.so
b66cd000-b66e2000 r-xp 00000000 08:05 4064375    /lib/i386-linux-gnu/libnsl-2.19.so
b66e2000-b66e3000 r--p 00015000 08:05 4064375    /lib/i386-linux-gnu/libnsl-2.19.so
b66e3000-b66e4000 rw-p 00016000 08:05 4064375    /lib/i386-linux-gnu/libnsl-2.19.so
b66e4000-b66e6000 rw-p 00000000 00:00 0 
b66e9000-b66f8000 r--s 000df000 00:18 676658     /home/jithin/adt-bundle-linux-x86-20140702/sdk/build-tools/23.0.2/lib/dx.jar
b66f8000-b6700000 rw-s 00000000 08:05 4983980    /tmp/hsperfdata_jithin/7817
b6700000-b67f6000 rw-p 00000000 00:00 0 
b67f6000-b6800000 ---p 00000000 00:00 0 
b6801000-b6824000 r-xp 00000000 00:18 593079     /home/jithin/jdk1.7.0_79/jre/lib/i386/libjava.so
b6824000-b6825000 rw-p 00023000 00:18 593079     /home/jithin/jdk1.7.0_79/jre/lib/i386/libjava.so
b6825000-b682c000 r-xp 00000000 08:05 4078734    /lib/i386-linux-gnu/librt-2.19.so
b682c000-b682d000 r--p 00006000 08:05 4078734    /lib/i386-linux-gnu/librt-2.19.so
b682d000-b682e000 rw-p 00007000 08:05 4078734    /lib/i386-linux-gnu/librt-2.19.so
b682e000-b6831000 ---p 00000000 00:00 0 
b6831000-b687f000 rw-p 00000000 00:00 0          [stack:7824]
b687f000-b68c3000 r-xp 00000000 08:05 4078724    /lib/i386-linux-gnu/libm-2.19.so
b68c3000-b68c4000 r--p 00043000 08:05 4078724    /lib/i386-linux-gnu/libm-2.19.so
b68c4000-b68c5000 rw-p 00044000 08:05 4078724    /lib/i386-linux-gnu/libm-2.19.so
b68c5000-b714c000 r-xp 00000000 00:18 593113     /home/jithin/jdk1.7.0_79/jre/lib/i386/server/libjvm.so
b714c000-b71b1000 rw-p 00886000 00:18 593113     /home/jithin/jdk1.7.0_79/jre/lib/i386/server/libjvm.so
b71b1000-b75d4000 rw-p 00000000 00:00 0 
b75d4000-b777c000 r-xp 00000000 08:05 4064251    /lib/i386-linux-gnu/libc-2.19.so
b777c000-b777e000 r--p 001a8000 08:05 4064251    /lib/i386-linux-gnu/libc-2.19.so
b777e000-b777f000 rw-p 001aa000 08:05 4064251    /lib/i386-linux-gnu/libc-2.19.so
b777f000-b7782000 rw-p 00000000 00:00 0 
b7782000-b7785000 r-xp 00000000 08:05 4064305    /lib/i386-linux-gnu/libdl-2.19.so
b7785000-b7786000 r--p 00002000 08:05 4064305    /lib/i386-linux-gnu/libdl-2.19.so
b7786000-b7787000 rw-p 00003000 08:05 4064305    /lib/i386-linux-gnu/libdl-2.19.so
b7787000-b7788000 rw-p 00000000 00:00 0 
b7788000-b779b000 r-xp 00000000 00:18 591428     /home/jithin/jdk1.7.0_79/lib/i386/jli/libjli.so
b779b000-b779c000 rw-p 00012000 00:18 591428     /home/jithin/jdk1.7.0_79/lib/i386/jli/libjli.so
b779c000-b77b4000 r-xp 00000000 08:05 4078729    /lib/i386-linux-gnu/libpthread-2.19.so
b77b4000-b77b5000 r--p 00018000 08:05 4078729    /lib/i386-linux-gnu/libpthread-2.19.so
b77b5000-b77b6000 rw-p 00019000 08:05 4078729    /lib/i386-linux-gnu/libpthread-2.19.so
b77b6000-b77b9000 rw-p 00000000 00:00 0 
b77b9000-b77ba000 rw-p 00000000 00:00 0 
b77ba000-b77bb000 r--p 00850000 08:05 3678467    /usr/lib/locale/locale-archive
b77bb000-b77c2000 r-xp 00000000 08:05 4078725    /lib/i386-linux-gnu/libnss_compat-2.19.so
b77c2000-b77c3000 r--p 00006000 08:05 4078725    /lib/i386-linux-gnu/libnss_compat-2.19.so
b77c3000-b77c4000 rw-p 00007000 08:05 4078725    /lib/i386-linux-gnu/libnss_compat-2.19.so
b77c4000-b77c5000 rw-p 00000000 00:00 0 
b77c5000-b77c6000 ---p 00000000 00:00 0 
b77c6000-b77d1000 r-xp 00000000 00:18 593062     /home/jithin/jdk1.7.0_79/jre/lib/i386/libverify.so
b77d1000-b77d2000 rw-p 0000b000 00:18 593062     /home/jithin/jdk1.7.0_79/jre/lib/i386/libverify.so
b77d2000-b77d4000 rw-p 00000000 00:00 0 
b77d4000-b77d5000 r-xp 00000000 00:00 0          [vdso]
b77d5000-b77f5000 r-xp 00000000 08:05 4064326    /lib/i386-linux-gnu/ld-2.19.so
b77f5000-b77f6000 r--p 0001f000 08:05 4064326    /lib/i386-linux-gnu/ld-2.19.so
b77f6000-b77f7000 rw-p 00020000 08:05 4064326    /lib/i386-linux-gnu/ld-2.19.so
bfb59000-bfb5a000 rwxp 00000000 00:00 0 
bfb8b000-bfbad000 rw-p 00000000 00:00 0          [stack]

VM Arguments:
jvm_args: -Djava.awt.headless=true -Xmx1024M -Dfile.encoding=UTF-8 -Duser.country=IN -Duser.language=en -Duser.variant 
java_command: com.android.dx.command.Main --dex --num-threads=4 --multi-dex --output /home/jithin/AndroidStudioProjects/LockEngine/app/build/intermediates/transforms/dex/debug/folders/1000/1a/dependencies_affabf0695ff26df300af691b3a50b8dab81cd7b /home/jithin/AndroidStudioProjects/LockEngine/app/build/intermediates/transforms/instantRunSlicer/debug/jars/1/1a/dependencies.jar
Launcher Type: SUN_STANDARD

Environment Variables:
PATH=/usr/local/sbin:/usr/local/bin:/usr/sbin:/usr/bin:/sbin:/bin:/usr/games:/usr/local/games:/home/jithin/adt-bundle-linux-x86-20140702/sdk/platform-tools:/home/jithin/scripts:/home/jithin/adt-bundle-linux-x86-20140702/eclipse:/home/jithin/android-ndk-r9/:/home/jithin/code/binaries/
LD_LIBRARY_PATH=.:
SHELL=/bin/bash
DISPLAY=:0

Signal Handlers:
SIGSEGV: [libjvm.so+0x7eb620], sa_mask[0]=0x7ffbfeff, sa_flags=0x10000004
SIGBUS: [libjvm.so+0x7eb620], sa_mask[0]=0x7ffbfeff, sa_flags=0x10000004
SIGFPE: [libjvm.so+0x6835c0], sa_mask[0]=0x7ffbfeff, sa_flags=0x10000004
SIGPIPE: [libjvm.so+0x6835c0], sa_mask[0]=0x7ffbfeff, sa_flags=0x10000004
SIGXFSZ: [libjvm.so+0x6835c0], sa_mask[0]=0x7ffbfeff, sa_flags=0x10000004
SIGILL: [libjvm.so+0x6835c0], sa_mask[0]=0x7ffbfeff, sa_flags=0x10000004
SIGUSR1: SIG_DFL, sa_mask[0]=0x00000000, sa_flags=0x00000000
SIGUSR2: [libjvm.so+0x684dc0], sa_mask[0]=0x00000004, sa_flags=0x10000004
SIGHUP: [libjvm.so+0x6860f0], sa_mask[0]=0x7ffbfeff, sa_flags=0x10000004
SIGINT: [libjvm.so+0x6860f0], sa_mask[0]=0x7ffbfeff, sa_flags=0x10000004
SIGTERM: [libjvm.so+0x6860f0], sa_mask[0]=0x7ffbfeff, sa_flags=0x10000004
SIGQUIT: [libjvm.so+0x6860f0], sa_mask[0]=0x7ffbfeff, sa_flags=0x10000004


---------------  S Y S T E M  ---------------

OS:jessie/sid

uname:Linux 3.13.0-76-generic #120-Ubuntu SMP Mon Jan 18 15:58:41 UTC 2016 i686
libc:glibc 2.19 NPTL 2.19 
rlimit: STACK 8192k, CORE 0k, NPROC 31169, NOFILE 4096, AS infinity
load average:8.40 4.21 3.75

/proc/meminfo:
MemTotal:        4016428 kB
MemFree:          207736 kB
Buffers:            3068 kB
Cached:           709924 kB
SwapCached:            0 kB
Active:          2993144 kB
Inactive:         691916 kB
Active(anon):    2976444 kB
Inactive(anon):   639184 kB
Active(file):      16700 kB
Inactive(file):    52732 kB
Unevictable:         176 kB
Mlocked:             176 kB
HighTotal:       3166156 kB
HighFree:          39616 kB
LowTotal:         850272 kB
LowFree:          168120 kB
SwapTotal:             0 kB
SwapFree:              0 kB
Dirty:               272 kB
Writeback:             0 kB
AnonPages:       2972472 kB
Mapped:           292848 kB
Shmem:            643476 kB
Slab:              60956 kB
SReclaimable:      24680 kB
SUnreclaim:        36276 kB
KernelStack:        5784 kB
PageTables:        20616 kB
NFS_Unstable:          0 kB
Bounce:                0 kB
WritebackTmp:          0 kB
CommitLimit:     2008212 kB
Committed_AS:   10206840 kB
VmallocTotal:     122880 kB
VmallocUsed:       67768 kB
VmallocChunk:      47044 kB
HardwareCorrupted:     0 kB
AnonHugePages:    755712 kB
HugePages_Total:       0
HugePages_Free:        0
HugePages_Rsvd:        0
HugePages_Surp:        0
Hugepagesize:       2048 kB
DirectMap4k:       30712 kB
DirectMap2M:      880640 kB


CPU:total 4 (2 cores per cpu, 2 threads per core) family 6 model 58 stepping 9, cmov, cx8, fxsr, mmx, sse, sse2, sse3, ssse3, sse4.1, sse4.2, popcnt, avx, erms, ht, tsc, tscinvbit, tscinv

/proc/cpuinfo:
processor	: 0
vendor_id	: GenuineIntel
cpu family	: 6
model		: 58
model name	: Intel(R) Core(TM) i3-3217U CPU @ 1.80GHz
stepping	: 9
microcode	: 0x15
cpu MHz		: 1801.000
cache size	: 3072 KB
physical id	: 0
siblings	: 4
core id		: 0
cpu cores	: 2
apicid		: 0
initial apicid	: 0
fdiv_bug	: no
f00f_bug	: no
coma_bug	: no
fpu		: yes
fpu_exception	: yes
cpuid level	: 13
wp		: yes
flags		: fpu vme de pse tsc msr pae mce cx8 apic sep mtrr pge mca cmov pat pse36 clflush dts acpi mmx fxsr sse sse2 ss ht tm pbe nx rdtscp lm constant_tsc arch_perfmon pebs bts xtopology nonstop_tsc aperfmperf eagerfpu pni pclmulqdq dtes64 monitor ds_cpl vmx est tm2 ssse3 cx16 xtpr pdcm pcid sse4_1 sse4_2 x2apic popcnt tsc_deadline_timer xsave avx f16c lahf_lm ida arat epb xsaveopt pln pts dtherm tpr_shadow vnmi flexpriority ept vpid fsgsbase smep erms
bogomips	: 3592.19
clflush size	: 64
cache_alignment	: 64
address sizes	: 36 bits physical, 48 bits virtual
power management:

processor	: 1
vendor_id	: GenuineIntel
cpu family	: 6
model		: 58
model name	: Intel(R) Core(TM) i3-3217U CPU @ 1.80GHz
stepping	: 9
microcode	: 0x15
cpu MHz		: 1801.000
cache size	: 3072 KB
physical id	: 0
siblings	: 4
core id		: 1
cpu cores	: 2
apicid		: 2
initial apicid	: 2
fdiv_bug	: no
f00f_bug	: no
coma_bug	: no
fpu		: yes
fpu_exception	: yes
cpuid level	: 13
wp		: yes
flags		: fpu vme de pse tsc msr pae mce cx8 apic sep mtrr pge mca cmov pat pse36 clflush dts acpi mmx fxsr sse sse2 ss ht tm pbe nx rdtscp lm constant_tsc arch_perfmon pebs bts xtopology nonstop_tsc aperfmperf eagerfpu pni pclmulqdq dtes64 monitor ds_cpl vmx est tm2 ssse3 cx16 xtpr pdcm pcid sse4_1 sse4_2 x2apic popcnt tsc_deadline_timer xsave avx f16c lahf_lm ida arat epb xsaveopt pln pts dtherm tpr_shadow vnmi flexpriority ept vpid fsgsbase smep erms
bogomips	: 3592.19
clflush size	: 64
cache_alignment	: 64
address sizes	: 36 bits physical, 48 bits virtual
power management:

processor	: 2
vendor_id	: GenuineIntel
cpu family	: 6
model		: 58
model name	: Intel(R) Core(TM) i3-3217U CPU @ 1.80GHz
stepping	: 9
microcode	: 0x15
cpu MHz		: 1801.000
cache size	: 3072 KB
physical id	: 0
siblings	: 4
core id		: 0
cpu cores	: 2
apicid		: 1
initial apicid	: 1
fdiv_bug	: no
f00f_bug	: no
coma_bug	: no
fpu		: yes
fpu_exception	: yes
cpuid level	: 13
wp		: yes
flags		: fpu vme de pse tsc msr pae mce cx8 apic sep mtrr pge mca cmov pat pse36 clflush dts acpi mmx fxsr sse sse2 ss ht tm pbe nx rdtscp lm constant_tsc arch_perfmon pebs bts xtopology nonstop_tsc aperfmperf eagerfpu pni pclmulqdq dtes64 monitor ds_cpl vmx est tm2 ssse3 cx16 xtpr pdcm pcid sse4_1 sse4_2 x2apic popcnt tsc_deadline_timer xsave avx f16c lahf_lm ida arat epb xsaveopt pln pts dtherm tpr_shadow vnmi flexpriority ept vpid fsgsbase smep erms
bogomips	: 3592.19
clflush size	: 64
cache_alignment	: 64
address sizes	: 36 bits physical, 48 bits virtual
power management:

processor	: 3
vendor_id	: GenuineIntel
cpu family	: 6
model		: 58
model name	: Intel(R) Core(TM) i3-3217U CPU @ 1.80GHz
stepping	: 9
microcode	: 0x15
cpu MHz		: 774.000
cache size	: 3072 KB
physical id	: 0
siblings	: 4
core id		: 1
cpu cores	: 2
apicid		: 3
initial apicid	: 3
fdiv_bug	: no
f00f_bug	: no
coma_bug	: no
fpu		: yes
fpu_exception	: yes
cpuid level	: 13
wp		: yes
flags		: fpu vme de pse tsc msr pae mce cx8 apic sep mtrr pge mca cmov pat pse36 clflush dts acpi mmx fxsr sse sse2 ss ht tm pbe nx rdtscp lm constant_tsc arch_perfmon pebs bts xtopology nonstop_tsc aperfmperf eagerfpu pni pclmulqdq dtes64 monitor ds_cpl vmx est tm2 ssse3 cx16 xtpr pdcm pcid sse4_1 sse4_2 x2apic popcnt tsc_deadline_timer xsave avx f16c lahf_lm ida arat epb xsaveopt pln pts dtherm tpr_shadow vnmi flexpriority ept vpid fsgsbase smep erms
bogomips	: 3592.19
clflush size	: 64
cache_alignment	: 64
address sizes	: 36 bits physical, 48 bits virtual
power management:



Memory: 4k page, physical 4016428k(207736k free), swap 0k(0k free)

vm_info: Java HotSpot(TM) Server VM (24.79-b02) for linux-x86 JRE (1.7.0_79-b15), built on Apr 10 2015 11:52:49 by "java_re" with gcc 4.3.0 20080428 (Red Hat 4.3.0-8)

time: Sat Jan 30 01:39:11 2016
elapsed time: 59 seconds

