#
# There is insufficient memory for the Java Runtime Environment to continue.
# Native memory allocation (malloc) failed to allocate 88342528 bytes for committing reserved memory.
# Possible reasons:
#   The system is out of physical RAM or swap space
#   In 32 bit mode, the process size limit was hit
# Possible solutions:
#   Reduce memory load on the system
#   Increase physical memory or swap space
#   Check if swap backing store is full
#   Use 64 bit Java on a 64 bit OS
#   Decrease Java heap size (-Xmx/-Xms)
#   Decrease number of Java threads
#   Decrease Java thread stack sizes (-Xss)
#   Set larger code cache with -XX:ReservedCodeCacheSize=
# This output file may be truncated or incomplete.
#
#  Out of Memory Error (os_linux.cpp:2756), pid=10425, tid=1815083840
#
# JRE version: Java(TM) SE Runtime Environment (7.0_79-b15) (build 1.7.0_79-b15)
# Java VM: Java HotSpot(TM) Server VM (24.79-b02 mixed mode linux-x86 )
# Failed to write core dump. Core dumps have been disabled. To enable core dumping, try "ulimit -c unlimited" before starting Java again
#

---------------  T H R E A D  ---------------

Current thread (0x6c180800):  VMThread [stack: 0x6c27f000,0x6c300000] [id=10434]

Stack: [0x6c27f000,0x6c300000],  sp=0x6c2fe820,  free space=510k
Native frames: (J=compiled Java code, j=interpreted, Vv=VM code, C=native code)
V  [libjvm.so+0x7eab16]  VMError::report_and_die()+0x1a6
V  [libjvm.so+0x33e222]  report_vm_out_of_memory(char const*, int, unsigned int, char const*)+0x72
V  [libjvm.so+0x686a41]  os::Linux::commit_memory_impl(char*, unsigned int, bool)+0xe1
V  [libjvm.so+0x686f08]  os::pd_commit_memory(char*, unsigned int, unsigned int, bool)+0x28
V  [libjvm.so+0x68064c]  os::commit_memory(char*, unsigned int, unsigned int, bool)+0x2c
V  [libjvm.so+0x6eae98]  PSVirtualSpace::expand_by(unsigned int)+0x48
V  [libjvm.so+0x6ebf9a]  PSYoungGen::resize_generation(unsigned int, unsigned int)+0xda
V  [libjvm.so+0x6eb2d9]  PSYoungGen::resize(unsigned int, unsigned int)+0x19
V  [libjvm.so+0x6e8c09]  PSScavenge::invoke_no_policy()+0xcf9
V  [libjvm.so+0x6e9468]  PSScavenge::invoke()+0x28
V  [libjvm.so+0x6a6fea]  ParallelScavengeHeap::failed_mem_allocate(unsigned int)+0x5a
V  [libjvm.so+0x7ec3aa]  VM_ParallelGCFailedAllocation::doit()+0x7a
V  [libjvm.so+0x7f51c7]  VM_Operation::evaluate()+0x47
V  [libjvm.so+0x7f3263]  VMThread::evaluate_operation(VM_Operation*)+0xb3
V  [libjvm.so+0x7f3600]  VMThread::loop()+0x1b0
V  [libjvm.so+0x7f3a65]  VMThread::run()+0x85
V  [libjvm.so+0x688d19]  java_start(Thread*)+0x119
C  [libpthread.so.0+0x6f70]  start_thread+0xd0

VM_Operation (0x6ba7b8c4): ParallelGCFailedAllocation, mode: safepoint, requested by thread 0x6b923400


---------------  P R O C E S S  ---------------

Java Threads: ( => current thread )
  0x6b934c00 JavaThread "pool-1-thread-4" [_thread_blocked, id=10446, stack(0x6b7bc000,0x6b80d000)]
  0x6b933c00 JavaThread "pool-1-thread-3" [_thread_blocked, id=10445, stack(0x6b80d000,0x6b85e000)]
  0x6b932800 JavaThread "pool-1-thread-2" [_thread_blocked, id=10444, stack(0x6b85e000,0x6b8af000)]
  0x6b925800 JavaThread "pool-2-thread-1" [_thread_blocked, id=10443, stack(0x6b8af000,0x6b900000)]
  0x6b923400 JavaThread "pool-1-thread-1" [_thread_blocked, id=10442, stack(0x6ba2c000,0x6ba7d000)]
  0x6c19ac00 JavaThread "Service Thread" daemon [_thread_blocked, id=10440, stack(0x6bf0d000,0x6bf5e000)]
  0x6c198c00 JavaThread "C2 CompilerThread1" daemon [_thread_blocked, id=10439, stack(0x6bafe000,0x6bb7f000)]
  0x6c196c00 JavaThread "C2 CompilerThread0" daemon [_thread_blocked, id=10438, stack(0x6bb7f000,0x6bc00000)]
  0x6c195400 JavaThread "Signal Dispatcher" daemon [_thread_blocked, id=10437, stack(0x6bf5e000,0x6bfaf000)]
  0x6c184800 JavaThread "Finalizer" daemon [_thread_blocked, id=10436, stack(0x6bfaf000,0x6c000000)]
  0x6c183000 JavaThread "Reference Handler" daemon [_thread_blocked, id=10435, stack(0x6c22e000,0x6c27f000)]
  0xb6707800 JavaThread "main" [_thread_blocked, id=10429, stack(0xb6836000,0xb6887000)]

Other Threads:
=>0x6c180800 VMThread [stack: 0x6c27f000,0x6c300000] [id=10434]
  0x6c19c800 WatcherThread [stack: 0x6ba7d000,0x6bafe000] [id=10441]

VM state:at safepoint (normal execution)

VM Mutex/Monitor currently owned by a thread:  ([mutex/lock_event])
[0xb6704ff8] Threads_lock - owner thread: 0x6c180800
[0xb6705408] Heap_lock - owner thread: 0x6b923400

Heap
 PSYoungGen      total 140032K, used 19958K [0x9e040000, 0xa80c0000, 0xb35c0000)
  eden space 120064K, 0% used [0x9e040000,0x9e040000,0xa5580000)
  from space 19968K, 99% used [0xa5580000,0xa68fdbd8,0xa6900000)
  to   space 15616K, 0% used [0xa6900000,0xa6900000,0xa7840000)
 ParOldGen       total 41728K, used 37586K [0x735c0000, 0x75e80000, 0x9e040000)
  object space 41728K, 90% used [0x735c0000,0x75a74898,0x75e80000)
 PSPermGen       total 16384K, used 4024K [0x6f5c0000, 0x705c0000, 0x735c0000)
  object space 16384K, 24% used [0x6f5c0000,0x6f9ae390,0x705c0000)

Card table byte_map: [0x6f39f000,0x6f5c0000] byte_map_base: 0x6f024200

Polling page: 0xb77cd000

Code Cache  [0xb36b4000, 0xb38f4000, 0xb66b4000)
 total_blobs=535 nmethods=412 adapters=76 free_code_cache=47466Kb largest_free_block=48567680

Compilation events (10 events):
Event: 55.982 Thread 0x6c196c00 nmethod 411 0xb3849648 code [0xb3849740, 0xb38497d0]
Event: 55.982 Thread 0x6c196c00  412             com.android.dx.ssa.SsaRenamer::setNameForSsaReg (54 bytes)
Event: 55.995 Thread 0x6c196c00 nmethod 412 0xb384bb08 code [0xb384bc60, 0xb384bfd8]
Event: 55.995 Thread 0x6c196c00  413             com.android.dx.ssa.SsaRenamer$BlockRenamer$RenamingMapper::map (28 bytes)
Event: 55.995 Thread 0x6c198c00 nmethod 408 0xb384db48 code [0xb384dca0, 0xb384e5d0]
Event: 55.995 Thread 0x6c198c00  414             com.android.dx.ssa.SsaMethod::getCountReachableBlocks (44 bytes)
Event: 55.997 Thread 0x6c196c00 nmethod 413 0xb3850808 code [0xb3850920, 0xb3850a1c]
Event: 55.997 Thread 0x6c196c00  415             com.android.dx.ssa.DeadCodeRemover::run (194 bytes)
Event: 56.003 Thread 0x6c198c00 nmethod 414 0xb384d4c8 code [0xb384d5e0, 0xb384d7fc]
Event: 56.003 Thread 0x6c198c00  416             com.android.dx.ssa.back.SsaToRop::convertBasicBlocks (151 bytes)

GC Heap History (10 events):
Event: 10.770 GC heap after
Heap after GC invocations=4 (full 0):
 PSYoungGen      total 34304K, used 2559K [0x9e040000, 0xa0440000, 0xb35c0000)
  eden space 31744K, 0% used [0x9e040000,0x9e040000,0x9ff40000)
  from space 2560K, 99% used [0xa01c0000,0xa043fd20,0xa0440000)
  to   space 2560K, 0% used [0x9ff40000,0x9ff40000,0xa01c0000)
 ParOldGen       total 41728K, used 7123K [0x735c0000, 0x75e80000, 0x9e040000)
  object space 41728K, 17% used [0x735c0000,0x73cb4da0,0x75e80000)
 PSPermGen       total 16384K, used 3903K [0x6f5c0000, 0x705c0000, 0x735c0000)
  object space 16384K, 23% used [0x6f5c0000,0x6f98fd10,0x705c0000)
}
Event: 42.791 GC heap before
{Heap before GC invocations=5 (full 0):
 PSYoungGen      total 34304K, used 34303K [0x9e040000, 0xa0440000, 0xb35c0000)
  eden space 31744K, 100% used [0x9e040000,0x9ff40000,0x9ff40000)
  from space 2560K, 99% used [0xa01c0000,0xa043fd20,0xa0440000)
  to   space 2560K, 0% used [0x9ff40000,0x9ff40000,0xa01c0000)
 ParOldGen       total 41728K, used 7123K [0x735c0000, 0x75e80000, 0x9e040000)
  object space 41728K, 17% used [0x735c0000,0x73cb4da0,0x75e80000)
 PSPermGen       total 16384K, used 3925K [0x6f5c0000, 0x705c0000, 0x735c0000)
  object space 16384K, 23% used [0x6f5c0000,0x6f995790,0x705c0000)
Event: 43.142 GC heap after
Heap after GC invocations=5 (full 0):
 PSYoungGen      total 34304K, used 2551K [0x9e040000, 0xa2ec0000, 0xb35c0000)
  eden space 31744K, 0% used [0x9e040000,0x9e040000,0x9ff40000)
  from space 2560K, 99% used [0x9ff40000,0xa01bdf80,0xa01c0000)
  to   space 8448K, 0% used [0xa2680000,0xa2680000,0xa2ec0000)
 ParOldGen       total 41728K, used 11393K [0x735c0000, 0x75e80000, 0x9e040000)
  object space 41728K, 27% used [0x735c0000,0x740e0750,0x75e80000)
 PSPermGen       total 16384K, used 3925K [0x6f5c0000, 0x705c0000, 0x735c0000)
  object space 16384K, 23% used [0x6f5c0000,0x6f995790,0x705c0000)
}
Event: 46.441 GC heap before
{Heap before GC invocations=6 (full 0):
 PSYoungGen      total 34304K, used 34295K [0x9e040000, 0xa2ec0000, 0xb35c0000)
  eden space 31744K, 100% used [0x9e040000,0x9ff40000,0x9ff40000)
  from space 2560K, 99% used [0x9ff40000,0xa01bdf80,0xa01c0000)
  to   space 8448K, 0% used [0xa2680000,0xa2680000,0xa2ec0000)
 ParOldGen       total 41728K, used 11393K [0x735c0000, 0x75e80000, 0x9e040000)
  object space 41728K, 27% used [0x735c0000,0x740e0750,0x75e80000)
 PSPermGen       total 16384K, used 3938K [0x6f5c0000, 0x705c0000, 0x735c0000)
  object space 16384K, 24% used [0x6f5c0000,0x6f998be8,0x705c0000)
Event: 46.975 GC heap after
Heap after GC invocations=6 (full 0):
 PSYoungGen      total 70656K, used 7960K [0x9e040000, 0xa3140000, 0xb35c0000)
  eden space 62208K, 0% used [0x9e040000,0x9e040000,0xa1d00000)
  from space 8448K, 94% used [0xa2680000,0xa2e46050,0xa2ec0000)
  to   space 9728K, 0% used [0xa1d00000,0xa1d00000,0xa2680000)
 ParOldGen       total 41728K, used 11393K [0x735c0000, 0x75e80000, 0x9e040000)
  object space 41728K, 27% used [0x735c0000,0x740e0750,0x75e80000)
 PSPermGen       total 16384K, used 3938K [0x6f5c0000, 0x705c0000, 0x735c0000)
  object space 16384K, 24% used [0x6f5c0000,0x6f998be8,0x705c0000)
}
Event: 51.487 GC heap before
{Heap before GC invocations=7 (full 0):
 PSYoungGen      total 70656K, used 70168K [0x9e040000, 0xa3140000, 0xb35c0000)
  eden space 62208K, 100% used [0x9e040000,0xa1d00000,0xa1d00000)
  from space 8448K, 94% used [0xa2680000,0xa2e46050,0xa2ec0000)
  to   space 9728K, 0% used [0xa1d00000,0xa1d00000,0xa2680000)
 ParOldGen       total 41728K, used 11393K [0x735c0000, 0x75e80000, 0x9e040000)
  object space 41728K, 27% used [0x735c0000,0x740e0750,0x75e80000)
 PSPermGen       total 16384K, used 3967K [0x6f5c0000, 0x705c0000, 0x735c0000)
  object space 16384K, 24% used [0x6f5c0000,0x6f99fd08,0x705c0000)
Event: 51.562 GC heap after
Heap after GC invocations=7 (full 0):
 PSYoungGen      total 71936K, used 9714K [0x9e040000, 0xa7840000, 0xb35c0000)
  eden space 62208K, 0% used [0x9e040000,0x9e040000,0xa1d00000)
  from space 9728K, 99% used [0xa1d00000,0xa267c9f0,0xa2680000)
  to   space 15616K, 0% used [0xa6900000,0xa6900000,0xa7840000)
 ParOldGen       total 41728K, used 19437K [0x735c0000, 0x75e80000, 0x9e040000)
  object space 41728K, 46% used [0x735c0000,0x748bb638,0x75e80000)
 PSPermGen       total 16384K, used 3967K [0x6f5c0000, 0x705c0000, 0x735c0000)
  object space 16384K, 24% used [0x6f5c0000,0x6f99fd08,0x705c0000)
}
Event: 53.247 GC heap before
{Heap before GC invocations=8 (full 0):
 PSYoungGen      total 71936K, used 71922K [0x9e040000, 0xa7840000, 0xb35c0000)
  eden space 62208K, 100% used [0x9e040000,0xa1d00000,0xa1d00000)
  from space 9728K, 99% used [0xa1d00000,0xa267c9f0,0xa2680000)
  to   space 15616K, 0% used [0xa6900000,0xa6900000,0xa7840000)
 ParOldGen       total 41728K, used 19437K [0x735c0000, 0x75e80000, 0x9e040000)
  object space 41728K, 46% used [0x735c0000,0x748bb638,0x75e80000)
 PSPermGen       total 16384K, used 3982K [0x6f5c0000, 0x705c0000, 0x735c0000)
  object space 16384K, 24% used [0x6f5c0000,0x6f9a3ad8,0x705c0000)
Event: 53.286 GC heap after
Heap after GC invocations=8 (full 0):
 PSYoungGen      total 135680K, used 15614K [0x9e040000, 0xa80c0000, 0xb35c0000)
  eden space 120064K, 0% used [0x9e040000,0x9e040000,0xa5580000)
  from space 15616K, 99% used [0xa6900000,0xa783fbd0,0xa7840000)
  to   space 19968K, 0% used [0xa5580000,0xa5580000,0xa6900000)
 ParOldGen       total 41728K, used 23366K [0x735c0000, 0x75e80000, 0x9e040000)
  object space 41728K, 55% used [0x735c0000,0x74c91ad8,0x75e80000)
 PSPermGen       total 16384K, used 3982K [0x6f5c0000, 0x705c0000, 0x735c0000)
  object space 16384K, 24% used [0x6f5c0000,0x6f9a3ad8,0x705c0000)
}
Event: 56.057 GC heap before
{Heap before GC invocations=9 (full 0):
 PSYoungGen      total 135680K, used 135678K [0x9e040000, 0xa80c0000, 0xb35c0000)
  eden space 120064K, 100% used [0x9e040000,0xa5580000,0xa5580000)
  from space 15616K, 99% used [0xa6900000,0xa783fbd0,0xa7840000)
  to   space 19968K, 0% used [0xa5580000,0xa5580000,0xa6900000)
 ParOldGen       total 41728K, used 23366K [0x735c0000, 0x75e80000, 0x9e040000)
  object space 41728K, 55% used [0x735c0000,0x74c91ad8,0x75e80000)
 PSPermGen       total 16384K, used 4024K [0x6f5c0000, 0x705c0000, 0x735c0000)
  object space 16384K, 24% used [0x6f5c0000,0x6f9ae390,0x705c0000)

Deoptimization events (10 events):
Event: 28.206 Thread 0x6b932800 Uncommon trap: reason=class_check action=maybe_recompile pc=0xb373cb80 method=java.util.HashMap.put(Ljava/lang/Object;Ljava/lang/Object;)Ljava/lang/Object; @ 83
Event: 28.206 Thread 0x6b932800 Uncommon trap: reason=class_check action=maybe_recompile pc=0xb373cb80 method=java.util.HashMap.put(Ljava/lang/Object;Ljava/lang/Object;)Ljava/lang/Object; @ 83
Event: 28.206 Thread 0x6b932800 Uncommon trap: reason=class_check action=maybe_recompile pc=0xb373cb80 method=java.util.HashMap.put(Ljava/lang/Object;Ljava/lang/Object;)Ljava/lang/Object; @ 83
Event: 47.460 Thread 0x6b923400 Uncommon trap: reason=unreached action=reinterpret pc=0xb37536b8 method=com.android.dx.ssa.LocalVariableExtractor.processBlock(I)V @ 251
Event: 52.330 Thread 0x6b934c00 Uncommon trap: reason=null_check action=make_not_entrant pc=0xb37bb220 method=com.android.dx.cf.code.Ropper$CatchInfo.getSetup(Lcom/android/dx/rop/type/Type;)Lcom/android/dx/cf/code/Ropper$ExceptionHandlerSetup; @ 10
Event: 55.421 Thread 0xb6707800 Uncommon trap: reason=bimorphic action=maybe_recompile pc=0xb38060ec method=com.android.dx.cf.code.BytecodeArray.parseInstruction(ILcom/android/dx/cf/code/BytecodeArray$Visitor;)I @ 1035
Event: 55.421 Thread 0xb6707800 Uncommon trap: reason=bimorphic action=maybe_recompile pc=0xb3806720 method=com.android.dx.cf.code.BytecodeArray.parseInstruction(ILcom/android/dx/cf/code/BytecodeArray$Visitor;)I @ 971
Event: 55.421 Thread 0xb6707800 Uncommon trap: reason=bimorphic action=maybe_recompile pc=0xb38065a0 method=com.android.dx.cf.code.BytecodeArray.parseInstruction(ILcom/android/dx/cf/code/BytecodeArray$Visitor;)I @ 987
Event: 55.421 Thread 0xb6707800 Uncommon trap: reason=bimorphic action=maybe_recompile pc=0xb3806054 method=com.android.dx.cf.code.BytecodeArray.parseInstruction(ILcom/android/dx/cf/code/BytecodeArray$Visitor;)I @ 1051
Event: 55.422 Thread 0xb6707800 Uncommon trap: reason=bimorphic action=maybe_recompile pc=0xb3806054 method=com.android.dx.cf.code.BytecodeArray.parseInstruction(ILcom/android/dx/cf/code/BytecodeArray$Visitor;)I @ 1051

Internal exceptions (10 events):
Event: 4.646 Thread 0x6b923400 Threw 0x9e66caf0 at /HUDSON/workspace/7u-2-build-linux-i586/jdk7u79/2331/hotspot/src/share/vm/prims/jvm.cpp:1304
Event: 5.053 Thread 0x6b932800 Threw 0x9e8bb020 at /HUDSON/workspace/7u-2-build-linux-i586/jdk7u79/2331/hotspot/src/share/vm/prims/jvm.cpp:1304
Event: 5.462 Thread 0x6b934c00 Threw 0x9eba3dc8 at /HUDSON/workspace/7u-2-build-linux-i586/jdk7u79/2331/hotspot/src/share/vm/prims/jvm.cpp:1304
Event: 6.087 Thread 0x6b932800 Threw 0x9ef36d08 at /HUDSON/workspace/7u-2-build-linux-i586/jdk7u79/2331/hotspot/src/share/vm/prims/jvm.cpp:1304
Event: 8.106 Thread 0xb6707800 Implicit null exception at 0xb373ade2 to 0xb373b3b5
Event: 40.083 Thread 0xb6707800 Threw 0x9e4e92b8 at /HUDSON/workspace/7u-2-build-linux-i586/jdk7u79/2331/hotspot/src/share/vm/prims/jvm.cpp:1304
Event: 42.240 Thread 0x6b933c00 Threw 0x9ff1f4f0 at /HUDSON/workspace/7u-2-build-linux-i586/jdk7u79/2331/hotspot/src/share/vm/prims/jvm.cpp:1304
Event: 43.901 Thread 0x6b933c00 Threw 0x9e6a1718 at /HUDSON/workspace/7u-2-build-linux-i586/jdk7u79/2331/hotspot/src/share/vm/prims/jvm.cpp:1304
Event: 51.419 Thread 0xb6707800 Threw 0xa19f83e0 at /HUDSON/workspace/7u-2-build-linux-i586/jdk7u79/2331/hotspot/src/share/vm/prims/jvm.cpp:1304
Event: 52.330 Thread 0x6b934c00 Implicit null exception at 0xb37b81e0 to 0xb37bb1fd

Events (10 events):
Event: 55.421 Thread 0xb6707800 Uncommon trap: trap_request=0xffffffc6 fr.pc=0xb38065a0
Event: 55.421 Thread 0xb6707800 DEOPT PACKING pc=0xb38065a0 sp=0xb68856e0
Event: 55.421 Thread 0xb6707800 DEOPT UNPACKING pc=0xb36e0bc8 sp=0xb68856e4 mode 2
Event: 55.421 Thread 0xb6707800 Uncommon trap: trap_request=0xffffffc6 fr.pc=0xb3806054
Event: 55.421 Thread 0xb6707800 DEOPT PACKING pc=0xb3806054 sp=0xb68856e0
Event: 55.421 Thread 0xb6707800 DEOPT UNPACKING pc=0xb36e0bc8 sp=0xb68856e4 mode 2
Event: 55.422 Thread 0xb6707800 Uncommon trap: trap_request=0xffffffc6 fr.pc=0xb3806054
Event: 55.422 Thread 0xb6707800 DEOPT PACKING pc=0xb3806054 sp=0xb68856e0
Event: 55.422 Thread 0xb6707800 DEOPT UNPACKING pc=0xb36e0bc8 sp=0xb68856e4 mode 2
Event: 56.055 Executing VM operation: ParallelGCFailedAllocation


Dynamic libraries:
08048000-08049000 r-xp 00000000 00:18 592627     /home/jithin/jdk1.7.0_79/bin/java
08049000-0804a000 rw-p 00000000 00:18 592627     /home/jithin/jdk1.7.0_79/bin/java
09dac000-09e74000 rw-p 00000000 00:00 0          [heap]
69a00000-69a68000 rw-p 00000000 00:00 0 
69a68000-69b00000 ---p 00000000 00:00 0 
69b00000-69c00000 rw-p 00000000 00:00 0 
69d00000-69dea000 rw-p 00000000 00:00 0 
69dea000-69e00000 ---p 00000000 00:00 0 
69e00000-69efb000 rw-p 00000000 00:00 0 
69efb000-69f00000 ---p 00000000 00:00 0 
69f00000-69fe7000 rw-p 00000000 00:00 0 
69fe7000-6a000000 ---p 00000000 00:00 0 
6a000000-6a0ea000 rw-p 00000000 00:00 0 
6a0ea000-6a100000 ---p 00000000 00:00 0 
6a200000-6a2e4000 rw-p 00000000 00:00 0 
6a2e4000-6a300000 ---p 00000000 00:00 0 
6a400000-6a500000 rw-p 00000000 00:00 0 
6a500000-6a5f9000 rw-p 00000000 00:00 0 
6a5f9000-6a600000 ---p 00000000 00:00 0 
6a600000-6a6e7000 rw-p 00000000 00:00 0 
6a6e7000-6a700000 ---p 00000000 00:00 0 
6a700000-6a7fc000 rw-p 00000000 00:00 0 
6a7fc000-6a800000 ---p 00000000 00:00 0 
6a800000-6a8fb000 rw-p 00000000 00:00 0 
6a8fb000-6a900000 ---p 00000000 00:00 0 
6aa00000-6aab1000 rw-p 00000000 00:00 0 
6aab1000-6ab00000 ---p 00000000 00:00 0 
6ac00000-6acfa000 rw-p 00000000 00:00 0 
6acfa000-6ad00000 ---p 00000000 00:00 0 
6ad00000-6ade1000 rw-p 00000000 00:00 0 
6ade1000-6ae00000 ---p 00000000 00:00 0 
6ae00000-6aefe000 rw-p 00000000 00:00 0 
6aefe000-6af00000 ---p 00000000 00:00 0 
6af00000-6afff000 rw-p 00000000 00:00 0 
6afff000-6b000000 ---p 00000000 00:00 0 
6b000000-6b0fe000 rw-p 00000000 00:00 0 
6b0fe000-6b100000 ---p 00000000 00:00 0 
6b100000-6b1fd000 rw-p 00000000 00:00 0 
6b1fd000-6b200000 ---p 00000000 00:00 0 
6b200000-6b2fd000 rw-p 00000000 00:00 0 
6b2fd000-6b300000 ---p 00000000 00:00 0 
6b300000-6b3fb000 rw-p 00000000 00:00 0 
6b3fb000-6b400000 ---p 00000000 00:00 0 
6b400000-6b4fe000 rw-p 00000000 00:00 0 
6b4fe000-6b500000 ---p 00000000 00:00 0 
6b500000-6b5f9000 rw-p 00000000 00:00 0 
6b5f9000-6b600000 ---p 00000000 00:00 0 
6b600000-6b6e2000 rw-p 00000000 00:00 0 
6b6e2000-6b700000 ---p 00000000 00:00 0 
6b7bc000-6b7bf000 ---p 00000000 00:00 0 
6b7bf000-6b80d000 rw-p 00000000 00:00 0          [stack:10446]
6b80d000-6b810000 ---p 00000000 00:00 0 
6b810000-6b85e000 rw-p 00000000 00:00 0          [stack:10445]
6b85e000-6b861000 ---p 00000000 00:00 0 
6b861000-6b8af000 rw-p 00000000 00:00 0          [stack:10444]
6b8af000-6b8b2000 ---p 00000000 00:00 0 
6b8b2000-6b900000 rw-p 00000000 00:00 0          [stack:10443]
6b900000-6b962000 rw-p 00000000 00:00 0 
6b962000-6ba00000 ---p 00000000 00:00 0 
6ba2c000-6ba2f000 ---p 00000000 00:00 0 
6ba2f000-6ba7d000 rw-p 00000000 00:00 0          [stack:10442]
6ba7d000-6ba7e000 ---p 00000000 00:00 0 
6ba7e000-6bafe000 rw-p 00000000 00:00 0          [stack:10441]
6bafe000-6bb01000 ---p 00000000 00:00 0 
6bb01000-6bb7f000 rw-p 00000000 00:00 0          [stack:10439]
6bb7f000-6bb82000 ---p 00000000 00:00 0 
6bb82000-6bc00000 rw-p 00000000 00:00 0          [stack:10438]
6bc00000-6be00000 r--p 00000000 08:05 3678467    /usr/lib/locale/locale-archive
6be00000-6be21000 rw-p 00000000 00:00 0 
6be21000-6bf00000 ---p 00000000 00:00 0 
6bf0d000-6bf10000 ---p 00000000 00:00 0 
6bf10000-6bf5e000 rw-p 00000000 00:00 0          [stack:10440]
6bf5e000-6bf61000 ---p 00000000 00:00 0 
6bf61000-6bfaf000 rw-p 00000000 00:00 0          [stack:10437]
6bfaf000-6bfb2000 ---p 00000000 00:00 0 
6bfb2000-6c000000 rw-p 00000000 00:00 0          [stack:10436]
6c000000-6c100000 rw-p 00000000 00:00 0 
6c100000-6c200000 rw-p 00000000 00:00 0 
6c22e000-6c231000 ---p 00000000 00:00 0 
6c231000-6c27f000 rw-p 00000000 00:00 0          [stack:10435]
6c27f000-6c280000 ---p 00000000 00:00 0 
6c280000-6c300000 rw-p 00000000 00:00 0          [stack:10434]
6c300000-6c4c0000 r--s 039f7000 00:18 592634     /home/jithin/jdk1.7.0_79/jre/lib/rt.jar
6c4c0000-6eb00000 rw-p 00000000 00:00 0 
6eb00000-6ebea000 rw-p 00000000 00:00 0 
6ebea000-6ec00000 ---p 00000000 00:00 0 
6ec34000-6ec7f000 rw-p 00000000 00:00 0 
6ec7f000-6ec80000 ---p 00000000 00:00 0 
6ec80000-6ed00000 rw-p 00000000 00:00 0          [stack:10433]
6ed00000-6ed21000 rw-p 00000000 00:00 0 
6ed21000-6ee00000 ---p 00000000 00:00 0 
6ee00000-6ee21000 rw-p 00000000 00:00 0 
6ee21000-6ef00000 ---p 00000000 00:00 0 
6ef0e000-6ef23000 r-xp 00000000 00:18 593093     /home/jithin/jdk1.7.0_79/jre/lib/i386/libnet.so
6ef23000-6ef24000 rw-p 00014000 00:18 593093     /home/jithin/jdk1.7.0_79/jre/lib/i386/libnet.so
6ef24000-6ef7f000 rw-p 00000000 00:00 0 
6ef7f000-6ef80000 ---p 00000000 00:00 0 
6ef80000-6f000000 rw-p 00000000 00:00 0          [stack:10432]
6f000000-6f02c000 rw-p 00000000 00:00 0 
6f02c000-6f100000 ---p 00000000 00:00 0 
6f109000-6f117000 r-xp 00000000 00:18 593102     /home/jithin/jdk1.7.0_79/jre/lib/i386/libnio.so
6f117000-6f118000 rw-p 0000e000 00:18 593102     /home/jithin/jdk1.7.0_79/jre/lib/i386/libnio.so
6f118000-6f12d000 r--s 000e5000 00:18 1050956    /home/jithin/AndroidStudioProjects/LockEngine/app/build/intermediates/exploded-aar/com.android.support/support-v4/23.1.1/jars/classes.jar
6f12d000-6f147000 rw-p 00000000 00:00 0 
6f147000-6f148000 ---p 00000000 00:00 0 
6f148000-6f1c8000 rw-p 00000000 00:00 0          [stack:10431]
6f1c8000-6f1c9000 ---p 00000000 00:00 0 
6f1c9000-6f25e000 rw-p 00000000 00:00 0          [stack:10430]
6f25e000-6f39f000 rw-p 00000000 00:00 0 
6f39f000-6f3a7000 rw-p 00000000 00:00 0 
6f3a7000-6f3bf000 rw-p 00000000 00:00 0 
6f3bf000-6f3d4000 rw-p 00000000 00:00 0 
6f3d4000-6f514000 rw-p 00000000 00:00 0 
6f514000-6f565000 rw-p 00000000 00:00 0 
6f565000-6f5bf000 rw-p 00000000 00:00 0 
6f5bf000-705c0000 rw-p 00000000 00:00 0 
705c0000-735c0000 rw-p 00000000 00:00 0 
735c0000-75e80000 rw-p 00000000 00:00 0 
75e80000-9e040000 rw-p 00000000 00:00 0 
9e040000-a80c0000 rw-p 00000000 00:00 0 
ad38d000-ad500000 rw-p 00000000 00:00 0 
ad500000-b35c0000 rw-p 00000000 00:00 0 
b35c5000-b35d4000 r--s 000df000 00:18 676658     /home/jithin/adt-bundle-linux-x86-20140702/sdk/build-tools/23.0.2/lib/dx.jar
b35d4000-b35dc000 rw-p 00000000 00:00 0 
b35dc000-b35f4000 rw-p 00000000 00:00 0 
b35f4000-b35fd000 rw-p 00000000 00:00 0 
b35fd000-b36b4000 rw-p 00000000 00:00 0 
b36b4000-b38f4000 rwxp 00000000 00:00 0 
b38f4000-b66b4000 rw-p 00000000 00:00 0 
b66b4000-b66bf000 r-xp 00000000 08:05 4078733    /lib/i386-linux-gnu/libnss_files-2.19.so
b66bf000-b66c0000 r--p 0000a000 08:05 4078733    /lib/i386-linux-gnu/libnss_files-2.19.so
b66c0000-b66c1000 rw-p 0000b000 08:05 4078733    /lib/i386-linux-gnu/libnss_files-2.19.so
b66c1000-b66cb000 r-xp 00000000 08:05 4064346    /lib/i386-linux-gnu/libnss_nis-2.19.so
b66cb000-b66cc000 r--p 00009000 08:05 4064346    /lib/i386-linux-gnu/libnss_nis-2.19.so
b66cc000-b66cd000 rw-p 0000a000 08:05 4064346    /lib/i386-linux-gnu/libnss_nis-2.19.so
b66cd000-b66e2000 r-xp 00000000 08:05 4064375    /lib/i386-linux-gnu/libnsl-2.19.so
b66e2000-b66e3000 r--p 00015000 08:05 4064375    /lib/i386-linux-gnu/libnsl-2.19.so
b66e3000-b66e4000 rw-p 00016000 08:05 4064375    /lib/i386-linux-gnu/libnsl-2.19.so
b66e4000-b66e6000 rw-p 00000000 00:00 0 
b66e8000-b66ff000 r-xp 00000000 00:18 593114     /home/jithin/jdk1.7.0_79/jre/lib/i386/libzip.so
b66ff000-b6700000 rw-p 00017000 00:18 593114     /home/jithin/jdk1.7.0_79/jre/lib/i386/libzip.so
b6700000-b67f6000 rw-p 00000000 00:00 0 
b67f6000-b6800000 ---p 00000000 00:00 0 
b6801000-b6809000 rw-s 00000000 08:05 4981910    /tmp/hsperfdata_jithin/10425
b6809000-b682c000 r-xp 00000000 00:18 593079     /home/jithin/jdk1.7.0_79/jre/lib/i386/libjava.so
b682c000-b682d000 rw-p 00023000 00:18 593079     /home/jithin/jdk1.7.0_79/jre/lib/i386/libjava.so
b682d000-b6834000 r-xp 00000000 08:05 4078734    /lib/i386-linux-gnu/librt-2.19.so
b6834000-b6835000 r--p 00006000 08:05 4078734    /lib/i386-linux-gnu/librt-2.19.so
b6835000-b6836000 rw-p 00007000 08:05 4078734    /lib/i386-linux-gnu/librt-2.19.so
b6836000-b6839000 ---p 00000000 00:00 0 
b6839000-b6887000 rw-p 00000000 00:00 0          [stack:10429]
b6887000-b68cb000 r-xp 00000000 08:05 4078724    /lib/i386-linux-gnu/libm-2.19.so
b68cb000-b68cc000 r--p 00043000 08:05 4078724    /lib/i386-linux-gnu/libm-2.19.so
b68cc000-b68cd000 rw-p 00044000 08:05 4078724    /lib/i386-linux-gnu/libm-2.19.so
b68cd000-b7154000 r-xp 00000000 00:18 593113     /home/jithin/jdk1.7.0_79/jre/lib/i386/server/libjvm.so
b7154000-b71b9000 rw-p 00886000 00:18 593113     /home/jithin/jdk1.7.0_79/jre/lib/i386/server/libjvm.so
b71b9000-b75dc000 rw-p 00000000 00:00 0 
b75dc000-b7784000 r-xp 00000000 08:05 4064251    /lib/i386-linux-gnu/libc-2.19.so
b7784000-b7786000 r--p 001a8000 08:05 4064251    /lib/i386-linux-gnu/libc-2.19.so
b7786000-b7787000 rw-p 001aa000 08:05 4064251    /lib/i386-linux-gnu/libc-2.19.so
b7787000-b778a000 rw-p 00000000 00:00 0 
b778a000-b778d000 r-xp 00000000 08:05 4064305    /lib/i386-linux-gnu/libdl-2.19.so
b778d000-b778e000 r--p 00002000 08:05 4064305    /lib/i386-linux-gnu/libdl-2.19.so
b778e000-b778f000 rw-p 00003000 08:05 4064305    /lib/i386-linux-gnu/libdl-2.19.so
b778f000-b7790000 rw-p 00000000 00:00 0 
b7790000-b77a3000 r-xp 00000000 00:18 591428     /home/jithin/jdk1.7.0_79/lib/i386/jli/libjli.so
b77a3000-b77a4000 rw-p 00012000 00:18 591428     /home/jithin/jdk1.7.0_79/lib/i386/jli/libjli.so
b77a4000-b77bc000 r-xp 00000000 08:05 4078729    /lib/i386-linux-gnu/libpthread-2.19.so
b77bc000-b77bd000 r--p 00018000 08:05 4078729    /lib/i386-linux-gnu/libpthread-2.19.so
b77bd000-b77be000 rw-p 00019000 08:05 4078729    /lib/i386-linux-gnu/libpthread-2.19.so
b77be000-b77c1000 rw-p 00000000 00:00 0 
b77c1000-b77c2000 rw-p 00000000 00:00 0 
b77c2000-b77c3000 r--p 00850000 08:05 3678467    /usr/lib/locale/locale-archive
b77c3000-b77ca000 r-xp 00000000 08:05 4078725    /lib/i386-linux-gnu/libnss_compat-2.19.so
b77ca000-b77cb000 r--p 00006000 08:05 4078725    /lib/i386-linux-gnu/libnss_compat-2.19.so
b77cb000-b77cc000 rw-p 00007000 08:05 4078725    /lib/i386-linux-gnu/libnss_compat-2.19.so
b77cc000-b77cd000 rw-p 00000000 00:00 0 
b77cd000-b77ce000 ---p 00000000 00:00 0 
b77ce000-b77d9000 r-xp 00000000 00:18 593062     /home/jithin/jdk1.7.0_79/jre/lib/i386/libverify.so
b77d9000-b77da000 rw-p 0000b000 00:18 593062     /home/jithin/jdk1.7.0_79/jre/lib/i386/libverify.so
b77da000-b77dc000 rw-p 00000000 00:00 0 
b77dc000-b77dd000 r-xp 00000000 00:00 0          [vdso]
b77dd000-b77fd000 r-xp 00000000 08:05 4064326    /lib/i386-linux-gnu/ld-2.19.so
b77fd000-b77fe000 r--p 0001f000 08:05 4064326    /lib/i386-linux-gnu/ld-2.19.so
b77fe000-b77ff000 rw-p 00020000 08:05 4064326    /lib/i386-linux-gnu/ld-2.19.so
bfc24000-bfc25000 rwxp 00000000 00:00 0 
bfc56000-bfc78000 rw-p 00000000 00:00 0          [stack]

VM Arguments:
jvm_args: -Djava.awt.headless=true -Xmx1024M -Dfile.encoding=UTF-8 -Duser.country=IN -Duser.language=en -Duser.variant 
java_command: com.android.dx.command.Main --dex --num-threads=4 --output /home/jithin/AndroidStudioProjects/LockEngine/app/build/intermediates/pre-dexed/debug/com.android.support-support-v4-23.1.1_5272db13590da636aadd53bc7e4a076ca2c4bb13.jar /home/jithin/AndroidStudioProjects/LockEngine/app/build/intermediates/exploded-aar/com.android.support/support-v4/23.1.1/jars/classes.jar
Launcher Type: SUN_STANDARD

Environment Variables:
PATH=/usr/local/sbin:/usr/local/bin:/usr/sbin:/usr/bin:/sbin:/bin:/usr/games:/usr/local/games:/home/jithin/adt-bundle-linux-x86-20140702/sdk/platform-tools:/home/jithin/scripts:/home/jithin/adt-bundle-linux-x86-20140702/eclipse:/home/jithin/android-ndk-r9/:/home/jithin/code/binaries/
LD_LIBRARY_PATH=.:
SHELL=/bin/bash
DISPLAY=:0

Signal Handlers:
SIGSEGV: [libjvm.so+0x7eb620], sa_mask[0]=0x7ffbfeff, sa_flags=0x10000004
SIGBUS: [libjvm.so+0x7eb620], sa_mask[0]=0x7ffbfeff, sa_flags=0x10000004
SIGFPE: [libjvm.so+0x6835c0], sa_mask[0]=0x7ffbfeff, sa_flags=0x10000004
SIGPIPE: [libjvm.so+0x6835c0], sa_mask[0]=0x7ffbfeff, sa_flags=0x10000004
SIGXFSZ: [libjvm.so+0x6835c0], sa_mask[0]=0x7ffbfeff, sa_flags=0x10000004
SIGILL: [libjvm.so+0x6835c0], sa_mask[0]=0x7ffbfeff, sa_flags=0x10000004
SIGUSR1: SIG_DFL, sa_mask[0]=0x00000000, sa_flags=0x00000000
SIGUSR2: [libjvm.so+0x684dc0], sa_mask[0]=0x00000004, sa_flags=0x10000004
SIGHUP: [libjvm.so+0x6860f0], sa_mask[0]=0x7ffbfeff, sa_flags=0x10000004
SIGINT: [libjvm.so+0x6860f0], sa_mask[0]=0x7ffbfeff, sa_flags=0x10000004
SIGTERM: [libjvm.so+0x6860f0], sa_mask[0]=0x7ffbfeff, sa_flags=0x10000004
SIGQUIT: [libjvm.so+0x6860f0], sa_mask[0]=0x7ffbfeff, sa_flags=0x10000004


---------------  S Y S T E M  ---------------

OS:jessie/sid

uname:Linux 3.13.0-63-generic #103-Ubuntu SMP Fri Aug 14 21:43:30 UTC 2015 i686
libc:glibc 2.19 NPTL 2.19 
rlimit: STACK 8192k, CORE 0k, NPROC 31169, NOFILE 4096, AS infinity
load average:16.97 7.36 5.26

/proc/meminfo:
MemTotal:        4016436 kB
MemFree:          211016 kB
Buffers:            1956 kB
Cached:          1047700 kB
SwapCached:            0 kB
Active:          2662152 kB
Inactive:        1027176 kB
Active(anon):    2643288 kB
Inactive(anon):   977364 kB
Active(file):      18864 kB
Inactive(file):    49812 kB
Unevictable:         188 kB
Mlocked:             188 kB
HighTotal:       3166156 kB
HighFree:          53076 kB
LowTotal:         850280 kB
LowFree:          157940 kB
SwapTotal:             0 kB
SwapFree:              0 kB
Dirty:               168 kB
Writeback:             0 kB
AnonPages:       2640372 kB
Mapped:           690580 kB
Shmem:            980468 kB
Slab:              56888 kB
SReclaimable:      22632 kB
SUnreclaim:        34256 kB
KernelStack:        6016 kB
PageTables:        21980 kB
NFS_Unstable:          0 kB
Bounce:              124 kB
WritebackTmp:          0 kB
CommitLimit:     2008216 kB
Committed_AS:   10600452 kB
VmallocTotal:     122880 kB
VmallocUsed:       67576 kB
VmallocChunk:      35348 kB
HardwareCorrupted:     0 kB
AnonHugePages:    782336 kB
HugePages_Total:       0
HugePages_Free:        0
HugePages_Rsvd:        0
HugePages_Surp:        0
Hugepagesize:       2048 kB
DirectMap4k:       38904 kB
DirectMap2M:      872448 kB


CPU:total 4 (2 cores per cpu, 2 threads per core) family 6 model 58 stepping 9, cmov, cx8, fxsr, mmx, sse, sse2, sse3, ssse3, sse4.1, sse4.2, popcnt, avx, erms, ht, tsc, tscinvbit, tscinv

/proc/cpuinfo:
processor	: 0
vendor_id	: GenuineIntel
cpu family	: 6
model		: 58
model name	: Intel(R) Core(TM) i3-3217U CPU @ 1.80GHz
stepping	: 9
microcode	: 0x15
cpu MHz		: 1801.000
cache size	: 3072 KB
physical id	: 0
siblings	: 4
core id		: 0
cpu cores	: 2
apicid		: 0
initial apicid	: 0
fdiv_bug	: no
f00f_bug	: no
coma_bug	: no
fpu		: yes
fpu_exception	: yes
cpuid level	: 13
wp		: yes
flags		: fpu vme de pse tsc msr pae mce cx8 apic sep mtrr pge mca cmov pat pse36 clflush dts acpi mmx fxsr sse sse2 ss ht tm pbe nx rdtscp lm constant_tsc arch_perfmon pebs bts xtopology nonstop_tsc aperfmperf eagerfpu pni pclmulqdq dtes64 monitor ds_cpl vmx est tm2 ssse3 cx16 xtpr pdcm pcid sse4_1 sse4_2 x2apic popcnt tsc_deadline_timer xsave avx f16c lahf_lm ida arat epb xsaveopt pln pts dtherm tpr_shadow vnmi flexpriority ept vpid fsgsbase smep erms
bogomips	: 3591.91
clflush size	: 64
cache_alignment	: 64
address sizes	: 36 bits physical, 48 bits virtual
power management:

processor	: 1
vendor_id	: GenuineIntel
cpu family	: 6
model		: 58
model name	: Intel(R) Core(TM) i3-3217U CPU @ 1.80GHz
stepping	: 9
microcode	: 0x15
cpu MHz		: 1801.000
cache size	: 3072 KB
physical id	: 0
siblings	: 4
core id		: 1
cpu cores	: 2
apicid		: 2
initial apicid	: 2
fdiv_bug	: no
f00f_bug	: no
coma_bug	: no
fpu		: yes
fpu_exception	: yes
cpuid level	: 13
wp		: yes
flags		: fpu vme de pse tsc msr pae mce cx8 apic sep mtrr pge mca cmov pat pse36 clflush dts acpi mmx fxsr sse sse2 ss ht tm pbe nx rdtscp lm constant_tsc arch_perfmon pebs bts xtopology nonstop_tsc aperfmperf eagerfpu pni pclmulqdq dtes64 monitor ds_cpl vmx est tm2 ssse3 cx16 xtpr pdcm pcid sse4_1 sse4_2 x2apic popcnt tsc_deadline_timer xsave avx f16c lahf_lm ida arat epb xsaveopt pln pts dtherm tpr_shadow vnmi flexpriority ept vpid fsgsbase smep erms
bogomips	: 3591.91
clflush size	: 64
cache_alignment	: 64
address sizes	: 36 bits physical, 48 bits virtual
power management:

processor	: 2
vendor_id	: GenuineIntel
cpu family	: 6
model		: 58
model name	: Intel(R) Core(TM) i3-3217U CPU @ 1.80GHz
stepping	: 9
microcode	: 0x15
cpu MHz		: 1801.000
cache size	: 3072 KB
physical id	: 0
siblings	: 4
core id		: 0
cpu cores	: 2
apicid		: 1
initial apicid	: 1
fdiv_bug	: no
f00f_bug	: no
coma_bug	: no
fpu		: yes
fpu_exception	: yes
cpuid level	: 13
wp		: yes
flags		: fpu vme de pse tsc msr pae mce cx8 apic sep mtrr pge mca cmov pat pse36 clflush dts acpi mmx fxsr sse sse2 ss ht tm pbe nx rdtscp lm constant_tsc arch_perfmon pebs bts xtopology nonstop_tsc aperfmperf eagerfpu pni pclmulqdq dtes64 monitor ds_cpl vmx est tm2 ssse3 cx16 xtpr pdcm pcid sse4_1 sse4_2 x2apic popcnt tsc_deadline_timer xsave avx f16c lahf_lm ida arat epb xsaveopt pln pts dtherm tpr_shadow vnmi flexpriority ept vpid fsgsbase smep erms
bogomips	: 3591.91
clflush size	: 64
cache_alignment	: 64
address sizes	: 36 bits physical, 48 bits virtual
power management:

processor	: 3
vendor_id	: GenuineIntel
cpu family	: 6
model		: 58
model name	: Intel(R) Core(TM) i3-3217U CPU @ 1.80GHz
stepping	: 9
microcode	: 0x15
cpu MHz		: 1801.000
cache size	: 3072 KB
physical id	: 0
siblings	: 4
core id		: 1
cpu cores	: 2
apicid		: 3
initial apicid	: 3
fdiv_bug	: no
f00f_bug	: no
coma_bug	: no
fpu		: yes
fpu_exception	: yes
cpuid level	: 13
wp		: yes
flags		: fpu vme de pse tsc msr pae mce cx8 apic sep mtrr pge mca cmov pat pse36 clflush dts acpi mmx fxsr sse sse2 ss ht tm pbe nx rdtscp lm constant_tsc arch_perfmon pebs bts xtopology nonstop_tsc aperfmperf eagerfpu pni pclmulqdq dtes64 monitor ds_cpl vmx est tm2 ssse3 cx16 xtpr pdcm pcid sse4_1 sse4_2 x2apic popcnt tsc_deadline_timer xsave avx f16c lahf_lm ida arat epb xsaveopt pln pts dtherm tpr_shadow vnmi flexpriority ept vpid fsgsbase smep erms
bogomips	: 3591.91
clflush size	: 64
cache_alignment	: 64
address sizes	: 36 bits physical, 48 bits virtual
power management:



Memory: 4k page, physical 4016436k(210768k free), swap 0k(0k free)

vm_info: Java HotSpot(TM) Server VM (24.79-b02) for linux-x86 JRE (1.7.0_79-b15), built on Apr 10 2015 11:52:49 by "java_re" with gcc 4.3.0 20080428 (Red Hat 4.3.0-8)

time: Wed Jan 20 08:36:59 2016
elapsed time: 60 seconds

